[INFO] 09:11:33:888 Gameboy/(4845:4845): ERROR AL CONECTARSE CON EL TEAM
[INFO] 09:11:33:889 Gameboy/(4846:4846): ERROR AL CONECTARSE CON EL TEAM
[INFO] 09:11:33:890 Gameboy/(4847:4847): ERROR AL CONECTARSE CON EL TEAM
[INFO] 09:11:33:891 Gameboy/(4848:4848): ERROR AL CONECTARSE CON EL TEAM
[INFO] 09:11:33:891 Gameboy/(4849:4849): ERROR AL CONECTARSE CON EL TEAM
[INFO] 09:11:39:452 Gameboy/(4851:4851): ERROR AL CONECTARSE CON EL TEAM
[INFO] 09:11:39:453 Gameboy/(4852:4852): ERROR AL CONECTARSE CON EL TEAM
[INFO] 09:11:39:455 Gameboy/(4853:4853): ERROR AL CONECTARSE CON EL TEAM
[INFO] 09:11:39:456 Gameboy/(4854:4854): ERROR AL CONECTARSE CON EL TEAM
[INFO] 09:11:39:457 Gameboy/(4855:4855): ERROR AL CONECTARSE CON EL TEAM
[INFO] 09:14:21:242 Gameboy/(5071:5071): CONEXION EXITOSA CON EL PROCESO TEAM
[INFO] 09:14:21:270 Gameboy/(5073:5073): CONEXION EXITOSA CON EL PROCESO TEAM
[INFO] 09:14:21:289 Gameboy/(5075:5075): CONEXION EXITOSA CON EL PROCESO TEAM
[INFO] 09:14:21:310 Gameboy/(5077:5077): CONEXION EXITOSA CON EL PROCESO TEAM
[INFO] 09:14:21:324 Gameboy/(5079:5079): CONEXION EXITOSA CON EL PROCESO TEAM
[INFO] 09:27:25:991 Gameboy/(5451:5451): CONEXION EXITOSA CON EL PROCESO TEAM
[INFO] 09:27:26:19 Gameboy/(5453:5453): CONEXION EXITOSA CON EL PROCESO TEAM
[INFO] 09:27:26:33 Gameboy/(5455:5455): CONEXION EXITOSA CON EL PROCESO TEAM
[INFO] 09:27:26:43 Gameboy/(5457:5457): CONEXION EXITOSA CON EL PROCESO TEAM
[INFO] 09:27:26:72 Gameboy/(5459:5459): CONEXION EXITOSA CON EL PROCESO TEAM
[INFO] 09:29:48:583 Gameboy/(5588:5588): CONEXION EXITOSA CON EL PROCESO TEAM
[INFO] 09:29:48:605 Gameboy/(5590:5590): CONEXION EXITOSA CON EL PROCESO TEAM
[INFO] 09:29:48:620 Gameboy/(5592:5592): CONEXION EXITOSA CON EL PROCESO TEAM
[INFO] 09:29:48:635 Gameboy/(5594:5594): CONEXION EXITOSA CON EL PROCESO TEAM
[INFO] 09:29:48:649 Gameboy/(5596:5596): CONEXION EXITOSA CON EL PROCESO TEAM
[INFO] 09:31:10:998 Gameboy/(5677:5677): CONEXION EXITOSA CON EL PROCESO TEAM
[INFO] 09:31:11:19 Gameboy/(5679:5679): CONEXION EXITOSA CON EL PROCESO TEAM
[INFO] 09:31:11:39 Gameboy/(5681:5681): CONEXION EXITOSA CON EL PROCESO TEAM
[INFO] 09:31:11:48 Gameboy/(5683:5683): CONEXION EXITOSA CON EL PROCESO TEAM
[INFO] 09:31:11:63 Gameboy/(5685:5685): CONEXION EXITOSA CON EL PROCESO TEAM
[INFO] 09:40:59:651 Gameboy/(6038:6038): CONEXION EXITOSA CON EL PROCESO TEAM
[INFO] 09:40:59:669 Gameboy/(6041:6041): CONEXION EXITOSA CON EL PROCESO TEAM
[INFO] 09:40:59:702 Gameboy/(6043:6043): CONEXION EXITOSA CON EL PROCESO TEAM
[INFO] 09:40:59:718 Gameboy/(6045:6045): CONEXION EXITOSA CON EL PROCESO TEAM
[INFO] 09:40:59:737 Gameboy/(6047:6047): CONEXION EXITOSA CON EL PROCESO TEAM
[INFO] 09:42:35:342 Gameboy/(6144:6144): CONEXION EXITOSA CON EL PROCESO TEAM
[INFO] 09:42:35:363 Gameboy/(6146:6146): CONEXION EXITOSA CON EL PROCESO TEAM
[INFO] 09:42:35:380 Gameboy/(6148:6148): CONEXION EXITOSA CON EL PROCESO TEAM
[INFO] 09:42:35:396 Gameboy/(6150:6150): CONEXION EXITOSA CON EL PROCESO TEAM
[INFO] 09:42:35:423 Gameboy/(6152:6152): CONEXION EXITOSA CON EL PROCESO TEAM
[INFO] 09:51:21:915 Gameboy/(6434:6434): CONEXION EXITOSA CON EL PROCESO TEAM
[INFO] 09:51:21:941 Gameboy/(6436:6436): CONEXION EXITOSA CON EL PROCESO TEAM
[INFO] 09:51:21:954 Gameboy/(6438:6438): CONEXION EXITOSA CON EL PROCESO TEAM
[INFO] 09:51:21:964 Gameboy/(6440:6440): CONEXION EXITOSA CON EL PROCESO TEAM
[INFO] 09:51:21:981 Gameboy/(6442:6442): CONEXION EXITOSA CON EL PROCESO TEAM
[INFO] 09:52:25:427 Gameboy/(6539:6539): CONEXION EXITOSA CON EL PROCESO TEAM
[INFO] 09:52:25:443 Gameboy/(6542:6542): CONEXION EXITOSA CON EL PROCESO TEAM
[INFO] 09:52:25:454 Gameboy/(6544:6544): CONEXION EXITOSA CON EL PROCESO TEAM
[INFO] 09:52:25:461 Gameboy/(6546:6546): CONEXION EXITOSA CON EL PROCESO TEAM
[INFO] 09:52:25:479 Gameboy/(6548:6548): CONEXION EXITOSA CON EL PROCESO TEAM
[INFO] 09:54:24:37 Gameboy/(6679:6679): CONEXION EXITOSA CON EL PROCESO TEAM
[INFO] 09:54:24:51 Gameboy/(6683:6683): CONEXION EXITOSA CON EL PROCESO TEAM
[INFO] 09:54:24:71 Gameboy/(6685:6685): CONEXION EXITOSA CON EL PROCESO TEAM
[INFO] 09:54:24:121 Gameboy/(6687:6687): CONEXION EXITOSA CON EL PROCESO TEAM
[INFO] 09:54:24:143 Gameboy/(6689:6689): CONEXION EXITOSA CON EL PROCESO TEAM
[INFO] 10:01:42:914 Gameboy/(6864:6864): CONEXION EXITOSA CON EL PROCESO TEAM
[INFO] 10:01:42:928 Gameboy/(6866:6866): CONEXION EXITOSA CON EL PROCESO TEAM
[INFO] 10:01:42:938 Gameboy/(6868:6868): CONEXION EXITOSA CON EL PROCESO TEAM
[INFO] 10:01:42:958 Gameboy/(6870:6870): CONEXION EXITOSA CON EL PROCESO TEAM
[INFO] 10:01:42:967 Gameboy/(6872:6872): CONEXION EXITOSA CON EL PROCESO TEAM
[INFO] 10:10:01:300 Gameboy/(7174:7174): CONEXION EXITOSA CON EL PROCESO TEAM
[INFO] 10:10:01:321 Gameboy/(7176:7176): CONEXION EXITOSA CON EL PROCESO TEAM
[INFO] 10:10:01:340 Gameboy/(7179:7179): CONEXION EXITOSA CON EL PROCESO TEAM
[INFO] 10:10:01:348 Gameboy/(7181:7181): CONEXION EXITOSA CON EL PROCESO TEAM
[INFO] 10:10:01:358 Gameboy/(7183:7183): CONEXION EXITOSA CON EL PROCESO TEAM
[INFO] 10:14:29:827 Gameboy/(7396:7396): CONEXION EXITOSA CON EL PROCESO TEAM
[INFO] 10:14:29:838 Gameboy/(7401:7401): CONEXION EXITOSA CON EL PROCESO TEAM
[INFO] 10:14:29:867 Gameboy/(7403:7403): CONEXION EXITOSA CON EL PROCESO TEAM
[INFO] 10:14:29:878 Gameboy/(7405:7405): CONEXION EXITOSA CON EL PROCESO TEAM
[INFO] 10:14:29:886 Gameboy/(7407:7407): CONEXION EXITOSA CON EL PROCESO TEAM
[INFO] 10:21:03:913 Gameboy/(7858:7858): CONEXION EXITOSA CON EL PROCESO TEAM
[INFO] 10:21:03:934 Gameboy/(7860:7860): CONEXION EXITOSA CON EL PROCESO TEAM
[INFO] 10:21:03:939 Gameboy/(7862:7862): CONEXION EXITOSA CON EL PROCESO TEAM
[INFO] 10:21:03:952 Gameboy/(7864:7864): CONEXION EXITOSA CON EL PROCESO TEAM
[INFO] 10:21:03:959 Gameboy/(7866:7866): CONEXION EXITOSA CON EL PROCESO TEAM
[INFO] 10:29:43:61 Gameboy/(8158:8158): CONEXION EXITOSA CON EL PROCESO TEAM
[INFO] 10:29:43:77 Gameboy/(8160:8160): CONEXION EXITOSA CON EL PROCESO TEAM
[INFO] 10:29:43:97 Gameboy/(8162:8162): CONEXION EXITOSA CON EL PROCESO TEAM
[INFO] 10:29:43:109 Gameboy/(8164:8164): CONEXION EXITOSA CON EL PROCESO TEAM
[INFO] 10:29:43:126 Gameboy/(8166:8166): CONEXION EXITOSA CON EL PROCESO TEAM
[INFO] 10:31:25:517 Gameboy/(8272:8272): CONEXION EXITOSA CON EL PROCESO TEAM
[INFO] 10:31:25:530 Gameboy/(8274:8274): CONEXION EXITOSA CON EL PROCESO TEAM
[INFO] 10:31:25:539 Gameboy/(8276:8276): CONEXION EXITOSA CON EL PROCESO TEAM
[INFO] 10:31:25:551 Gameboy/(8278:8278): CONEXION EXITOSA CON EL PROCESO TEAM
[INFO] 10:31:25:559 Gameboy/(8280:8280): CONEXION EXITOSA CON EL PROCESO TEAM
[INFO] 10:37:04:242 Gameboy/(8497:8497): CONEXION EXITOSA CON EL PROCESO TEAM
[INFO] 10:37:04:253 Gameboy/(8499:8499): CONEXION EXITOSA CON EL PROCESO TEAM
[INFO] 10:37:04:270 Gameboy/(8501:8501): CONEXION EXITOSA CON EL PROCESO TEAM
[INFO] 10:37:04:289 Gameboy/(8503:8503): CONEXION EXITOSA CON EL PROCESO TEAM
[INFO] 10:37:04:298 Gameboy/(8505:8505): CONEXION EXITOSA CON EL PROCESO TEAM
[INFO] 10:43:47:100 Gameboy/(8739:8739): CONEXION EXITOSA CON EL PROCESO TEAM
[INFO] 10:43:47:133 Gameboy/(8741:8741): CONEXION EXITOSA CON EL PROCESO TEAM
[INFO] 10:43:47:148 Gameboy/(8743:8743): CONEXION EXITOSA CON EL PROCESO TEAM
[INFO] 10:43:47:164 Gameboy/(8745:8745): CONEXION EXITOSA CON EL PROCESO TEAM
[INFO] 10:43:47:184 Gameboy/(8747:8747): CONEXION EXITOSA CON EL PROCESO TEAM
[INFO] 10:49:20:875 Gameboy/(8920:8920): CONEXION EXITOSA CON EL PROCESO TEAM
[INFO] 10:49:20:895 Gameboy/(8926:8926): CONEXION EXITOSA CON EL PROCESO TEAM
[INFO] 10:49:20:904 Gameboy/(8928:8928): CONEXION EXITOSA CON EL PROCESO TEAM
[INFO] 10:49:20:920 Gameboy/(8930:8930): CONEXION EXITOSA CON EL PROCESO TEAM
[INFO] 10:49:20:944 Gameboy/(8932:8932): CONEXION EXITOSA CON EL PROCESO TEAM
[INFO] 10:55:17:516 Gameboy/(9047:9047): CONEXION EXITOSA CON EL PROCESO TEAM
[INFO] 10:55:17:528 Gameboy/(9049:9049): CONEXION EXITOSA CON EL PROCESO TEAM
[INFO] 10:55:17:539 Gameboy/(9051:9051): CONEXION EXITOSA CON EL PROCESO TEAM
[INFO] 10:55:17:551 Gameboy/(9053:9053): CONEXION EXITOSA CON EL PROCESO TEAM
[INFO] 10:55:17:559 Gameboy/(9055:9055): CONEXION EXITOSA CON EL PROCESO TEAM
[INFO] 10:57:57:20 Gameboy/(9154:9154): CONEXION EXITOSA CON EL PROCESO TEAM
[INFO] 10:57:57:36 Gameboy/(9156:9156): CONEXION EXITOSA CON EL PROCESO TEAM
[INFO] 10:57:57:44 Gameboy/(9158:9158): CONEXION EXITOSA CON EL PROCESO TEAM
[INFO] 10:57:57:61 Gameboy/(9160:9160): CONEXION EXITOSA CON EL PROCESO TEAM
[INFO] 10:57:57:71 Gameboy/(9162:9162): CONEXION EXITOSA CON EL PROCESO TEAM
[INFO] 11:09:10:745 Gameboy/(9565:9565): CONEXION EXITOSA CON EL PROCESO TEAM
[INFO] 11:09:10:755 Gameboy/(9569:9569): CONEXION EXITOSA CON EL PROCESO TEAM
[INFO] 11:09:10:772 Gameboy/(9571:9571): CONEXION EXITOSA CON EL PROCESO TEAM
[INFO] 11:09:10:778 Gameboy/(9573:9573): CONEXION EXITOSA CON EL PROCESO TEAM
[INFO] 11:09:10:793 Gameboy/(9575:9575): CONEXION EXITOSA CON EL PROCESO TEAM
[INFO] 11:11:05:115 Gameboy/(9664:9664): CONEXION EXITOSA CON EL PROCESO TEAM
[INFO] 11:11:05:128 Gameboy/(9667:9667): CONEXION EXITOSA CON EL PROCESO TEAM
[INFO] 11:11:05:138 Gameboy/(9669:9669): CONEXION EXITOSA CON EL PROCESO TEAM
[INFO] 11:11:05:153 Gameboy/(9671:9671): CONEXION EXITOSA CON EL PROCESO TEAM
[INFO] 11:11:05:162 Gameboy/(9673:9673): CONEXION EXITOSA CON EL PROCESO TEAM
[INFO] 11:20:39:489 Gameboy/(9974:9974): CONEXION EXITOSA CON EL PROCESO TEAM
[INFO] 11:20:39:506 Gameboy/(9977:9977): CONEXION EXITOSA CON EL PROCESO TEAM
[INFO] 11:20:39:514 Gameboy/(9979:9979): CONEXION EXITOSA CON EL PROCESO TEAM
[INFO] 11:20:39:532 Gameboy/(9981:9981): CONEXION EXITOSA CON EL PROCESO TEAM
[INFO] 11:20:39:539 Gameboy/(9983:9983): CONEXION EXITOSA CON EL PROCESO TEAM
[INFO] 11:22:48:307 Gameboy/(10090:10090): CONEXION EXITOSA CON EL PROCESO TEAM
[INFO] 11:22:48:335 Gameboy/(10092:10092): CONEXION EXITOSA CON EL PROCESO TEAM
[INFO] 11:22:48:358 Gameboy/(10094:10094): CONEXION EXITOSA CON EL PROCESO TEAM
[INFO] 11:22:48:372 Gameboy/(10096:10096): CONEXION EXITOSA CON EL PROCESO TEAM
[INFO] 11:22:48:392 Gameboy/(10098:10098): CONEXION EXITOSA CON EL PROCESO TEAM
[INFO] 11:26:53:886 Gameboy/(10234:10234): CONEXION EXITOSA CON EL PROCESO TEAM
[INFO] 11:26:53:902 Gameboy/(10236:10236): CONEXION EXITOSA CON EL PROCESO TEAM
[INFO] 11:26:53:915 Gameboy/(10238:10238): CONEXION EXITOSA CON EL PROCESO TEAM
[INFO] 11:26:53:935 Gameboy/(10240:10240): CONEXION EXITOSA CON EL PROCESO TEAM
[INFO] 11:26:53:950 Gameboy/(10242:10242): CONEXION EXITOSA CON EL PROCESO TEAM
[INFO] 11:29:00:909 Gameboy/(10367:10367): CONEXION EXITOSA CON EL PROCESO TEAM
[INFO] 11:29:00:925 Gameboy/(10371:10371): CONEXION EXITOSA CON EL PROCESO TEAM
[INFO] 11:29:00:939 Gameboy/(10373:10373): CONEXION EXITOSA CON EL PROCESO TEAM
[INFO] 11:29:00:947 Gameboy/(10375:10375): CONEXION EXITOSA CON EL PROCESO TEAM
[INFO] 11:29:00:956 Gameboy/(10377:10377): CONEXION EXITOSA CON EL PROCESO TEAM
[INFO] 11:30:21:912 Gameboy/(10458:10458): CONEXION EXITOSA CON EL PROCESO TEAM
[INFO] 11:30:21:926 Gameboy/(10460:10460): CONEXION EXITOSA CON EL PROCESO TEAM
[INFO] 11:30:21:950 Gameboy/(10462:10462): CONEXION EXITOSA CON EL PROCESO TEAM
[INFO] 11:30:21:961 Gameboy/(10464:10464): CONEXION EXITOSA CON EL PROCESO TEAM
[INFO] 11:30:21:971 Gameboy/(10466:10466): CONEXION EXITOSA CON EL PROCESO TEAM
[INFO] 11:34:38:361 Gameboy/(10600:10600): CONEXION EXITOSA CON EL PROCESO TEAM
[INFO] 11:34:38:381 Gameboy/(10605:10605): CONEXION EXITOSA CON EL PROCESO TEAM
[INFO] 11:34:38:397 Gameboy/(10608:10608): CONEXION EXITOSA CON EL PROCESO TEAM
[INFO] 11:34:38:405 Gameboy/(10610:10610): CONEXION EXITOSA CON EL PROCESO TEAM
[INFO] 11:34:38:412 Gameboy/(10612:10612): CONEXION EXITOSA CON EL PROCESO TEAM
[INFO] 11:49:44:745 Gameboy/(3544:3544): CONEXION EXITOSA CON EL PROCESO TEAM
[INFO] 11:49:44:777 Gameboy/(3546:3546): CONEXION EXITOSA CON EL PROCESO TEAM
[INFO] 11:49:44:787 Gameboy/(3548:3548): CONEXION EXITOSA CON EL PROCESO TEAM
[INFO] 11:49:44:793 Gameboy/(3550:3550): CONEXION EXITOSA CON EL PROCESO TEAM
[INFO] 11:49:44:817 Gameboy/(3552:3552): CONEXION EXITOSA CON EL PROCESO TEAM
[INFO] 12:01:29:817 Gameboy/(3917:3917): CONEXION EXITOSA CON EL PROCESO TEAM
[INFO] 12:01:29:828 Gameboy/(3919:3919): CONEXION EXITOSA CON EL PROCESO TEAM
[INFO] 12:01:29:837 Gameboy/(3921:3921): CONEXION EXITOSA CON EL PROCESO TEAM
[INFO] 12:01:29:856 Gameboy/(3923:3923): CONEXION EXITOSA CON EL PROCESO TEAM
[INFO] 12:01:29:875 Gameboy/(3925:3925): CONEXION EXITOSA CON EL PROCESO TEAM
[INFO] 13:12:28:352 Gameboy/(4462:4462): CONEXION EXITOSA CON EL PROCESO TEAM
[INFO] 13:12:28:379 Gameboy/(4464:4464): CONEXION EXITOSA CON EL PROCESO TEAM
[INFO] 13:12:28:393 Gameboy/(4466:4466): CONEXION EXITOSA CON EL PROCESO TEAM
[INFO] 13:12:28:397 Gameboy/(4468:4468): CONEXION EXITOSA CON EL PROCESO TEAM
[INFO] 13:12:28:426 Gameboy/(4470:4470): CONEXION EXITOSA CON EL PROCESO TEAM
[INFO] 13:14:23:423 Gameboy/(4549:4549): CONEXION EXITOSA CON EL PROCESO TEAM
[INFO] 13:14:23:442 Gameboy/(4551:4551): CONEXION EXITOSA CON EL PROCESO TEAM
[INFO] 13:14:23:461 Gameboy/(4553:4553): CONEXION EXITOSA CON EL PROCESO TEAM
[INFO] 13:14:23:474 Gameboy/(4555:4555): CONEXION EXITOSA CON EL PROCESO TEAM
[INFO] 13:14:23:486 Gameboy/(4557:4557): CONEXION EXITOSA CON EL PROCESO TEAM
[INFO] 13:27:27:873 Gameboy/(5085:5085): CONEXION EXITOSA CON EL PROCESO TEAM
[INFO] 13:27:27:883 Gameboy/(5087:5087): CONEXION EXITOSA CON EL PROCESO TEAM
[INFO] 13:27:27:899 Gameboy/(5089:5089): CONEXION EXITOSA CON EL PROCESO TEAM
[INFO] 13:27:27:910 Gameboy/(5091:5091): CONEXION EXITOSA CON EL PROCESO TEAM
[INFO] 13:27:27:918 Gameboy/(5093:5093): CONEXION EXITOSA CON EL PROCESO TEAM
[INFO] 13:30:33:448 Gameboy/(5242:5242): CONEXION EXITOSA CON EL PROCESO TEAM
[INFO] 13:30:33:473 Gameboy/(5244:5244): CONEXION EXITOSA CON EL PROCESO TEAM
[INFO] 13:30:33:482 Gameboy/(5246:5246): CONEXION EXITOSA CON EL PROCESO TEAM
[INFO] 13:30:33:491 Gameboy/(5248:5248): CONEXION EXITOSA CON EL PROCESO TEAM
[INFO] 13:30:33:514 Gameboy/(5250:5250): CONEXION EXITOSA CON EL PROCESO TEAM
[INFO] 13:32:03:443 Gameboy/(5333:5333): CONEXION EXITOSA CON EL PROCESO TEAM
[INFO] 13:32:03:455 Gameboy/(5335:5335): CONEXION EXITOSA CON EL PROCESO TEAM
[INFO] 13:32:03:475 Gameboy/(5337:5337): CONEXION EXITOSA CON EL PROCESO TEAM
[INFO] 13:32:03:481 Gameboy/(5339:5339): CONEXION EXITOSA CON EL PROCESO TEAM
[INFO] 13:32:03:495 Gameboy/(5341:5341): CONEXION EXITOSA CON EL PROCESO TEAM
[INFO] 13:33:57:642 Gameboy/(5407:5407): CONEXION EXITOSA CON EL PROCESO TEAM
[INFO] 13:33:57:663 Gameboy/(5409:5409): CONEXION EXITOSA CON EL PROCESO TEAM
[INFO] 13:33:57:686 Gameboy/(5411:5411): CONEXION EXITOSA CON EL PROCESO TEAM
[INFO] 13:33:57:693 Gameboy/(5413:5413): CONEXION EXITOSA CON EL PROCESO TEAM
[INFO] 13:33:57:703 Gameboy/(5415:5415): CONEXION EXITOSA CON EL PROCESO TEAM
[INFO] 13:39:39:985 Gameboy/(5607:5607): CONEXION EXITOSA CON EL PROCESO TEAM
[INFO] 13:39:40:33 Gameboy/(5609:5609): CONEXION EXITOSA CON EL PROCESO TEAM
[INFO] 13:39:40:105 Gameboy/(5611:5611): CONEXION EXITOSA CON EL PROCESO TEAM
[INFO] 13:39:40:125 Gameboy/(5613:5613): CONEXION EXITOSA CON EL PROCESO TEAM
[INFO] 13:39:40:145 Gameboy/(5615:5615): CONEXION EXITOSA CON EL PROCESO TEAM
[INFO] 13:41:06:169 Gameboy/(5665:5665): CONEXION EXITOSA CON EL PROCESO TEAM
[INFO] 13:41:06:198 Gameboy/(5667:5667): CONEXION EXITOSA CON EL PROCESO TEAM
[INFO] 13:41:06:269 Gameboy/(5669:5669): CONEXION EXITOSA CON EL PROCESO TEAM
[INFO] 13:41:06:313 Gameboy/(5671:5671): CONEXION EXITOSA CON EL PROCESO TEAM
[INFO] 13:41:06:338 Gameboy/(5673:5673): CONEXION EXITOSA CON EL PROCESO TEAM
[INFO] 13:59:29:123 Gameboy/(6167:6167): CONEXION EXITOSA CON EL PROCESO TEAM
[INFO] 13:59:29:158 Gameboy/(6169:6169): CONEXION EXITOSA CON EL PROCESO TEAM
[INFO] 13:59:29:237 Gameboy/(6171:6171): CONEXION EXITOSA CON EL PROCESO TEAM
[INFO] 13:59:29:248 Gameboy/(6173:6173): CONEXION EXITOSA CON EL PROCESO TEAM
[INFO] 13:59:29:261 Gameboy/(6175:6175): CONEXION EXITOSA CON EL PROCESO TEAM
[INFO] 14:11:27:420 Gameboy/(6545:6545): CONEXION EXITOSA CON EL PROCESO TEAM
[INFO] 14:11:27:473 Gameboy/(6547:6547): CONEXION EXITOSA CON EL PROCESO TEAM
[INFO] 14:11:29:208 Gameboy/(6548:6548): ERROR AL CONECTARSE CON EL TEAM
[INFO] 14:11:29:217 Gameboy/(6549:6549): ERROR AL CONECTARSE CON EL TEAM
[INFO] 14:11:29:233 Gameboy/(6550:6550): ERROR AL CONECTARSE CON EL TEAM
[INFO] 14:12:01:152 Gameboy/(6595:6595): CONEXION EXITOSA CON EL PROCESO TEAM
[INFO] 14:12:01:185 Gameboy/(6597:6597): CONEXION EXITOSA CON EL PROCESO TEAM
[INFO] 14:12:05:365 Gameboy/(6599:6599): ERROR AL CONECTARSE CON EL TEAM
[INFO] 14:12:05:375 Gameboy/(6600:6600): ERROR AL CONECTARSE CON EL TEAM
[INFO] 14:12:05:382 Gameboy/(6601:6601): ERROR AL CONECTARSE CON EL TEAM
[INFO] 14:12:24:484 Gameboy/(6636:6636): CONEXION EXITOSA CON EL PROCESO TEAM
[INFO] 14:12:24:522 Gameboy/(6638:6638): CONEXION EXITOSA CON EL PROCESO TEAM
[INFO] 14:12:25:999 Gameboy/(6640:6640): ERROR AL CONECTARSE CON EL TEAM
[INFO] 14:12:25:0 Gameboy/(6641:6641): ERROR AL CONECTARSE CON EL TEAM
[INFO] 14:12:26:22 Gameboy/(6642:6642): ERROR AL CONECTARSE CON EL TEAM
[INFO] 14:13:47:382 Gameboy/(6711:6711): CONEXION EXITOSA CON EL PROCESO TEAM
[INFO] 14:13:47:413 Gameboy/(6713:6713): CONEXION EXITOSA CON EL PROCESO TEAM
[INFO] 14:13:47:482 Gameboy/(6715:6715): CONEXION EXITOSA CON EL PROCESO TEAM
[INFO] 14:13:48:585 Gameboy/(6716:6716): ERROR AL CONECTARSE CON EL TEAM
[INFO] 14:13:48:590 Gameboy/(6717:6717): ERROR AL CONECTARSE CON EL TEAM
[INFO] 14:15:24:669 Gameboy/(6805:6805): CONEXION EXITOSA CON EL PROCESO TEAM
[INFO] 14:15:24:714 Gameboy/(6807:6807): CONEXION EXITOSA CON EL PROCESO TEAM
[INFO] 14:15:24:817 Gameboy/(6809:6809): CONEXION EXITOSA CON EL PROCESO TEAM
[INFO] 14:15:24:838 Gameboy/(6811:6811): CONEXION EXITOSA CON EL PROCESO TEAM
[INFO] 14:15:24:853 Gameboy/(6813:6813): CONEXION EXITOSA CON EL PROCESO TEAM
[INFO] 14:16:27:566 Gameboy/(6880:6880): CONEXION EXITOSA CON EL PROCESO TEAM
[INFO] 14:16:27:609 Gameboy/(6882:6882): CONEXION EXITOSA CON EL PROCESO TEAM
[INFO] 14:16:27:702 Gameboy/(6884:6884): CONEXION EXITOSA CON EL PROCESO TEAM
[INFO] 14:16:27:749 Gameboy/(6886:6886): CONEXION EXITOSA CON EL PROCESO TEAM
[INFO] 14:16:27:760 Gameboy/(6888:6888): CONEXION EXITOSA CON EL PROCESO TEAM
[INFO] 14:24:03:249 Gameboy/(7116:7116): CONEXION EXITOSA CON EL PROCESO TEAM
[INFO] 14:24:03:313 Gameboy/(7118:7118): CONEXION EXITOSA CON EL PROCESO TEAM
[INFO] 14:24:03:408 Gameboy/(7120:7120): CONEXION EXITOSA CON EL PROCESO TEAM
[INFO] 14:24:03:458 Gameboy/(7122:7122): CONEXION EXITOSA CON EL PROCESO TEAM
[INFO] 14:24:03:468 Gameboy/(7124:7124): CONEXION EXITOSA CON EL PROCESO TEAM
[INFO] 14:33:06:43 Gameboy/(7345:7345): CONEXION EXITOSA CON EL PROCESO TEAM
[INFO] 14:33:06:82 Gameboy/(7347:7347): CONEXION EXITOSA CON EL PROCESO TEAM
[INFO] 14:33:06:157 Gameboy/(7349:7349): CONEXION EXITOSA CON EL PROCESO TEAM
[INFO] 14:33:06:202 Gameboy/(7351:7351): CONEXION EXITOSA CON EL PROCESO TEAM
[INFO] 14:33:06:211 Gameboy/(7353:7353): CONEXION EXITOSA CON EL PROCESO TEAM
[INFO] 14:37:39:330 Gameboy/(7448:7448): CONEXION EXITOSA CON EL PROCESO TEAM
[INFO] 14:37:39:360 Gameboy/(7450:7450): CONEXION EXITOSA CON EL PROCESO TEAM
[INFO] 14:37:39:472 Gameboy/(7452:7452): CONEXION EXITOSA CON EL PROCESO TEAM
[INFO] 14:37:39:503 Gameboy/(7454:7454): CONEXION EXITOSA CON EL PROCESO TEAM
[INFO] 14:37:39:521 Gameboy/(7456:7456): CONEXION EXITOSA CON EL PROCESO TEAM
[INFO] 14:42:16:128 Gameboy/(7563:7563): CONEXION EXITOSA CON EL PROCESO TEAM
[INFO] 14:42:16:183 Gameboy/(7565:7565): CONEXION EXITOSA CON EL PROCESO TEAM
[INFO] 14:42:16:272 Gameboy/(7567:7567): CONEXION EXITOSA CON EL PROCESO TEAM
[INFO] 14:42:16:286 Gameboy/(7569:7569): CONEXION EXITOSA CON EL PROCESO TEAM
[INFO] 14:42:16:297 Gameboy/(7571:7571): CONEXION EXITOSA CON EL PROCESO TEAM
[INFO] 14:49:35:982 Gameboy/(7941:7941): CONEXION EXITOSA CON EL PROCESO TEAM
[INFO] 14:49:36:18 Gameboy/(7943:7943): CONEXION EXITOSA CON EL PROCESO TEAM
[INFO] 14:49:36:92 Gameboy/(7945:7945): CONEXION EXITOSA CON EL PROCESO TEAM
[INFO] 14:49:36:113 Gameboy/(7947:7947): CONEXION EXITOSA CON EL PROCESO TEAM
[INFO] 14:49:36:130 Gameboy/(7949:7949): CONEXION EXITOSA CON EL PROCESO TEAM
[INFO] 14:50:29:487 Gameboy/(8026:8026): CONEXION EXITOSA CON EL PROCESO TEAM
[INFO] 14:50:29:524 Gameboy/(8028:8028): CONEXION EXITOSA CON EL PROCESO TEAM
[INFO] 14:50:29:616 Gameboy/(8030:8030): CONEXION EXITOSA CON EL PROCESO TEAM
[INFO] 14:50:29:636 Gameboy/(8032:8032): CONEXION EXITOSA CON EL PROCESO TEAM
[INFO] 14:50:29:654 Gameboy/(8034:8034): CONEXION EXITOSA CON EL PROCESO TEAM
[INFO] 14:53:04:91 Gameboy/(8111:8111): CONEXION EXITOSA CON EL PROCESO TEAM
[INFO] 14:53:04:131 Gameboy/(8113:8113): CONEXION EXITOSA CON EL PROCESO TEAM
[INFO] 14:53:04:217 Gameboy/(8115:8115): CONEXION EXITOSA CON EL PROCESO TEAM
[INFO] 14:53:04:259 Gameboy/(8117:8117): CONEXION EXITOSA CON EL PROCESO TEAM
[INFO] 14:53:04:269 Gameboy/(8119:8119): CONEXION EXITOSA CON EL PROCESO TEAM
[INFO] 14:57:19:25 Gameboy/(8221:8221): CONEXION EXITOSA CON EL PROCESO TEAM
[INFO] 14:57:19:54 Gameboy/(8223:8223): CONEXION EXITOSA CON EL PROCESO TEAM
[INFO] 14:57:19:127 Gameboy/(8225:8225): CONEXION EXITOSA CON EL PROCESO TEAM
[INFO] 14:57:19:149 Gameboy/(8227:8227): CONEXION EXITOSA CON EL PROCESO TEAM
[INFO] 14:57:19:172 Gameboy/(8229:8229): CONEXION EXITOSA CON EL PROCESO TEAM
[INFO] 14:59:03:973 Gameboy/(8278:8278): CONEXION EXITOSA CON EL PROCESO TEAM
[INFO] 14:59:04:16 Gameboy/(8280:8280): CONEXION EXITOSA CON EL PROCESO TEAM
[INFO] 14:59:04:124 Gameboy/(8282:8282): CONEXION EXITOSA CON EL PROCESO TEAM
[INFO] 14:59:04:143 Gameboy/(8284:8284): CONEXION EXITOSA CON EL PROCESO TEAM
[INFO] 14:59:04:161 Gameboy/(8286:8286): CONEXION EXITOSA CON EL PROCESO TEAM
[INFO] 15:01:15:334 Gameboy/(8380:8380): CONEXION EXITOSA CON EL PROCESO TEAM
[INFO] 15:01:15:374 Gameboy/(8382:8382): CONEXION EXITOSA CON EL PROCESO TEAM
[INFO] 15:01:15:449 Gameboy/(8384:8384): CONEXION EXITOSA CON EL PROCESO TEAM
[INFO] 15:01:15:489 Gameboy/(8386:8386): CONEXION EXITOSA CON EL PROCESO TEAM
[INFO] 15:01:15:501 Gameboy/(8388:8388): CONEXION EXITOSA CON EL PROCESO TEAM
[INFO] 15:03:24:789 Gameboy/(8539:8539): CONEXION EXITOSA CON EL PROCESO TEAM
[INFO] 15:03:24:849 Gameboy/(8541:8541): CONEXION EXITOSA CON EL PROCESO TEAM
[INFO] 15:03:24:953 Gameboy/(8543:8543): CONEXION EXITOSA CON EL PROCESO TEAM
[INFO] 15:03:24:974 Gameboy/(8545:8545): CONEXION EXITOSA CON EL PROCESO TEAM
[INFO] 15:03:24:991 Gameboy/(8547:8547): CONEXION EXITOSA CON EL PROCESO TEAM
[INFO] 15:15:05:655 Gameboy/(9204:9204): CONEXION EXITOSA CON EL PROCESO TEAM
[INFO] 15:15:05:687 Gameboy/(9208:9208): CONEXION EXITOSA CON EL PROCESO TEAM
[INFO] 15:15:05:745 Gameboy/(9210:9210): CONEXION EXITOSA CON EL PROCESO TEAM
[INFO] 15:15:05:775 Gameboy/(9212:9212): CONEXION EXITOSA CON EL PROCESO TEAM
[INFO] 15:15:05:786 Gameboy/(9214:9214): CONEXION EXITOSA CON EL PROCESO TEAM
[INFO] 15:17:44:672 Gameboy/(9353:9353): CONEXION EXITOSA CON EL PROCESO TEAM
[INFO] 15:17:44:681 Gameboy/(9355:9355): CONEXION EXITOSA CON EL PROCESO TEAM
[INFO] 15:17:44:693 Gameboy/(9357:9357): CONEXION EXITOSA CON EL PROCESO TEAM
[INFO] 15:17:44:702 Gameboy/(9359:9359): CONEXION EXITOSA CON EL PROCESO TEAM
[INFO] 15:17:44:706 Gameboy/(9361:9361): CONEXION EXITOSA CON EL PROCESO TEAM
[INFO] 15:19:59:221 Gameboy/(9445:9445): CONEXION EXITOSA CON EL PROCESO TEAM
[INFO] 15:19:59:236 Gameboy/(9447:9447): CONEXION EXITOSA CON EL PROCESO TEAM
[INFO] 15:19:59:245 Gameboy/(9449:9449): CONEXION EXITOSA CON EL PROCESO TEAM
[INFO] 15:19:59:252 Gameboy/(9451:9451): CONEXION EXITOSA CON EL PROCESO TEAM
[INFO] 15:19:59:262 Gameboy/(9453:9453): CONEXION EXITOSA CON EL PROCESO TEAM
[INFO] 15:25:59:10 Gameboy/(9749:9749): CONEXION EXITOSA CON EL PROCESO TEAM
[INFO] 15:25:59:32 Gameboy/(9751:9751): CONEXION EXITOSA CON EL PROCESO TEAM
[INFO] 15:25:59:39 Gameboy/(9753:9753): CONEXION EXITOSA CON EL PROCESO TEAM
[INFO] 15:25:59:48 Gameboy/(9755:9755): CONEXION EXITOSA CON EL PROCESO TEAM
[INFO] 15:25:59:56 Gameboy/(9757:9757): CONEXION EXITOSA CON EL PROCESO TEAM
[INFO] 15:26:34:887 Gameboy/(9804:9804): CONEXION EXITOSA CON EL PROCESO TEAM
[INFO] 15:26:34:894 Gameboy/(9806:9806): CONEXION EXITOSA CON EL PROCESO TEAM
[INFO] 15:26:34:906 Gameboy/(9808:9808): CONEXION EXITOSA CON EL PROCESO TEAM
[INFO] 15:26:34:910 Gameboy/(9810:9810): CONEXION EXITOSA CON EL PROCESO TEAM
[INFO] 15:26:34:914 Gameboy/(9812:9812): CONEXION EXITOSA CON EL PROCESO TEAM
[INFO] 15:27:20:388 Gameboy/(9876:9876): CONEXION EXITOSA CON EL PROCESO TEAM
[INFO] 15:27:20:395 Gameboy/(9878:9878): CONEXION EXITOSA CON EL PROCESO TEAM
[INFO] 15:27:20:404 Gameboy/(9880:9880): CONEXION EXITOSA CON EL PROCESO TEAM
[INFO] 15:27:20:409 Gameboy/(9882:9882): CONEXION EXITOSA CON EL PROCESO TEAM
[INFO] 15:27:20:422 Gameboy/(9884:9884): CONEXION EXITOSA CON EL PROCESO TEAM
[INFO] 15:31:22:479 Gameboy/(9989:9989): CONEXION EXITOSA CON EL PROCESO TEAM
[INFO] 15:31:22:497 Gameboy/(9991:9991): CONEXION EXITOSA CON EL PROCESO TEAM
[INFO] 15:31:22:510 Gameboy/(9993:9993): CONEXION EXITOSA CON EL PROCESO TEAM
[INFO] 15:31:22:520 Gameboy/(9995:9995): CONEXION EXITOSA CON EL PROCESO TEAM
[INFO] 15:31:22:530 Gameboy/(9997:9997): CONEXION EXITOSA CON EL PROCESO TEAM
[INFO] 15:33:11:521 Gameboy/(10078:10078): CONEXION EXITOSA CON EL PROCESO TEAM
[INFO] 15:33:11:541 Gameboy/(10081:10081): CONEXION EXITOSA CON EL PROCESO TEAM
[INFO] 15:33:11:557 Gameboy/(10083:10083): CONEXION EXITOSA CON EL PROCESO TEAM
[INFO] 15:33:11:569 Gameboy/(10085:10085): CONEXION EXITOSA CON EL PROCESO TEAM
[INFO] 15:33:11:579 Gameboy/(10087:10087): CONEXION EXITOSA CON EL PROCESO TEAM
[INFO] 15:36:20:109 Gameboy/(10238:10238): CONEXION EXITOSA CON EL PROCESO TEAM
[INFO] 15:36:20:130 Gameboy/(10240:10240): CONEXION EXITOSA CON EL PROCESO TEAM
[INFO] 15:36:20:143 Gameboy/(10242:10242): CONEXION EXITOSA CON EL PROCESO TEAM
[INFO] 15:36:20:156 Gameboy/(10244:10244): CONEXION EXITOSA CON EL PROCESO TEAM
[INFO] 15:36:20:164 Gameboy/(10246:10246): CONEXION EXITOSA CON EL PROCESO TEAM
[INFO] 15:46:31:587 Gameboy/(10494:10494): CONEXION EXITOSA CON EL PROCESO TEAM
[INFO] 15:46:31:603 Gameboy/(10498:10498): CONEXION EXITOSA CON EL PROCESO TEAM
[INFO] 15:46:31:625 Gameboy/(10500:10500): CONEXION EXITOSA CON EL PROCESO TEAM
[INFO] 15:46:31:627 Gameboy/(10502:10502): CONEXION EXITOSA CON EL PROCESO TEAM
[INFO] 15:46:31:640 Gameboy/(10504:10504): CONEXION EXITOSA CON EL PROCESO TEAM
[INFO] 16:01:14:439 Gameboy/(10790:10790): CONEXION EXITOSA CON EL PROCESO TEAM
[INFO] 16:01:14:472 Gameboy/(10792:10792): CONEXION EXITOSA CON EL PROCESO TEAM
[INFO] 16:01:14:481 Gameboy/(10794:10794): CONEXION EXITOSA CON EL PROCESO TEAM
[INFO] 16:01:14:492 Gameboy/(10796:10796): CONEXION EXITOSA CON EL PROCESO TEAM
[INFO] 16:01:14:505 Gameboy/(10798:10798): CONEXION EXITOSA CON EL PROCESO TEAM
[INFO] 16:20:56:480 Gameboy/(11204:11204): CONEXION EXITOSA CON EL PROCESO TEAM
[INFO] 16:20:56:510 Gameboy/(11206:11206): CONEXION EXITOSA CON EL PROCESO TEAM
[INFO] 16:21:23:909 Gameboy/(11222:11222): CONEXION EXITOSA CON EL PROCESO TEAM
[INFO] 16:21:23:918 Gameboy/(11224:11224): CONEXION EXITOSA CON EL PROCESO TEAM
[INFO] 16:21:29:97 Gameboy/(11229:11229): CONEXION EXITOSA CON EL PROCESO TEAM
[INFO] 16:27:10:447 Gameboy/(11430:11430): CONEXION EXITOSA CON EL PROCESO TEAM
[INFO] 16:27:10:466 Gameboy/(11434:11434): CONEXION EXITOSA CON EL PROCESO TEAM
[INFO] 16:27:10:476 Gameboy/(11436:11436): CONEXION EXITOSA CON EL PROCESO TEAM
[INFO] 16:27:10:491 Gameboy/(11438:11438): CONEXION EXITOSA CON EL PROCESO TEAM
[INFO] 16:27:10:507 Gameboy/(11440:11440): CONEXION EXITOSA CON EL PROCESO TEAM
[INFO] 16:28:49:717 Gameboy/(11510:11510): CONEXION EXITOSA CON EL PROCESO TEAM
[INFO] 16:28:49:734 Gameboy/(11513:11513): CONEXION EXITOSA CON EL PROCESO TEAM
[INFO] 16:29:03:390 Gameboy/(11518:11518): CONEXION EXITOSA CON EL PROCESO TEAM
[INFO] 16:29:03:408 Gameboy/(11520:11520): CONEXION EXITOSA CON EL PROCESO TEAM
[INFO] 16:29:03:421 Gameboy/(11522:11522): CONEXION EXITOSA CON EL PROCESO TEAM
[INFO] 16:39:24:218 Gameboy/(11829:11829): CONEXION EXITOSA CON EL PROCESO TEAM
[INFO] 16:39:24:234 Gameboy/(11833:11833): CONEXION EXITOSA CON EL PROCESO TEAM
[INFO] 16:39:41:694 Gameboy/(11844:11844): CONEXION EXITOSA CON EL PROCESO TEAM
[INFO] 16:39:51:209 Gameboy/(11850:11850): CONEXION EXITOSA CON EL PROCESO TEAM
[INFO] 16:40:06:233 Gameboy/(11856:11856): CONEXION EXITOSA CON EL PROCESO TEAM
[INFO] 16:50:01:23 Gameboy/(12104:12104): CONEXION EXITOSA CON EL PROCESO TEAM
[INFO] 16:50:01:43 Gameboy/(12106:12106): CONEXION EXITOSA CON EL PROCESO TEAM
[INFO] 16:50:36:329 Gameboy/(12122:12122): CONEXION EXITOSA CON EL PROCESO TEAM
[INFO] 16:51:03:633 Gameboy/(12131:12131): CONEXION EXITOSA CON EL PROCESO TEAM
[INFO] 16:51:21:660 Gameboy/(12140:12140): CONEXION EXITOSA CON EL PROCESO TEAM
[INFO] 16:55:23:213 Gameboy/(12247:12247): CONEXION EXITOSA CON EL PROCESO TEAM
[INFO] 16:55:23:230 Gameboy/(12250:12250): CONEXION EXITOSA CON EL PROCESO TEAM
[INFO] 16:55:23:238 Gameboy/(12252:12252): CONEXION EXITOSA CON EL PROCESO TEAM
[INFO] 16:55:23:246 Gameboy/(12254:12254): CONEXION EXITOSA CON EL PROCESO TEAM
[INFO] 16:55:23:256 Gameboy/(12256:12256): CONEXION EXITOSA CON EL PROCESO TEAM
[INFO] 17:01:13:140 Gameboy/(12407:12407): CONEXION EXITOSA CON EL PROCESO TEAM
[INFO] 17:01:13:154 Gameboy/(12409:12409): CONEXION EXITOSA CON EL PROCESO TEAM
[INFO] 17:01:13:174 Gameboy/(12411:12411): CONEXION EXITOSA CON EL PROCESO TEAM
[INFO] 17:01:13:183 Gameboy/(12413:12413): CONEXION EXITOSA CON EL PROCESO TEAM
[INFO] 17:01:13:193 Gameboy/(12415:12415): CONEXION EXITOSA CON EL PROCESO TEAM
[INFO] 17:09:21:785 Gameboy/(12605:12605): CONEXION EXITOSA CON EL PROCESO TEAM
[INFO] 17:09:21:799 Gameboy/(12607:12607): CONEXION EXITOSA CON EL PROCESO TEAM
[INFO] 17:09:21:812 Gameboy/(12609:12609): CONEXION EXITOSA CON EL PROCESO TEAM
[INFO] 17:09:21:825 Gameboy/(12611:12611): CONEXION EXITOSA CON EL PROCESO TEAM
[INFO] 17:09:21:830 Gameboy/(12613:12613): CONEXION EXITOSA CON EL PROCESO TEAM
[INFO] 17:14:33:780 Gameboy/(12800:12800): CONEXION EXITOSA CON EL PROCESO TEAM
[INFO] 17:14:33:795 Gameboy/(12802:12802): CONEXION EXITOSA CON EL PROCESO TEAM
[INFO] 17:14:33:804 Gameboy/(12804:12804): CONEXION EXITOSA CON EL PROCESO TEAM
[INFO] 17:14:33:817 Gameboy/(12806:12806): CONEXION EXITOSA CON EL PROCESO TEAM
[INFO] 17:14:33:825 Gameboy/(12808:12808): CONEXION EXITOSA CON EL PROCESO TEAM
[INFO] 21:50:00:795 Gameboy/(5155:5155): CONEXION EXITOSA CON EL BROKER
[INFO] 21:50:00:816 Gameboy/(5162:5162): CONEXION EXITOSA CON EL BROKER
[INFO] 21:50:00:828 Gameboy/(5165:5165): CONEXION EXITOSA CON EL BROKER
[INFO] 21:50:00:831 Gameboy/(5168:5168): CONEXION EXITOSA CON EL BROKER
[INFO] 21:50:00:838 Gameboy/(5171:5171): CONEXION EXITOSA CON EL BROKER
[INFO] 21:52:03:325 Gameboy/(5240:5240): CONEXION EXITOSA CON EL BROKER
[INFO] 21:52:03:343 Gameboy/(5246:5246): CONEXION EXITOSA CON EL BROKER
[INFO] 21:52:03:356 Gameboy/(5248:5248): CONEXION EXITOSA CON EL BROKER
[INFO] 21:52:03:368 Gameboy/(5250:5250): CONEXION EXITOSA CON EL BROKER
[INFO] 21:52:03:377 Gameboy/(5252:5252): CONEXION EXITOSA CON EL BROKER
[INFO] 21:55:14:946 Gameboy/(5355:5355): CONEXION EXITOSA CON EL BROKER
[INFO] 21:55:14:964 Gameboy/(5360:5360): CONEXION EXITOSA CON EL BROKER
[INFO] 21:55:14:977 Gameboy/(5363:5363): CONEXION EXITOSA CON EL BROKER
[INFO] 21:55:14:987 Gameboy/(5366:5366): CONEXION EXITOSA CON EL BROKER
[INFO] 21:55:14:997 Gameboy/(5369:5369): CONEXION EXITOSA CON EL BROKER
[INFO] 21:55:17:453 Gameboy/(5374:5374): CONEXION EXITOSA CON EL BROKER
[INFO] 21:55:17:457 Gameboy/(5376:5376): CONEXION EXITOSA CON EL BROKER
[INFO] 21:55:17:467 Gameboy/(5378:5378): CONEXION EXITOSA CON EL BROKER
[INFO] 21:55:17:471 Gameboy/(5380:5380): CONEXION EXITOSA CON EL BROKER
[INFO] 21:55:17:476 Gameboy/(5382:5382): CONEXION EXITOSA CON EL BROKER
[INFO] 21:55:18:76 Gameboy/(5386:5386): CONEXION EXITOSA CON EL BROKER
[INFO] 21:55:18:83 Gameboy/(5388:5388): CONEXION EXITOSA CON EL BROKER
[INFO] 21:55:18:88 Gameboy/(5390:5390): CONEXION EXITOSA CON EL BROKER
[INFO] 21:55:18:93 Gameboy/(5392:5392): CONEXION EXITOSA CON EL BROKER
[INFO] 21:55:18:105 Gameboy/(5394:5394): CONEXION EXITOSA CON EL BROKER
[INFO] 21:55:18:658 Gameboy/(5403:5403): CONEXION EXITOSA CON EL BROKER
[INFO] 21:55:18:669 Gameboy/(5405:5405): CONEXION EXITOSA CON EL BROKER
[INFO] 21:55:18:675 Gameboy/(5407:5407): CONEXION EXITOSA CON EL BROKER
[INFO] 21:55:18:683 Gameboy/(5409:5409): CONEXION EXITOSA CON EL BROKER
[INFO] 21:55:18:688 Gameboy/(5411:5411): CONEXION EXITOSA CON EL BROKER
[INFO] 21:55:19:394 Gameboy/(5415:5415): CONEXION EXITOSA CON EL BROKER
[INFO] 21:55:19:399 Gameboy/(5417:5417): CONEXION EXITOSA CON EL BROKER
[INFO] 21:55:19:405 Gameboy/(5419:5419): CONEXION EXITOSA CON EL BROKER
[INFO] 21:55:19:413 Gameboy/(5421:5421): CONEXION EXITOSA CON EL BROKER
[INFO] 21:55:19:430 Gameboy/(5423:5423): CONEXION EXITOSA CON EL BROKER
[INFO] 21:56:14:697 Gameboy/(5494:5494): CONEXION EXITOSA CON EL BROKER
[INFO] 21:56:14:736 Gameboy/(5499:5499): CONEXION EXITOSA CON EL BROKER
[INFO] 21:56:14:741 Gameboy/(5502:5502): CONEXION EXITOSA CON EL BROKER
[INFO] 21:56:14:748 Gameboy/(5505:5505): CONEXION EXITOSA CON EL BROKER
[INFO] 21:56:14:761 Gameboy/(5508:5508): CONEXION EXITOSA CON EL BROKER
[INFO] 21:56:39:329 Gameboy/(5565:5565): CONEXION EXITOSA CON EL BROKER
[INFO] 21:56:39:340 Gameboy/(5568:5568): CONEXION EXITOSA CON EL BROKER
[INFO] 21:56:39:347 Gameboy/(5571:5571): CONEXION EXITOSA CON EL BROKER
[INFO] 21:56:39:361 Gameboy/(5574:5574): CONEXION EXITOSA CON EL BROKER
[INFO] 21:56:39:369 Gameboy/(5577:5577): CONEXION EXITOSA CON EL BROKER
[INFO] 21:57:45:558 Gameboy/(5669:5669): CONEXION EXITOSA CON EL BROKER
[INFO] 21:57:45:578 Gameboy/(5674:5674): CONEXION EXITOSA CON EL BROKER
[INFO] 21:57:45:596 Gameboy/(5677:5677): CONEXION EXITOSA CON EL BROKER
[INFO] 21:57:45:599 Gameboy/(5680:5680): CONEXION EXITOSA CON EL BROKER
[INFO] 21:57:45:605 Gameboy/(5683:5683): CONEXION EXITOSA CON EL BROKER
[INFO] 22:01:30:952 Gameboy/(5852:5852): CONEXION EXITOSA CON EL BROKER
[INFO] 22:01:30:953 Gameboy/(5852:5852): SUSCRIPCION EXITOSA A LA COLA GET

[INFO] 22:01:37:823 Gameboy/(5852:5856): MENSAJE GET RECIBIDO
[INFO] 22:01:37:823 Gameboy/(5852:5856): ID MENSAJE: 0
[INFO] 22:01:37:823 Gameboy/(5852:5856): NOMBRE POKEMON: Squirtle
[INFO] 22:01:37:870 Gameboy/(5852:5856): MENSAJE GET RECIBIDO
[INFO] 22:01:37:870 Gameboy/(5852:5856): ID MENSAJE: 1
[INFO] 22:01:37:871 Gameboy/(5852:5856): NOMBRE POKEMON: Pikachu
[INFO] 22:01:37:871 Gameboy/(5852:5856): MENSAJE GET RECIBIDO
[INFO] 22:01:37:871 Gameboy/(5852:5856): ID MENSAJE: 2
[INFO] 22:01:37:871 Gameboy/(5852:5856): NOMBRE POKEMON: Gengar
[INFO] 22:01:37:871 Gameboy/(5852:5856): MENSAJE GET RECIBIDO
[INFO] 22:01:37:871 Gameboy/(5852:5856): ID MENSAJE: 3
[INFO] 22:01:37:871 Gameboy/(5852:5856): NOMBRE POKEMON: Onix
[INFO] 22:04:05:390 Gameboy/(6024:6024): CONEXION EXITOSA CON EL BROKER
[INFO] 22:04:05:391 Gameboy/(6024:6024): SUSCRIPCION EXITOSA A LA COLA APPEARED

[INFO] 22:04:10:715 Gameboy/(6035:6035): CONEXION EXITOSA CON EL BROKER
[INFO] 22:04:10:726 Gameboy/(6024:6028): MENSAJE APPEARED RECIBIDO
[INFO] 22:04:10:726 Gameboy/(6024:6028): ID MENSAJE: 4
[INFO] 22:04:10:726 Gameboy/(6024:6028): ID CORRELATIVO: 100
[INFO] 22:04:10:726 Gameboy/(6024:6028): NOMBRE POKEMON: Pikachu
[INFO] 22:04:10:726 Gameboy/(6024:6028): POSICION EJE X: 9
[INFO] 22:04:10:726 Gameboy/(6024:6028): POSICION EJE Y: 9
[INFO] 22:04:10:731 Gameboy/(6039:6039): CONEXION EXITOSA CON EL BROKER
[INFO] 22:04:10:745 Gameboy/(6043:6043): CONEXION EXITOSA CON EL BROKER
[INFO] 22:04:10:752 Gameboy/(6047:6047): CONEXION EXITOSA CON EL BROKER
[INFO] 22:04:10:756 Gameboy/(6051:6051): CONEXION EXITOSA CON EL BROKER
[INFO] 22:04:10:774 Gameboy/(6024:6028): MENSAJE APPEARED RECIBIDO
[INFO] 22:04:10:774 Gameboy/(6024:6028): ID MENSAJE: 5
[INFO] 22:04:10:774 Gameboy/(6024:6028): ID CORRELATIVO: 101
[INFO] 22:04:10:774 Gameboy/(6024:6028): NOMBRE POKEMON: Squirtle
[INFO] 22:04:10:774 Gameboy/(6024:6028): POSICION EJE X: 6
[INFO] 22:04:10:774 Gameboy/(6024:6028): POSICION EJE Y: 7
[INFO] 22:04:10:774 Gameboy/(6024:6028): MENSAJE APPEARED RECIBIDO
[INFO] 22:04:10:775 Gameboy/(6024:6028): ID MENSAJE: 6
[INFO] 22:04:10:775 Gameboy/(6024:6028): ID CORRELATIVO: 102
[INFO] 22:04:10:775 Gameboy/(6024:6028): NOMBRE POKEMON: Onix
[INFO] 22:04:10:775 Gameboy/(6024:6028): POSICION EJE X: 2
[INFO] 22:04:10:775 Gameboy/(6024:6028): POSICION EJE Y: 8
[INFO] 22:04:10:775 Gameboy/(6024:6028): MENSAJE APPEARED RECIBIDO
[INFO] 22:04:10:777 Gameboy/(6024:6028): ID MENSAJE: 7
[INFO] 22:04:10:777 Gameboy/(6024:6028): ID CORRELATIVO: 103
[INFO] 22:04:10:777 Gameboy/(6024:6028): NOMBRE POKEMON: Gengar
[INFO] 22:04:10:777 Gameboy/(6024:6028): POSICION EJE X: 6
[INFO] 22:04:10:777 Gameboy/(6024:6028): POSICION EJE Y: 6
[INFO] 22:04:10:777 Gameboy/(6024:6028): MENSAJE APPEARED RECIBIDO
[INFO] 22:04:10:778 Gameboy/(6024:6028): ID MENSAJE: 8
[INFO] 22:04:10:778 Gameboy/(6024:6028): ID CORRELATIVO: 104
[INFO] 22:04:10:778 Gameboy/(6024:6028): NOMBRE POKEMON: Squirtle
[INFO] 22:04:10:778 Gameboy/(6024:6028): POSICION EJE X: 5
[INFO] 22:04:10:778 Gameboy/(6024:6028): POSICION EJE Y: 5
[INFO] 22:07:21:435 Gameboy/(6201:6201): CONEXION EXITOSA CON EL BROKER
[INFO] 22:07:21:454 Gameboy/(6208:6208): CONEXION EXITOSA CON EL BROKER
[INFO] 22:07:21:465 Gameboy/(6211:6211): CONEXION EXITOSA CON EL BROKER
[INFO] 22:07:21:478 Gameboy/(6214:6214): CONEXION EXITOSA CON EL BROKER
[INFO] 22:07:21:483 Gameboy/(6217:6217): CONEXION EXITOSA CON EL BROKER
[INFO] 22:10:09:175 Gameboy/(6322:6322): CONEXION EXITOSA CON EL BROKER
[INFO] 22:10:09:196 Gameboy/(6327:6327): CONEXION EXITOSA CON EL BROKER
[INFO] 22:10:09:217 Gameboy/(6330:6330): CONEXION EXITOSA CON EL BROKER
[INFO] 22:10:09:222 Gameboy/(6333:6333): CONEXION EXITOSA CON EL BROKER
[INFO] 22:10:09:245 Gameboy/(6336:6336): CONEXION EXITOSA CON EL BROKER
[INFO] 22:17:08:470 Gameboy/(6573:6573): CONEXION EXITOSA CON EL BROKER
[INFO] 22:17:08:545 Gameboy/(6578:6578): CONEXION EXITOSA CON EL BROKER
[INFO] 22:17:08:645 Gameboy/(6582:6582): CONEXION EXITOSA CON EL BROKER
[INFO] 22:17:08:761 Gameboy/(6585:6585): CONEXION EXITOSA CON EL BROKER
[INFO] 22:17:08:831 Gameboy/(6588:6588): CONEXION EXITOSA CON EL BROKER
[INFO] 09:38:30:507 Gameboy/(4989:4989): CONEXION EXITOSA CON EL BROKER
[INFO] 09:38:30:509 Gameboy/(4992:4992): CONEXION EXITOSA CON EL BROKER
[INFO] 09:38:30:521 Gameboy/(4995:4995): CONEXION EXITOSA CON EL BROKER
[INFO] 09:38:30:523 Gameboy/(4998:4998): CONEXION EXITOSA CON EL BROKER
[INFO] 09:38:30:525 Gameboy/(5001:5001): CONEXION EXITOSA CON EL BROKER
[INFO] 09:40:22:518 Gameboy/(5135:5135): CONEXION EXITOSA CON EL BROKER
[INFO] 09:40:39:633 Gameboy/(5139:5139): CONEXION EXITOSA CON EL BROKER
[INFO] 09:40:44:987 Gameboy/(5144:5144): CONEXION EXITOSA CON EL BROKER
[INFO] 09:41:03:834 Gameboy/(5154:5154): CONEXION EXITOSA CON EL BROKER
[INFO] 09:41:56:740 Gameboy/(5193:5193): CONEXION EXITOSA CON EL BROKER
[INFO] 09:46:02:652 Gameboy/(5572:5572): CONEXION EXITOSA CON EL BROKER
[INFO] 09:46:02:654 Gameboy/(5575:5575): CONEXION EXITOSA CON EL BROKER
[INFO] 09:46:02:662 Gameboy/(5578:5578): CONEXION EXITOSA CON EL BROKER
[INFO] 09:46:02:666 Gameboy/(5581:5581): CONEXION EXITOSA CON EL BROKER
[INFO] 09:46:02:668 Gameboy/(5584:5584): CONEXION EXITOSA CON EL BROKER
[INFO] 10:01:03:720 Gameboy/(6254:6254): CONEXION EXITOSA CON EL BROKER
[INFO] 10:01:03:721 Gameboy/(6257:6257): CONEXION EXITOSA CON EL BROKER
[INFO] 10:01:03:726 Gameboy/(6260:6260): CONEXION EXITOSA CON EL BROKER
[INFO] 10:01:03:728 Gameboy/(6263:6263): CONEXION EXITOSA CON EL BROKER
[INFO] 10:01:03:732 Gameboy/(6266:6266): CONEXION EXITOSA CON EL BROKER
[INFO] 10:02:17:737 Gameboy/(6279:6279): CONEXION EXITOSA CON EL BROKER
[INFO] 10:46:39:693 Gameboy/(8158:8158): CONEXION EXITOSA CON EL PROCESO TEAM
[INFO] 10:46:39:706 Gameboy/(8160:8160): CONEXION EXITOSA CON EL PROCESO TEAM
[INFO] 10:46:39:715 Gameboy/(8162:8162): CONEXION EXITOSA CON EL PROCESO TEAM
[INFO] 10:46:39:725 Gameboy/(8164:8164): CONEXION EXITOSA CON EL PROCESO TEAM
[INFO] 10:46:39:734 Gameboy/(8166:8166): CONEXION EXITOSA CON EL PROCESO TEAM
[INFO] 10:48:22:632 Gameboy/(8211:8211): CONEXION EXITOSA CON EL PROCESO TEAM
[INFO] 10:48:22:641 Gameboy/(8213:8213): CONEXION EXITOSA CON EL PROCESO TEAM
[INFO] 10:48:22:649 Gameboy/(8215:8215): CONEXION EXITOSA CON EL PROCESO TEAM
[INFO] 10:48:22:659 Gameboy/(8217:8217): CONEXION EXITOSA CON EL PROCESO TEAM
[INFO] 10:48:22:665 Gameboy/(8219:8219): CONEXION EXITOSA CON EL PROCESO TEAM
[INFO] 10:51:28:876 Gameboy/(8405:8405): CONEXION EXITOSA CON EL BROKER
[INFO] 10:51:28:877 Gameboy/(8408:8408): CONEXION EXITOSA CON EL BROKER
[INFO] 10:51:28:882 Gameboy/(8411:8411): CONEXION EXITOSA CON EL BROKER
[INFO] 10:51:28:884 Gameboy/(8414:8414): CONEXION EXITOSA CON EL BROKER
[INFO] 10:51:28:888 Gameboy/(8417:8417): CONEXION EXITOSA CON EL BROKER
[INFO] 10:53:03:795 Gameboy/(8432:8432): CONEXION EXITOSA CON EL BROKER
[INFO] 10:59:47:867 Gameboy/(8593:8593): CONEXION EXITOSA CON EL BROKER
[INFO] 11:00:48:381 Gameboy/(8637:8637): CONEXION EXITOSA CON EL BROKER
[INFO] 11:02:07:360 Gameboy/(8696:8696): CONEXION EXITOSA CON EL BROKER
[INFO] 11:03:19:14 Gameboy/(8741:8741): CONEXION EXITOSA CON EL BROKER
[INFO] 11:36:01:849 Gameboy/(9724:9724): CONEXION EXITOSA CON EL BROKER
[INFO] 11:36:01:851 Gameboy/(9727:9727): CONEXION EXITOSA CON EL BROKER
[INFO] 11:36:01:856 Gameboy/(9730:9730): CONEXION EXITOSA CON EL BROKER
[INFO] 11:36:01:858 Gameboy/(9733:9733): CONEXION EXITOSA CON EL BROKER
[INFO] 11:36:01:862 Gameboy/(9736:9736): CONEXION EXITOSA CON EL BROKER
[INFO] 11:36:34:822 Gameboy/(9749:9749): CONEXION EXITOSA CON EL BROKER
[INFO] 11:36:39:279 Gameboy/(9753:9753): CONEXION EXITOSA CON EL BROKER
[INFO] 11:36:42:870 Gameboy/(9758:9758): CONEXION EXITOSA CON EL BROKER
[INFO] 11:37:11:416 Gameboy/(9777:9777): CONEXION EXITOSA CON EL BROKER
[INFO] 11:37:15:440 Gameboy/(9782:9782): CONEXION EXITOSA CON EL BROKER
[INFO] 11:47:10:50 Gameboy/(10176:10176): CONEXION EXITOSA CON EL BROKER
[INFO] 11:47:10:52 Gameboy/(10179:10179): CONEXION EXITOSA CON EL BROKER
[INFO] 11:47:10:57 Gameboy/(10183:10183): CONEXION EXITOSA CON EL BROKER
[INFO] 11:47:10:59 Gameboy/(10187:10187): CONEXION EXITOSA CON EL BROKER
[INFO] 11:47:10:64 Gameboy/(10190:10190): CONEXION EXITOSA CON EL BROKER
[INFO] 11:47:35:102 Gameboy/(10211:10211): CONEXION EXITOSA CON EL BROKER
[INFO] 11:47:49:802 Gameboy/(10226:10226): CONEXION EXITOSA CON EL BROKER
[INFO] 11:48:04:951 Gameboy/(10233:10233): CONEXION EXITOSA CON EL BROKER
[INFO] 11:48:10:251 Gameboy/(10238:10238): CONEXION EXITOSA CON EL BROKER
[INFO] 11:48:14:538 Gameboy/(10241:10241): CONEXION EXITOSA CON EL BROKER
[INFO] 11:54:51:562 Gameboy/(10532:10532): CONEXION EXITOSA CON EL BROKER
[INFO] 11:54:51:563 Gameboy/(10535:10535): CONEXION EXITOSA CON EL BROKER
[INFO] 11:54:51:574 Gameboy/(10538:10538): CONEXION EXITOSA CON EL BROKER
[INFO] 11:54:51:577 Gameboy/(10542:10542): CONEXION EXITOSA CON EL BROKER
[INFO] 11:54:51:579 Gameboy/(10545:10545): CONEXION EXITOSA CON EL BROKER
[INFO] 11:55:06:614 Gameboy/(10557:10557): CONEXION EXITOSA CON EL BROKER
[INFO] 11:55:20:59 Gameboy/(10564:10564): CONEXION EXITOSA CON EL BROKER
[INFO] 11:55:27:284 Gameboy/(10570:10570): CONEXION EXITOSA CON EL BROKER
[INFO] 11:55:55:880 Gameboy/(10582:10582): CONEXION EXITOSA CON EL BROKER
[INFO] 11:56:02:908 Gameboy/(10588:10588): CONEXION EXITOSA CON EL BROKER
[INFO] 12:00:49:481 Gameboy/(10864:10864): CONEXION EXITOSA CON EL BROKER
[INFO] 12:00:49:482 Gameboy/(10867:10867): CONEXION EXITOSA CON EL BROKER
[INFO] 12:00:49:487 Gameboy/(10871:10871): CONEXION EXITOSA CON EL BROKER
[INFO] 12:00:49:489 Gameboy/(10874:10874): CONEXION EXITOSA CON EL BROKER
[INFO] 12:00:49:493 Gameboy/(10877:10877): CONEXION EXITOSA CON EL BROKER
[INFO] 12:01:38:40 Gameboy/(10890:10890): CONEXION EXITOSA CON EL BROKER
[INFO] 12:02:03:709 Gameboy/(10906:10906): CONEXION EXITOSA CON EL BROKER
[INFO] 12:02:09:16 Gameboy/(10912:10912): CONEXION EXITOSA CON EL BROKER
[INFO] 12:02:40:510 Gameboy/(10921:10921): CONEXION EXITOSA CON EL BROKER
[INFO] 12:02:44:119 Gameboy/(10926:10926): CONEXION EXITOSA CON EL BROKER
[INFO] 12:13:38:20 Gameboy/(11283:11283): CONEXION EXITOSA CON EL BROKER
[INFO] 12:13:38:21 Gameboy/(11286:11286): CONEXION EXITOSA CON EL BROKER
[INFO] 12:13:38:37 Gameboy/(11289:11289): CONEXION EXITOSA CON EL BROKER
[INFO] 12:13:38:39 Gameboy/(11292:11292): CONEXION EXITOSA CON EL BROKER
[INFO] 12:13:38:58 Gameboy/(11295:11295): CONEXION EXITOSA CON EL BROKER
[INFO] 12:14:07:207 Gameboy/(11310:11310): CONEXION EXITOSA CON EL BROKER
[INFO] 12:14:10:782 Gameboy/(11314:11314): CONEXION EXITOSA CON EL BROKER
[INFO] 12:14:14:342 Gameboy/(11319:11319): CONEXION EXITOSA CON EL BROKER
[INFO] 12:14:38:120 Gameboy/(11324:11324): CONEXION EXITOSA CON EL BROKER
[INFO] 12:14:40:806 Gameboy/(11329:11329): CONEXION EXITOSA CON EL BROKER
[INFO] 13:45:33:392 Gameboy/(3962:3962): CONEXION EXITOSA CON EL BROKER
[INFO] 13:45:33:394 Gameboy/(3965:3965): CONEXION EXITOSA CON EL BROKER
[INFO] 13:45:33:401 Gameboy/(3968:3968): CONEXION EXITOSA CON EL BROKER
[INFO] 13:45:33:405 Gameboy/(3971:3971): CONEXION EXITOSA CON EL BROKER
[INFO] 13:45:33:407 Gameboy/(3974:3974): CONEXION EXITOSA CON EL BROKER
[INFO] 13:47:08:900 Gameboy/(4115:4115): CONEXION EXITOSA CON EL BROKER
[INFO] 13:47:18:407 Gameboy/(4119:4119): CONEXION EXITOSA CON EL BROKER
[INFO] 13:47:21:29 Gameboy/(4122:4122): CONEXION EXITOSA CON EL BROKER
[INFO] 13:47:42:717 Gameboy/(4126:4126): CONEXION EXITOSA CON EL BROKER
[INFO] 13:47:45:46 Gameboy/(4129:4129): CONEXION EXITOSA CON EL BROKER
[INFO] 13:53:38:795 Gameboy/(4415:4415): CONEXION EXITOSA CON EL BROKER
[INFO] 13:53:38:797 Gameboy/(4418:4418): CONEXION EXITOSA CON EL BROKER
[INFO] 13:53:38:802 Gameboy/(4421:4421): CONEXION EXITOSA CON EL BROKER
[INFO] 13:53:38:804 Gameboy/(4424:4424): CONEXION EXITOSA CON EL BROKER
[INFO] 13:53:38:809 Gameboy/(4427:4427): CONEXION EXITOSA CON EL BROKER
[INFO] 13:54:11:385 Gameboy/(4455:4455): CONEXION EXITOSA CON EL BROKER
[INFO] 13:54:17:987 Gameboy/(4459:4459): CONEXION EXITOSA CON EL BROKER
[INFO] 13:54:21:907 Gameboy/(4462:4462): CONEXION EXITOSA CON EL BROKER
[INFO] 13:54:48:291 Gameboy/(4467:4467): CONEXION EXITOSA CON EL BROKER
[INFO] 13:54:52:635 Gameboy/(4470:4470): CONEXION EXITOSA CON EL BROKER
[INFO] 14:02:49:562 Gameboy/(5082:5082): CONEXION EXITOSA CON EL BROKER
[INFO] 14:02:49:573 Gameboy/(5085:5085): CONEXION EXITOSA CON EL BROKER
[INFO] 14:02:49:577 Gameboy/(5088:5088): CONEXION EXITOSA CON EL BROKER
[INFO] 14:02:49:594 Gameboy/(5091:5091): CONEXION EXITOSA CON EL BROKER
[INFO] 14:02:49:604 Gameboy/(5094:5094): CONEXION EXITOSA CON EL BROKER
[INFO] 14:03:31:545 Gameboy/(5122:5122): CONEXION EXITOSA CON EL BROKER
[INFO] 14:03:34:811 Gameboy/(5130:5130): CONEXION EXITOSA CON EL BROKER
[INFO] 14:03:37:210 Gameboy/(5133:5133): CONEXION EXITOSA CON EL BROKER
[INFO] 14:04:19:860 Gameboy/(5156:5156): CONEXION EXITOSA CON EL BROKER
[INFO] 14:04:22:727 Gameboy/(5159:5159): CONEXION EXITOSA CON EL BROKER
[INFO] 14:18:12:566 Gameboy/(5760:5760): CONEXION EXITOSA CON EL BROKER
[INFO] 14:18:12:568 Gameboy/(5763:5763): CONEXION EXITOSA CON EL BROKER
[INFO] 14:18:12:573 Gameboy/(5766:5766): CONEXION EXITOSA CON EL BROKER
[INFO] 14:18:12:575 Gameboy/(5769:5769): CONEXION EXITOSA CON EL BROKER
[INFO] 14:18:12:584 Gameboy/(5772:5772): CONEXION EXITOSA CON EL BROKER
[INFO] 14:19:01:582 Gameboy/(5792:5792): CONEXION EXITOSA CON EL BROKER
[INFO] 14:19:07:287 Gameboy/(5800:5800): CONEXION EXITOSA CON EL BROKER
[INFO] 14:19:12:209 Gameboy/(5804:5804): CONEXION EXITOSA CON EL BROKER
[INFO] 14:20:33:245 Gameboy/(5820:5820): CONEXION EXITOSA CON EL BROKER
[INFO] 14:20:36:977 Gameboy/(5823:5823): CONEXION EXITOSA CON EL BROKER
[INFO] 14:23:31:126 Gameboy/(6003:6003): CONEXION EXITOSA CON EL PROCESO TEAM
[INFO] 14:23:31:129 Gameboy/(6005:6005): CONEXION EXITOSA CON EL PROCESO TEAM
[INFO] 14:23:31:138 Gameboy/(6007:6007): CONEXION EXITOSA CON EL PROCESO TEAM
[INFO] 14:23:31:149 Gameboy/(6009:6009): CONEXION EXITOSA CON EL PROCESO TEAM
[INFO] 14:23:31:161 Gameboy/(6011:6011): CONEXION EXITOSA CON EL PROCESO TEAM
[INFO] 14:25:32:22 Gameboy/(6174:6174): CONEXION EXITOSA CON EL BROKER
[INFO] 14:25:32:35 Gameboy/(6177:6177): CONEXION EXITOSA CON EL BROKER
[INFO] 14:25:32:44 Gameboy/(6180:6180): CONEXION EXITOSA CON EL BROKER
[INFO] 14:25:32:50 Gameboy/(6183:6183): CONEXION EXITOSA CON EL BROKER
[INFO] 14:25:32:64 Gameboy/(6186:6186): CONEXION EXITOSA CON EL BROKER
[INFO] 14:26:14:580 Gameboy/(6200:6200): CONEXION EXITOSA CON EL BROKER
[INFO] 14:26:18:819 Gameboy/(6203:6203): CONEXION EXITOSA CON EL BROKER
[INFO] 14:26:22:631 Gameboy/(6207:6207): CONEXION EXITOSA CON EL BROKER
[INFO] 14:27:28:352 Gameboy/(6216:6216): CONEXION EXITOSA CON EL BROKER
[INFO] 14:27:35:603 Gameboy/(6219:6219): CONEXION EXITOSA CON EL BROKER
[INFO] 14:28:37:117 Gameboy/(6286:6286): CONEXION EXITOSA CON EL PROCESO TEAM
[INFO] 14:28:37:125 Gameboy/(6288:6288): CONEXION EXITOSA CON EL PROCESO TEAM
[INFO] 14:28:37:131 Gameboy/(6290:6290): CONEXION EXITOSA CON EL PROCESO TEAM
[INFO] 14:28:37:137 Gameboy/(6292:6292): CONEXION EXITOSA CON EL PROCESO TEAM
[INFO] 14:28:37:144 Gameboy/(6294:6294): CONEXION EXITOSA CON EL PROCESO TEAM
[INFO] 14:35:14:245 Gameboy/(6519:6519): CONEXION EXITOSA CON EL BROKER
[INFO] 14:35:14:246 Gameboy/(6522:6522): CONEXION EXITOSA CON EL BROKER
[INFO] 14:35:14:251 Gameboy/(6525:6525): CONEXION EXITOSA CON EL BROKER
[INFO] 14:35:14:253 Gameboy/(6528:6528): CONEXION EXITOSA CON EL BROKER
[INFO] 14:35:14:258 Gameboy/(6531:6531): CONEXION EXITOSA CON EL BROKER
[INFO] 14:36:13:526 Gameboy/(6544:6544): CONEXION EXITOSA CON EL BROKER
[INFO] 14:36:17:180 Gameboy/(6547:6547): CONEXION EXITOSA CON EL BROKER
[INFO] 14:36:19:721 Gameboy/(6551:6551): CONEXION EXITOSA CON EL BROKER
[INFO] 14:36:54:676 Gameboy/(6556:6556): CONEXION EXITOSA CON EL BROKER
[INFO] 14:36:58:558 Gameboy/(6559:6559): CONEXION EXITOSA CON EL BROKER
[INFO] 14:38:06:235 Gameboy/(6596:6596): CONEXION EXITOSA CON EL PROCESO TEAM
[INFO] 14:38:06:251 Gameboy/(6598:6598): CONEXION EXITOSA CON EL PROCESO TEAM
[INFO] 14:38:06:258 Gameboy/(6600:6600): CONEXION EXITOSA CON EL PROCESO TEAM
[INFO] 14:38:06:267 Gameboy/(6602:6602): CONEXION EXITOSA CON EL PROCESO TEAM
[INFO] 14:38:06:274 Gameboy/(6604:6604): CONEXION EXITOSA CON EL PROCESO TEAM
[INFO] 14:42:08:142 Gameboy/(6815:6815): CONEXION EXITOSA CON EL BROKER
[INFO] 14:42:08:144 Gameboy/(6818:6818): CONEXION EXITOSA CON EL BROKER
[INFO] 14:42:08:148 Gameboy/(6821:6821): CONEXION EXITOSA CON EL BROKER
[INFO] 14:42:08:150 Gameboy/(6824:6824): CONEXION EXITOSA CON EL BROKER
[INFO] 14:42:08:157 Gameboy/(6827:6827): CONEXION EXITOSA CON EL BROKER
[INFO] 14:43:17:69 Gameboy/(6863:6863): CONEXION EXITOSA CON EL BROKER
[INFO] 14:43:20:383 Gameboy/(6866:6866): CONEXION EXITOSA CON EL BROKER
[INFO] 14:43:23:370 Gameboy/(6870:6870): CONEXION EXITOSA CON EL BROKER
[INFO] 14:43:43:568 Gameboy/(6874:6874): CONEXION EXITOSA CON EL BROKER
[INFO] 14:45:03:80 Gameboy/(6882:6882): CONEXION EXITOSA CON EL BROKER
[INFO] 14:46:51:63 Gameboy/(7015:7015): CONEXION EXITOSA CON EL BROKER
[INFO] 14:47:48:234 Gameboy/(7024:7024): CONEXION EXITOSA CON EL BROKER
[INFO] 14:53:46:698 Gameboy/(7299:7299): CONEXION EXITOSA CON EL BROKER
[INFO] 14:53:46:699 Gameboy/(7302:7302): CONEXION EXITOSA CON EL BROKER
[INFO] 14:53:46:704 Gameboy/(7305:7305): CONEXION EXITOSA CON EL BROKER
[INFO] 14:53:46:706 Gameboy/(7308:7308): CONEXION EXITOSA CON EL BROKER
[INFO] 14:53:46:713 Gameboy/(7311:7311): CONEXION EXITOSA CON EL BROKER
[INFO] 14:54:23:365 Gameboy/(7319:7319): CONEXION EXITOSA CON EL BROKER
[INFO] 14:54:27:153 Gameboy/(7322:7322): CONEXION EXITOSA CON EL BROKER
[INFO] 14:54:29:402 Gameboy/(7326:7326): CONEXION EXITOSA CON EL BROKER
[INFO] 14:54:41:893 Gameboy/(7330:7330): CONEXION EXITOSA CON EL BROKER
[INFO] 14:55:00:261 Gameboy/(7335:7335): CONEXION EXITOSA CON EL BROKER
[INFO] 14:58:29:480 Gameboy/(7405:7405): CONEXION EXITOSA CON EL BROKER
[INFO] 14:59:09:142 Gameboy/(7418:7418): CONEXION EXITOSA CON EL BROKER
[INFO] 14:59:22:650 Gameboy/(7420:7420): CONEXION EXITOSA CON EL BROKER
[INFO] 15:00:00:887 Gameboy/(7425:7425): CONEXION EXITOSA CON EL BROKER
[INFO] 15:01:48:177 Gameboy/(7470:7470): CONEXION EXITOSA CON EL PROCESO TEAM
[INFO] 15:01:48:187 Gameboy/(7472:7472): CONEXION EXITOSA CON EL PROCESO TEAM
[INFO] 15:01:48:194 Gameboy/(7474:7474): CONEXION EXITOSA CON EL PROCESO TEAM
[INFO] 15:01:48:206 Gameboy/(7476:7476): CONEXION EXITOSA CON EL PROCESO TEAM
[INFO] 15:01:48:212 Gameboy/(7478:7478): CONEXION EXITOSA CON EL PROCESO TEAM
