[INFO] 15:58:11:823 Gameboy/(7765:7765): CONEXION EXITOSA CON EL BROKER
[INFO] 15:58:18:672 Gameboy/(7765:7765): SUSCRIPCION EXITOSA A LA COLA NEW

[INFO] 15:58:39:613 Gameboy/(7782:7782): CONEXION EXITOSA CON EL BROKER
[INFO] 15:58:46:600 Gameboy/(7765:7776): ID MENSAJE: 0
[INFO] 15:58:46:601 Gameboy/(7765:7776): NOMBRE POKEMON: tomas
[INFO] 15:58:46:601 Gameboy/(7765:7776): CANTIDAD: 4
[INFO] 15:58:46:601 Gameboy/(7765:7776): POSICION EJE X: 2
[INFO] 15:58:46:601 Gameboy/(7765:7776): POSICION EJE Y: 3
[INFO] 16:06:55:150 Gameboy/(7956:7956): CONEXION EXITOSA CON EL BROKER
[INFO] 16:07:07:338 Gameboy/(7956:7956): SUSCRIPCION EXITOSA A LA COLA NEW

[INFO] 16:07:17:678 Gameboy/(7983:7983): CONEXION EXITOSA CON EL BROKER
[INFO] 16:07:24:236 Gameboy/(7956:7975): ID MENSAJE: 0
[INFO] 16:07:24:237 Gameboy/(7956:7975): NOMBRE POKEMON: juan
[INFO] 16:07:24:237 Gameboy/(7956:7975): CANTIDAD: 10
[INFO] 16:07:24:237 Gameboy/(7956:7975): POSICION EJE X: 10
[INFO] 16:07:24:237 Gameboy/(7956:7975): POSICION EJE Y: 10
[INFO] 16:08:02:365 Gameboy/(7956:7975): ID MENSAJE: 1
[INFO] 16:08:02:365 Gameboy/(7956:7975): NOMBRE POKEMON: frongi
[INFO] 16:08:02:365 Gameboy/(7956:7975): CANTIDAD: 6
[INFO] 16:08:02:365 Gameboy/(7956:7975): POSICION EJE X: 6
[INFO] 16:08:02:365 Gameboy/(7956:7975): POSICION EJE Y: 6
[INFO] 16:08:22:157 Gameboy/(7956:7975): ID MENSAJE: 2
[INFO] 16:08:22:158 Gameboy/(7956:7975): NOMBRE POKEMON: frongi
[INFO] 16:08:22:158 Gameboy/(7956:7975): CANTIDAD: 6
[INFO] 16:08:22:158 Gameboy/(7956:7975): POSICION EJE X: 10
[INFO] 16:08:22:158 Gameboy/(7956:7975): POSICION EJE Y: 6
[INFO] 16:09:05:363 Gameboy/(8012:8012): CONEXION EXITOSA CON EL BROKER
[INFO] 16:09:08:408 Gameboy/(8012:8012): SUSCRIPCION EXITOSA A LA COLA NEW

[INFO] 16:11:38:572 Gameboy/(8083:8083): CONEXION EXITOSA CON EL BROKER
[INFO] 16:11:41:904 Gameboy/(8083:8083): SUSCRIPCION EXITOSA A LA COLA NEW

[INFO] 16:11:56:558 Gameboy/(8107:8107): CONEXION EXITOSA CON EL BROKER
[INFO] 16:12:01:946 Gameboy/(8083:8099): ID MENSAJE: 0
[INFO] 16:12:01:946 Gameboy/(8083:8099): NOMBRE POKEMON: asdas
[INFO] 16:12:01:946 Gameboy/(8083:8099): CANTIDAD: 1
[INFO] 16:12:01:946 Gameboy/(8083:8099): POSICION EJE X: 1
[INFO] 16:12:01:946 Gameboy/(8083:8099): POSICION EJE Y: 1
[INFO] 16:12:07:462 Gameboy/(8083:8099): ID MENSAJE: 1
[INFO] 16:12:07:462 Gameboy/(8083:8099): NOMBRE POKEMON: rrrrr
[INFO] 16:12:07:462 Gameboy/(8083:8099): CANTIDAD: 2
[INFO] 16:12:07:462 Gameboy/(8083:8099): POSICION EJE X: 2
[INFO] 16:12:07:462 Gameboy/(8083:8099): POSICION EJE Y: 2
[INFO] 16:12:13:845 Gameboy/(8083:8099): ID MENSAJE: 2
[INFO] 16:12:13:845 Gameboy/(8083:8099): NOMBRE POKEMON: 1
[INFO] 16:12:13:845 Gameboy/(8083:8099): CANTIDAD: -1218743380
[INFO] 16:12:13:845 Gameboy/(8083:8099): POSICION EJE X: -1217400832
[INFO] 16:12:13:845 Gameboy/(8083:8099): POSICION EJE Y: -1217397408
[INFO] 16:12:26:21 Gameboy/(8083:8099): ID MENSAJE: 3
[INFO] 16:12:26:21 Gameboy/(8083:8099): NOMBRE POKEMON: eeeeeeeeeeeeeeeeeeee
[INFO] 16:12:26:21 Gameboy/(8083:8099): CANTIDAD: 10
[INFO] 16:12:26:21 Gameboy/(8083:8099): POSICION EJE X: 10
[INFO] 16:12:26:21 Gameboy/(8083:8099): POSICION EJE Y: 10
[INFO] 16:13:24:139 Gameboy/(8137:8137): CONEXION EXITOSA CON EL BROKER
[INFO] 16:13:30:495 Gameboy/(8137:8137): SUSCRIPCION EXITOSA A LA COLA NEW

[INFO] 16:19:48:842 Gameboy/(8294:8294): CONEXION EXITOSA CON EL BROKER
[INFO] 16:19:56:528 Gameboy/(8294:8294): SUSCRIPCION EXITOSA A LA COLA NEW

[INFO] 16:20:10:301 Gameboy/(8313:8313): CONEXION EXITOSA CON EL BROKER
[INFO] 16:20:14:338 Gameboy/(8294:8305): ID MENSAJE: 0
[INFO] 16:20:14:339 Gameboy/(8294:8305): NOMBRE POKEMON: juan
[INFO] 16:20:14:339 Gameboy/(8294:8305): CANTIDAD: 5
[INFO] 16:20:14:339 Gameboy/(8294:8305): POSICION EJE X: 5
[INFO] 16:20:14:339 Gameboy/(8294:8305): POSICION EJE Y: 5
[INFO] 16:20:20:313 Gameboy/(8294:8305): ID MENSAJE: 1
[INFO] 16:20:20:313 Gameboy/(8294:8305): NOMBRE POKEMON: juan
[INFO] 16:20:20:313 Gameboy/(8294:8305): CANTIDAD: 10
[INFO] 16:20:20:313 Gameboy/(8294:8305): POSICION EJE X: 10
[INFO] 16:20:20:313 Gameboy/(8294:8305): POSICION EJE Y: 10
[INFO] 16:20:26:652 Gameboy/(8294:8305): ID MENSAJE: 2
[INFO] 16:20:26:653 Gameboy/(8294:8305): NOMBRE POKEMON: peron
[INFO] 16:20:26:653 Gameboy/(8294:8305): CANTIDAD: 23
[INFO] 16:20:26:653 Gameboy/(8294:8305): POSICION EJE X: 230
[INFO] 16:20:26:653 Gameboy/(8294:8305): POSICION EJE Y: 23
[INFO] 16:20:42:304 Gameboy/(8338:8338): CONEXION EXITOSA CON EL BROKER
[INFO] 16:20:46:27 Gameboy/(8338:8338): SUSCRIPCION EXITOSA A LA COLA NEW

[INFO] 17:07:20:362 Gameboy/(9625:9625): CONEXION EXITOSA CON EL BROKER
[INFO] 17:07:25:759 Gameboy/(9625:9625): SUSCRIPCION EXITOSA A LA COLA NEW

[INFO] 17:07:57:863 Gameboy/(9646:9646): CONEXION EXITOSA CON EL BROKER
[INFO] 17:08:06:421 Gameboy/(9625:9638): ID MENSAJE: 0
[INFO] 17:08:06:422 Gameboy/(9625:9638): NOMBRE POKEMON: juan
[INFO] 17:08:06:422 Gameboy/(9625:9638): CANTIDAD: 1
[INFO] 17:08:06:422 Gameboy/(9625:9638): POSICION EJE X: 1
[INFO] 17:08:06:422 Gameboy/(9625:9638): POSICION EJE Y: 1
[INFO] 17:09:07:373 Gameboy/(9698:9698): CONEXION EXITOSA CON EL BROKER
[INFO] 17:09:13:450 Gameboy/(9698:9698): SUSCRIPCION EXITOSA A LA COLA NEW

[INFO] 17:09:26:448 Gameboy/(9722:9722): CONEXION EXITOSA CON EL BROKER
[INFO] 17:10:12:221 Gameboy/(9698:9712): ID MENSAJE: 0
[INFO] 17:10:12:221 Gameboy/(9698:9712): NOMBRE POKEMON: juan
[INFO] 17:10:12:221 Gameboy/(9698:9712): CANTIDAD: 1
[INFO] 17:10:12:222 Gameboy/(9698:9712): POSICION EJE X: 1
[INFO] 17:10:12:222 Gameboy/(9698:9712): POSICION EJE Y: 1
[INFO] 17:14:26:260 Gameboy/(9900:9900): CONEXION EXITOSA CON EL BROKER
[INFO] 17:14:30:50 Gameboy/(9900:9900): SUSCRIPCION EXITOSA A LA COLA NEW

[INFO] 17:14:37:343 Gameboy/(9917:9917): CONEXION EXITOSA CON EL BROKER
[INFO] 17:14:47:473 Gameboy/(9900:9910): ID MENSAJE: 0
[INFO] 17:14:47:473 Gameboy/(9900:9910): NOMBRE POKEMON: juan
[INFO] 17:14:47:473 Gameboy/(9900:9910): CANTIDAD: 1
[INFO] 17:14:47:473 Gameboy/(9900:9910): POSICION EJE X: 1
[INFO] 17:14:47:473 Gameboy/(9900:9910): POSICION EJE Y: 1
[INFO] 17:15:57:645 Gameboy/(9969:9969): CONEXION EXITOSA CON EL BROKER
[INFO] 17:16:04:20 Gameboy/(9969:9969): SUSCRIPCION EXITOSA A LA COLA NEW

[INFO] 17:16:14:632 Gameboy/(9987:9987): CONEXION EXITOSA CON EL BROKER
[INFO] 17:16:43:211 Gameboy/(9969:9979): ID MENSAJE: 0
[INFO] 17:16:43:212 Gameboy/(9969:9979): NOMBRE POKEMON: juan
[INFO] 17:16:43:212 Gameboy/(9969:9979): CANTIDAD: 10
[INFO] 17:16:43:212 Gameboy/(9969:9979): POSICION EJE X: 10
[INFO] 17:16:43:212 Gameboy/(9969:9979): POSICION EJE Y: 10
[INFO] 17:20:22:905 Gameboy/(9969:9979): ID MENSAJE: 1
[INFO] 17:20:22:906 Gameboy/(9969:9979): NOMBRE POKEMON: marcos
[INFO] 17:20:22:906 Gameboy/(9969:9979): CANTIDAD: 10
[INFO] 17:20:22:906 Gameboy/(9969:9979): POSICION EJE X: 10
[INFO] 17:20:22:906 Gameboy/(9969:9979): POSICION EJE Y: 10
[INFO] 17:22:04:857 Gameboy/(9969:9979): ID MENSAJE: 2
[INFO] 17:22:04:857 Gameboy/(9969:9979): NOMBRE POKEMON: juanciu
[INFO] 17:22:04:857 Gameboy/(9969:9979): CANTIDAD: 4
[INFO] 17:22:04:857 Gameboy/(9969:9979): POSICION EJE X: 1
[INFO] 17:22:04:858 Gameboy/(9969:9979): POSICION EJE Y: 3
[INFO] 17:28:27:952 Gameboy/(10272:10272): CONEXION EXITOSA CON EL BROKER
[INFO] 17:28:35:186 Gameboy/(10272:10272): SUSCRIPCION EXITOSA A LA COLA NEW

[INFO] 17:28:44:242 Gameboy/(10290:10290): CONEXION EXITOSA CON EL BROKER
[INFO] 17:28:48:578 Gameboy/(10272:10284): ID MENSAJE: 0
[INFO] 17:28:48:580 Gameboy/(10272:10284): NOMBRE POKEMON: juan
[INFO] 17:28:48:580 Gameboy/(10272:10284): CANTIDAD: 1
[INFO] 17:28:48:580 Gameboy/(10272:10284): POSICION EJE X: 1
[INFO] 17:28:48:580 Gameboy/(10272:10284): POSICION EJE Y: 1
[INFO] 17:30:45:707 Gameboy/(10391:10391): CONEXION EXITOSA CON EL BROKER
[INFO] 17:30:49:504 Gameboy/(10391:10391): SUSCRIPCION EXITOSA A LA COLA NEW

[INFO] 17:31:04:813 Gameboy/(10408:10408): CONEXION EXITOSA CON EL BROKER
[INFO] 17:31:08:824 Gameboy/(10391:10401): ID MENSAJE: 0
[INFO] 17:31:08:826 Gameboy/(10391:10401): NOMBRE POKEMON: asdasd
[INFO] 17:31:08:826 Gameboy/(10391:10401): CANTIDAD: 4
[INFO] 17:31:08:826 Gameboy/(10391:10401): POSICION EJE X: 2
[INFO] 17:31:08:826 Gameboy/(10391:10401): POSICION EJE Y: 3
[INFO] 17:38:00:876 Gameboy/(10706:10706): CONEXION EXITOSA CON EL BROKER
[INFO] 17:38:03:989 Gameboy/(10706:10706): SUSCRIPCION EXITOSA A LA COLA NEW

[INFO] 17:38:18:557 Gameboy/(10724:10724): CONEXION EXITOSA CON EL BROKER
[INFO] 17:38:22:457 Gameboy/(10706:10717): ID MENSAJE: 0
[INFO] 17:38:22:459 Gameboy/(10706:10717): NOMBRE POKEMON: asdasd
[INFO] 17:38:22:459 Gameboy/(10706:10717): CANTIDAD: 1
[INFO] 17:38:22:459 Gameboy/(10706:10717): POSICION EJE X: 1
[INFO] 17:38:22:459 Gameboy/(10706:10717): POSICION EJE Y: 1
[INFO] 17:43:42:436 Gameboy/(10966:10966): CONEXION EXITOSA CON EL BROKER
[INFO] 17:43:46:664 Gameboy/(10966:10966): SUSCRIPCION EXITOSA A LA COLA NEW

[INFO] 17:43:54:824 Gameboy/(10983:10983): CONEXION EXITOSA CON EL BROKER
[INFO] 17:50:36:70 Gameboy/(11139:11139): CONEXION EXITOSA CON EL BROKER
[INFO] 17:50:48:789 Gameboy/(11139:11139): SUSCRIPCION EXITOSA A LA COLA NEW

[INFO] 17:51:05:690 Gameboy/(11159:11159): CONEXION EXITOSA CON EL BROKER
[INFO] 17:51:54:877 Gameboy/(11139:11151): ID MENSAJE: 0
[INFO] 17:51:54:877 Gameboy/(11139:11151): NOMBRE POKEMON: asdasd
[INFO] 17:51:54:877 Gameboy/(11139:11151): CANTIDAD: 4
[INFO] 17:51:54:877 Gameboy/(11139:11151): POSICION EJE X: 2
[INFO] 17:51:54:877 Gameboy/(11139:11151): POSICION EJE Y: 3
[INFO] 17:58:45:385 Gameboy/(11320:11320): CONEXION EXITOSA CON EL BROKER
[INFO] 17:58:47:848 Gameboy/(11320:11320): SUSCRIPCION EXITOSA A LA COLA NEW

[INFO] 17:59:02:440 Gameboy/(11337:11337): CONEXION EXITOSA CON EL BROKER
[INFO] 17:59:07:68 Gameboy/(11320:11331): ID MENSAJE: 0
[INFO] 17:59:07:69 Gameboy/(11320:11331): NOMBRE POKEMON: adada
[INFO] 17:59:07:70 Gameboy/(11320:11331): CANTIDAD: 1
[INFO] 17:59:07:70 Gameboy/(11320:11331): POSICION EJE X: 1
[INFO] 17:59:07:70 Gameboy/(11320:11331): POSICION EJE Y: 1
[INFO] 18:02:18:785 Gameboy/(11442:11442): CONEXION EXITOSA CON EL BROKER
[INFO] 18:02:24:865 Gameboy/(11442:11442): SUSCRIPCION EXITOSA A LA COLA NEW

[INFO] 18:02:34:599 Gameboy/(11460:11460): CONEXION EXITOSA CON EL BROKER
[INFO] 18:02:40:218 Gameboy/(11442:11454): ID MENSAJE: 0
[INFO] 18:02:40:219 Gameboy/(11442:11454): NOMBRE POKEMON: juan
[INFO] 18:02:40:220 Gameboy/(11442:11454): CANTIDAD: 10
[INFO] 18:02:40:220 Gameboy/(11442:11454): POSICION EJE X: 10
[INFO] 18:02:40:220 Gameboy/(11442:11454): POSICION EJE Y: 10
[INFO] 18:02:47:433 Gameboy/(11442:11454): ID MENSAJE: 1
[INFO] 18:02:47:435 Gameboy/(11442:11454): NOMBRE POKEMON: frongi
[INFO] 18:02:47:435 Gameboy/(11442:11454): CANTIDAD: 15
[INFO] 18:02:47:435 Gameboy/(11442:11454): POSICION EJE X: 15
[INFO] 18:02:47:435 Gameboy/(11442:11454): POSICION EJE Y: 15
[INFO] 18:02:53:801 Gameboy/(11442:11454): ID MENSAJE: 2
[INFO] 18:02:53:802 Gameboy/(11442:11454): NOMBRE POKEMON: marcos
[INFO] 18:02:53:802 Gameboy/(11442:11454): CANTIDAD: 20
[INFO] 18:02:53:802 Gameboy/(11442:11454): POSICION EJE X: 20
[INFO] 18:02:53:802 Gameboy/(11442:11454): POSICION EJE Y: 20
[INFO] 18:03:35:78 Gameboy/(11496:11496): CONEXION EXITOSA CON EL BROKER
[INFO] 18:03:38:840 Gameboy/(11496:11496): SUSCRIPCION EXITOSA A LA COLA NEW

[INFO] 18:03:38:849 Gameboy/(11496:11506): ID MENSAJE: 0
[INFO] 18:03:38:849 Gameboy/(11496:11506): NOMBRE POKEMON: juan
[INFO] 18:03:38:850 Gameboy/(11496:11506): CANTIDAD: 10
[INFO] 18:03:38:858 Gameboy/(11496:11506): POSICION EJE X: 10
[INFO] 18:03:38:858 Gameboy/(11496:11506): POSICION EJE Y: 10
[INFO] 18:03:38:858 Gameboy/(11496:11506): ID MENSAJE: 1
[INFO] 18:03:38:858 Gameboy/(11496:11506): NOMBRE POKEMON: frongi
[INFO] 18:03:38:858 Gameboy/(11496:11506): CANTIDAD: 15
[INFO] 18:03:38:859 Gameboy/(11496:11506): POSICION EJE X: 15
[INFO] 18:03:38:859 Gameboy/(11496:11506): POSICION EJE Y: 15
[INFO] 18:03:38:859 Gameboy/(11496:11506): ID MENSAJE: 2
[INFO] 18:03:38:859 Gameboy/(11496:11506): NOMBRE POKEMON: marcos
[INFO] 18:03:38:859 Gameboy/(11496:11506): CANTIDAD: 20
[INFO] 18:03:38:859 Gameboy/(11496:11506): POSICION EJE X: 20
[INFO] 18:03:38:859 Gameboy/(11496:11506): POSICION EJE Y: 20
[INFO] 18:08:05:950 Gameboy/(11635:11635): CONEXION EXITOSA CON EL BROKER
[INFO] 18:08:40:134 Gameboy/(11656:11656): CONEXION EXITOSA CON EL BROKER
[INFO] 18:09:02:86 Gameboy/(11670:11670): CONEXION EXITOSA CON EL BROKER
[INFO] 18:09:04:673 Gameboy/(11670:11670): SUSCRIPCION EXITOSA A LA COLA NEW

[INFO] 18:09:04:682 Gameboy/(11670:11680): ID MENSAJE: 0
[INFO] 18:09:04:685 Gameboy/(11670:11680): NOMBRE POKEMON: ad
[INFO] 18:09:04:685 Gameboy/(11670:11680): CANTIDAD: 1
[INFO] 18:09:04:686 Gameboy/(11670:11680): POSICION EJE X: 1
[INFO] 18:09:04:686 Gameboy/(11670:11680): POSICION EJE Y: 1
[INFO] 18:09:04:686 Gameboy/(11670:11680): ID MENSAJE: 1
[INFO] 18:09:04:686 Gameboy/(11670:11680): NOMBRE POKEMON: a
[INFO] 18:09:04:686 Gameboy/(11670:11680): CANTIDAD: -1209748564
[INFO] 18:09:04:687 Gameboy/(11670:11680): POSICION EJE X: -1208406016
[INFO] 18:09:04:687 Gameboy/(11670:11680): POSICION EJE Y: -1208402592
[INFO] 18:09:04:687 Gameboy/(11670:11680): ID MENSAJE: 2
[INFO] 18:09:04:687 Gameboy/(11670:11680): NOMBRE POKEMON: ada
[INFO] 18:09:04:687 Gameboy/(11670:11680): CANTIDAD: 1
[INFO] 18:09:04:687 Gameboy/(11670:11680): POSICION EJE X: 1
[INFO] 18:09:04:687 Gameboy/(11670:11680): POSICION EJE Y: 1
[INFO] 18:09:04:687 Gameboy/(11670:11680): ID MENSAJE: 3
[INFO] 18:09:04:687 Gameboy/(11670:11680): NOMBRE POKEMON: adad
[INFO] 18:09:04:687 Gameboy/(11670:11680): CANTIDAD: 1
[INFO] 18:09:04:688 Gameboy/(11670:11680): POSICION EJE X: 1
[INFO] 18:09:04:688 Gameboy/(11670:11680): POSICION EJE Y: 1
[INFO] 18:18:00:80 Gameboy/(11878:11878): CONEXION EXITOSA CON EL BROKER
[INFO] 18:18:04:564 Gameboy/(11878:11878): ACK 0 RECIBIDO DEL BROKER
[INFO] 18:18:16:334 Gameboy/(11878:11878): ACK 1 RECIBIDO DEL BROKER
