[INFO] 17:34:36:937 Team/(7798:7821): CONEXION EXITOSA CON EL BROKER
[INFO] 17:34:36:941 Team/(7798:7822): CONEXION EXITOSA CON EL BROKER
[INFO] 17:34:36:958 Team/(7798:7824): CONEXION EXITOSA CON EL BROKER
[INFO] 17:34:36:961 Team/(7798:7822): MENSAJE LOCALIZED RECIBIDO 
ID MENSAJE: 69 
ID CORRELATIVO: 65 
NOMBRE: Espeon 
POSICIONES (7,1)  

[INFO] 17:34:36:964 Team/(7798:7826): Servidor levantado! Escuchando en 5050
[INFO] 17:34:36:971 Team/(7798:7824): MENSAJE CAUGHT RECIBIDO 
ID MENSAJE: 71 
ID CORRELATIVO: 70 
 EL POKEMON FUE ATRAPADO 

[INFO] 17:34:37:206 Team/(7798:7822): MENSAJE LOCALIZED RECIBIDO 
ID MENSAJE: 77 
ID CORRELATIVO: 72 
NOMBRE: Vaporeon 
 0 POSICIONES
[INFO] 17:34:37:206 Team/(7798:7822): MENSAJE LOCALIZED RECIBIDO 
ID MENSAJE: 77 
ID CORRELATIVO: 72 
NOMBRE: Vaporeon 
 0 POSICIONES
[INFO] 17:34:37:207 Team/(7798:7822): MENSAJE LOCALIZED RECIBIDO 
ID MENSAJE: 77 
ID CORRELATIVO: 72 
NOMBRE: Vaporeon 
 0 POSICIONES
[INFO] 17:34:37:207 Team/(7798:7822): MENSAJE LOCALIZED RECIBIDO 
ID MENSAJE: 77 
ID CORRELATIVO: 72 
NOMBRE: Vaporeon 
 0 POSICIONES
[INFO] 17:34:37:295 Team/(7798:7822): MENSAJE LOCALIZED RECIBIDO 
ID MENSAJE: 78 
ID CORRELATIVO: 73 
NOMBRE: Jolteon 
 0 POSICIONES
[INFO] 17:34:37:295 Team/(7798:7822): MENSAJE LOCALIZED RECIBIDO 
ID MENSAJE: 78 
ID CORRELATIVO: 73 
NOMBRE: Jolteon 
 0 POSICIONES
[INFO] 17:34:37:295 Team/(7798:7822): MENSAJE LOCALIZED RECIBIDO 
ID MENSAJE: 78 
ID CORRELATIVO: 73 
NOMBRE: Jolteon 
 0 POSICIONES
[INFO] 17:34:37:296 Team/(7798:7822): MENSAJE LOCALIZED RECIBIDO 
ID MENSAJE: 78 
ID CORRELATIVO: 73 
NOMBRE: Jolteon 
 0 POSICIONES
[INFO] 17:34:37:296 Team/(7798:7822): MENSAJE LOCALIZED RECIBIDO 
ID MENSAJE: 79 
ID CORRELATIVO: 74 
NOMBRE: Flareon 
POSICIONES (4,6)  

[INFO] 17:34:37:296 Team/(7798:7822): MENSAJE LOCALIZED RECIBIDO 
ID MENSAJE: 79 
ID CORRELATIVO: 74 
NOMBRE: Flareon 
POSICIONES (4,6)  

[INFO] 17:34:37:296 Team/(7798:7828): SE MOVIO AL ENTRENADOR 1 A LA COLA DE CORTO PLAZO PARA PODER IR A CAPTURAR AL POKEMON: Flareon
[INFO] 17:34:37:347 Team/(7798:7817): EL ENTRENADOR 1 SE MOVIO A LA POSICION (5,5)
[INFO] 17:34:37:350 Team/(7798:7822): MENSAJE LOCALIZED RECIBIDO 
ID MENSAJE: 79 
ID CORRELATIVO: 74 
NOMBRE: Flareon 
POSICIONES (4,6)  

[INFO] 17:34:37:351 Team/(7798:7822): MENSAJE LOCALIZED RECIBIDO 
ID MENSAJE: 79 
ID CORRELATIVO: 74 
NOMBRE: Flareon 
POSICIONES (4,6)  

[INFO] 17:34:37:351 Team/(7798:7822): MENSAJE LOCALIZED RECIBIDO 
ID MENSAJE: 80 
ID CORRELATIVO: 75 
NOMBRE: Umbreon 
POSICIONES (10,6)  

[INFO] 17:34:37:353 Team/(7798:7828): SE MOVIO AL ENTRENADOR 2 A LA COLA DE CORTO PLAZO PARA PODER IR A CAPTURAR AL POKEMON: Umbreon
[INFO] 17:34:37:353 Team/(7798:7822): MENSAJE LOCALIZED RECIBIDO 
ID MENSAJE: 80 
ID CORRELATIVO: 75 
NOMBRE: Umbreon 
POSICIONES (10,6)  

[INFO] 17:34:37:353 Team/(7798:7822): MENSAJE LOCALIZED RECIBIDO 
ID MENSAJE: 80 
ID CORRELATIVO: 75 
NOMBRE: Umbreon 
POSICIONES (10,6)  

[INFO] 17:34:37:354 Team/(7798:7822): MENSAJE LOCALIZED RECIBIDO 
ID MENSAJE: 80 
ID CORRELATIVO: 75 
NOMBRE: Umbreon 
POSICIONES (10,6)  

[INFO] 17:34:37:377 Team/(7798:7822): MENSAJE LOCALIZED RECIBIDO 
ID MENSAJE: 81 
ID CORRELATIVO: 76 
NOMBRE: Espeon 
POSICIONES (7,1)  

[INFO] 17:34:37:380 Team/(7798:7828): SE MOVIO AL ENTRENADOR 3 A LA COLA DE CORTO PLAZO PARA PODER IR A CAPTURAR AL POKEMON: Espeon
[INFO] 17:34:37:380 Team/(7798:7822): MENSAJE LOCALIZED RECIBIDO 
ID MENSAJE: 81 
ID CORRELATIVO: 76 
NOMBRE: Espeon 
POSICIONES (7,1)  

[INFO] 17:34:37:405 Team/(7798:7822): MENSAJE LOCALIZED RECIBIDO 
ID MENSAJE: 81 
ID CORRELATIVO: 76 
NOMBRE: Espeon 
POSICIONES (7,1)  

[INFO] 17:34:37:405 Team/(7798:7822): MENSAJE LOCALIZED RECIBIDO 
ID MENSAJE: 81 
ID CORRELATIVO: 76 
NOMBRE: Espeon 
POSICIONES (7,1)  

[INFO] 17:34:39:348 Team/(7798:7818): EL ENTRENADOR 2 SE MOVIO A LA POSICION (10,9)
[INFO] 17:34:41:349 Team/(7798:7819): EL ENTRENADOR 3 SE MOVIO A LA POSICION (8,2)
[INFO] 17:34:43:349 Team/(7798:7817): EL ENTRENADOR 1 SE MOVIO A LA POSICION (4,5)
[INFO] 17:34:45:350 Team/(7798:7818): EL ENTRENADOR 2 SE MOVIO A LA POSICION (10,8)
[INFO] 17:34:47:352 Team/(7798:7819): EL ENTRENADOR 3 SE MOVIO A LA POSICION (7,2)
[INFO] 17:34:49:353 Team/(7798:7817): EL ENTRENADOR 1 SE MOVIO A LA POSICION (4,6)
[INFO] 17:34:51:354 Team/(7798:7817): SE MOVIO AL ENTRENADOR 1 A LA COLA DE LARGO PLAZO Y SE LO BLOQUEO A LA ESPERA DE UN MENSAJE CAUGHT
[INFO] 17:34:51:356 Team/(7798:7818): EL ENTRENADOR 2 SE MOVIO A LA POSICION (10,7)
[INFO] 17:34:51:490 Team/(7798:7822): MENSAJE CAUGHT RECIBIDO 
ID MENSAJE: 83 
ID CORRELATIVO: 82 
 EL POKEMON FUE ATRAPADO 

[INFO] 17:34:51:490 Team/(7798:7824): MENSAJE CAUGHT RECIBIDO 
ID MENSAJE: 83 
ID CORRELATIVO: 82 
 EL POKEMON FUE ATRAPADO 

[INFO] 17:44:08:825 Team/(8071:8090): CONEXION EXITOSA CON EL BROKER
[INFO] 17:44:08:834 Team/(8071:8091): CONEXION EXITOSA CON EL BROKER
[INFO] 17:44:08:843 Team/(8071:8095): CONEXION EXITOSA CON EL BROKER
[INFO] 17:44:08:848 Team/(8071:8096): Servidor levantado! Escuchando en 5050
[INFO] 17:44:14:725 Team/(8071:8095): MENSAJE CAUGHT RECIBIDO 
ID MENSAJE: 83 
ID CORRELATIVO: 82 
 EL POKEMON FUE ATRAPADO 

[INFO] 17:44:47:336 Team/(8071:8091): MENSAJE LOCALIZED RECIBIDO 
ID MENSAJE: 81 
ID CORRELATIVO: 76 
NOMBRE: Espeon 
POSICIONES (7,1)  

[INFO] 17:45:48:985 Team/(8071:8091): MENSAJE LOCALIZED RECIBIDO 
ID MENSAJE: 85 
ID CORRELATIVO: 84 
NOMBRE: Vaporeon 
 0 POSICIONES
[INFO] 17:46:15:283 Team/(8071:8091): MENSAJE LOCALIZED RECIBIDO 
ID MENSAJE: 85 
ID CORRELATIVO: 84 
NOMBRE: Vaporeon 
 0 POSICIONES
[INFO] 17:46:21:344 Team/(8071:8091): MENSAJE LOCALIZED RECIBIDO 
ID MENSAJE: 85 
ID CORRELATIVO: 84 
NOMBRE: Vaporeon 
 0 POSICIONES
[INFO] 17:46:36:770 Team/(8071:8091): MENSAJE LOCALIZED RECIBIDO 
ID MENSAJE: 85 
ID CORRELATIVO: 84 
NOMBRE: Vaporeon 
 0 POSICIONES
[INFO] 17:46:36:770 Team/(8071:8091): MENSAJE LOCALIZED RECIBIDO 
ID MENSAJE: 85 
ID CORRELATIVO: 84 
NOMBRE: Vaporeon 
 0 POSICIONES
[INFO] 17:46:36:771 Team/(8071:8091): MENSAJE LOCALIZED RECIBIDO 
ID MENSAJE: 90 
ID CORRELATIVO: 86 
NOMBRE: Jolteon 
 0 POSICIONES
[INFO] 17:46:36:771 Team/(8071:8091): MENSAJE LOCALIZED RECIBIDO 
ID MENSAJE: 90 
ID CORRELATIVO: 86 
NOMBRE: Jolteon 
 0 POSICIONES
[INFO] 17:46:36:771 Team/(8071:8091): MENSAJE LOCALIZED RECIBIDO 
ID MENSAJE: 90 
ID CORRELATIVO: 86 
NOMBRE: Jolteon 
 0 POSICIONES
[INFO] 17:46:36:771 Team/(8071:8091): MENSAJE LOCALIZED RECIBIDO 
ID MENSAJE: 90 
ID CORRELATIVO: 86 
NOMBRE: Jolteon 
 0 POSICIONES
[INFO] 17:46:36:772 Team/(8071:8091): MENSAJE LOCALIZED RECIBIDO 
ID MENSAJE: 90 
ID CORRELATIVO: 86 
NOMBRE: Jolteon 
 0 POSICIONES
[INFO] 17:46:36:772 Team/(8071:8091): MENSAJE LOCALIZED RECIBIDO 
ID MENSAJE: 91 
ID CORRELATIVO: 87 
NOMBRE: Flareon 
 0 POSICIONES
[INFO] 17:46:36:772 Team/(8071:8091): MENSAJE LOCALIZED RECIBIDO 
ID MENSAJE: 91 
ID CORRELATIVO: 87 
NOMBRE: Flareon 
 0 POSICIONES
[INFO] 17:46:36:772 Team/(8071:8091): MENSAJE LOCALIZED RECIBIDO 
ID MENSAJE: 91 
ID CORRELATIVO: 87 
NOMBRE: Flareon 
 0 POSICIONES
[INFO] 17:46:36:772 Team/(8071:8091): MENSAJE LOCALIZED RECIBIDO 
ID MENSAJE: 91 
ID CORRELATIVO: 87 
NOMBRE: Flareon 
 0 POSICIONES
[INFO] 17:46:36:773 Team/(8071:8091): MENSAJE LOCALIZED RECIBIDO 
ID MENSAJE: 91 
ID CORRELATIVO: 87 
NOMBRE: Flareon 
 0 POSICIONES
[INFO] 17:46:36:773 Team/(8071:8091): MENSAJE LOCALIZED RECIBIDO 
ID MENSAJE: 92 
ID CORRELATIVO: 88 
NOMBRE: Umbreon 
POSICIONES (10,6)  

[INFO] 17:46:36:773 Team/(8071:8091): MENSAJE LOCALIZED RECIBIDO 
ID MENSAJE: 92 
ID CORRELATIVO: 88 
NOMBRE: Umbreon 
POSICIONES (10,6)  

[INFO] 17:46:36:773 Team/(8071:8091): MENSAJE LOCALIZED RECIBIDO 
ID MENSAJE: 92 
ID CORRELATIVO: 88 
NOMBRE: Umbreon 
POSICIONES (10,6)  

[INFO] 17:46:36:773 Team/(8071:8091): MENSAJE LOCALIZED RECIBIDO 
ID MENSAJE: 92 
ID CORRELATIVO: 88 
NOMBRE: Umbreon 
POSICIONES (10,6)  

[INFO] 17:46:36:774 Team/(8071:8091): MENSAJE LOCALIZED RECIBIDO 
ID MENSAJE: 92 
ID CORRELATIVO: 88 
NOMBRE: Umbreon 
POSICIONES (10,6)  

[INFO] 17:46:36:774 Team/(8071:8091): MENSAJE LOCALIZED RECIBIDO 
ID MENSAJE: 93 
ID CORRELATIVO: 89 
NOMBRE: Espeon 
POSICIONES (7,1)  

[INFO] 17:46:36:774 Team/(8071:8091): MENSAJE LOCALIZED RECIBIDO 
ID MENSAJE: 93 
ID CORRELATIVO: 89 
NOMBRE: Espeon 
POSICIONES (7,1)  

[INFO] 17:46:36:774 Team/(8071:8091): MENSAJE LOCALIZED RECIBIDO 
ID MENSAJE: 93 
ID CORRELATIVO: 89 
NOMBRE: Espeon 
POSICIONES (7,1)  

[INFO] 17:46:36:774 Team/(8071:8091): MENSAJE LOCALIZED RECIBIDO 
ID MENSAJE: 93 
ID CORRELATIVO: 89 
NOMBRE: Espeon 
POSICIONES (7,1)  

[INFO] 17:46:36:775 Team/(8071:8091): MENSAJE LOCALIZED RECIBIDO 
ID MENSAJE: 93 
ID CORRELATIVO: 89 
NOMBRE: Espeon 
POSICIONES (7,1)  

