[INFO] 10:46:53:17 broker/(5650:5650): Servidor levantado! Escuchando en 5020
[INFO] 10:48:28:189 broker/(5650:5650): NUEVA CONEXIÓN
[INFO] 10:48:28:197 broker/(5650:5650): NUEVA CONEXIÓN
[INFO] 10:48:28:204 broker/(5650:5650): NUEVA CONEXIÓN
[INFO] 10:48:28:230 broker/(5650:5901): NUEVA SUSCRIPCION DEL PROCESO 5887 a la cola NEW
[INFO] 10:48:28:231 broker/(5650:5903): NUEVA SUSCRIPCION DEL PROCESO 5887 a la cola CATCH
[INFO] 10:48:28:235 broker/(5650:5904): NUEVA SUSCRIPCION DEL PROCESO 5887 a la cola GET
[INFO] 10:49:26:741 broker/(5650:5650): NUEVA CONEXIÓN
[INFO] 10:49:26:742 broker/(5650:6052): NUEVA SUSCRIPCION DEL PROCESO 6051 a la cola LOCALIZED
[INFO] 10:50:40:794 broker/(5650:5650): NUEVA CONEXIÓN
[INFO] 10:50:40:795 broker/(5650:6190): NEW POKEMON RECIBIDO
[INFO] 10:50:40:795 broker/(5650:6190): MENSAJE NEW ALMACENADO EN LA POSICION 0
[INFO] 10:50:40:796 broker/(5650:5650): NUEVA CONEXIÓN
[INFO] 10:50:40:803 broker/(5650:6191): MENSAJE NEW CON ID 0 ENVIADO AL SUSCRIPTOR 5887 
[INFO] 10:50:40:803 broker/(5650:6193): NEW POKEMON RECIBIDO
[INFO] 10:50:40:803 broker/(5650:6193): MENSAJE NEW ALMACENADO EN LA POSICION 23
[INFO] 10:50:40:810 broker/(5650:5650): NUEVA CONEXIÓN
[INFO] 10:50:40:810 broker/(5650:6194): MENSAJE NEW CON ID 1 ENVIADO AL SUSCRIPTOR 5887 
[INFO] 10:50:40:814 broker/(5650:6196): NEW POKEMON RECIBIDO
[INFO] 10:50:40:815 broker/(5650:6196): PARTICION ELIMINADA CUYA POSICION ES: 0
[INFO] 10:50:40:816 broker/(5650:6196): MENSAJE NEW ALMACENADO EN LA POSICION 0
[INFO] 10:50:40:830 broker/(5650:5650): NUEVA CONEXIÓN
[INFO] 10:50:40:831 broker/(5650:6197): MENSAJE NEW CON ID 2 ENVIADO AL SUSCRIPTOR 5887 
[INFO] 10:50:40:832 broker/(5650:6199): NEW POKEMON RECIBIDO
[INFO] 10:50:40:832 broker/(5650:6199): PARTICION ELIMINADA CUYA POSICION ES: 23
[INFO] 10:50:40:832 broker/(5650:6199): PARTICION CON POSICION 23 Y PARTICION CO POSICION 47 CONSOLIDADAS
[INFO] 10:50:40:832 broker/(5650:6199): MENSAJE NEW ALMACENADO EN LA POSICION 23
[INFO] 10:50:40:839 broker/(5650:6200): MENSAJE NEW CON ID 3 ENVIADO AL SUSCRIPTOR 5887 
[INFO] 10:50:40:942 broker/(5650:5650): NUEVA CONEXIÓN
[INFO] 10:50:40:950 broker/(5650:6201): APPEARED POKEMON RECIBIDO
[INFO] 10:50:40:950 broker/(5650:6201): PARTICION ELIMINADA CUYA POSICION ES: 0
[INFO] 10:50:40:951 broker/(5650:6201): MENSAJE APPEARED ALMACENADO EN LA POSICION 0
[INFO] 10:50:40:969 broker/(5650:5650): NUEVA CONEXIÓN
[INFO] 10:50:40:976 broker/(5650:6203): ACK RECIBIDO DEL SUSCRIPTOR 5887 REFERENCIANDO AL MENSAJE 0
[INFO] 10:50:40:999 broker/(5650:5650): NUEVA CONEXIÓN
[INFO] 10:50:41:2 broker/(5650:6204): APPEARED POKEMON RECIBIDO
[INFO] 10:50:41:2 broker/(5650:6204): PARTICION ELIMINADA CUYA POSICION ES: 23
[INFO] 10:50:41:3 broker/(5650:6204): PARTICION CON POSICION 19 Y PARTICION CO POSICION 23 CONSOLIDADAS
[INFO] 10:50:41:3 broker/(5650:6204): PARTICION CON POSICION 19 Y PARTICION CO POSICION 46 CONSOLIDADAS
[INFO] 10:50:41:3 broker/(5650:6204): MENSAJE APPEARED ALMACENADO EN LA POSICION 19
[INFO] 10:50:41:21 broker/(5650:5650): NUEVA CONEXIÓN
[INFO] 10:50:41:23 broker/(5650:6206): ACK RECIBIDO DEL SUSCRIPTOR 5887 REFERENCIANDO AL MENSAJE 1
[INFO] 10:50:41:27 broker/(5650:5650): NUEVA CONEXIÓN
[INFO] 10:50:41:32 broker/(5650:6207): APPEARED POKEMON RECIBIDO
[INFO] 10:50:41:33 broker/(5650:6207): MENSAJE APPEARED ALMACENADO EN LA POSICION 39
[INFO] 10:50:41:47 broker/(5650:5650): NUEVA CONEXIÓN
[INFO] 10:50:41:49 broker/(5650:6209): ACK RECIBIDO DEL SUSCRIPTOR 5887 REFERENCIANDO AL MENSAJE 2
[INFO] 10:50:41:56 broker/(5650:5650): NUEVA CONEXIÓN
[INFO] 10:50:41:64 broker/(5650:6210): APPEARED POKEMON RECIBIDO
[INFO] 10:50:41:64 broker/(5650:6210): PARTICION ELIMINADA CUYA POSICION ES: 0
[INFO] 10:50:41:64 broker/(5650:6210): MENSAJE APPEARED ALMACENADO EN LA POSICION 0
[INFO] 10:50:41:67 broker/(5650:5650): NUEVA CONEXIÓN
[INFO] 10:50:41:69 broker/(5650:6212): ACK RECIBIDO DEL SUSCRIPTOR 5887 REFERENCIANDO AL MENSAJE 3
[INFO] 10:51:17:666 broker/(5650:5650): NUEVA CONEXIÓN
[INFO] 10:51:17:667 broker/(5650:6220): NEW POKEMON RECIBIDO
[INFO] 10:51:17:667 broker/(5650:6220): PARTICION ELIMINADA CUYA POSICION ES: 19
[INFO] 10:51:17:667 broker/(5650:6220): MENSAJE NEW ALMACENADO EN LA POSICION 19
[INFO] 10:51:17:668 broker/(5650:5650): NUEVA CONEXIÓN
[INFO] 10:51:17:681 broker/(5650:6221): MENSAJE NEW CON ID 8 ENVIADO AL SUSCRIPTOR 5887 
[INFO] 10:51:17:682 broker/(5650:6223): NEW POKEMON RECIBIDO
[INFO] 10:51:17:682 broker/(5650:6223): PARTICION ELIMINADA CUYA POSICION ES: 39
[INFO] 10:51:17:682 broker/(5650:6223): PARTICION CON POSICION 39 Y PARTICION CO POSICION 58 CONSOLIDADAS
[INFO] 10:51:17:682 broker/(5650:6223): MENSAJE NEW ALMACENADO EN LA POSICION 39
[INFO] 10:51:17:686 broker/(5650:5650): NUEVA CONEXIÓN
[INFO] 10:51:17:688 broker/(5650:5650): NUEVA CONEXIÓN
[INFO] 10:51:17:688 broker/(5650:6224): MENSAJE NEW CON ID 9 ENVIADO AL SUSCRIPTOR 5887 
[INFO] 10:51:17:690 broker/(5650:6227): APPEARED POKEMON RECIBIDO
[INFO] 10:51:17:690 broker/(5650:6227): PARTICION ELIMINADA CUYA POSICION ES: 0
[INFO] 10:51:17:690 broker/(5650:6227): MENSAJE APPEARED ALMACENADO EN LA POSICION 0
[INFO] 10:51:17:691 broker/(5650:6226): NEW POKEMON RECIBIDO
[INFO] 10:51:17:692 broker/(5650:6226): PARTICION ELIMINADA CUYA POSICION ES: 19
[INFO] 10:51:17:692 broker/(5650:6226): PARTICION CON POSICION 16 Y PARTICION CO POSICION 19 CONSOLIDADAS
[INFO] 10:51:17:692 broker/(5650:6226): PARTICION CON POSICION 38 Y PARTICION CO POSICION 61 CONSOLIDADAS
[INFO] 10:51:17:692 broker/(5650:6226): SE EJECUTO LA COMPACTACION DE LA MEMORIA
[INFO] 10:51:17:693 broker/(5650:6226): MENSAJE NEW ALMACENADO EN LA POSICION 38
[INFO] 10:51:17:700 broker/(5650:5650): NUEVA CONEXIÓN
[INFO] 10:51:17:701 broker/(5650:5650): NUEVA CONEXIÓN
[INFO] 10:51:17:701 broker/(5650:6229): MENSAJE NEW CON ID 11 ENVIADO AL SUSCRIPTOR 5887 
[INFO] 10:51:17:703 broker/(5650:6231): NEW POKEMON RECIBIDO
[INFO] 10:51:17:703 broker/(5650:6231): PARTICION ELIMINADA CUYA POSICION ES: 16
[INFO] 10:51:17:703 broker/(5650:6231): PARTICION CON POSICION 40 Y PARTICION CO POSICION 62 CONSOLIDADAS
[INFO] 10:51:17:704 broker/(5650:6231): SE EJECUTO LA COMPACTACION DE LA MEMORIA
[INFO] 10:51:17:704 broker/(5650:6231): MENSAJE NEW ALMACENADO EN LA POSICION 40
[INFO] 10:51:17:705 broker/(5650:6232): ACK RECIBIDO DEL SUSCRIPTOR 5887 REFERENCIANDO AL MENSAJE 8
[INFO] 10:51:17:707 broker/(5650:5650): NUEVA CONEXIÓN
[INFO] 10:51:17:708 broker/(5650:6233): MENSAJE NEW CON ID 12 ENVIADO AL SUSCRIPTOR 5887 
[INFO] 10:51:17:711 broker/(5650:6235): NEW POKEMON RECIBIDO
[INFO] 10:51:17:712 broker/(5650:6235): PARTICION ELIMINADA CUYA POSICION ES: 0
[INFO] 10:51:17:712 broker/(5650:6235): PARTICION CON POSICION 47 Y PARTICION CO POSICION 63 CONSOLIDADAS
[INFO] 10:51:17:712 broker/(5650:6235): SE EJECUTO LA COMPACTACION DE LA MEMORIA
[INFO] 10:51:17:712 broker/(5650:6235): PARTICION ELIMINADA CUYA POSICION ES: 0
[INFO] 10:51:17:712 broker/(5650:6235): MENSAJE NEW ALMACENADO EN LA POSICION 0
[INFO] 10:51:17:716 broker/(5650:5650): NUEVA CONEXIÓN
[INFO] 10:51:17:718 broker/(5650:5650): NUEVA CONEXIÓN
[INFO] 10:51:17:719 broker/(5650:6238): APPEARED POKEMON RECIBIDO
[INFO] 10:51:17:719 broker/(5650:6238): PARTICION ELIMINADA CUYA POSICION ES: 24
[INFO] 10:51:17:720 broker/(5650:6238): PARTICION CON POSICION 22 Y PARTICION CO POSICION 24 CONSOLIDADAS
[INFO] 10:51:17:720 broker/(5650:6236): MENSAJE NEW CON ID 13 ENVIADO AL SUSCRIPTOR 5887 
[INFO] 10:51:17:720 broker/(5650:6238): PARTICION CON POSICION 22 Y PARTICION CO POSICION 47 CONSOLIDADAS
[INFO] 10:51:17:720 broker/(5650:6239): NEW POKEMON RECIBIDO
[INFO] 10:51:17:720 broker/(5650:6238): MENSAJE APPEARED ALMACENADO EN LA POSICION 22
[INFO] 10:51:17:721 broker/(5650:6239): MENSAJE NEW ALMACENADO EN LA POSICION 40
[INFO] 10:51:17:738 broker/(5650:6241): MENSAJE NEW CON ID 15 ENVIADO AL SUSCRIPTOR 5887 
[INFO] 10:51:17:739 broker/(5650:5650): NUEVA CONEXIÓN
[INFO] 10:51:17:749 broker/(5650:6242): ACK RECIBIDO DEL SUSCRIPTOR 5887 REFERENCIANDO AL MENSAJE 9
[INFO] 10:51:27:880 broker/(5650:5650): NUEVA CONEXIÓN
[INFO] 10:51:27:890 broker/(5650:6243): APPEARED POKEMON RECIBIDO
[INFO] 10:51:27:894 broker/(5650:6243): PARTICION ELIMINADA CUYA POSICION ES: 0
[INFO] 10:51:27:894 broker/(5650:6243): MENSAJE APPEARED ALMACENADO EN LA POSICION 0
[INFO] 10:51:27:903 broker/(5650:5650): NUEVA CONEXIÓN
[INFO] 10:51:27:908 broker/(5650:6245): ACK RECIBIDO DEL SUSCRIPTOR 5887 REFERENCIANDO AL MENSAJE 11
[INFO] 10:51:27:915 broker/(5650:5650): NUEVA CONEXIÓN
[INFO] 10:51:27:918 broker/(5650:6246): APPEARED POKEMON RECIBIDO
[INFO] 10:51:27:918 broker/(5650:6246): PARTICION ELIMINADA CUYA POSICION ES: 22
[INFO] 10:51:27:918 broker/(5650:6246): PARTICION CON POSICION 20 Y PARTICION CO POSICION 22 CONSOLIDADAS
[INFO] 10:51:27:918 broker/(5650:6246): MENSAJE APPEARED ALMACENADO EN LA POSICION 20
[INFO] 10:51:27:930 broker/(5650:5650): NUEVA CONEXIÓN
[INFO] 10:51:27:934 broker/(5650:6248): ACK RECIBIDO DEL SUSCRIPTOR 5887 REFERENCIANDO AL MENSAJE 12
[INFO] 10:51:27:937 broker/(5650:5650): NUEVA CONEXIÓN
[INFO] 10:51:27:940 broker/(5650:6249): APPEARED POKEMON RECIBIDO
[INFO] 10:51:27:941 broker/(5650:6249): PARTICION ELIMINADA CUYA POSICION ES: 40
[INFO] 10:51:27:941 broker/(5650:6249): PARTICION CON POSICION 39 Y PARTICION CO POSICION 40 CONSOLIDADAS
[INFO] 10:51:27:941 broker/(5650:6249): MENSAJE APPEARED ALMACENADO EN LA POSICION 39
[INFO] 10:51:27:949 broker/(5650:5650): NUEVA CONEXIÓN
[INFO] 10:51:27:953 broker/(5650:6251): ACK RECIBIDO DEL SUSCRIPTOR 5887 REFERENCIANDO AL MENSAJE 13
[INFO] 10:51:27:957 broker/(5650:5650): NUEVA CONEXIÓN
[INFO] 10:51:27:959 broker/(5650:6252): APPEARED POKEMON RECIBIDO
[INFO] 10:51:27:959 broker/(5650:6252): PARTICION ELIMINADA CUYA POSICION ES: 0
[INFO] 10:51:27:959 broker/(5650:6252): MENSAJE APPEARED ALMACENADO EN LA POSICION 0
[INFO] 10:51:27:959 broker/(5650:5650): NUEVA CONEXIÓN
[INFO] 10:51:27:960 broker/(5650:6254): ACK RECIBIDO DEL SUSCRIPTOR 5887 REFERENCIANDO AL MENSAJE 15
[INFO] 10:52:01:861 broker/(5650:5650): NUEVA CONEXIÓN
[INFO] 10:52:01:861 broker/(5650:5650): NUEVA CONEXIÓN
[INFO] 10:52:01:862 broker/(5650:6370): GET POKEMON RECIBIDO
[INFO] 10:52:01:862 broker/(5650:6370): PARTICION ELIMINADA CUYA POSICION ES: 20
[INFO] 10:52:01:862 broker/(5650:5650): NUEVA CONEXIÓN
[INFO] 10:52:01:862 broker/(5650:6370): MENSAJE GET ALMACENADO EN LA POSICION 20
[INFO] 10:52:01:863 broker/(5650:5650): NUEVA CONEXIÓN
[INFO] 10:52:01:863 broker/(5650:5650): NUEVA CONEXIÓN
[INFO] 10:52:01:863 broker/(5650:6371): NUEVA SUSCRIPCION DEL PROCESO 6359 a la cola CAUGHT
[INFO] 10:52:01:864 broker/(5650:6372): NUEVA SUSCRIPCION DEL PROCESO 6359 a la cola LOCALIZED
[INFO] 10:52:01:864 broker/(5650:6374): GET POKEMON RECIBIDO
[INFO] 10:52:01:869 broker/(5650:6373): MENSAJE GET CON ID 20 ENVIADO AL SUSCRIPTOR 5887 
[INFO] 10:52:01:869 broker/(5650:6374): PARTICION ELIMINADA CUYA POSICION ES: 39
[INFO] 10:52:01:869 broker/(5650:6375): NUEVA SUSCRIPCION DEL PROCESO 6359 a la cola APPEARED
[INFO] 10:52:01:869 broker/(5650:6374): PARTICION CON POSICION 32 Y PARTICION CO POSICION 39 CONSOLIDADAS
[INFO] 10:52:01:869 broker/(5650:6374): PARTICION CON POSICION 32 Y PARTICION CO POSICION 57 CONSOLIDADAS
[INFO] 10:52:01:869 broker/(5650:6374): MENSAJE GET ALMACENADO EN LA POSICION 32
[INFO] 10:52:01:873 broker/(5650:6375): MENSAJE APPEARED CON ID 19 ENVIADO AL SUSCRIPTOR 6359
[INFO] 10:52:01:874 broker/(5650:5650): NUEVA CONEXIÓN
[INFO] 10:52:01:878 broker/(5650:6377): GET POKEMON RECIBIDO
[INFO] 10:52:01:878 broker/(5650:6377): MENSAJE GET ALMACENADO EN LA POSICION 43
[INFO] 10:52:01:879 broker/(5650:5650): NUEVA CONEXIÓN
[INFO] 10:52:01:879 broker/(5650:6376): MENSAJE GET CON ID 21 ENVIADO AL SUSCRIPTOR 5887 
[INFO] 10:52:01:883 broker/(5650:6379): GET POKEMON RECIBIDO
[INFO] 10:52:01:883 broker/(5650:6379): MENSAJE GET ALMACENADO EN LA POSICION 53
[INFO] 10:52:01:886 broker/(5650:6378): MENSAJE GET CON ID 22 ENVIADO AL SUSCRIPTOR 5887 
[INFO] 10:52:01:891 broker/(5650:6380): MENSAJE GET CON ID 23 ENVIADO AL SUSCRIPTOR 5887 
[INFO] 10:52:01:910 broker/(5650:6375): ACK RECIBIDO DEL SUSCRIPTOR 6359 REFERENCIANDO AL MENSAJE 1
[INFO] 10:52:11:913 broker/(5650:5650): NUEVA CONEXIÓN
[INFO] 10:52:11:919 broker/(5650:6391): CAUGHT POKEMON RECIBIDO
[INFO] 10:52:11:920 broker/(5650:6391): PARTICION ELIMINADA CUYA POSICION ES: 20
[INFO] 10:52:11:920 broker/(5650:6391): MENSAJE CAUGHT ALMACENADO EN LA POSICION 20
[INFO] 10:52:11:936 broker/(5650:5650): NUEVA CONEXIÓN
[INFO] 10:52:11:939 broker/(5650:6371): ACK RECIBIDO DEL SUSCRIPTOR 6359 REFERENCIANDO AL MENSAJE 5
[INFO] 10:52:11:939 broker/(5650:6392): MENSAJE CAUGHT CON ID 24 ENVIADO AL SUSCRIPTOR 6359 
[INFO] 10:52:11:939 broker/(5650:6394): ACK RECIBIDO DEL SUSCRIPTOR 5887 REFERENCIANDO AL MENSAJE 20
[INFO] 10:52:21:944 broker/(5650:5650): NUEVA CONEXIÓN
[INFO] 10:52:21:947 broker/(5650:6396): CAUGHT POKEMON RECIBIDO
[INFO] 10:52:21:947 broker/(5650:6396): MENSAJE CAUGHT ALMACENADO EN LA POSICION 24
[INFO] 10:52:21:952 broker/(5650:5650): NUEVA CONEXIÓN
[INFO] 10:52:21:953 broker/(5650:6397): MENSAJE CAUGHT CON ID 25 ENVIADO AL SUSCRIPTOR 6359 
[INFO] 10:52:21:953 broker/(5650:6399): ACK RECIBIDO DEL SUSCRIPTOR 5887 REFERENCIANDO AL MENSAJE 21
[INFO] 10:52:21:990 broker/(5650:6371): ACK RECIBIDO DEL SUSCRIPTOR 6359 REFERENCIANDO AL MENSAJE 5
[INFO] 10:52:31:955 broker/(5650:5650): NUEVA CONEXIÓN
[INFO] 10:52:31:957 broker/(5650:6400): CAUGHT POKEMON RECIBIDO
[INFO] 10:52:31:958 broker/(5650:6400): MENSAJE CAUGHT ALMACENADO EN LA POSICION 28
[INFO] 10:52:31:966 broker/(5650:5650): NUEVA CONEXIÓN
[INFO] 10:52:31:969 broker/(5650:6403): ACK RECIBIDO DEL SUSCRIPTOR 5887 REFERENCIANDO AL MENSAJE 22
[INFO] 10:52:31:969 broker/(5650:6401): MENSAJE CAUGHT CON ID 26 ENVIADO AL SUSCRIPTOR 6359 
[INFO] 10:52:32:6 broker/(5650:6371): ACK RECIBIDO DEL SUSCRIPTOR 6359 REFERENCIANDO AL MENSAJE 5
[INFO] 10:52:41:971 broker/(5650:5650): NUEVA CONEXIÓN
[INFO] 10:52:41:974 broker/(5650:6407): CAUGHT POKEMON RECIBIDO
[INFO] 10:52:41:975 broker/(5650:6407): PARTICION ELIMINADA CUYA POSICION ES: 32
[INFO] 10:52:41:975 broker/(5650:6407): MENSAJE CAUGHT ALMACENADO EN LA POSICION 32
[INFO] 10:52:41:976 broker/(5650:5650): NUEVA CONEXIÓN
[INFO] 10:52:41:977 broker/(5650:6408): MENSAJE CAUGHT CON ID 27 ENVIADO AL SUSCRIPTOR 6359 
[INFO] 10:52:41:977 broker/(5650:6410): ACK RECIBIDO DEL SUSCRIPTOR 5887 REFERENCIANDO AL MENSAJE 23
[INFO] 10:52:42:14 broker/(5650:6371): ACK RECIBIDO DEL SUSCRIPTOR 6359 REFERENCIANDO AL MENSAJE 5
