[INFO] 15:57:59:586 broker/(7755:7755): Servidor levantado! Escuchando en 8080
[INFO] 15:58:11:822 broker/(7755:7755): NUEVA CONEXIÓN
[INFO] 15:58:18:672 broker/(7755:7770): SE AGREGO EL SUSCRIPTOR 5 A LA COLA NEW
[INFO] 15:58:18:672 broker/(7755:7770): NUEVA SUSCRIPCION
[INFO] 15:58:39:612 broker/(7755:7755): NUEVA CONEXIÓN
[INFO] 15:58:46:595 broker/(7755:7787): NEW POKEMON RECIBIDO
[INFO] 15:58:46:596 broker/(7755:7787): POSICION BUDDY NUEVO: 1024
[INFO] 15:58:46:596 broker/(7755:7787): POSICION BUDDY NUEVO: 512
[INFO] 15:58:46:596 broker/(7755:7787): POSICION BUDDY NUEVO: 256
[INFO] 15:58:46:596 broker/(7755:7787): POSICION BUDDY NUEVO: 128
[INFO] 15:58:46:596 broker/(7755:7787): POSICION BUDDY NUEVO: 64
[INFO] 15:58:46:596 broker/(7755:7787): POSICION BUDDY NUEVO: 32
[INFO] 16:06:17:422 broker/(7944:7944): Servidor levantado! Escuchando en 8080
[INFO] 16:06:55:149 broker/(7944:7944): NUEVA CONEXIÓN
[INFO] 16:07:07:339 broker/(7944:7971): SE AGREGO EL SUSCRIPTOR 5 A LA COLA NEW
[INFO] 16:07:07:339 broker/(7944:7971): NUEVA SUSCRIPCION
[INFO] 16:07:17:677 broker/(7944:7944): NUEVA CONEXIÓN
[INFO] 16:07:24:227 broker/(7944:7990): NEW POKEMON RECIBIDO
[INFO] 16:07:24:227 broker/(7944:7990): POSICION BUDDY NUEVO: 1024
[INFO] 16:07:24:227 broker/(7944:7990): POSICION BUDDY NUEVO: 512
[INFO] 16:07:24:227 broker/(7944:7990): POSICION BUDDY NUEVO: 256
[INFO] 16:07:24:227 broker/(7944:7990): POSICION BUDDY NUEVO: 128
[INFO] 16:07:24:227 broker/(7944:7990): POSICION BUDDY NUEVO: 64
[INFO] 16:07:24:227 broker/(7944:7990): POSICION BUDDY NUEVO: 32
[INFO] 16:07:24:237 broker/(7944:7971): ACK RECIBIDO DEL SUSCRIPTOR 7956 REFERENCIANDO AL MENSAJE 0
[INFO] 16:08:02:325 broker/(7944:7990): NEW POKEMON RECIBIDO
[INFO] 16:08:02:365 broker/(7944:7971): ACK RECIBIDO DEL SUSCRIPTOR 7956 REFERENCIANDO AL MENSAJE 1
[INFO] 16:08:22:117 broker/(7944:7990): NEW POKEMON RECIBIDO
[INFO] 16:08:22:117 broker/(7944:7990): POSICION BUDDY NUEVO: 96
[INFO] 16:08:22:158 broker/(7944:7971): ACK RECIBIDO DEL SUSCRIPTOR 7956 REFERENCIANDO AL MENSAJE 2
[INFO] 16:09:05:363 broker/(7944:7944): NUEVA CONEXIÓN
[INFO] 16:09:08:408 broker/(7944:8018): SE AGREGO EL SUSCRIPTOR 7 A LA COLA NEW
[INFO] 16:11:19:291 broker/(8062:8062): Servidor levantado! Escuchando en 8080
[INFO] 16:11:38:572 broker/(8062:8062): NUEVA CONEXIÓN
[INFO] 16:11:45:647 broker/(8062:8090): SE AGREGO EL SUSCRIPTOR 5 A LA COLA NEW
[INFO] 16:11:45:647 broker/(8062:8090): NUEVA SUSCRIPCION
[INFO] 16:11:56:557 broker/(8062:8062): NUEVA CONEXIÓN
[INFO] 16:12:01:928 broker/(8062:8114): NEW POKEMON RECIBIDO
[INFO] 16:12:01:940 broker/(8062:8114): POSICION BUDDY NUEVO: 1024
[INFO] 16:12:01:941 broker/(8062:8114): POSICION BUDDY NUEVO: 512
[INFO] 16:12:01:941 broker/(8062:8114): POSICION BUDDY NUEVO: 256
[INFO] 16:12:01:941 broker/(8062:8114): POSICION BUDDY NUEVO: 128
[INFO] 16:12:01:945 broker/(8062:8114): POSICION BUDDY NUEVO: 64
[INFO] 16:12:01:945 broker/(8062:8114): POSICION BUDDY NUEVO: 32
[INFO] 16:12:01:946 broker/(8062:8090): ACK RECIBIDO DEL SUSCRIPTOR 8083 REFERENCIANDO AL MENSAJE 0
[INFO] 16:12:07:413 broker/(8062:8114): NEW POKEMON RECIBIDO
[INFO] 16:12:07:462 broker/(8062:8090): ACK RECIBIDO DEL SUSCRIPTOR 8083 REFERENCIANDO AL MENSAJE 1
[INFO] 16:12:13:801 broker/(8062:8114): NEW POKEMON RECIBIDO
[INFO] 16:12:13:803 broker/(8062:8114): POSICION BUDDY NUEVO: 96
[INFO] 16:12:13:845 broker/(8062:8090): ACK RECIBIDO DEL SUSCRIPTOR 8083 REFERENCIANDO AL MENSAJE 2
[INFO] 16:12:25:974 broker/(8062:8114): NEW POKEMON RECIBIDO
[INFO] 16:12:25:975 broker/(8062:8114): POSICION BUDDY NUEVO: 192
[INFO] 16:12:26:22 broker/(8062:8090): ACK RECIBIDO DEL SUSCRIPTOR 8083 REFERENCIANDO AL MENSAJE 3
[INFO] 16:13:24:138 broker/(8062:8062): NUEVA CONEXIÓN
[INFO] 16:13:45:413 broker/(8062:8143): SE AGREGO EL SUSCRIPTOR 7 A LA COLA NEW
[INFO] 16:19:41:939 broker/(8281:8281): Servidor levantado! Escuchando en 8080
[INFO] 16:19:48:842 broker/(8281:8281): NUEVA CONEXIÓN
[INFO] 16:20:01:15 broker/(8281:8301): SE AGREGO EL SUSCRIPTOR 5 A LA COLA NEW
[INFO] 16:20:01:16 broker/(8281:8301): NUEVA SUSCRIPCION
[INFO] 16:20:10:300 broker/(8281:8281): NUEVA CONEXIÓN
[INFO] 16:20:14:325 broker/(8281:8319): NEW POKEMON RECIBIDO
[INFO] 16:20:14:336 broker/(8281:8319): POSICION BUDDY NUEVO: 1024
[INFO] 16:20:14:337 broker/(8281:8319): POSICION BUDDY NUEVO: 512
[INFO] 16:20:14:337 broker/(8281:8319): POSICION BUDDY NUEVO: 256
[INFO] 16:20:14:337 broker/(8281:8319): POSICION BUDDY NUEVO: 128
[INFO] 16:20:14:337 broker/(8281:8319): POSICION BUDDY NUEVO: 64
[INFO] 16:20:14:337 broker/(8281:8319): POSICION BUDDY NUEVO: 32
[INFO] 16:20:14:339 broker/(8281:8301): ACK RECIBIDO DEL SUSCRIPTOR 8294 REFERENCIANDO AL MENSAJE 0
[INFO] 16:20:20:269 broker/(8281:8319): NEW POKEMON RECIBIDO
[INFO] 16:20:20:314 broker/(8281:8301): ACK RECIBIDO DEL SUSCRIPTOR 8294 REFERENCIANDO AL MENSAJE 1
[INFO] 16:20:26:601 broker/(8281:8319): NEW POKEMON RECIBIDO
[INFO] 16:20:26:602 broker/(8281:8319): POSICION BUDDY NUEVO: 96
[INFO] 16:20:26:653 broker/(8281:8301): ACK RECIBIDO DEL SUSCRIPTOR 8294 REFERENCIANDO AL MENSAJE 2
[INFO] 16:20:42:303 broker/(8281:8281): NUEVA CONEXIÓN
[INFO] 16:22:04:734 broker/(8281:8344): SE AGREGO EL SUSCRIPTOR 7 A LA COLA NEW
[INFO] 17:07:09:401 broker/(9611:9611): Servidor levantado! Escuchando en 8080
[INFO] 17:07:20:361 broker/(9611:9611): NUEVA CONEXIÓN
[INFO] 17:07:25:759 broker/(9611:9632): SE AGREGO EL SUSCRIPTOR 5 A LA COLA NEW
[INFO] 17:07:25:760 broker/(9611:9632): NUEVA SUSCRIPCION
[INFO] 17:07:57:863 broker/(9611:9611): NUEVA CONEXIÓN
[INFO] 17:08:06:416 broker/(9611:9652): NEW POKEMON RECIBIDO
[INFO] 17:08:06:417 broker/(9611:9652): POSICION BUDDY NUEVO: 1024
[INFO] 17:08:06:417 broker/(9611:9652): POSICION BUDDY NUEVO: 512
[INFO] 17:08:06:417 broker/(9611:9652): POSICION BUDDY NUEVO: 256
[INFO] 17:08:06:417 broker/(9611:9652): POSICION BUDDY NUEVO: 128
[INFO] 17:08:06:417 broker/(9611:9652): POSICION BUDDY NUEVO: 64
[INFO] 17:08:06:417 broker/(9611:9652): POSICION BUDDY NUEVO: 32
[INFO] 17:08:06:422 broker/(9611:9632): ACK RECIBIDO DEL SUSCRIPTOR 9625 REFERENCIANDO AL MENSAJE 0
[INFO] 17:08:59:440 broker/(9682:9682): Servidor levantado! Escuchando en 8080
[INFO] 17:09:07:372 broker/(9682:9682): NUEVA CONEXIÓN
[INFO] 17:09:17:327 broker/(9682:9707): SE AGREGO EL SUSCRIPTOR 5 A LA COLA NEW
[INFO] 17:09:17:327 broker/(9682:9707): NUEVA SUSCRIPCION
[INFO] 17:09:26:447 broker/(9682:9682): NUEVA CONEXIÓN
[INFO] 17:09:44:630 broker/(9682:9729): NEW POKEMON RECIBIDO
[INFO] 17:10:02:384 broker/(9682:9729): POSICION BUDDY NUEVO: 1024
[INFO] 17:10:02:385 broker/(9682:9729): POSICION BUDDY NUEVO: 512
[INFO] 17:10:02:385 broker/(9682:9729): POSICION BUDDY NUEVO: 256
[INFO] 17:10:02:385 broker/(9682:9729): POSICION BUDDY NUEVO: 128
[INFO] 17:10:02:385 broker/(9682:9729): POSICION BUDDY NUEVO: 64
[INFO] 17:10:02:385 broker/(9682:9729): POSICION BUDDY NUEVO: 32
[INFO] 17:10:12:222 broker/(9682:9707): ACK RECIBIDO DEL SUSCRIPTOR 9698 REFERENCIANDO AL MENSAJE 0
[INFO] 17:14:17:381 broker/(9887:9887): Servidor levantado! Escuchando en 8080
[INFO] 17:14:26:259 broker/(9887:9887): NUEVA CONEXIÓN
[INFO] 17:14:30:50 broker/(9887:9906): SE AGREGO EL SUSCRIPTOR 5 A LA COLA NEW
[INFO] 17:14:30:51 broker/(9887:9906): NUEVA SUSCRIPCION
[INFO] 17:14:37:342 broker/(9887:9887): NUEVA CONEXIÓN
[INFO] 17:14:47:467 broker/(9887:9923): NEW POKEMON RECIBIDO
[INFO] 17:14:47:467 broker/(9887:9923): POSICION BUDDY NUEVO: 1024
[INFO] 17:14:47:467 broker/(9887:9923): POSICION BUDDY NUEVO: 512
[INFO] 17:14:47:467 broker/(9887:9923): POSICION BUDDY NUEVO: 256
[INFO] 17:14:47:467 broker/(9887:9923): POSICION BUDDY NUEVO: 128
[INFO] 17:14:47:467 broker/(9887:9923): POSICION BUDDY NUEVO: 64
[INFO] 17:14:47:467 broker/(9887:9923): POSICION BUDDY NUEVO: 32
[INFO] 17:14:47:473 broker/(9887:9906): ACK RECIBIDO DEL SUSCRIPTOR 9900 REFERENCIANDO AL MENSAJE 0
[INFO] 17:15:44:870 broker/(9955:9955): Servidor levantado! Escuchando en 8080
[INFO] 17:15:57:645 broker/(9955:9955): NUEVA CONEXIÓN
[INFO] 17:16:06:20 broker/(9955:9975): SE AGREGO EL SUSCRIPTOR 5 A LA COLA NEW
[INFO] 17:16:06:20 broker/(9955:9975): NUEVA SUSCRIPCION
[INFO] 17:16:14:631 broker/(9955:9955): NUEVA CONEXIÓN
[INFO] 17:16:33:504 broker/(9955:9995): NEW POKEMON RECIBIDO
[INFO] 17:16:33:504 broker/(9955:9995): POSICION BUDDY NUEVO: 1024
[INFO] 17:16:33:504 broker/(9955:9995): POSICION BUDDY NUEVO: 512
[INFO] 17:16:33:505 broker/(9955:9995): POSICION BUDDY NUEVO: 256
[INFO] 17:16:33:505 broker/(9955:9995): POSICION BUDDY NUEVO: 128
[INFO] 17:16:33:505 broker/(9955:9995): POSICION BUDDY NUEVO: 64
[INFO] 17:16:33:505 broker/(9955:9995): POSICION BUDDY NUEVO: 32
[INFO] 17:16:43:212 broker/(9955:9975): ACK RECIBIDO DEL SUSCRIPTOR 9969 REFERENCIANDO AL MENSAJE 0
[INFO] 17:20:19:603 broker/(9955:9995): NEW POKEMON RECIBIDO
[INFO] 17:20:24:368 broker/(9955:9975): ACK RECIBIDO DEL SUSCRIPTOR 9969 REFERENCIANDO AL MENSAJE 1
[INFO] 17:22:04:809 broker/(9955:9995): NEW POKEMON RECIBIDO
[INFO] 17:22:04:809 broker/(9955:9995): POSICION BUDDY NUEVO: 96
[INFO] 17:22:04:858 broker/(9955:9975): ACK RECIBIDO DEL SUSCRIPTOR 9969 REFERENCIANDO AL MENSAJE 2
[INFO] 17:28:13:368 broker/(10261:10261): Servidor levantado! Escuchando en 8080
[INFO] 17:28:27:951 broker/(10261:10261): NUEVA CONEXIÓN
[INFO] 17:28:35:186 broker/(10261:10280): SE AGREGO EL SUSCRIPTOR 5 A LA COLA NEW
[INFO] 17:28:35:187 broker/(10261:10280): NUEVA SUSCRIPCION
[INFO] 17:28:44:242 broker/(10261:10261): NUEVA CONEXIÓN
[INFO] 17:28:48:574 broker/(10261:10296): NEW POKEMON RECIBIDO
[INFO] 17:28:48:574 broker/(10261:10296): POSICION BUDDY NUEVO: 1024
[INFO] 17:28:48:574 broker/(10261:10296): POSICION BUDDY NUEVO: 512
[INFO] 17:28:48:574 broker/(10261:10296): POSICION BUDDY NUEVO: 256
[INFO] 17:28:48:574 broker/(10261:10296): POSICION BUDDY NUEVO: 128
[INFO] 17:28:48:574 broker/(10261:10296): POSICION BUDDY NUEVO: 64
[INFO] 17:28:48:574 broker/(10261:10296): POSICION BUDDY NUEVO: 32
[INFO] 17:28:48:580 broker/(10261:10280): ACK RECIBIDO DEL SUSCRIPTOR 10272 REFERENCIANDO AL MENSAJE 0
[INFO] 17:30:34:263 broker/(10377:10377): Servidor levantado! Escuchando en 8080
[INFO] 17:30:45:707 broker/(10377:10377): NUEVA CONEXIÓN
[INFO] 17:30:49:504 broker/(10377:10397): SE AGREGO EL SUSCRIPTOR 5 A LA COLA NEW
[INFO] 17:30:49:504 broker/(10377:10397): NUEVA SUSCRIPCION
[INFO] 17:31:04:812 broker/(10377:10377): NUEVA CONEXIÓN
[INFO] 17:31:08:811 broker/(10377:10415): NEW POKEMON RECIBIDO
[INFO] 17:31:08:811 broker/(10377:10415): POSICION BUDDY NUEVO: 1024
[INFO] 17:31:08:811 broker/(10377:10415): POSICION BUDDY NUEVO: 512
[INFO] 17:31:08:811 broker/(10377:10415): POSICION BUDDY NUEVO: 256
[INFO] 17:31:08:811 broker/(10377:10415): POSICION BUDDY NUEVO: 128
[INFO] 17:31:08:811 broker/(10377:10415): POSICION BUDDY NUEVO: 64
[INFO] 17:31:08:811 broker/(10377:10415): POSICION BUDDY NUEVO: 32
[INFO] 17:31:08:826 broker/(10377:10397): ACK RECIBIDO DEL SUSCRIPTOR 10391 REFERENCIANDO AL MENSAJE 0
[INFO] 17:37:37:346 broker/(10661:10661): Servidor levantado! Escuchando en 8080
[INFO] 17:38:00:875 broker/(10661:10661): NUEVA CONEXIÓN
[INFO] 17:38:03:989 broker/(10661:10714): SE AGREGO EL SUSCRIPTOR 5 A LA COLA NEW
[INFO] 17:38:03:991 broker/(10661:10714): NUEVA SUSCRIPCION
[INFO] 17:38:18:557 broker/(10661:10661): NUEVA CONEXIÓN
[INFO] 17:38:22:450 broker/(10661:10731): NEW POKEMON RECIBIDO
[INFO] 17:38:22:450 broker/(10661:10731): POSICION BUDDY NUEVO: 1024
[INFO] 17:38:22:450 broker/(10661:10731): POSICION BUDDY NUEVO: 512
[INFO] 17:38:22:450 broker/(10661:10731): POSICION BUDDY NUEVO: 256
[INFO] 17:38:22:450 broker/(10661:10731): POSICION BUDDY NUEVO: 128
[INFO] 17:38:22:450 broker/(10661:10731): POSICION BUDDY NUEVO: 64
[INFO] 17:38:22:450 broker/(10661:10731): POSICION BUDDY NUEVO: 32
[INFO] 17:38:22:459 broker/(10661:10714): ACK RECIBIDO DEL SUSCRIPTOR 10706 REFERENCIANDO AL MENSAJE 0
[INFO] 17:39:08:293 broker/(10767:10767): Servidor levantado! Escuchando en 8080
[INFO] 17:43:36:837 broker/(10951:10951): Servidor levantado! Escuchando en 8080
[INFO] 17:43:42:436 broker/(10951:10951): NUEVA CONEXIÓN
[INFO] 17:43:46:664 broker/(10951:10973): SE AGREGO EL SUSCRIPTOR 5 A LA COLA NEW
[INFO] 17:43:46:664 broker/(10951:10973): NUEVA SUSCRIPCION
[INFO] 17:43:54:824 broker/(10951:10951): NUEVA CONEXIÓN
[INFO] 17:43:58:659 broker/(10951:10990): NEW POKEMON RECIBIDO
[INFO] 17:43:58:661 broker/(10951:10990): POSICION BUDDY NUEVO: 1024
[INFO] 17:43:58:661 broker/(10951:10990): POSICION BUDDY NUEVO: 512
[INFO] 17:43:58:661 broker/(10951:10990): POSICION BUDDY NUEVO: 256
[INFO] 17:43:58:661 broker/(10951:10990): POSICION BUDDY NUEVO: 128
[INFO] 17:43:58:662 broker/(10951:10990): POSICION BUDDY NUEVO: 64
[INFO] 17:43:58:662 broker/(10951:10990): POSICION BUDDY NUEVO: 32
[INFO] 17:50:06:285 broker/(11125:11125): Servidor levantado! Escuchando en 8080
[INFO] 17:50:36:70 broker/(11125:11125): NUEVA CONEXIÓN
[INFO] 17:50:48:789 broker/(11125:11147): SE AGREGO EL SUSCRIPTOR 5 A LA COLA NEW
[INFO] 17:50:48:790 broker/(11125:11147): NUEVA SUSCRIPCION
[INFO] 17:51:05:689 broker/(11125:11125): NUEVA CONEXIÓN
[INFO] 17:51:15:802 broker/(11125:11165): NEW POKEMON RECIBIDO
[INFO] 17:51:15:802 broker/(11125:11165): POSICION BUDDY NUEVO: 1024
[INFO] 17:51:15:802 broker/(11125:11165): POSICION BUDDY NUEVO: 512
[INFO] 17:51:15:802 broker/(11125:11165): POSICION BUDDY NUEVO: 256
[INFO] 17:51:15:802 broker/(11125:11165): POSICION BUDDY NUEVO: 128
[INFO] 17:51:15:802 broker/(11125:11165): POSICION BUDDY NUEVO: 64
[INFO] 17:51:15:802 broker/(11125:11165): POSICION BUDDY NUEVO: 32
[INFO] 17:51:54:878 broker/(11125:11147): ACK RECIBIDO DEL SUSCRIPTOR 11139 REFERENCIANDO AL MENSAJE 0
[INFO] 17:58:17:373 broker/(11307:11307): Servidor levantado! Escuchando en 8080
[INFO] 17:58:45:384 broker/(11307:11307): NUEVA CONEXIÓN
[INFO] 17:58:47:848 broker/(11307:11327): SE AGREGO EL SUSCRIPTOR 5 A LA COLA NEW
[INFO] 17:58:47:849 broker/(11307:11327): NUEVA SUSCRIPCION
[INFO] 17:59:02:439 broker/(11307:11307): NUEVA CONEXIÓN
[INFO] 17:59:07:62 broker/(11307:11343): NEW POKEMON RECIBIDO
[INFO] 17:59:07:62 broker/(11307:11343): POSICION BUDDY NUEVO: 1024
[INFO] 17:59:07:62 broker/(11307:11343): POSICION BUDDY NUEVO: 512
[INFO] 17:59:07:62 broker/(11307:11343): POSICION BUDDY NUEVO: 256
[INFO] 17:59:07:62 broker/(11307:11343): POSICION BUDDY NUEVO: 128
[INFO] 17:59:07:62 broker/(11307:11343): POSICION BUDDY NUEVO: 64
[INFO] 17:59:07:62 broker/(11307:11343): POSICION BUDDY NUEVO: 32
[INFO] 17:59:07:70 broker/(11307:11327): ACK RECIBIDO DEL SUSCRIPTOR 11320 REFERENCIANDO AL MENSAJE 0
[INFO] 18:02:10:137 broker/(11429:11429): Servidor levantado! Escuchando en 8080
[INFO] 18:02:18:784 broker/(11429:11429): NUEVA CONEXIÓN
[INFO] 18:02:24:865 broker/(11429:11448): SE AGREGO EL SUSCRIPTOR 5 A LA COLA NEW
[INFO] 18:02:24:866 broker/(11429:11448): NUEVA SUSCRIPCION
[INFO] 18:02:34:598 broker/(11429:11429): NUEVA CONEXIÓN
[INFO] 18:02:40:213 broker/(11429:11467): NEW POKEMON RECIBIDO
[INFO] 18:02:40:213 broker/(11429:11467): POSICION BUDDY NUEVO: 1024
[INFO] 18:02:40:213 broker/(11429:11467): POSICION BUDDY NUEVO: 512
[INFO] 18:02:40:213 broker/(11429:11467): POSICION BUDDY NUEVO: 256
[INFO] 18:02:40:213 broker/(11429:11467): POSICION BUDDY NUEVO: 128
[INFO] 18:02:40:213 broker/(11429:11467): POSICION BUDDY NUEVO: 64
[INFO] 18:02:40:213 broker/(11429:11467): POSICION BUDDY NUEVO: 32
[INFO] 18:02:40:220 broker/(11429:11448): ACK RECIBIDO DEL SUSCRIPTOR 11442 REFERENCIANDO AL MENSAJE 0
[INFO] 18:02:47:393 broker/(11429:11467): NEW POKEMON RECIBIDO
[INFO] 18:02:47:435 broker/(11429:11448): ACK RECIBIDO DEL SUSCRIPTOR 11442 REFERENCIANDO AL MENSAJE 1
[INFO] 18:02:53:761 broker/(11429:11467): NEW POKEMON RECIBIDO
[INFO] 18:02:53:761 broker/(11429:11467): POSICION BUDDY NUEVO: 96
[INFO] 18:02:53:802 broker/(11429:11448): ACK RECIBIDO DEL SUSCRIPTOR 11442 REFERENCIANDO AL MENSAJE 2
[INFO] 18:03:35:77 broker/(11429:11429): NUEVA CONEXIÓN
[INFO] 18:03:38:840 broker/(11429:11502): SE AGREGO EL SUSCRIPTOR 7 A LA COLA NEW
[INFO] 18:03:38:841 broker/(11429:11502): NUEVA SUSCRIPCION
[INFO] 18:03:38:897 broker/(11429:11502): ACK RECIBIDO DEL SUSCRIPTOR 11496 REFERENCIANDO AL MENSAJE 0
[INFO] 18:03:38:897 broker/(11429:11502): ACK RECIBIDO DEL SUSCRIPTOR 11496 REFERENCIANDO AL MENSAJE 1
[INFO] 18:03:38:897 broker/(11429:11502): ACK RECIBIDO DEL SUSCRIPTOR 11496 REFERENCIANDO AL MENSAJE 2
[INFO] 18:07:23:777 broker/(11429:11448): CLIENTE DESCONECTADO
[INFO] 18:07:25:790 broker/(11429:11467): ERROR COMUNICACIÓN
[INFO] 18:07:27:621 broker/(11429:11502): CLIENTE DESCONECTADO
[INFO] 18:07:49:627 broker/(11610:11610): Servidor levantado! Escuchando en 8080
[INFO] 18:08:05:949 broker/(11610:11610): NUEVA CONEXIÓN
[INFO] 18:08:09:18 broker/(11610:11646): NEW POKEMON RECIBIDO
[INFO] 18:08:09:19 broker/(11610:11646): POSICION BUDDY NUEVO: 1024
[INFO] 18:08:09:19 broker/(11610:11646): POSICION BUDDY NUEVO: 512
[INFO] 18:08:09:19 broker/(11610:11646): POSICION BUDDY NUEVO: 256
[INFO] 18:08:09:19 broker/(11610:11646): POSICION BUDDY NUEVO: 128
[INFO] 18:08:09:19 broker/(11610:11646): POSICION BUDDY NUEVO: 64
[INFO] 18:08:09:19 broker/(11610:11646): POSICION BUDDY NUEVO: 32
[INFO] 18:08:10:794 broker/(11610:11646): NEW POKEMON RECIBIDO
[INFO] 18:08:32:116 broker/(11610:11646): ERROR COMUNICACIÓN
[INFO] 18:08:40:134 broker/(11610:11610): NUEVA CONEXIÓN
[INFO] 18:08:44:743 broker/(11610:11662): NEW POKEMON RECIBIDO
[INFO] 18:08:44:743 broker/(11610:11662): POSICION BUDDY NUEVO: 96
[INFO] 18:08:48:285 broker/(11610:11662): NEW POKEMON RECIBIDO
[INFO] 18:09:02:86 broker/(11610:11610): NUEVA CONEXIÓN
[INFO] 18:09:04:673 broker/(11610:11676): SE AGREGO EL SUSCRIPTOR 5 A LA COLA NEW
[INFO] 18:09:04:674 broker/(11610:11676): NUEVA SUSCRIPCION
[INFO] 18:09:04:725 broker/(11610:11676): ACK RECIBIDO DEL SUSCRIPTOR 11670 REFERENCIANDO AL MENSAJE 0
[INFO] 18:09:04:725 broker/(11610:11676): ACK RECIBIDO DEL SUSCRIPTOR 11670 REFERENCIANDO AL MENSAJE 1
[INFO] 18:09:04:725 broker/(11610:11676): ACK RECIBIDO DEL SUSCRIPTOR 11670 REFERENCIANDO AL MENSAJE 2
[INFO] 18:09:04:725 broker/(11610:11676): ACK RECIBIDO DEL SUSCRIPTOR 11670 REFERENCIANDO AL MENSAJE 3
[INFO] 18:09:12:244 broker/(11610:11662): ERROR COMUNICACIÓN
[INFO] 18:09:13:869 broker/(11610:11676): CLIENTE DESCONECTADO
[INFO] 18:17:51:395 broker/(11849:11849): Servidor levantado! Escuchando en 8080
[INFO] 18:18:00:79 broker/(11849:11849): NUEVA CONEXIÓN
[INFO] 18:18:04:563 broker/(11849:11884): NEW POKEMON RECIBIDO
[INFO] 18:18:04:563 broker/(11849:11884): POSICION BUDDY NUEVO: 1024
[INFO] 18:18:04:563 broker/(11849:11884): POSICION BUDDY NUEVO: 512
[INFO] 18:18:04:563 broker/(11849:11884): POSICION BUDDY NUEVO: 256
[INFO] 18:18:04:563 broker/(11849:11884): POSICION BUDDY NUEVO: 128
[INFO] 18:18:04:563 broker/(11849:11884): POSICION BUDDY NUEVO: 64
[INFO] 18:18:04:563 broker/(11849:11884): POSICION BUDDY NUEVO: 32
[INFO] 18:18:16:333 broker/(11849:11884): APPEARED POKEMON RECIBIDO
[INFO] 18:18:16:333 broker/(11849:11884): mensaje agregado a la cola
[INFO] 18:18:16:333 broker/(11849:11884): POSICION BUDDY NUEVO: 48
