[INFO] 21:47:22:642 Team/(4919:4927): CONEXION EXITOSA CON EL BROKER
[INFO] 21:47:22:643 Team/(4919:4928): CONEXION EXITOSA CON EL BROKER
[INFO] 21:47:22:644 Team/(4919:4929): CONEXION EXITOSA CON EL BROKER
[INFO] 21:47:22:644 Team/(4919:4930): Servidor levantado! Escuchando en 8080
[INFO] 21:50:00:814 Team/(4919:4927): MENSAJE APPEARED RECIBIDO 
ID MENSAJE: 4 
ID CORRELATIVO: 100 
NOMBRE: Pikachu 
POSICION (9,9) 

[INFO] 21:50:00:814 Team/(4919:4932): EL ENTRENADOR 2 SE MOVIO A LA COLA DE CORTO PLAZO PARA PODER IR A CAPTURAR AL POKEMON: Pikachu
[INFO] 21:50:00:814 Team/(4919:4926): EL ENTRENADOR 2 SE MOVIO A LA POSICION (4,2)
[INFO] 21:50:00:864 Team/(4919:4927): MENSAJE APPEARED RECIBIDO 
ID MENSAJE: 5 
ID CORRELATIVO: 101 
NOMBRE: Squirtle 
POSICION (6,7) 

[INFO] 21:50:00:865 Team/(4919:4927): MENSAJE APPEARED RECIBIDO 
ID MENSAJE: 6 
ID CORRELATIVO: 102 
NOMBRE: Onix 
POSICION (2,8) 

[INFO] 21:50:00:865 Team/(4919:4932): EL ENTRENADOR 1 SE MOVIO A LA COLA DE CORTO PLAZO PARA PODER IR A CAPTURAR AL POKEMON: Squirtle
[INFO] 21:50:00:865 Team/(4919:4927): MENSAJE APPEARED RECIBIDO 
ID MENSAJE: 7 
ID CORRELATIVO: 103 
NOMBRE: Gengar 
POSICION (6,6) 

[INFO] 21:50:00:865 Team/(4919:4927): MENSAJE APPEARED RECIBIDO 
ID MENSAJE: 8 
ID CORRELATIVO: 104 
NOMBRE: Squirtle 
POSICION (5,5) 

[INFO] 21:50:00:865 Team/(4919:4932): EL ENTRENADOR 0 SE MOVIO A LA COLA DE CORTO PLAZO PARA PODER IR A CAPTURAR AL POKEMON: Squirtle
[INFO] 21:50:01:814 Team/(4919:4926): EL ENTRENADOR 2 SE MOVIO A LA POSICION (5,2)
[INFO] 21:50:02:815 Team/(4919:4926): EL ENTRENADOR 2 SE MOVIO A LA POSICION (6,2)
[INFO] 21:50:03:817 Team/(4919:4926): EL ENTRENADOR 2 SE MOVIO A LA POSICION (7,2)
[INFO] 21:50:04:819 Team/(4919:4926): EL ENTRENADOR 2 SE MOVIO A LA POSICION (8,2)
[INFO] 21:50:05:819 Team/(4919:4926): EL ENTRENADOR 2 SE MOVIO A LA POSICION (9,2)
[INFO] 21:50:06:821 Team/(4919:4926): EL ENTRENADOR 2 SE MOVIO A LA POSICION (9,3)
[INFO] 21:50:07:823 Team/(4919:4926): EL ENTRENADOR 2 SE MOVIO A LA POSICION (9,4)
[INFO] 21:50:08:824 Team/(4919:4926): EL ENTRENADOR 2 SE MOVIO A LA POSICION (9,5)
[INFO] 21:50:09:826 Team/(4919:4926): EL ENTRENADOR 2 SE MOVIO A LA POSICION (9,6)
[INFO] 21:50:10:826 Team/(4919:4926): EL ENTRENADOR 2 SE MOVIO A LA POSICION (9,7)
[INFO] 21:50:11:827 Team/(4919:4926): EL ENTRENADOR 2 SE MOVIO A LA POSICION (9,8)
[INFO] 21:50:12:828 Team/(4919:4926): EL ENTRENADOR 2 SE MOVIO A LA POSICION (9,9)
[INFO] 21:50:13:829 Team/(4919:4926): SE MOVIO AL ENTRENADOR 2 A LA COLA DE LARGO PLAZO Y SE LO BLOQUEO A LA ESPERA DE UN MENSAJE CAUGHT
[INFO] 21:54:32:471 Team/(5282:5282): ERROR AL ENVIAR MENSAJE GET
[INFO] 21:54:32:472 Team/(5282:5282): ERROR AL ENVIAR MENSAJE GET
[INFO] 21:54:32:472 Team/(5282:5293): Servidor levantado! Escuchando en 8080
[INFO] 21:54:32:472 Team/(5282:5292): ERROR AL SUSCRIBIRSE A LA COLA
[INFO] 21:54:32:473 Team/(5282:5291): ERROR AL SUSCRIBIRSE A LA COLA
[INFO] 21:54:32:473 Team/(5282:5282): ERROR AL ENVIAR MENSAJE GET
[INFO] 21:54:32:473 Team/(5282:5290): ERROR AL SUSCRIBIRSE A LA COLA
[INFO] 21:54:32:473 Team/(5282:5282): ERROR AL ENVIAR MENSAJE GET
[INFO] 21:55:01:506 Team/(5328:5337): CONEXION EXITOSA CON EL BROKER
[INFO] 21:55:01:506 Team/(5328:5339): Servidor levantado! Escuchando en 8080
[INFO] 21:55:01:506 Team/(5328:5338): CONEXION EXITOSA CON EL BROKER
[INFO] 21:55:01:511 Team/(5328:5336): CONEXION EXITOSA CON EL BROKER
[INFO] 21:55:14:962 Team/(5328:5336): MENSAJE APPEARED RECIBIDO 
ID MENSAJE: 4 
ID CORRELATIVO: 100 
NOMBRE: Pikachu 
POSICION (9,9) 

[INFO] 21:55:14:963 Team/(5328:5341): EL ENTRENADOR 2 SE MOVIO A LA COLA DE CORTO PLAZO PARA PODER IR A CAPTURAR AL POKEMON: Pikachu
[INFO] 21:55:14:963 Team/(5328:5335): EL ENTRENADOR 2 SE MOVIO A LA POSICION (4,2)
[INFO] 21:55:15:17 Team/(5328:5336): MENSAJE APPEARED RECIBIDO 
ID MENSAJE: 5 
ID CORRELATIVO: 101 
NOMBRE: Squirtle 
POSICION (6,7) 

[INFO] 21:55:15:17 Team/(5328:5336): MENSAJE APPEARED RECIBIDO 
ID MENSAJE: 6 
ID CORRELATIVO: 102 
NOMBRE: Onix 
POSICION (2,8) 

[INFO] 21:55:15:17 Team/(5328:5341): EL ENTRENADOR 1 SE MOVIO A LA COLA DE CORTO PLAZO PARA PODER IR A CAPTURAR AL POKEMON: Squirtle
[INFO] 21:55:15:18 Team/(5328:5336): MENSAJE APPEARED RECIBIDO 
ID MENSAJE: 7 
ID CORRELATIVO: 103 
NOMBRE: Gengar 
POSICION (6,6) 

[INFO] 21:55:15:18 Team/(5328:5336): MENSAJE APPEARED RECIBIDO 
ID MENSAJE: 8 
ID CORRELATIVO: 104 
NOMBRE: Squirtle 
POSICION (5,5) 

[INFO] 21:55:15:18 Team/(5328:5341): EL ENTRENADOR 0 SE MOVIO A LA COLA DE CORTO PLAZO PARA PODER IR A CAPTURAR AL POKEMON: Squirtle
[INFO] 21:55:15:964 Team/(5328:5335): EL ENTRENADOR 2 SE MOVIO A LA POSICION (5,2)
[INFO] 21:55:16:964 Team/(5328:5335): EL ENTRENADOR 2 SE MOVIO A LA POSICION (6,2)
[INFO] 21:55:17:964 Team/(5328:5335): EL ENTRENADOR 2 SE MOVIO A LA POSICION (7,2)
[INFO] 21:55:18:965 Team/(5328:5335): EL ENTRENADOR 2 SE MOVIO A LA POSICION (8,2)
[INFO] 21:55:19:965 Team/(5328:5335): EL ENTRENADOR 2 SE MOVIO A LA POSICION (9,2)
[INFO] 21:55:20:966 Team/(5328:5335): EL ENTRENADOR 2 SE MOVIO A LA POSICION (9,3)
[INFO] 21:55:21:967 Team/(5328:5335): EL ENTRENADOR 2 SE MOVIO A LA POSICION (9,4)
[INFO] 21:55:22:968 Team/(5328:5335): EL ENTRENADOR 2 SE MOVIO A LA POSICION (9,5)
[INFO] 21:55:23:969 Team/(5328:5335): EL ENTRENADOR 2 SE MOVIO A LA POSICION (9,6)
[INFO] 21:55:24:970 Team/(5328:5335): EL ENTRENADOR 2 SE MOVIO A LA POSICION (9,7)
[INFO] 21:55:25:970 Team/(5328:5335): EL ENTRENADOR 2 SE MOVIO A LA POSICION (9,8)
[INFO] 21:55:26:971 Team/(5328:5335): EL ENTRENADOR 2 SE MOVIO A LA POSICION (9,9)
[INFO] 21:55:27:972 Team/(5328:5335): SE MOVIO AL ENTRENADOR 2 A LA COLA DE LARGO PLAZO Y SE LO BLOQUEO A LA ESPERA DE UN MENSAJE CAUGHT
[INFO] 21:56:00:905 Team/(5461:5469): CONEXION EXITOSA CON EL BROKER
[INFO] 21:56:00:905 Team/(5461:5470): CONEXION EXITOSA CON EL BROKER
[INFO] 21:56:00:905 Team/(5461:5471): CONEXION EXITOSA CON EL BROKER
[INFO] 21:56:00:905 Team/(5461:5472): Servidor levantado! Escuchando en 8080
[INFO] 21:56:14:734 Team/(5461:5469): MENSAJE APPEARED RECIBIDO 
ID MENSAJE: 4 
ID CORRELATIVO: 100 
NOMBRE: Pikachu 
POSICION (9,9) 

[INFO] 21:56:14:735 Team/(5461:5474): EL ENTRENADOR 2 SE MOVIO A LA COLA DE CORTO PLAZO PARA PODER IR A CAPTURAR AL POKEMON: Pikachu
[INFO] 21:56:14:735 Team/(5461:5468): EL ENTRENADOR 2 SE MOVIO A LA POSICION (4,2)
[INFO] 21:56:14:780 Team/(5461:5469): MENSAJE APPEARED RECIBIDO 
ID MENSAJE: 5 
ID CORRELATIVO: 101 
NOMBRE: Squirtle 
POSICION (6,7) 

[INFO] 21:56:14:780 Team/(5461:5469): MENSAJE APPEARED RECIBIDO 
ID MENSAJE: 6 
ID CORRELATIVO: 102 
NOMBRE: Onix 
POSICION (2,8) 

[INFO] 21:56:14:780 Team/(5461:5469): MENSAJE APPEARED RECIBIDO 
ID MENSAJE: 7 
ID CORRELATIVO: 103 
NOMBRE: Gengar 
POSICION (6,6) 

[INFO] 21:56:14:780 Team/(5461:5469): MENSAJE APPEARED RECIBIDO 
ID MENSAJE: 8 
ID CORRELATIVO: 104 
NOMBRE: Squirtle 
POSICION (5,5) 

[INFO] 21:56:14:781 Team/(5461:5474): EL ENTRENADOR 1 SE MOVIO A LA COLA DE CORTO PLAZO PARA PODER IR A CAPTURAR AL POKEMON: Onix
[INFO] 21:56:14:781 Team/(5461:5474): EL ENTRENADOR 0 SE MOVIO A LA COLA DE CORTO PLAZO PARA PODER IR A CAPTURAR AL POKEMON: Squirtle
[INFO] 21:56:15:735 Team/(5461:5468): EL ENTRENADOR 2 SE MOVIO A LA POSICION (5,2)
[INFO] 21:56:16:736 Team/(5461:5468): EL ENTRENADOR 2 SE MOVIO A LA POSICION (6,2)
[INFO] 21:56:17:736 Team/(5461:5468): EL ENTRENADOR 2 SE MOVIO A LA POSICION (7,2)
[INFO] 21:56:18:737 Team/(5461:5468): EL ENTRENADOR 2 SE MOVIO A LA POSICION (8,2)
[INFO] 21:56:19:737 Team/(5461:5468): EL ENTRENADOR 2 SE MOVIO A LA POSICION (9,2)
[INFO] 21:56:20:738 Team/(5461:5468): EL ENTRENADOR 2 SE MOVIO A LA POSICION (9,3)
[INFO] 21:56:21:739 Team/(5461:5468): EL ENTRENADOR 2 SE MOVIO A LA POSICION (9,4)
[INFO] 21:56:36:427 Team/(5539:5549): CONEXION EXITOSA CON EL BROKER
[INFO] 21:56:36:428 Team/(5539:5550): Servidor levantado! Escuchando en 8080
[INFO] 21:56:36:437 Team/(5539:5548): CONEXION EXITOSA CON EL BROKER
[INFO] 21:56:36:437 Team/(5539:5547): CONEXION EXITOSA CON EL BROKER
[INFO] 21:56:39:340 Team/(5539:5547): MENSAJE APPEARED RECIBIDO 
ID MENSAJE: 4 
ID CORRELATIVO: 100 
NOMBRE: Pikachu 
POSICION (9,9) 

[INFO] 21:56:39:340 Team/(5539:5552): EL ENTRENADOR 2 SE MOVIO A LA COLA DE CORTO PLAZO PARA PODER IR A CAPTURAR AL POKEMON: Pikachu
[INFO] 21:56:39:340 Team/(5539:5546): EL ENTRENADOR 2 SE MOVIO A LA POSICION (4,2)
[INFO] 21:56:39:385 Team/(5539:5547): MENSAJE APPEARED RECIBIDO 
ID MENSAJE: 5 
ID CORRELATIVO: 101 
NOMBRE: Squirtle 
POSICION (6,7) 

[INFO] 21:56:39:385 Team/(5539:5547): MENSAJE APPEARED RECIBIDO 
ID MENSAJE: 6 
ID CORRELATIVO: 102 
NOMBRE: Onix 
POSICION (2,8) 

[INFO] 21:56:39:386 Team/(5539:5552): EL ENTRENADOR 1 SE MOVIO A LA COLA DE CORTO PLAZO PARA PODER IR A CAPTURAR AL POKEMON: Squirtle
[INFO] 21:56:39:386 Team/(5539:5547): MENSAJE APPEARED RECIBIDO 
ID MENSAJE: 7 
ID CORRELATIVO: 103 
NOMBRE: Gengar 
POSICION (6,6) 

[INFO] 21:56:39:386 Team/(5539:5547): MENSAJE APPEARED RECIBIDO 
ID MENSAJE: 8 
ID CORRELATIVO: 104 
NOMBRE: Squirtle 
POSICION (5,5) 

[INFO] 21:56:39:387 Team/(5539:5552): EL ENTRENADOR 0 SE MOVIO A LA COLA DE CORTO PLAZO PARA PODER IR A CAPTURAR AL POKEMON: Squirtle
[INFO] 21:56:40:341 Team/(5539:5546): EL ENTRENADOR 2 SE MOVIO A LA POSICION (5,2)
[INFO] 21:56:41:342 Team/(5539:5546): EL ENTRENADOR 2 SE MOVIO A LA POSICION (6,2)
[INFO] 21:56:42:343 Team/(5539:5546): EL ENTRENADOR 2 SE MOVIO A LA POSICION (7,2)
[INFO] 21:56:43:343 Team/(5539:5546): EL ENTRENADOR 2 SE MOVIO A LA POSICION (8,2)
[INFO] 21:56:44:343 Team/(5539:5546): EL ENTRENADOR 2 SE MOVIO A LA POSICION (9,2)
[INFO] 21:56:45:344 Team/(5539:5546): EL ENTRENADOR 2 SE MOVIO A LA POSICION (9,3)
[INFO] 21:56:46:345 Team/(5539:5546): EL ENTRENADOR 2 SE MOVIO A LA POSICION (9,4)
[INFO] 21:56:47:345 Team/(5539:5546): EL ENTRENADOR 2 SE MOVIO A LA POSICION (9,5)
[INFO] 21:56:48:346 Team/(5539:5546): EL ENTRENADOR 2 SE MOVIO A LA POSICION (9,6)
[INFO] 21:56:49:347 Team/(5539:5546): EL ENTRENADOR 2 SE MOVIO A LA POSICION (9,7)
[INFO] 21:56:50:347 Team/(5539:5546): EL ENTRENADOR 2 SE MOVIO A LA POSICION (9,8)
[INFO] 21:56:51:348 Team/(5539:5546): EL ENTRENADOR 2 SE MOVIO A LA POSICION (9,9)
[INFO] 21:56:52:349 Team/(5539:5546): SE MOVIO AL ENTRENADOR 2 A LA COLA DE LARGO PLAZO Y SE LO BLOQUEO A LA ESPERA DE UN MENSAJE CAUGHT
[INFO] 21:57:37:712 Team/(5639:5647): CONEXION EXITOSA CON EL BROKER
[INFO] 21:57:37:720 Team/(5639:5649): CONEXION EXITOSA CON EL BROKER
[INFO] 21:57:37:721 Team/(5639:5650): Servidor levantado! Escuchando en 8080
[INFO] 21:57:37:721 Team/(5639:5648): CONEXION EXITOSA CON EL BROKER
[INFO] 21:57:45:576 Team/(5639:5647): MENSAJE APPEARED RECIBIDO 
ID MENSAJE: 4 
ID CORRELATIVO: 100 
NOMBRE: Pikachu 
POSICION (9,9) 

[INFO] 21:57:45:577 Team/(5639:5652): EL ENTRENADOR 2 SE MOVIO A LA COLA DE CORTO PLAZO PARA PODER IR A CAPTURAR AL POKEMON: Pikachu
[INFO] 21:57:45:577 Team/(5639:5646): EL ENTRENADOR 2 SE MOVIO A LA POSICION (4,2)
[INFO] 21:57:45:633 Team/(5639:5647): MENSAJE APPEARED RECIBIDO 
ID MENSAJE: 5 
ID CORRELATIVO: 101 
NOMBRE: Squirtle 
POSICION (6,7) 

[INFO] 21:57:45:633 Team/(5639:5647): MENSAJE APPEARED RECIBIDO 
ID MENSAJE: 6 
ID CORRELATIVO: 102 
NOMBRE: Onix 
POSICION (2,8) 

[INFO] 21:57:45:633 Team/(5639:5652): EL ENTRENADOR 1 SE MOVIO A LA COLA DE CORTO PLAZO PARA PODER IR A CAPTURAR AL POKEMON: Squirtle
[INFO] 21:57:45:633 Team/(5639:5647): MENSAJE APPEARED RECIBIDO 
ID MENSAJE: 7 
ID CORRELATIVO: 103 
NOMBRE: Gengar 
POSICION (6,6) 

[INFO] 21:57:45:633 Team/(5639:5647): MENSAJE APPEARED RECIBIDO 
ID MENSAJE: 8 
ID CORRELATIVO: 104 
NOMBRE: Squirtle 
POSICION (5,5) 

[INFO] 21:57:45:634 Team/(5639:5652): EL ENTRENADOR 0 SE MOVIO A LA COLA DE CORTO PLAZO PARA PODER IR A CAPTURAR AL POKEMON: Squirtle
[INFO] 21:57:46:577 Team/(5639:5646): EL ENTRENADOR 2 SE MOVIO A LA POSICION (5,2)
[INFO] 21:57:47:578 Team/(5639:5646): EL ENTRENADOR 2 SE MOVIO A LA POSICION (6,2)
[INFO] 21:57:48:578 Team/(5639:5646): EL ENTRENADOR 2 SE MOVIO A LA POSICION (7,2)
[INFO] 21:57:49:579 Team/(5639:5646): EL ENTRENADOR 2 SE MOVIO A LA POSICION (8,2)
[INFO] 21:57:50:580 Team/(5639:5646): EL ENTRENADOR 2 SE MOVIO A LA POSICION (9,2)
[INFO] 21:57:51:581 Team/(5639:5646): EL ENTRENADOR 2 SE MOVIO A LA POSICION (9,3)
[INFO] 21:57:52:581 Team/(5639:5646): EL ENTRENADOR 2 SE MOVIO A LA POSICION (9,4)
[INFO] 21:57:53:582 Team/(5639:5646): EL ENTRENADOR 2 SE MOVIO A LA POSICION (9,5)
[INFO] 21:57:54:583 Team/(5639:5646): EL ENTRENADOR 2 SE MOVIO A LA POSICION (9,6)
[INFO] 21:57:55:583 Team/(5639:5646): EL ENTRENADOR 2 SE MOVIO A LA POSICION (9,7)
[INFO] 21:57:56:584 Team/(5639:5646): EL ENTRENADOR 2 SE MOVIO A LA POSICION (9,8)
[INFO] 22:01:37:820 Team/(5870:5879): CONEXION EXITOSA CON EL BROKER
[INFO] 22:01:37:820 Team/(5870:5880): CONEXION EXITOSA CON EL BROKER
[INFO] 22:01:37:820 Team/(5870:5881): Servidor levantado! Escuchando en 8080
[INFO] 22:01:37:820 Team/(5870:5878): CONEXION EXITOSA CON EL BROKER
[INFO] 22:04:10:731 Team/(5870:5878): MENSAJE APPEARED RECIBIDO 
ID MENSAJE: 4 
ID CORRELATIVO: 100 
NOMBRE: Pikachu 
POSICION (9,9) 

[INFO] 22:04:10:732 Team/(5870:5883): EL ENTRENADOR 2 SE MOVIO A LA COLA DE CORTO PLAZO PARA PODER IR A CAPTURAR AL POKEMON: Pikachu
[INFO] 22:04:10:732 Team/(5870:5877): EL ENTRENADOR 2 SE MOVIO A LA POSICION (4,2)
[INFO] 22:04:10:785 Team/(5870:5878): MENSAJE APPEARED RECIBIDO 
ID MENSAJE: 5 
ID CORRELATIVO: 101 
NOMBRE: Squirtle 
POSICION (6,7) 

[INFO] 22:04:10:785 Team/(5870:5878): MENSAJE APPEARED RECIBIDO 
ID MENSAJE: 6 
ID CORRELATIVO: 102 
NOMBRE: Onix 
POSICION (2,8) 

[INFO] 22:04:10:785 Team/(5870:5883): EL ENTRENADOR 1 SE MOVIO A LA COLA DE CORTO PLAZO PARA PODER IR A CAPTURAR AL POKEMON: Squirtle
[INFO] 22:04:10:785 Team/(5870:5878): MENSAJE APPEARED RECIBIDO 
ID MENSAJE: 7 
ID CORRELATIVO: 103 
NOMBRE: Gengar 
POSICION (6,6) 

[INFO] 22:04:10:786 Team/(5870:5878): MENSAJE APPEARED RECIBIDO 
ID MENSAJE: 8 
ID CORRELATIVO: 104 
NOMBRE: Squirtle 
POSICION (5,5) 

[INFO] 22:04:10:786 Team/(5870:5883): EL ENTRENADOR 0 SE MOVIO A LA COLA DE CORTO PLAZO PARA PODER IR A CAPTURAR AL POKEMON: Squirtle
[INFO] 22:04:11:732 Team/(5870:5877): EL ENTRENADOR 2 SE MOVIO A LA POSICION (5,2)
[INFO] 22:04:12:732 Team/(5870:5877): EL ENTRENADOR 2 SE MOVIO A LA POSICION (6,2)
[INFO] 22:04:13:733 Team/(5870:5877): EL ENTRENADOR 2 SE MOVIO A LA POSICION (7,2)
[INFO] 22:04:14:733 Team/(5870:5877): EL ENTRENADOR 2 SE MOVIO A LA POSICION (8,2)
[INFO] 22:04:15:734 Team/(5870:5877): EL ENTRENADOR 2 SE MOVIO A LA POSICION (9,2)
[INFO] 22:04:16:735 Team/(5870:5877): EL ENTRENADOR 2 SE MOVIO A LA POSICION (9,3)
[INFO] 22:04:17:735 Team/(5870:5877): EL ENTRENADOR 2 SE MOVIO A LA POSICION (9,4)
[INFO] 22:04:18:736 Team/(5870:5877): EL ENTRENADOR 2 SE MOVIO A LA POSICION (9,5)
[INFO] 22:04:19:736 Team/(5870:5877): EL ENTRENADOR 2 SE MOVIO A LA POSICION (9,6)
[INFO] 22:04:20:737 Team/(5870:5877): EL ENTRENADOR 2 SE MOVIO A LA POSICION (9,7)
[INFO] 22:04:21:738 Team/(5870:5877): EL ENTRENADOR 2 SE MOVIO A LA POSICION (9,8)
[INFO] 22:04:22:739 Team/(5870:5877): EL ENTRENADOR 2 SE MOVIO A LA POSICION (9,9)
[INFO] 22:04:23:740 Team/(5870:5877): SE MOVIO AL ENTRENADOR 2 A LA COLA DE LARGO PLAZO Y SE LO BLOQUEO A LA ESPERA DE UN MENSAJE CAUGHT
[INFO] 22:06:46:846 Team/(6160:6169): CONEXION EXITOSA CON EL BROKER
[INFO] 22:06:46:847 Team/(6160:6170): CONEXION EXITOSA CON EL BROKER
[INFO] 22:06:46:848 Team/(6160:6171): CONEXION EXITOSA CON EL BROKER
[INFO] 22:06:46:848 Team/(6160:6172): Servidor levantado! Escuchando en 8080
[INFO] 22:07:21:452 Team/(6160:6169): MENSAJE APPEARED RECIBIDO 
ID MENSAJE: 4 
ID CORRELATIVO: 100 
NOMBRE: Pikachu 
POSICION (9,9) 

[INFO] 22:07:21:452 Team/(6160:6174): EL ENTRENADOR 2 SE MOVIO A LA COLA DE CORTO PLAZO PARA PODER IR A CAPTURAR AL POKEMON: Pikachu
[INFO] 22:07:21:452 Team/(6160:6168): EL ENTRENADOR 2 SE MOVIO A LA POSICION (4,2)
[INFO] 22:07:21:507 Team/(6160:6169): MENSAJE APPEARED RECIBIDO 
ID MENSAJE: 5 
ID CORRELATIVO: 101 
NOMBRE: Squirtle 
POSICION (6,7) 

[INFO] 22:07:21:507 Team/(6160:6169): MENSAJE APPEARED RECIBIDO 
ID MENSAJE: 6 
ID CORRELATIVO: 102 
NOMBRE: Onix 
POSICION (2,8) 

[INFO] 22:07:21:507 Team/(6160:6174): EL ENTRENADOR 1 SE MOVIO A LA COLA DE CORTO PLAZO PARA PODER IR A CAPTURAR AL POKEMON: Squirtle
[INFO] 22:07:21:507 Team/(6160:6169): MENSAJE APPEARED RECIBIDO 
ID MENSAJE: 7 
ID CORRELATIVO: 103 
NOMBRE: Gengar 
POSICION (6,6) 

[INFO] 22:07:21:508 Team/(6160:6169): MENSAJE APPEARED RECIBIDO 
ID MENSAJE: 8 
ID CORRELATIVO: 104 
NOMBRE: Squirtle 
POSICION (5,5) 

[INFO] 22:07:21:508 Team/(6160:6174): EL ENTRENADOR 0 SE MOVIO A LA COLA DE CORTO PLAZO PARA PODER IR A CAPTURAR AL POKEMON: Squirtle
[INFO] 22:07:22:452 Team/(6160:6168): EL ENTRENADOR 2 SE MOVIO A LA POSICION (5,2)
[INFO] 22:07:23:453 Team/(6160:6168): EL ENTRENADOR 2 SE MOVIO A LA POSICION (6,2)
[INFO] 22:07:24:454 Team/(6160:6168): EL ENTRENADOR 2 SE MOVIO A LA POSICION (7,2)
[INFO] 22:07:25:455 Team/(6160:6168): EL ENTRENADOR 2 SE MOVIO A LA POSICION (8,2)
[INFO] 22:07:26:455 Team/(6160:6168): EL ENTRENADOR 2 SE MOVIO A LA POSICION (9,2)
[INFO] 22:07:27:456 Team/(6160:6168): EL ENTRENADOR 2 SE MOVIO A LA POSICION (9,3)
[INFO] 22:07:28:457 Team/(6160:6168): EL ENTRENADOR 2 SE MOVIO A LA POSICION (9,4)
[INFO] 22:07:29:457 Team/(6160:6168): EL ENTRENADOR 2 SE MOVIO A LA POSICION (9,5)
[INFO] 22:07:30:458 Team/(6160:6168): EL ENTRENADOR 2 SE MOVIO A LA POSICION (9,6)
[INFO] 22:07:31:459 Team/(6160:6168): EL ENTRENADOR 2 SE MOVIO A LA POSICION (9,7)
[INFO] 22:07:32:459 Team/(6160:6168): EL ENTRENADOR 2 SE MOVIO A LA POSICION (9,8)
[INFO] 22:07:33:465 Team/(6160:6168): EL ENTRENADOR 2 SE MOVIO A LA POSICION (9,9)
[INFO] 22:07:34:466 Team/(6160:6168): SE MOVIO AL ENTRENADOR 2 A LA COLA DE LARGO PLAZO Y SE LO BLOQUEO A LA ESPERA DE UN MENSAJE CAUGHT
[INFO] 22:09:54:857 Team/(6287:6298): CONEXION EXITOSA CON EL BROKER
[INFO] 22:09:54:860 Team/(6287:6299): Servidor levantado! Escuchando en 8080
[INFO] 22:09:54:860 Team/(6287:6297): CONEXION EXITOSA CON EL BROKER
[INFO] 22:09:54:861 Team/(6287:6296): CONEXION EXITOSA CON EL BROKER
[INFO] 22:10:09:195 Team/(6287:6296): MENSAJE APPEARED RECIBIDO 
ID MENSAJE: 4 
ID CORRELATIVO: 100 
NOMBRE: Pikachu 
POSICION (9,9) 

[INFO] 22:10:09:196 Team/(6287:6301): EL ENTRENADOR 2 SE MOVIO A LA COLA DE CORTO PLAZO PARA PODER IR A CAPTURAR AL POKEMON: Pikachu
[INFO] 22:10:09:196 Team/(6287:6295): EL ENTRENADOR 2 SE MOVIO A LA POSICION (4,2)
[INFO] 22:10:09:252 Team/(6287:6296): MENSAJE APPEARED RECIBIDO 
ID MENSAJE: 5 
ID CORRELATIVO: 101 
NOMBRE: Squirtle 
POSICION (6,7) 

[INFO] 22:10:09:253 Team/(6287:6296): MENSAJE APPEARED RECIBIDO 
ID MENSAJE: 6 
ID CORRELATIVO: 102 
NOMBRE: Onix 
POSICION (2,8) 

[INFO] 22:10:09:253 Team/(6287:6301): EL ENTRENADOR 1 SE MOVIO A LA COLA DE CORTO PLAZO PARA PODER IR A CAPTURAR AL POKEMON: Squirtle
[INFO] 22:10:09:253 Team/(6287:6296): MENSAJE APPEARED RECIBIDO 
ID MENSAJE: 7 
ID CORRELATIVO: 103 
NOMBRE: Gengar 
POSICION (6,6) 

[INFO] 22:10:09:253 Team/(6287:6301): EL ENTRENADOR 0 SE MOVIO A LA COLA DE CORTO PLAZO PARA PODER IR A CAPTURAR AL POKEMON: Onix
[INFO] 22:10:09:254 Team/(6287:6296): MENSAJE APPEARED RECIBIDO 
ID MENSAJE: 8 
ID CORRELATIVO: 104 
NOMBRE: Squirtle 
POSICION (5,5) 

[INFO] 22:10:10:196 Team/(6287:6295): EL ENTRENADOR 2 SE MOVIO A LA POSICION (5,2)
[INFO] 22:10:11:197 Team/(6287:6295): EL ENTRENADOR 2 SE MOVIO A LA POSICION (6,2)
[INFO] 22:10:12:197 Team/(6287:6295): EL ENTRENADOR 2 SE MOVIO A LA POSICION (7,2)
[INFO] 22:10:13:198 Team/(6287:6295): EL ENTRENADOR 2 SE MOVIO A LA POSICION (8,2)
[INFO] 22:10:14:198 Team/(6287:6295): EL ENTRENADOR 2 SE MOVIO A LA POSICION (9,2)
[INFO] 22:10:15:199 Team/(6287:6295): EL ENTRENADOR 2 SE MOVIO A LA POSICION (9,3)
[INFO] 22:10:16:201 Team/(6287:6295): EL ENTRENADOR 2 SE MOVIO A LA POSICION (9,4)
[INFO] 22:10:17:202 Team/(6287:6295): EL ENTRENADOR 2 SE MOVIO A LA POSICION (9,5)
[INFO] 22:10:18:202 Team/(6287:6295): EL ENTRENADOR 2 SE MOVIO A LA POSICION (9,6)
[INFO] 22:10:19:203 Team/(6287:6295): EL ENTRENADOR 2 SE MOVIO A LA POSICION (9,7)
[INFO] 22:10:20:204 Team/(6287:6295): EL ENTRENADOR 2 SE MOVIO A LA POSICION (9,8)
[INFO] 22:10:21:205 Team/(6287:6295): EL ENTRENADOR 2 SE MOVIO A LA POSICION (9,9)
[INFO] 22:10:22:205 Team/(6287:6295): SE MOVIO AL ENTRENADOR 2 A LA COLA DE LARGO PLAZO Y SE LO BLOQUEO A LA ESPERA DE UN MENSAJE CAUGHT
[INFO] 22:17:00:656 Team/(6538:6549): CONEXION EXITOSA CON EL BROKER
[INFO] 22:17:00:656 Team/(6538:6550): Servidor levantado! Escuchando en 8080
[INFO] 22:17:00:656 Team/(6538:6548): CONEXION EXITOSA CON EL BROKER
[INFO] 22:17:00:657 Team/(6538:6547): CONEXION EXITOSA CON EL BROKER
[INFO] 22:17:08:526 Team/(6538:6547): MENSAJE APPEARED RECIBIDO 
ID MENSAJE: 4 
ID CORRELATIVO: 100 
NOMBRE: Pikachu 
POSICION (9,9) 

[INFO] 22:17:08:528 Team/(6538:6552): EL ENTRENADOR 2 SE MOVIO A LA COLA DE CORTO PLAZO PARA PODER IR A CAPTURAR AL POKEMON: Pikachu
[INFO] 22:17:08:528 Team/(6538:6546): EL ENTRENADOR 2 SE MOVIO A LA POSICION (4,2)
[INFO] 22:17:08:674 Team/(6538:6547): MENSAJE APPEARED RECIBIDO 
ID MENSAJE: 5 
ID CORRELATIVO: 101 
NOMBRE: Squirtle 
POSICION (6,7) 

[INFO] 22:17:08:675 Team/(6538:6552): EL ENTRENADOR 1 SE MOVIO A LA COLA DE CORTO PLAZO PARA PODER IR A CAPTURAR AL POKEMON: Squirtle
[INFO] 22:17:08:789 Team/(6538:6547): MENSAJE APPEARED RECIBIDO 
ID MENSAJE: 6 
ID CORRELATIVO: 102 
NOMBRE: Onix 
POSICION (2,8) 

[INFO] 22:17:08:789 Team/(6538:6552): EL ENTRENADOR 0 SE MOVIO A LA COLA DE CORTO PLAZO PARA PODER IR A CAPTURAR AL POKEMON: Onix
[INFO] 22:17:08:857 Team/(6538:6547): MENSAJE APPEARED RECIBIDO 
ID MENSAJE: 7 
ID CORRELATIVO: 103 
NOMBRE: Gengar 
POSICION (6,6) 

[INFO] 22:17:08:895 Team/(6538:6547): MENSAJE APPEARED RECIBIDO 
ID MENSAJE: 8 
ID CORRELATIVO: 104 
NOMBRE: Squirtle 
POSICION (5,5) 

[INFO] 22:17:09:528 Team/(6538:6546): EL ENTRENADOR 2 SE MOVIO A LA POSICION (5,2)
[INFO] 22:17:10:529 Team/(6538:6546): EL ENTRENADOR 2 SE MOVIO A LA POSICION (6,2)
[INFO] 22:17:11:529 Team/(6538:6546): EL ENTRENADOR 2 SE MOVIO A LA POSICION (7,2)
[INFO] 22:17:12:529 Team/(6538:6546): EL ENTRENADOR 2 SE MOVIO A LA POSICION (8,2)
[INFO] 22:17:13:530 Team/(6538:6546): EL ENTRENADOR 2 SE MOVIO A LA POSICION (9,2)
[INFO] 22:17:14:531 Team/(6538:6546): EL ENTRENADOR 2 SE MOVIO A LA POSICION (9,3)
[INFO] 22:17:15:531 Team/(6538:6546): EL ENTRENADOR 2 SE MOVIO A LA POSICION (9,4)
[INFO] 22:17:16:532 Team/(6538:6546): EL ENTRENADOR 2 SE MOVIO A LA POSICION (9,5)
[INFO] 22:17:17:534 Team/(6538:6546): EL ENTRENADOR 2 SE MOVIO A LA POSICION (9,6)
[INFO] 22:17:18:534 Team/(6538:6546): EL ENTRENADOR 2 SE MOVIO A LA POSICION (9,7)
[INFO] 22:17:19:535 Team/(6538:6546): EL ENTRENADOR 2 SE MOVIO A LA POSICION (9,8)
[INFO] 22:17:20:535 Team/(6538:6546): EL ENTRENADOR 2 SE MOVIO A LA POSICION (9,9)
[INFO] 22:17:21:537 Team/(6538:6546): SE MOVIO AL ENTRENADOR 2 A LA COLA DE LARGO PLAZO Y SE LO BLOQUEO A LA ESPERA DE UN MENSAJE CAUGHT
