[INFO] 18:58:08:742 Team/(10096:10102): CONEXION EXITOSA CON EL BROKER
[INFO] 18:58:08:745 Team/(10096:10103): CONEXION EXITOSA CON EL BROKER
[INFO] 18:58:08:746 Team/(10096:10105): Servidor levantado! Escuchando en 5050
[INFO] 18:58:08:746 Team/(10096:10104): CONEXION EXITOSA CON EL BROKER
[INFO] 18:58:08:763 Team/(10096:10103): MENSAJE APPEARED RECIBIDO 
ID MENSAJE: 13 
ID CORRELATIVO: 9 
NOMBRE: Pikachu 
POSICIONES (9,9)  

[INFO] 18:58:08:773 Team/(10096:10103): MENSAJE APPEARED RECIBIDO 
ID MENSAJE: 14 
ID CORRELATIVO: 10 
NOMBRE: Gengar 
POSICIONES  

[INFO] 18:58:08:782 Team/(10096:10103): MENSAJE APPEARED RECIBIDO 
ID MENSAJE: 15 
ID CORRELATIVO: 11 
NOMBRE: Onix 
POSICIONES  

[INFO] 18:59:32:421 Team/(10142:10154): Servidor levantado! Escuchando en 5050
[INFO] 18:59:32:437 Team/(10142:10148): CONEXION EXITOSA CON EL BROKER
[INFO] 18:59:32:438 Team/(10142:10151): CONEXION EXITOSA CON EL BROKER
[INFO] 18:59:32:442 Team/(10142:10149): CONEXION EXITOSA CON EL BROKER
[INFO] 18:59:32:496 Team/(10142:10149): MENSAJE APPEARED RECIBIDO 
ID MENSAJE: 15 
ID CORRELATIVO: 11 
NOMBRE: Onix 
POSICIONES  

[INFO] 17:30:16:499 Team/(7250:7257): CONEXION EXITOSA CON EL BROKER
[INFO] 17:30:16:500 Team/(7250:7258): CONEXION EXITOSA CON EL BROKER
[INFO] 17:30:16:500 Team/(7250:7259): Servidor levantado! Escuchando en 5050
[INFO] 17:30:16:500 Team/(7250:7256): CONEXION EXITOSA CON EL BROKER
[INFO] 17:30:16:501 Team/(7250:7258): MENSAJE CAUGHT RECIBIDO 
ID MENSAJE: 33 
ID CORRELATIVO: 32 
 EL POKEMON FUE ATRAPADO 

[INFO] 17:30:16:502 Team/(7250:7258): MENSAJE CAUGHT RECIBIDO 
ID MENSAJE: 35 
ID CORRELATIVO: 34 
 EL POKEMON FUE ATRAPADO 

[INFO] 17:30:16:503 Team/(7250:7258): MENSAJE CAUGHT RECIBIDO 
ID MENSAJE: 37 
ID CORRELATIVO: 36 
 EL POKEMON FUE ATRAPADO 

[INFO] 17:30:16:543 Team/(7250:7257): MENSAJE LOCALIZED RECIBIDO 
ID MENSAJE: 42 
ID CORRELATIVO: 38 
NOMBRE: Vaporeon 
POSICIONES (4,10)  

[INFO] 17:30:16:543 Team/(7250:7260): SE MOVIO AL ENTRENADOR 4 A LA COLA DE CORTO PLAZO PARA PODER IR A CAPTURAR AL POKEMON: Vaporeon
[INFO] 17:30:16:543 Team/(7250:7255): EL ENTRENADOR 4 SE MOVIO A LA POSICION (3,9)
[INFO] 17:30:16:543 Team/(7250:7258): MENSAJE LOCALIZED RECIBIDO 
ID MENSAJE: 42 
ID CORRELATIVO: 38 
NOMBRE: Vaporeon 
POSICIONES (4,10)  

[INFO] 17:30:16:626 Team/(7250:7257): MENSAJE LOCALIZED RECIBIDO 
ID MENSAJE: 44 
ID CORRELATIVO: 39 
NOMBRE: Jolteon 
POSICIONES (2,2)  

[INFO] 17:30:16:627 Team/(7250:7260): SE MOVIO AL ENTRENADOR 0 A LA COLA DE CORTO PLAZO PARA PODER IR A CAPTURAR AL POKEMON: Jolteon
[INFO] 17:30:16:635 Team/(7250:7258): MENSAJE LOCALIZED RECIBIDO 
ID MENSAJE: 44 
ID CORRELATIVO: 39 
NOMBRE: Jolteon 
POSICIONES (2,2)  

[INFO] 17:30:16:636 Team/(7250:7258): MENSAJE LOCALIZED RECIBIDO 
ID MENSAJE: 45 
ID CORRELATIVO: 40 
NOMBRE: Flareon 
POSICIONES (4,6)  

[INFO] 17:30:16:675 Team/(7250:7257): MENSAJE LOCALIZED RECIBIDO 
ID MENSAJE: 45 
ID CORRELATIVO: 40 
NOMBRE: Flareon 
POSICIONES (4,6)  

[INFO] 17:30:16:676 Team/(7250:7257): MENSAJE LOCALIZED RECIBIDO 
ID MENSAJE: 46 
ID CORRELATIVO: 41 
NOMBRE: Umbreon 
POSICIONES (10,6)  

[INFO] 17:30:16:676 Team/(7250:7260): SE MOVIO AL ENTRENADOR 1 A LA COLA DE CORTO PLAZO PARA PODER IR A CAPTURAR AL POKEMON: Flareon
[INFO] 17:30:16:676 Team/(7250:7260): SE MOVIO AL ENTRENADOR 2 A LA COLA DE CORTO PLAZO PARA PODER IR A CAPTURAR AL POKEMON: Umbreon
[INFO] 17:30:16:715 Team/(7250:7258): MENSAJE LOCALIZED RECIBIDO 
ID MENSAJE: 46 
ID CORRELATIVO: 41 
NOMBRE: Umbreon 
POSICIONES (10,6)  

[INFO] 17:30:16:731 Team/(7250:7258): MENSAJE LOCALIZED RECIBIDO 
ID MENSAJE: 47 
ID CORRELATIVO: 43 
NOMBRE: Espeon 
POSICIONES (7,1)  

[INFO] 17:30:16:767 Team/(7250:7257): MENSAJE LOCALIZED RECIBIDO 
ID MENSAJE: 47 
ID CORRELATIVO: 43 
NOMBRE: Espeon 
POSICIONES (7,1)  

[INFO] 17:30:16:767 Team/(7250:7260): SE MOVIO AL ENTRENADOR 3 A LA COLA DE CORTO PLAZO PARA PODER IR A CAPTURAR AL POKEMON: Espeon
[INFO] 17:30:18:543 Team/(7250:7251): EL ENTRENADOR 0 SE MOVIO A LA POSICION (2,2)
[INFO] 17:30:20:544 Team/(7250:7251): SE MOVIO AL ENTRENADOR 0 A LA COLA DE LARGO PLAZO Y SE LO BLOQUEO A LA ESPERA DE UN MENSAJE CAUGHT
[INFO] 17:30:20:545 Team/(7250:7252): EL ENTRENADOR 1 SE MOVIO A LA POSICION (5,5)
[INFO] 17:30:20:623 Team/(7250:7258): MENSAJE CAUGHT RECIBIDO 
ID MENSAJE: 49 
ID CORRELATIVO: 48 
 EL POKEMON FUE ATRAPADO 

[INFO] 17:30:20:623 Team/(7250:7262): EL ENTRENADOR 0 ATRAPO AL POKEMON Jolteon EN LA POSICION (2,2)
[INFO] 17:30:20:626 Team/(7250:7257): MENSAJE CAUGHT RECIBIDO 
ID MENSAJE: 49 
ID CORRELATIVO: 48 
 EL POKEMON FUE ATRAPADO 

[INFO] 17:31:02:296 Team/(7325:7332): CONEXION EXITOSA CON EL BROKER
[INFO] 17:31:02:297 Team/(7325:7333): CONEXION EXITOSA CON EL BROKER
[INFO] 17:31:02:297 Team/(7325:7334): Servidor levantado! Escuchando en 5050
[INFO] 17:31:02:297 Team/(7325:7331): CONEXION EXITOSA CON EL BROKER
[INFO] 17:31:02:318 Team/(7325:7332): MENSAJE LOCALIZED RECIBIDO 
ID MENSAJE: 47 
ID CORRELATIVO: 43 
NOMBRE: Espeon 
POSICIONES (7,1)  

[INFO] 17:31:02:344 Team/(7325:7333): MENSAJE CAUGHT RECIBIDO 
ID MENSAJE: 49 
ID CORRELATIVO: 48 
 EL POKEMON FUE ATRAPADO 

[INFO] 17:31:02:373 Team/(7325:7331): MENSAJE LOCALIZED RECIBIDO 
ID MENSAJE: 55 
ID CORRELATIVO: 50 
NOMBRE: Vaporeon 
POSICIONES (4,10)  

[INFO] 17:31:02:374 Team/(7325:7336): SE MOVIO AL ENTRENADOR 0 A LA COLA DE CORTO PLAZO PARA PODER IR A CAPTURAR AL POKEMON: Vaporeon
[INFO] 17:31:02:374 Team/(7325:7326): EL ENTRENADOR 0 SE MOVIO A LA POSICION (1,3)
[INFO] 17:31:02:407 Team/(7325:7332): MENSAJE LOCALIZED RECIBIDO 
ID MENSAJE: 55 
ID CORRELATIVO: 50 
NOMBRE: Vaporeon 
POSICIONES (4,10)  

[INFO] 17:31:02:408 Team/(7325:7332): MENSAJE LOCALIZED RECIBIDO 
ID MENSAJE: 55 
ID CORRELATIVO: 50 
NOMBRE: Vaporeon 
POSICIONES (4,10)  

[INFO] 17:31:02:417 Team/(7325:7332): MENSAJE LOCALIZED RECIBIDO 
ID MENSAJE: 56 
ID CORRELATIVO: 51 
NOMBRE: Jolteon 
 0 POSICIONES
[INFO] 17:31:02:422 Team/(7325:7332): MENSAJE LOCALIZED RECIBIDO 
ID MENSAJE: 56 
ID CORRELATIVO: 51 
NOMBRE: Jolteon 
 0 POSICIONES
[INFO] 17:31:02:448 Team/(7325:7332): MENSAJE LOCALIZED RECIBIDO 
ID MENSAJE: 57 
ID CORRELATIVO: 52 
NOMBRE: Flareon 
POSICIONES (4,6)  

[INFO] 17:31:02:454 Team/(7325:7335): SE MOVIO AL ENTRENADOR 1 A LA COLA DE CORTO PLAZO PARA PODER IR A CAPTURAR AL POKEMON: Flareon
[INFO] 17:31:02:456 Team/(7325:7332): MENSAJE LOCALIZED RECIBIDO 
ID MENSAJE: 57 
ID CORRELATIVO: 52 
NOMBRE: Flareon 
POSICIONES (4,6)  

[INFO] 17:31:02:463 Team/(7325:7331): MENSAJE LOCALIZED RECIBIDO 
ID MENSAJE: 56 
ID CORRELATIVO: 51 
NOMBRE: Jolteon 
 0 POSICIONES
[INFO] 17:31:02:463 Team/(7325:7336): SE MOVIO AL ENTRENADOR 4 A LA COLA DE CORTO PLAZO PARA PODER IR A CAPTURAR AL POKEMON: Jolteon
[INFO] 17:31:02:503 Team/(7325:7331): MENSAJE LOCALIZED RECIBIDO 
ID MENSAJE: 57 
ID CORRELATIVO: 52 
NOMBRE: Flareon 
POSICIONES (4,6)  

[INFO] 17:31:02:508 Team/(7325:7331): MENSAJE LOCALIZED RECIBIDO 
ID MENSAJE: 58 
ID CORRELATIVO: 53 
NOMBRE: Umbreon 
POSICIONES (10,6)  

[INFO] 17:31:02:513 Team/(7325:7336): SE MOVIO AL ENTRENADOR 3 A LA COLA DE CORTO PLAZO PARA PODER IR A CAPTURAR AL POKEMON: Umbreon
[INFO] 17:31:02:528 Team/(7325:7331): MENSAJE LOCALIZED RECIBIDO 
ID MENSAJE: 59 
ID CORRELATIVO: 54 
NOMBRE: Espeon 
POSICIONES (7,1)  

[INFO] 17:31:02:531 Team/(7325:7336): SE MOVIO AL ENTRENADOR 2 A LA COLA DE CORTO PLAZO PARA PODER IR A CAPTURAR AL POKEMON: Espeon
[INFO] 17:31:02:543 Team/(7325:7332): MENSAJE LOCALIZED RECIBIDO 
ID MENSAJE: 58 
ID CORRELATIVO: 53 
NOMBRE: Umbreon 
POSICIONES (10,6)  

[INFO] 17:31:02:543 Team/(7325:7332): MENSAJE LOCALIZED RECIBIDO 
ID MENSAJE: 58 
ID CORRELATIVO: 53 
NOMBRE: Umbreon 
POSICIONES (10,6)  

[INFO] 17:31:02:543 Team/(7325:7332): MENSAJE LOCALIZED RECIBIDO 
ID MENSAJE: 59 
ID CORRELATIVO: 54 
NOMBRE: Espeon 
POSICIONES (7,1)  

[INFO] 17:31:02:543 Team/(7325:7332): MENSAJE LOCALIZED RECIBIDO 
ID MENSAJE: 59 
ID CORRELATIVO: 54 
NOMBRE: Espeon 
POSICIONES (7,1)  

[INFO] 17:31:04:377 Team/(7325:7327): EL ENTRENADOR 1 SE MOVIO A LA POSICION (5,5)
[INFO] 17:31:06:378 Team/(7325:7330): EL ENTRENADOR 4 SE MOVIO A LA POSICION (1,9)
[INFO] 17:31:08:378 Team/(7325:7329): EL ENTRENADOR 3 SE MOVIO A LA POSICION (8,2)
[INFO] 17:31:10:379 Team/(7325:7328): EL ENTRENADOR 2 SE MOVIO A LA POSICION (8,9)
[INFO] 17:31:12:379 Team/(7325:7326): EL ENTRENADOR 0 SE MOVIO A LA POSICION (1,2)
[INFO] 17:31:14:380 Team/(7325:7327): EL ENTRENADOR 1 SE MOVIO A LA POSICION (4,5)
[INFO] 17:31:16:380 Team/(7325:7330): EL ENTRENADOR 4 SE MOVIO A LA POSICION (0,9)
[INFO] 17:31:18:382 Team/(7325:7329): EL ENTRENADOR 3 SE MOVIO A LA POSICION (7,2)
[INFO] 17:31:20:382 Team/(7325:7328): EL ENTRENADOR 2 SE MOVIO A LA POSICION (7,9)
[INFO] 17:31:41:694 Team/(7504:7511): CONEXION EXITOSA CON EL BROKER
[INFO] 17:31:41:694 Team/(7504:7512): CONEXION EXITOSA CON EL BROKER
[INFO] 17:31:41:695 Team/(7504:7513): Servidor levantado! Escuchando en 5050
[INFO] 17:31:41:695 Team/(7504:7510): CONEXION EXITOSA CON EL BROKER
[INFO] 17:31:41:703 Team/(7504:7511): MENSAJE LOCALIZED RECIBIDO 
ID MENSAJE: 58 
ID CORRELATIVO: 53 
NOMBRE: Umbreon 
POSICIONES (10,6)  

[INFO] 17:31:41:706 Team/(7504:7511): MENSAJE LOCALIZED RECIBIDO 
ID MENSAJE: 59 
ID CORRELATIVO: 54 
NOMBRE: Espeon 
POSICIONES (7,1)  

[INFO] 17:31:41:740 Team/(7504:7511): MENSAJE LOCALIZED RECIBIDO 
ID MENSAJE: 64 
ID CORRELATIVO: 60 
NOMBRE: Vaporeon 
POSICIONES (4,10)  

[INFO] 17:31:41:740 Team/(7504:7514): SE MOVIO AL ENTRENADOR 4 A LA COLA DE CORTO PLAZO PARA PODER IR A CAPTURAR AL POKEMON: Vaporeon
[INFO] 17:31:41:740 Team/(7504:7509): EL ENTRENADOR 4 SE MOVIO A LA POSICION (3,9)
[INFO] 17:31:41:741 Team/(7504:7511): MENSAJE LOCALIZED RECIBIDO 
ID MENSAJE: 64 
ID CORRELATIVO: 60 
NOMBRE: Vaporeon 
POSICIONES (4,10)  

[INFO] 17:31:41:741 Team/(7504:7511): MENSAJE LOCALIZED RECIBIDO 
ID MENSAJE: 64 
ID CORRELATIVO: 60 
NOMBRE: Vaporeon 
POSICIONES (4,10)  

[INFO] 17:31:41:743 Team/(7504:7510): MENSAJE LOCALIZED RECIBIDO 
ID MENSAJE: 64 
ID CORRELATIVO: 60 
NOMBRE: Vaporeon 
POSICIONES (4,10)  

[INFO] 17:31:41:835 Team/(7504:7511): MENSAJE LOCALIZED RECIBIDO 
ID MENSAJE: 66 
ID CORRELATIVO: 61 
NOMBRE: Jolteon 
 0 POSICIONES
[INFO] 17:31:41:835 Team/(7504:7511): MENSAJE LOCALIZED RECIBIDO 
ID MENSAJE: 66 
ID CORRELATIVO: 61 
NOMBRE: Jolteon 
 0 POSICIONES
[INFO] 17:31:41:835 Team/(7504:7511): MENSAJE LOCALIZED RECIBIDO 
ID MENSAJE: 66 
ID CORRELATIVO: 61 
NOMBRE: Jolteon 
 0 POSICIONES
[INFO] 17:31:41:835 Team/(7504:7511): MENSAJE LOCALIZED RECIBIDO 
ID MENSAJE: 67 
ID CORRELATIVO: 62 
NOMBRE: Flareon 
POSICIONES (4,6)  

[INFO] 17:31:41:835 Team/(7504:7511): MENSAJE LOCALIZED RECIBIDO 
ID MENSAJE: 67 
ID CORRELATIVO: 62 
NOMBRE: Flareon 
POSICIONES (4,6)  

[INFO] 17:31:41:835 Team/(7504:7514): SE MOVIO AL ENTRENADOR 1 A LA COLA DE CORTO PLAZO PARA PODER IR A CAPTURAR AL POKEMON: Flareon
[INFO] 17:31:41:835 Team/(7504:7511): MENSAJE LOCALIZED RECIBIDO 
ID MENSAJE: 67 
ID CORRELATIVO: 62 
NOMBRE: Flareon 
POSICIONES (4,6)  

[INFO] 17:31:41:851 Team/(7504:7510): MENSAJE LOCALIZED RECIBIDO 
ID MENSAJE: 66 
ID CORRELATIVO: 61 
NOMBRE: Jolteon 
 0 POSICIONES
[INFO] 17:31:41:853 Team/(7504:7510): MENSAJE LOCALIZED RECIBIDO 
ID MENSAJE: 67 
ID CORRELATIVO: 62 
NOMBRE: Flareon 
POSICIONES (4,6)  

[INFO] 17:31:41:853 Team/(7504:7515): SE MOVIO AL ENTRENADOR 0 A LA COLA DE CORTO PLAZO PARA PODER IR A CAPTURAR AL POKEMON: Jolteon
[INFO] 17:31:41:924 Team/(7504:7510): MENSAJE LOCALIZED RECIBIDO 
ID MENSAJE: 68 
ID CORRELATIVO: 63 
NOMBRE: Umbreon 
POSICIONES (10,6)  

[INFO] 17:31:41:924 Team/(7504:7511): MENSAJE LOCALIZED RECIBIDO 
ID MENSAJE: 68 
ID CORRELATIVO: 63 
NOMBRE: Umbreon 
POSICIONES (10,6)  

[INFO] 17:31:41:924 Team/(7504:7510): MENSAJE LOCALIZED RECIBIDO 
ID MENSAJE: 69 
ID CORRELATIVO: 65 
NOMBRE: Espeon 
POSICIONES (7,1)  

[INFO] 17:31:41:924 Team/(7504:7515): SE MOVIO AL ENTRENADOR 3 A LA COLA DE CORTO PLAZO PARA PODER IR A CAPTURAR AL POKEMON: Umbreon
[INFO] 17:31:41:924 Team/(7504:7511): MENSAJE LOCALIZED RECIBIDO 
ID MENSAJE: 68 
ID CORRELATIVO: 63 
NOMBRE: Umbreon 
POSICIONES (10,6)  

[INFO] 17:31:41:925 Team/(7504:7511): MENSAJE LOCALIZED RECIBIDO 
ID MENSAJE: 68 
ID CORRELATIVO: 63 
NOMBRE: Umbreon 
POSICIONES (10,6)  

[INFO] 17:31:41:925 Team/(7504:7511): MENSAJE LOCALIZED RECIBIDO 
ID MENSAJE: 69 
ID CORRELATIVO: 65 
NOMBRE: Espeon 
POSICIONES (7,1)  

[INFO] 17:31:41:925 Team/(7504:7511): MENSAJE LOCALIZED RECIBIDO 
ID MENSAJE: 69 
ID CORRELATIVO: 65 
NOMBRE: Espeon 
POSICIONES (7,1)  

[INFO] 17:31:41:925 Team/(7504:7511): MENSAJE LOCALIZED RECIBIDO 
ID MENSAJE: 69 
ID CORRELATIVO: 65 
NOMBRE: Espeon 
POSICIONES (7,1)  

[INFO] 17:31:41:925 Team/(7504:7515): SE MOVIO AL ENTRENADOR 2 A LA COLA DE CORTO PLAZO PARA PODER IR A CAPTURAR AL POKEMON: Espeon
[INFO] 17:31:43:741 Team/(7504:7506): EL ENTRENADOR 1 SE MOVIO A LA POSICION (5,5)
[INFO] 17:31:45:741 Team/(7504:7505): EL ENTRENADOR 0 SE MOVIO A LA POSICION (1,3)
[INFO] 17:31:47:742 Team/(7504:7508): EL ENTRENADOR 3 SE MOVIO A LA POSICION (8,2)
[INFO] 17:31:49:742 Team/(7504:7507): EL ENTRENADOR 2 SE MOVIO A LA POSICION (8,9)
[INFO] 17:31:51:743 Team/(7504:7509): EL ENTRENADOR 4 SE MOVIO A LA POSICION (4,9)
[INFO] 17:31:53:743 Team/(7504:7506): EL ENTRENADOR 1 SE MOVIO A LA POSICION (4,5)
[INFO] 17:31:55:744 Team/(7504:7505): EL ENTRENADOR 0 SE MOVIO A LA POSICION (0,3)
[INFO] 17:31:57:749 Team/(7504:7508): EL ENTRENADOR 3 SE MOVIO A LA POSICION (7,2)
[INFO] 17:31:59:752 Team/(7504:7507): EL ENTRENADOR 2 SE MOVIO A LA POSICION (7,9)
[INFO] 17:32:01:753 Team/(7504:7509): EL ENTRENADOR 4 SE MOVIO A LA POSICION (4,10)
[INFO] 17:32:03:754 Team/(7504:7509): SE MOVIO AL ENTRENADOR 4 A LA COLA DE LARGO PLAZO Y SE LO BLOQUEO A LA ESPERA DE UN MENSAJE CAUGHT
[INFO] 17:32:03:755 Team/(7504:7506): EL ENTRENADOR 1 SE MOVIO A LA POSICION (4,6)
[INFO] 17:32:03:778 Team/(7504:7512): MENSAJE CAUGHT RECIBIDO 
ID MENSAJE: 71 
ID CORRELATIVO: 70 
 EL POKEMON FUE ATRAPADO 

[INFO] 17:32:03:779 Team/(7504:7516): EL ENTRENADOR 4 ATRAPO AL POKEMON Vaporeon EN LA POSICION (4,10)
[INFO] 17:32:03:818 Team/(7504:7511): MENSAJE CAUGHT RECIBIDO 
ID MENSAJE: 71 
ID CORRELATIVO: 70 
 EL POKEMON FUE ATRAPADO 

[INFO] 17:32:03:818 Team/(7504:7510): MENSAJE CAUGHT RECIBIDO 
ID MENSAJE: 71 
ID CORRELATIVO: 70 
 EL POKEMON FUE ATRAPADO 

[INFO] 17:32:03:818 Team/(7504:7512): MENSAJE CAUGHT RECIBIDO 
ID MENSAJE: 71 
ID CORRELATIVO: 70 
 EL POKEMON FUE ATRAPADO 

[INFO] 18:40:02:326 Team/(10939:10946): CONEXION EXITOSA CON EL BROKER
[INFO] 18:40:02:327 Team/(10939:10947): CONEXION EXITOSA CON EL BROKER
[INFO] 18:40:02:327 Team/(10939:10948): Servidor levantado! Escuchando en 5050
[INFO] 18:40:02:327 Team/(10939:10945): CONEXION EXITOSA CON EL BROKER
[INFO] 18:40:02:329 Team/(10939:10946): MENSAJE LOCALIZED RECIBIDO 
ID MENSAJE: 13 
ID CORRELATIVO: 9 
NOMBRE: Pikachu 
POSICIONES (9,9)  

[INFO] 18:40:02:329 Team/(10939:10946): MENSAJE LOCALIZED RECIBIDO 
ID MENSAJE: 14 
ID CORRELATIVO: 10 
NOMBRE: Gengar 
 0 POSICIONES
[INFO] 18:40:02:330 Team/(10939:10946): MENSAJE LOCALIZED RECIBIDO 
ID MENSAJE: 15 
ID CORRELATIVO: 11 
NOMBRE: Onix 
 0 POSICIONES
[INFO] 18:40:02:351 Team/(10939:10946): MENSAJE LOCALIZED RECIBIDO 
ID MENSAJE: 18 
ID CORRELATIVO: 16 
NOMBRE: Vaporeon 
 0 POSICIONES
[INFO] 18:40:02:376 Team/(10939:10946): MENSAJE LOCALIZED RECIBIDO 
ID MENSAJE: 22 
ID CORRELATIVO: 17 
NOMBRE: Jolteon 
POSICIONES (2,2)  

[INFO] 18:40:02:376 Team/(10939:10949): SE MOVIO AL ENTRENADOR 0 A LA COLA DE CORTO PLAZO PARA PODER IR A CAPTURAR AL POKEMON: Jolteon
[INFO] 18:40:02:376 Team/(10939:10940): EL ENTRENADOR 0 SE MOVIO A LA POSICION (2,2)
[INFO] 18:40:02:408 Team/(10939:10946): MENSAJE LOCALIZED RECIBIDO 
ID MENSAJE: 23 
ID CORRELATIVO: 19 
NOMBRE: Flareon 
POSICIONES (4,6)  

[INFO] 18:40:02:408 Team/(10939:10949): SE MOVIO AL ENTRENADOR 1 A LA COLA DE CORTO PLAZO PARA PODER IR A CAPTURAR AL POKEMON: Flareon
[INFO] 18:40:02:442 Team/(10939:10946): MENSAJE LOCALIZED RECIBIDO 
ID MENSAJE: 24 
ID CORRELATIVO: 20 
NOMBRE: Umbreon 
 0 POSICIONES
[INFO] 18:40:02:450 Team/(10939:10946): MENSAJE LOCALIZED RECIBIDO 
ID MENSAJE: 25 
ID CORRELATIVO: 21 
NOMBRE: Espeon 
 0 POSICIONES
[INFO] 18:40:04:377 Team/(10939:10940): SE MOVIO AL ENTRENADOR 0 A LA COLA DE LARGO PLAZO Y SE LO BLOQUEO A LA ESPERA DE UN MENSAJE CAUGHT
[INFO] 18:40:04:379 Team/(10939:10941): EL ENTRENADOR 1 SE MOVIO A LA POSICION (5,5)
[INFO] 18:40:04:438 Team/(10939:10947): MENSAJE CAUGHT RECIBIDO 
ID MENSAJE: 27 
ID CORRELATIVO: 26 
 EL POKEMON FUE ATRAPADO 

[INFO] 18:40:04:438 Team/(10939:10951): EL ENTRENADOR 0 ATRAPO AL POKEMON Jolteon EN LA POSICION (2,2)
[INFO] 18:40:06:379 Team/(10939:10941): EL ENTRENADOR 1 SE MOVIO A LA POSICION (4,5)
[INFO] 18:40:08:379 Team/(10939:10941): EL ENTRENADOR 1 SE MOVIO A LA POSICION (4,6)
[INFO] 18:40:10:380 Team/(10939:10941): SE MOVIO AL ENTRENADOR 1 A LA COLA DE LARGO PLAZO Y SE LO BLOQUEO A LA ESPERA DE UN MENSAJE CAUGHT
[INFO] 18:40:10:442 Team/(10939:10947): MENSAJE CAUGHT RECIBIDO 
ID MENSAJE: 29 
ID CORRELATIVO: 28 
 EL POKEMON FUE ATRAPADO 

[INFO] 18:40:10:443 Team/(10939:10951): EL ENTRENADOR 1 ATRAPO AL POKEMON Flareon EN LA POSICION (4,6)
[INFO] 18:40:16:131 Team/(10939:10947): MENSAJE CAUGHT RECIBIDO 
ID MENSAJE: 31 
ID CORRELATIVO: 30 
 EL POKEMON FUE ATRAPADO 

[INFO] 18:41:21:139 Team/(10939:10947): MENSAJE CAUGHT RECIBIDO 
ID MENSAJE: 33 
ID CORRELATIVO: 32 
 EL POKEMON FUE ATRAPADO 

[INFO] 18:41:40:267 Team/(10939:10945): MENSAJE APPEARED RECIBIDO 
ID MENSAJE: 36 
ID CORRELATIVO: 34 
NOMBRE: Onix 
POSICION (2,8) 

[INFO] 18:41:40:399 Team/(10939:10945): MENSAJE APPEARED RECIBIDO 
ID MENSAJE: 40 
ID CORRELATIVO: 35 
NOMBRE: Gengar 
POSICION (6,6) 

[INFO] 18:41:40:483 Team/(10939:10945): MENSAJE APPEARED RECIBIDO 
ID MENSAJE: 42 
ID CORRELATIVO: 37 
NOMBRE: Squirtle 
POSICION (5,5) 

[INFO] 18:41:40:523 Team/(10939:10945): MENSAJE APPEARED RECIBIDO 
ID MENSAJE: 43 
ID CORRELATIVO: 38 
NOMBRE: Umbreon 
POSICION (10,6) 

[INFO] 18:41:40:523 Team/(10939:10950): SE MOVIO AL ENTRENADOR 2 A LA COLA DE CORTO PLAZO PARA PODER IR A CAPTURAR AL POKEMON: Umbreon
[INFO] 18:41:40:524 Team/(10939:10942): EL ENTRENADOR 2 SE MOVIO A LA POSICION (10,9)
[INFO] 18:41:40:527 Team/(10939:10945): MENSAJE APPEARED RECIBIDO 
ID MENSAJE: 44 
ID CORRELATIVO: 39 
NOMBRE: Espeon 
POSICION (7,1) 

[INFO] 18:41:40:527 Team/(10939:10950): SE MOVIO AL ENTRENADOR 3 A LA COLA DE CORTO PLAZO PARA PODER IR A CAPTURAR AL POKEMON: Espeon
[INFO] 18:41:40:534 Team/(10939:10945): MENSAJE APPEARED RECIBIDO 
ID MENSAJE: 45 
ID CORRELATIVO: 41 
NOMBRE: Vaporeon 
POSICION (4,10) 

[INFO] 18:41:40:534 Team/(10939:10950): SE MOVIO AL ENTRENADOR 4 A LA COLA DE CORTO PLAZO PARA PODER IR A CAPTURAR AL POKEMON: Vaporeon
[INFO] 18:41:42:524 Team/(10939:10943): EL ENTRENADOR 3 SE MOVIO A LA POSICION (8,2)
[INFO] 18:41:44:524 Team/(10939:10944): EL ENTRENADOR 4 SE MOVIO A LA POSICION (3,9)
[INFO] 18:41:46:525 Team/(10939:10942): EL ENTRENADOR 2 SE MOVIO A LA POSICION (10,8)
[INFO] 18:41:48:525 Team/(10939:10943): EL ENTRENADOR 3 SE MOVIO A LA POSICION (7,2)
[INFO] 18:41:50:526 Team/(10939:10944): EL ENTRENADOR 4 SE MOVIO A LA POSICION (4,9)
[INFO] 18:41:52:526 Team/(10939:10942): EL ENTRENADOR 2 SE MOVIO A LA POSICION (10,7)
[INFO] 18:41:54:527 Team/(10939:10943): EL ENTRENADOR 3 SE MOVIO A LA POSICION (7,1)
[INFO] 18:41:56:527 Team/(10939:10943): SE MOVIO AL ENTRENADOR 3 A LA COLA DE LARGO PLAZO Y SE LO BLOQUEO A LA ESPERA DE UN MENSAJE CAUGHT
[INFO] 18:41:56:529 Team/(10939:10944): EL ENTRENADOR 4 SE MOVIO A LA POSICION (4,10)
[INFO] 18:41:56:587 Team/(10939:10947): MENSAJE CAUGHT RECIBIDO 
ID MENSAJE: 47 
ID CORRELATIVO: 46 
 EL POKEMON FUE ATRAPADO 

[INFO] 18:41:56:587 Team/(10939:10951): EL ENTRENADOR 3 ATRAPO AL POKEMON Espeon EN LA POSICION (7,1)
[INFO] 18:41:58:529 Team/(10939:10944): SE MOVIO AL ENTRENADOR 4 A LA COLA DE LARGO PLAZO Y SE LO BLOQUEO A LA ESPERA DE UN MENSAJE CAUGHT
[INFO] 18:41:58:533 Team/(10939:10942): EL ENTRENADOR 2 SE MOVIO A LA POSICION (10,6)
[INFO] 18:41:58:590 Team/(10939:10947): MENSAJE CAUGHT RECIBIDO 
ID MENSAJE: 49 
ID CORRELATIVO: 48 
 EL POKEMON FUE ATRAPADO 

[INFO] 18:41:58:591 Team/(10939:10951): EL ENTRENADOR 4 ATRAPO AL POKEMON Vaporeon EN LA POSICION (4,10)
[INFO] 18:42:00:533 Team/(10939:10942): SE MOVIO AL ENTRENADOR 2 A LA COLA DE LARGO PLAZO Y SE LO BLOQUEO A LA ESPERA DE UN MENSAJE CAUGHT
[INFO] 18:42:00:590 Team/(10939:10947): MENSAJE CAUGHT RECIBIDO 
ID MENSAJE: 51 
ID CORRELATIVO: 50 
 EL POKEMON FUE ATRAPADO 

[INFO] 18:42:00:591 Team/(10939:10951): EL ENTRENADOR 2 ATRAPO AL POKEMON Umbreon EN LA POSICION (10,6)
[INFO] 18:42:00:591 Team/(10939:10939): INICIO EL ALGORITMO DE DETECCION DE DEADLOCKS
[INFO] 18:42:00:591 Team/(10939:10939): SE DETECTARON DEADLOCKS
[INFO] 18:42:00:591 Team/(10939:10939): SE MOVIO AL ENTRENADOR 0 A LA COLA DE CORTO PLAZO PARA PODER IR A INTERCAMBIAR UN POKEMON CON EL ENTRENADOR 4
[INFO] 18:42:00:591 Team/(10939:10939): SE MOVIO AL ENTRENADOR 2 A LA COLA DE CORTO PLAZO PARA PODER IR A INTERCAMBIAR UN POKEMON CON EL ENTRENADOR 1
[INFO] 18:42:00:591 Team/(10939:10940): EL ENTRENADOR 0 SE MOVIO A LA POSICION (3,2)
[INFO] 18:42:02:592 Team/(10939:10942): EL ENTRENADOR 2 SE MOVIO A LA POSICION (9,6)
[INFO] 18:42:04:593 Team/(10939:10940): EL ENTRENADOR 0 SE MOVIO A LA POSICION (4,2)
[INFO] 18:42:06:593 Team/(10939:10942): EL ENTRENADOR 2 SE MOVIO A LA POSICION (8,6)
[INFO] 18:42:08:594 Team/(10939:10940): EL ENTRENADOR 0 SE MOVIO A LA POSICION (4,3)
[INFO] 18:42:10:399 Team/(10939:10947): MENSAJE CAUGHT RECIBIDO 
ID MENSAJE: 53 
ID CORRELATIVO: 52 
 EL POKEMON FUE ATRAPADO 

[INFO] 18:42:10:594 Team/(10939:10942): EL ENTRENADOR 2 SE MOVIO A LA POSICION (7,6)
[INFO] 18:42:12:595 Team/(10939:10940): EL ENTRENADOR 0 SE MOVIO A LA POSICION (4,4)
[INFO] 18:42:14:596 Team/(10939:10942): EL ENTRENADOR 2 SE MOVIO A LA POSICION (6,6)
[INFO] 18:42:16:596 Team/(10939:10940): EL ENTRENADOR 0 SE MOVIO A LA POSICION (4,5)
[INFO] 18:42:18:597 Team/(10939:10942): EL ENTRENADOR 2 SE MOVIO A LA POSICION (5,6)
[INFO] 18:42:20:598 Team/(10939:10940): EL ENTRENADOR 0 SE MOVIO A LA POSICION (4,6)
[INFO] 18:42:22:598 Team/(10939:10942): EL ENTRENADOR 2 SE MOVIO A LA POSICION (4,6)
[INFO] 18:42:24:599 Team/(10939:10940): EL ENTRENADOR 0 SE MOVIO A LA POSICION (4,7)
[INFO] 18:42:26:600 Team/(10939:10942): EL ENTRENADOR 2 EFECTUO UNA RAFAGA DE INTERCAMBIO
[INFO] 18:42:28:600 Team/(10939:10940): EL ENTRENADOR 0 SE MOVIO A LA POSICION (4,8)
[INFO] 18:42:30:600 Team/(10939:10942): EL ENTRENADOR 2 EFECTUO UNA RAFAGA DE INTERCAMBIO
[INFO] 18:42:32:601 Team/(10939:10940): EL ENTRENADOR 0 SE MOVIO A LA POSICION (4,9)
[INFO] 18:42:34:601 Team/(10939:10942): EL ENTRENADOR 2 EFECTUO UNA RAFAGA DE INTERCAMBIO
[INFO] 18:42:35:426 Team/(10939:10947): MENSAJE CAUGHT RECIBIDO 
ID MENSAJE: 55 
ID CORRELATIVO: 54 
 EL POKEMON FUE ATRAPADO 

[INFO] 18:42:36:602 Team/(10939:10940): EL ENTRENADOR 0 SE MOVIO A LA POSICION (4,10)
[INFO] 18:42:38:602 Team/(10939:10942): EL ENTRENADOR 2 EFECTUO UNA RAFAGA DE INTERCAMBIO
[INFO] 18:42:40:602 Team/(10939:10940): EL ENTRENADOR 0 EFECTUO UNA RAFAGA DE INTERCAMBIO
[INFO] 18:42:42:603 Team/(10939:10942): EL ENTRENADOR 2 EFECTUO UNA RAFAGA DE INTERCAMBIO
[INFO] 18:42:44:604 Team/(10939:10942): EL ENTRENADOR 2 INTERCAMBIO SU POKEMON Umbreon POR EL POKEMON Flareon AL ENTRENADOR 1
[INFO] 18:42:44:604 Team/(10939:10942): SE MOVIO AL ENTRENADOR 1 A LA COLA DE LARGO PLAZO Y SE LO BLOQUEO A LA ESPERA DE UN INTERCAMBIO
[INFO] 18:42:44:604 Team/(10939:10942): SE MOVIO AL ENTRENADOR 3 A LA COLA DE CORTO PLAZO PARA PODER IR A INTERCAMBIAR UN POKEMON CON EL ENTRENADOR 1
[INFO] 18:42:44:604 Team/(10939:10940): EL ENTRENADOR 0 EFECTUO UNA RAFAGA DE INTERCAMBIO
[INFO] 18:42:46:605 Team/(10939:10943): EL ENTRENADOR 3 SE MOVIO A LA POSICION (6,1)
[INFO] 18:42:48:606 Team/(10939:10940): EL ENTRENADOR 0 EFECTUO UNA RAFAGA DE INTERCAMBIO
[INFO] 18:42:50:607 Team/(10939:10943): EL ENTRENADOR 3 SE MOVIO A LA POSICION (5,1)
[INFO] 18:42:52:607 Team/(10939:10940): EL ENTRENADOR 0 EFECTUO UNA RAFAGA DE INTERCAMBIO
[INFO] 18:42:54:608 Team/(10939:10943): EL ENTRENADOR 3 SE MOVIO A LA POSICION (4,1)
[INFO] 18:42:56:608 Team/(10939:10940): EL ENTRENADOR 0 EFECTUO UNA RAFAGA DE INTERCAMBIO
[INFO] 18:42:58:609 Team/(10939:10940): EL ENTRENADOR 0 INTERCAMBIO SU POKEMON Jolteon POR EL POKEMON Vaporeon AL ENTRENADOR 4
[INFO] 18:42:58:609 Team/(10939:10940): SE MOVIO AL ENTRENADOR 4 A LA COLA DE LARGO PLAZO Y SE LO BLOQUEO A LA ESPERA DE UN INTERCAMBIO
[INFO] 18:42:58:609 Team/(10939:10943): EL ENTRENADOR 3 SE MOVIO A LA POSICION (4,2)
[INFO] 18:43:00:609 Team/(10939:10943): EL ENTRENADOR 3 SE MOVIO A LA POSICION (4,3)
[INFO] 18:43:02:610 Team/(10939:10943): EL ENTRENADOR 3 SE MOVIO A LA POSICION (4,4)
[INFO] 18:43:04:611 Team/(10939:10943): EL ENTRENADOR 3 SE MOVIO A LA POSICION (4,5)
[INFO] 18:43:06:612 Team/(10939:10943): EL ENTRENADOR 3 SE MOVIO A LA POSICION (4,6)
[INFO] 18:43:08:613 Team/(10939:10943): EL ENTRENADOR 3 EFECTUO UNA RAFAGA DE INTERCAMBIO
[INFO] 18:43:10:614 Team/(10939:10943): EL ENTRENADOR 3 EFECTUO UNA RAFAGA DE INTERCAMBIO
[INFO] 18:43:12:614 Team/(10939:10943): EL ENTRENADOR 3 EFECTUO UNA RAFAGA DE INTERCAMBIO
[INFO] 18:43:14:615 Team/(10939:10943): EL ENTRENADOR 3 EFECTUO UNA RAFAGA DE INTERCAMBIO
[INFO] 18:43:15:447 Team/(10939:10947): MENSAJE CAUGHT RECIBIDO 
ID MENSAJE: 57 
ID CORRELATIVO: 56 
 EL POKEMON FUE ATRAPADO 

[INFO] 18:43:16:615 Team/(10939:10943): EL ENTRENADOR 3 EFECTUO UNA RAFAGA DE INTERCAMBIO
[INFO] 18:43:18:616 Team/(10939:10943): EL ENTRENADOR 3 INTERCAMBIO SU POKEMON Espeon POR EL POKEMON Umbreon AL ENTRENADOR 1
[INFO] 18:43:18:616 Team/(10939:10943): SE MOVIO AL ENTRENADOR 1 A LA COLA DE LARGO PLAZO Y SE LO BLOQUEO A LA ESPERA DE UN INTERCAMBIO
[INFO] 18:43:18:616 Team/(10939:10943): SE MOVIO AL ENTRENADOR 1 A LA COLA DE CORTO PLAZO PARA PODER IR A INTERCAMBIAR UN POKEMON CON EL ENTRENADOR 4
[INFO] 18:43:18:616 Team/(10939:10941): EL ENTRENADOR 1 SE MOVIO A LA POSICION (4,7)
[INFO] 18:43:20:616 Team/(10939:10941): EL ENTRENADOR 1 SE MOVIO A LA POSICION (4,8)
[INFO] 18:43:22:617 Team/(10939:10941): EL ENTRENADOR 1 SE MOVIO A LA POSICION (4,9)
[INFO] 18:43:24:618 Team/(10939:10941): EL ENTRENADOR 1 SE MOVIO A LA POSICION (4,10)
[INFO] 18:43:26:619 Team/(10939:10941): EL ENTRENADOR 1 EFECTUO UNA RAFAGA DE INTERCAMBIO
[INFO] 18:43:28:620 Team/(10939:10941): EL ENTRENADOR 1 EFECTUO UNA RAFAGA DE INTERCAMBIO
[INFO] 18:43:30:621 Team/(10939:10941): EL ENTRENADOR 1 EFECTUO UNA RAFAGA DE INTERCAMBIO
[INFO] 18:43:32:621 Team/(10939:10941): EL ENTRENADOR 1 EFECTUO UNA RAFAGA DE INTERCAMBIO
[INFO] 18:43:34:622 Team/(10939:10941): EL ENTRENADOR 1 EFECTUO UNA RAFAGA DE INTERCAMBIO
[INFO] 18:43:36:622 Team/(10939:10941): EL ENTRENADOR 1 INTERCAMBIO SU POKEMON Espeon POR EL POKEMON Jolteon AL ENTRENADOR 4
[INFO] 18:43:36:622 Team/(10939:10939): EL PROCESO TEAM VA A FINALIZAR
[INFO] 18:43:36:623 Team/(10939:10939): RESULTADO DEL TEAM
[INFO] 18:43:36:623 Team/(10939:10939): Cantidad de ciclos de CPU totales: 62
[INFO] 18:43:36:623 Team/(10939:10939): Cantidad de cambios de contexto: 43
[INFO] 18:43:36:623 Team/(10939:10939): El entrenador 0 consumio 16 ciclos
[INFO] 18:43:36:623 Team/(10939:10939): El entrenador 1 consumio 12 ciclos
[INFO] 18:43:36:623 Team/(10939:10939): El entrenador 2 consumio 15 ciclos
[INFO] 18:43:36:623 Team/(10939:10939): El entrenador 3 consumio 16 ciclos
[INFO] 18:43:36:623 Team/(10939:10939): El entrenador 4 consumio 3 ciclos
[INFO] 18:43:36:623 Team/(10939:10939): Ocurrieron deadlocks y fueron resueltos
[INFO] 18:46:10:922 Team/(11329:11336): CONEXION EXITOSA CON EL BROKER
[INFO] 18:46:10:922 Team/(11329:11337): CONEXION EXITOSA CON EL BROKER
[INFO] 18:46:10:922 Team/(11329:11335): CONEXION EXITOSA CON EL BROKER
[INFO] 18:46:10:922 Team/(11329:11338): Servidor levantado! Escuchando en 5050
[INFO] 18:46:10:927 Team/(11329:11336): MENSAJE LOCALIZED RECIBIDO 
ID MENSAJE: 10 
ID CORRELATIVO: 8 
NOMBRE: Squirtle 
POSICIONES (5,2)  

[INFO] 18:48:20:958 Team/(11927:11934): CONEXION EXITOSA CON EL BROKER
[INFO] 18:48:20:959 Team/(11927:11935): CONEXION EXITOSA CON EL BROKER
[INFO] 18:48:20:959 Team/(11927:11936): Servidor levantado! Escuchando en 5050
[INFO] 18:48:20:959 Team/(11927:11933): CONEXION EXITOSA CON EL BROKER
[INFO] 18:48:20:961 Team/(11927:11934): MENSAJE LOCALIZED RECIBIDO 
ID MENSAJE: 10 
ID CORRELATIVO: 8 
NOMBRE: Squirtle 
POSICIONES (5,2)  

[INFO] 18:49:14:555 Team/(11927:11933): INCIO DEL PROCESO DE REINTENTO DE COMUNICACION CON EL BROKER
[INFO] 18:49:14:555 Team/(11927:11935): INCIO DEL PROCESO DE REINTENTO DE COMUNICACION CON EL BROKER
[INFO] 18:49:14:555 Team/(11927:11934): INCIO DEL PROCESO DE REINTENTO DE COMUNICACION CON EL BROKER
[INFO] 18:49:14:556 Team/(11927:11935): CONEXION EXITOSA CON EL BROKER
[INFO] 18:49:14:556 Team/(11927:11934): CONEXION EXITOSA CON EL BROKER
[INFO] 18:49:14:557 Team/(11927:11933): CONEXION EXITOSA CON EL BROKER
[INFO] 18:50:27:233 Team/(11927:11933): MENSAJE APPEARED RECIBIDO 
ID MENSAJE: 4 
ID CORRELATIVO: 0 
NOMBRE: Pikachu 
POSICION (9,9) 

[INFO] 18:50:27:322 Team/(11927:11933): MENSAJE APPEARED RECIBIDO 
ID MENSAJE: 5 
ID CORRELATIVO: 1 
NOMBRE: Squirtle 
POSICION (5,2) 

[INFO] 18:50:27:323 Team/(11927:11933): MENSAJE APPEARED RECIBIDO 
ID MENSAJE: 6 
ID CORRELATIVO: 2 
NOMBRE: Jolteon 
POSICION (2,2) 

[INFO] 18:50:27:323 Team/(11927:11933): MENSAJE APPEARED RECIBIDO 
ID MENSAJE: 7 
ID CORRELATIVO: 3 
NOMBRE: Flareon 
POSICION (4,6) 

[INFO] 18:50:27:325 Team/(11927:11938): SE MOVIO AL ENTRENADOR 0 A LA COLA DE CORTO PLAZO PARA PODER IR A CAPTURAR AL POKEMON: Jolteon
[INFO] 18:50:27:326 Team/(11927:11938): SE MOVIO AL ENTRENADOR 1 A LA COLA DE CORTO PLAZO PARA PODER IR A CAPTURAR AL POKEMON: Flareon
[INFO] 18:50:27:326 Team/(11927:11928): EL ENTRENADOR 0 SE MOVIO A LA POSICION (2,2)
[INFO] 18:50:29:326 Team/(11927:11928): SE MOVIO AL ENTRENADOR 0 A LA COLA DE LARGO PLAZO Y SE LO BLOQUEO A LA ESPERA DE UN MENSAJE CAUGHT
[INFO] 18:50:29:327 Team/(11927:11929): EL ENTRENADOR 1 SE MOVIO A LA POSICION (5,5)
[INFO] 18:50:29:394 Team/(11927:11935): MENSAJE CAUGHT RECIBIDO 
ID MENSAJE: 9 
ID CORRELATIVO: 8 
 EL POKEMON FUE ATRAPADO 

[INFO] 18:50:29:394 Team/(11927:11939): EL ENTRENADOR 0 ATRAPO AL POKEMON Jolteon EN LA POSICION (2,2)
[INFO] 18:50:31:327 Team/(11927:11929): EL ENTRENADOR 1 SE MOVIO A LA POSICION (4,5)
[INFO] 18:50:31:824 Team/(11927:11934): MENSAJE LOCALIZED RECIBIDO 
ID MENSAJE: 14 
ID CORRELATIVO: 10 
NOMBRE: Squirtle 
POSICIONES (5,2)  

[INFO] 18:50:31:891 Team/(11927:11934): MENSAJE LOCALIZED RECIBIDO 
ID MENSAJE: 15 
ID CORRELATIVO: 11 
NOMBRE: Pikachu 
POSICIONES (9,9)  

[INFO] 18:50:31:891 Team/(11927:11934): MENSAJE LOCALIZED RECIBIDO 
ID MENSAJE: 16 
ID CORRELATIVO: 12 
NOMBRE: Gengar 
 0 POSICIONES
[INFO] 18:50:31:892 Team/(11927:11934): MENSAJE LOCALIZED RECIBIDO 
ID MENSAJE: 17 
ID CORRELATIVO: 13 
NOMBRE: Onix 
 0 POSICIONES
[INFO] 18:50:33:329 Team/(11927:11929): EL ENTRENADOR 1 SE MOVIO A LA POSICION (4,6)
[INFO] 18:50:35:329 Team/(11927:11929): SE MOVIO AL ENTRENADOR 1 A LA COLA DE LARGO PLAZO Y SE LO BLOQUEO A LA ESPERA DE UN MENSAJE CAUGHT
[INFO] 18:50:35:375 Team/(11927:11935): MENSAJE CAUGHT RECIBIDO 
ID MENSAJE: 19 
ID CORRELATIVO: 18 
 EL POKEMON FUE ATRAPADO 

[INFO] 18:50:35:375 Team/(11927:11939): EL ENTRENADOR 1 ATRAPO AL POKEMON Flareon EN LA POSICION (4,6)
[INFO] 18:50:46:883 Team/(11927:11935): MENSAJE CAUGHT RECIBIDO 
ID MENSAJE: 21 
ID CORRELATIVO: 20 
 EL POKEMON FUE ATRAPADO 

