[INFO] 18:57:33:938 Team/(9949:9954): CONEXION EXITOSA CON EL BROKER
[INFO] 18:57:33:943 Team/(9949:9953): CONEXION EXITOSA CON EL BROKER
[INFO] 18:57:33:945 Team/(9949:9955): CONEXION EXITOSA CON EL BROKER
[INFO] 18:57:33:945 Team/(9949:9956): Servidor levantado! Escuchando en 8080
[INFO] 18:57:33:965 Team/(9949:9953): MENSAJE APPEARED RECIBIDO 
ID MENSAJE: 6 
ID CORRELATIVO: 2 
NOMBRE: Jolteon 
POSICION (2,2) 

[INFO] 18:57:33:967 Team/(9949:9953): MENSAJE APPEARED RECIBIDO 
ID MENSAJE: 7 
ID CORRELATIVO: 3 
NOMBRE: Flareon 
POSICION (4,6) 

[INFO] 18:57:44:182 Team/(9949:9954): MENSAJE APPEARED RECIBIDO 
ID MENSAJE: 12 
ID CORRELATIVO: 8 
NOMBRE: Squirtle 
POSICIONES (5,2)  

[INFO] 18:57:54:318 Team/(9949:9954): MENSAJE APPEARED RECIBIDO 
ID MENSAJE: 13 
ID CORRELATIVO: 9 
NOMBRE: Pikachu 
POSICIONES (9,9)  

[INFO] 18:57:54:320 Team/(9949:9954): MENSAJE APPEARED RECIBIDO 
ID MENSAJE: 14 
ID CORRELATIVO: 10 
NOMBRE: Gengar 
POSICIONES  

[INFO] 18:57:54:322 Team/(9949:9954): MENSAJE APPEARED RECIBIDO 
ID MENSAJE: 15 
ID CORRELATIVO: 11 
NOMBRE: Onix 
POSICIONES  

[INFO] 18:58:08:862 Team/(9949:9954): MENSAJE APPEARED RECIBIDO 
ID MENSAJE: 18 
ID CORRELATIVO: 16 
NOMBRE: Vaporeon 
POSICIONES  

[INFO] 18:58:18:974 Team/(9949:9954): MENSAJE APPEARED RECIBIDO 
ID MENSAJE: 19 
ID CORRELATIVO: 17 
NOMBRE: Jolteon 
POSICIONES (2,2)  

[INFO] 18:59:32:694 Team/(9949:9954): MENSAJE APPEARED RECIBIDO 
ID MENSAJE: 21 
ID CORRELATIVO: 20 
NOMBRE: Vaporeon 
POSICIONES  

[INFO] 20:34:42:41 Team/(9702:9709): Servidor levantado! Escuchando en 8080
[INFO] 20:34:42:48 Team/(9702:9708): CONEXION EXITOSA CON EL BROKER
[INFO] 20:34:42:53 Team/(9702:9707): CONEXION EXITOSA CON EL BROKER
[INFO] 20:34:42:53 Team/(9702:9706): CONEXION EXITOSA CON EL BROKER
[INFO] 20:34:42:62 Team/(9702:9706): MENSAJE APPEARED RECIBIDO 
ID MENSAJE: 7 
ID CORRELATIVO: 3 
NOMBRE: Flareon 
POSICION (4,6) 

[INFO] 20:34:52:173 Team/(9702:9707): MENSAJE APPEARED RECIBIDO 
ID MENSAJE: 12 
ID CORRELATIVO: 8 
NOMBRE: Squirtle 
POSICIONES (5,2)  

[INFO] 20:35:02:258 Team/(9702:9707): MENSAJE APPEARED RECIBIDO 
ID MENSAJE: 13 
ID CORRELATIVO: 9 
NOMBRE: Pikachu 
POSICIONES (9,9)  

[INFO] 20:35:02:258 Team/(9702:9707): MENSAJE APPEARED RECIBIDO 
ID MENSAJE: 14 
ID CORRELATIVO: 10 
NOMBRE: Gengar 
POSICIONES  

[INFO] 20:35:02:259 Team/(9702:9707): MENSAJE APPEARED RECIBIDO 
ID MENSAJE: 15 
ID CORRELATIVO: 11 
NOMBRE: Onix 
POSICIONES  

[INFO] 20:40:11:821 Team/(10401:10408): Servidor levantado! Escuchando en 8080
[INFO] 20:40:11:824 Team/(10401:10407): CONEXION EXITOSA CON EL BROKER
[INFO] 20:40:11:824 Team/(10401:10406): CONEXION EXITOSA CON EL BROKER
[INFO] 20:40:11:825 Team/(10401:10405): CONEXION EXITOSA CON EL BROKER
[INFO] 20:40:11:847 Team/(10401:10405): MENSAJE APPEARED RECIBIDO 
ID MENSAJE: 7 
ID CORRELATIVO: 3 
NOMBRE: Flareon 
POSICION (4,6) 

[INFO] 20:40:21:966 Team/(10401:10406): MENSAJE LOCALIZED RECIBIDO 
ID MENSAJE: 12 
ID CORRELATIVO: 8 
NOMBRE: Squirtle 
POSICIONES (5,2)  

[INFO] 20:40:32:69 Team/(10401:10406): MENSAJE LOCALIZED RECIBIDO 
ID MENSAJE: 13 
ID CORRELATIVO: 9 
NOMBRE: Pikachu 
POSICIONES (9,9)  

[INFO] 20:40:32:70 Team/(10401:10406): MENSAJE LOCALIZED RECIBIDO 
ID MENSAJE: 14 
ID CORRELATIVO: 10 
NOMBRE: Gengar 
POSICIONES  

[INFO] 20:40:32:70 Team/(10401:10406): MENSAJE LOCALIZED RECIBIDO 
ID MENSAJE: 15 
ID CORRELATIVO: 11 
NOMBRE: Onix 
POSICIONES  

[INFO] 20:46:53:822 Team/(10914:10921): Servidor levantado! Escuchando en 8080
[INFO] 20:46:53:822 Team/(10914:10920): CONEXION EXITOSA CON EL BROKER
[INFO] 20:46:53:823 Team/(10914:10919): CONEXION EXITOSA CON EL BROKER
[INFO] 20:46:53:824 Team/(10914:10918): CONEXION EXITOSA CON EL BROKER
[INFO] 20:46:53:845 Team/(10914:10918): MENSAJE APPEARED RECIBIDO 
ID MENSAJE: 7 
ID CORRELATIVO: 3 
NOMBRE: Flareon 
POSICION (4,6) 

[INFO] 20:47:03:927 Team/(10914:10919): MENSAJE LOCALIZED RECIBIDO 
ID MENSAJE: 12 
ID CORRELATIVO: 8 
NOMBRE: Squirtle 
POSICIONES (5,2)  

[INFO] 20:47:03:928 Team/(10914:10922): SE MOVIO AL ENTRENADOR 2 A LA COLA DE CORTO PLAZO PARA PODER IR A CAPTURAR AL POKEMON: Squirtle
[INFO] 20:47:03:928 Team/(10914:10917): EL ENTRENADOR 2 SE MOVIO A LA POSICION (3,2)
[INFO] 20:47:08:929 Team/(10914:10917): EL ENTRENADOR 2 SE MOVIO A LA POSICION (4,2)
[INFO] 20:47:13:929 Team/(10914:10917): EL ENTRENADOR 2 SE MOVIO A LA POSICION (5,2)
[INFO] 20:47:14:32 Team/(10914:10919): MENSAJE LOCALIZED RECIBIDO 
ID MENSAJE: 13 
ID CORRELATIVO: 9 
NOMBRE: Pikachu 
POSICIONES (9,9)  

[INFO] 20:47:14:32 Team/(10914:10919): MENSAJE LOCALIZED RECIBIDO 
ID MENSAJE: 14 
ID CORRELATIVO: 10 
NOMBRE: Gengar 
POSICIONES  

[INFO] 20:47:14:32 Team/(10914:10922): SE MOVIO AL ENTRENADOR 1 A LA COLA DE CORTO PLAZO PARA PODER IR A CAPTURAR AL POKEMON: Pikachu
[INFO] 20:47:14:32 Team/(10914:10919): MENSAJE LOCALIZED RECIBIDO 
ID MENSAJE: 15 
ID CORRELATIVO: 11 
NOMBRE: Onix 
POSICIONES  

[INFO] 17:27:24:576 Team/(7122:7129): Servidor levantado! Escuchando en 8080
[INFO] 17:27:24:577 Team/(7122:7128): CONEXION EXITOSA CON EL BROKER
[INFO] 17:27:24:578 Team/(7122:7127): CONEXION EXITOSA CON EL BROKER
[INFO] 17:27:24:579 Team/(7122:7126): CONEXION EXITOSA CON EL BROKER
[INFO] 17:27:24:593 Team/(7122:7126): MENSAJE APPEARED RECIBIDO 
ID MENSAJE: 19 
ID CORRELATIVO: 14 
NOMBRE: Vaporeon 
POSICION (4,10) 

[INFO] 17:27:24:632 Team/(7122:7127): MENSAJE LOCALIZED RECIBIDO 
ID MENSAJE: 24 
ID CORRELATIVO: 20 
NOMBRE: Squirtle 
POSICIONES (5,2) (5,5)  

[INFO] 17:27:24:632 Team/(7122:7130): SE MOVIO AL ENTRENADOR 2 A LA COLA DE CORTO PLAZO PARA PODER IR A CAPTURAR AL POKEMON: Squirtle
[INFO] 17:27:24:632 Team/(7122:7130): SE MOVIO AL ENTRENADOR 1 A LA COLA DE CORTO PLAZO PARA PODER IR A CAPTURAR AL POKEMON: Squirtle
[INFO] 17:27:24:632 Team/(7122:7125): EL ENTRENADOR 2 SE MOVIO A LA POSICION (3,2)
[INFO] 17:27:24:723 Team/(7122:7127): MENSAJE LOCALIZED RECIBIDO 
ID MENSAJE: 25 
ID CORRELATIVO: 21 
NOMBRE: Pikachu 
POSICIONES (9,9)  

[INFO] 17:27:24:723 Team/(7122:7130): SE MOVIO AL ENTRENADOR 0 A LA COLA DE CORTO PLAZO PARA PODER IR A CAPTURAR AL POKEMON: Pikachu
[INFO] 17:27:24:763 Team/(7122:7127): MENSAJE LOCALIZED RECIBIDO 
ID MENSAJE: 26 
ID CORRELATIVO: 22 
NOMBRE: Gengar 
POSICIONES (6,6)  

[INFO] 17:27:24:764 Team/(7122:7127): MENSAJE LOCALIZED RECIBIDO 
ID MENSAJE: 27 
ID CORRELATIVO: 23 
NOMBRE: Onix 
POSICIONES (2,8)  

[INFO] 17:27:26:633 Team/(7122:7125): EL ENTRENADOR 2 SE MOVIO A LA POSICION (4,2)
[INFO] 17:27:28:634 Team/(7122:7125): EL ENTRENADOR 2 SE MOVIO A LA POSICION (5,2)
[INFO] 17:27:30:634 Team/(7122:7125): SE MOVIO AL ENTRENADOR 2 A LA COLA DE LARGO PLAZO Y SE LO BLOQUEO A LA ESPERA DE UN MENSAJE CAUGHT
[INFO] 17:27:30:636 Team/(7122:7124): EL ENTRENADOR 1 SE MOVIO A LA POSICION (3,3)
[INFO] 17:27:30:736 Team/(7122:7128): MENSAJE CAUGHT RECIBIDO 
ID MENSAJE: 29 
ID CORRELATIVO: 28 
 EL POKEMON FUE ATRAPADO 

[INFO] 17:27:30:736 Team/(7122:7132): EL ENTRENADOR 2 ATRAPO AL POKEMON Squirtle EN LA POSICION (5,2)
[INFO] 17:27:30:737 Team/(7122:7132): SE MOVIO AL ENTRENADOR 2 A LA COLA DE CORTO PLAZO PARA PODER IR A CAPTURAR AL POKEMON: Gengar
[INFO] 17:27:32:636 Team/(7122:7124): EL ENTRENADOR 1 SE MOVIO A LA POSICION (4,3)
[INFO] 17:27:34:636 Team/(7122:7124): EL ENTRENADOR 1 SE MOVIO A LA POSICION (5,3)
[INFO] 17:27:36:637 Team/(7122:7124): EL ENTRENADOR 1 SE MOVIO A LA POSICION (5,4)
[INFO] 17:27:38:637 Team/(7122:7124): EL ENTRENADOR 1 SE MOVIO A LA POSICION (5,5)
[INFO] 17:27:40:639 Team/(7122:7124): SE MOVIO AL ENTRENADOR 1 A LA COLA DE LARGO PLAZO Y SE LO BLOQUEO A LA ESPERA DE UN MENSAJE CAUGHT
[INFO] 17:27:40:644 Team/(7122:7123): EL ENTRENADOR 0 SE MOVIO A LA POSICION (2,3)
[INFO] 17:27:40:737 Team/(7122:7128): MENSAJE CAUGHT RECIBIDO 
ID MENSAJE: 31 
ID CORRELATIVO: 30 
 EL POKEMON FUE ATRAPADO 

[INFO] 17:27:40:737 Team/(7122:7132): EL ENTRENADOR 1 ATRAPO AL POKEMON Squirtle EN LA POSICION (5,5)
[INFO] 17:27:40:737 Team/(7122:7132): SE MOVIO AL ENTRENADOR 1 A LA COLA DE CORTO PLAZO PARA PODER IR A CAPTURAR AL POKEMON: Onix
[INFO] 17:27:42:645 Team/(7122:7123): EL ENTRENADOR 0 SE MOVIO A LA POSICION (3,3)
[INFO] 17:27:44:646 Team/(7122:7123): EL ENTRENADOR 0 SE MOVIO A LA POSICION (4,3)
[INFO] 17:27:46:647 Team/(7122:7123): EL ENTRENADOR 0 SE MOVIO A LA POSICION (5,3)
[INFO] 17:27:48:648 Team/(7122:7123): EL ENTRENADOR 0 SE MOVIO A LA POSICION (6,3)
[INFO] 17:27:50:649 Team/(7122:7123): EL ENTRENADOR 0 SE MOVIO A LA POSICION (7,3)
[INFO] 17:27:52:650 Team/(7122:7123): EL ENTRENADOR 0 SE MOVIO A LA POSICION (8,3)
[INFO] 17:27:54:650 Team/(7122:7123): EL ENTRENADOR 0 SE MOVIO A LA POSICION (9,3)
[INFO] 17:27:56:651 Team/(7122:7123): EL ENTRENADOR 0 SE MOVIO A LA POSICION (9,4)
[INFO] 17:27:58:652 Team/(7122:7123): EL ENTRENADOR 0 SE MOVIO A LA POSICION (9,5)
[INFO] 17:28:00:652 Team/(7122:7123): EL ENTRENADOR 0 SE MOVIO A LA POSICION (9,6)
[INFO] 17:28:02:653 Team/(7122:7123): EL ENTRENADOR 0 SE MOVIO A LA POSICION (9,7)
[INFO] 17:28:04:653 Team/(7122:7123): EL ENTRENADOR 0 SE MOVIO A LA POSICION (9,8)
[INFO] 17:28:06:655 Team/(7122:7123): EL ENTRENADOR 0 SE MOVIO A LA POSICION (9,9)
[INFO] 17:28:08:655 Team/(7122:7123): SE MOVIO AL ENTRENADOR 0 A LA COLA DE LARGO PLAZO Y SE LO BLOQUEO A LA ESPERA DE UN MENSAJE CAUGHT
[INFO] 17:28:08:657 Team/(7122:7125): EL ENTRENADOR 2 SE MOVIO A LA POSICION (6,2)
[INFO] 17:28:08:718 Team/(7122:7128): MENSAJE CAUGHT RECIBIDO 
ID MENSAJE: 33 
ID CORRELATIVO: 32 
 EL POKEMON FUE ATRAPADO 

[INFO] 17:28:08:719 Team/(7122:7132): EL ENTRENADOR 0 ATRAPO AL POKEMON Pikachu EN LA POSICION (9,9)
[INFO] 17:28:10:658 Team/(7122:7125): EL ENTRENADOR 2 SE MOVIO A LA POSICION (6,3)
[INFO] 17:28:12:658 Team/(7122:7125): EL ENTRENADOR 2 SE MOVIO A LA POSICION (6,4)
[INFO] 17:28:14:659 Team/(7122:7125): EL ENTRENADOR 2 SE MOVIO A LA POSICION (6,5)
[INFO] 17:28:16:660 Team/(7122:7125): EL ENTRENADOR 2 SE MOVIO A LA POSICION (6,6)
[INFO] 17:28:18:660 Team/(7122:7125): SE MOVIO AL ENTRENADOR 2 A LA COLA DE LARGO PLAZO Y SE LO BLOQUEO A LA ESPERA DE UN MENSAJE CAUGHT
[INFO] 17:28:18:664 Team/(7122:7124): EL ENTRENADOR 1 SE MOVIO A LA POSICION (4,5)
[INFO] 17:28:18:779 Team/(7122:7128): MENSAJE CAUGHT RECIBIDO 
ID MENSAJE: 35 
ID CORRELATIVO: 34 
 EL POKEMON FUE ATRAPADO 

[INFO] 17:28:18:779 Team/(7122:7132): EL ENTRENADOR 2 ATRAPO AL POKEMON Gengar EN LA POSICION (6,6)
[INFO] 17:28:20:665 Team/(7122:7124): EL ENTRENADOR 1 SE MOVIO A LA POSICION (3,5)
[INFO] 17:28:22:665 Team/(7122:7124): EL ENTRENADOR 1 SE MOVIO A LA POSICION (2,5)
[INFO] 17:28:24:666 Team/(7122:7124): EL ENTRENADOR 1 SE MOVIO A LA POSICION (2,6)
[INFO] 17:28:26:667 Team/(7122:7124): EL ENTRENADOR 1 SE MOVIO A LA POSICION (2,7)
[INFO] 17:28:28:668 Team/(7122:7124): EL ENTRENADOR 1 SE MOVIO A LA POSICION (2,8)
[INFO] 17:28:30:668 Team/(7122:7124): SE MOVIO AL ENTRENADOR 1 A LA COLA DE LARGO PLAZO Y SE LO BLOQUEO A LA ESPERA DE UN MENSAJE CAUGHT
[INFO] 17:28:30:730 Team/(7122:7128): MENSAJE CAUGHT RECIBIDO 
ID MENSAJE: 37 
ID CORRELATIVO: 36 
 EL POKEMON FUE ATRAPADO 

[INFO] 17:28:30:731 Team/(7122:7132): EL ENTRENADOR 1 ATRAPO AL POKEMON Onix EN LA POSICION (2,8)
[INFO] 17:28:30:731 Team/(7122:7122): INICIO EL ALGORITMO DE DETECCION DE DEADLOCKS
[INFO] 17:28:30:731 Team/(7122:7122): SE DETECTARON DEADLOCKS
[INFO] 17:28:30:731 Team/(7122:7122): SE MOVIO AL ENTRENADOR 0 A LA COLA DE CORTO PLAZO PARA PODER IR A INTERCAMBIAR UN POKEMON CON EL ENTRENADOR 1
[INFO] 17:28:30:731 Team/(7122:7123): EL ENTRENADOR 0 SE MOVIO A LA POSICION (8,9)
[INFO] 17:28:32:732 Team/(7122:7123): EL ENTRENADOR 0 SE MOVIO A LA POSICION (7,9)
[INFO] 17:28:34:732 Team/(7122:7123): EL ENTRENADOR 0 SE MOVIO A LA POSICION (6,9)
[INFO] 17:28:36:733 Team/(7122:7123): EL ENTRENADOR 0 SE MOVIO A LA POSICION (5,9)
[INFO] 17:28:38:733 Team/(7122:7123): EL ENTRENADOR 0 SE MOVIO A LA POSICION (4,9)
[INFO] 17:28:40:734 Team/(7122:7123): EL ENTRENADOR 0 SE MOVIO A LA POSICION (3,9)
[INFO] 17:28:42:735 Team/(7122:7123): EL ENTRENADOR 0 SE MOVIO A LA POSICION (2,9)
[INFO] 17:28:44:736 Team/(7122:7123): EL ENTRENADOR 0 SE MOVIO A LA POSICION (2,8)
[INFO] 17:28:46:737 Team/(7122:7123): EL ENTRENADOR 0 EFECTUO UNA RAFAGA DE INTERCAMBIO
[INFO] 17:28:48:737 Team/(7122:7123): EL ENTRENADOR 0 EFECTUO UNA RAFAGA DE INTERCAMBIO
[INFO] 17:28:50:737 Team/(7122:7123): EL ENTRENADOR 0 EFECTUO UNA RAFAGA DE INTERCAMBIO
[INFO] 17:28:52:739 Team/(7122:7123): EL ENTRENADOR 0 EFECTUO UNA RAFAGA DE INTERCAMBIO
[INFO] 17:28:54:748 Team/(7122:7123): EL ENTRENADOR 0 EFECTUO UNA RAFAGA DE INTERCAMBIO
[INFO] 17:28:56:748 Team/(7122:7123): EL ENTRENADOR 0 INTERCAMBIO SU POKEMON Pikachu POR EL POKEMON Squirtle AL ENTRENADOR 1
[INFO] 17:28:56:749 Team/(7122:7123): SE MOVIO AL ENTRENADOR 1 A LA COLA DE LARGO PLAZO Y SE LO BLOQUEO A LA ESPERA DE UN INTERCAMBIO
[INFO] 17:28:56:749 Team/(7122:7123): SE MOVIO AL ENTRENADOR 1 A LA COLA DE CORTO PLAZO PARA PODER IR A INTERCAMBIAR UN POKEMON CON EL ENTRENADOR 2
[INFO] 17:28:56:749 Team/(7122:7124): EL ENTRENADOR 1 SE MOVIO A LA POSICION (3,8)
[INFO] 17:28:58:749 Team/(7122:7124): EL ENTRENADOR 1 SE MOVIO A LA POSICION (4,8)
[INFO] 17:29:00:750 Team/(7122:7124): EL ENTRENADOR 1 SE MOVIO A LA POSICION (5,8)
[INFO] 17:29:02:751 Team/(7122:7124): EL ENTRENADOR 1 SE MOVIO A LA POSICION (6,8)
[INFO] 17:29:04:752 Team/(7122:7124): EL ENTRENADOR 1 SE MOVIO A LA POSICION (6,7)
[INFO] 17:29:06:753 Team/(7122:7124): EL ENTRENADOR 1 SE MOVIO A LA POSICION (6,6)
[INFO] 17:29:08:753 Team/(7122:7124): EL ENTRENADOR 1 EFECTUO UNA RAFAGA DE INTERCAMBIO
[INFO] 17:29:10:753 Team/(7122:7124): EL ENTRENADOR 1 EFECTUO UNA RAFAGA DE INTERCAMBIO
[INFO] 17:29:12:754 Team/(7122:7124): EL ENTRENADOR 1 EFECTUO UNA RAFAGA DE INTERCAMBIO
[INFO] 17:29:14:755 Team/(7122:7124): EL ENTRENADOR 1 EFECTUO UNA RAFAGA DE INTERCAMBIO
[INFO] 17:29:16:755 Team/(7122:7124): EL ENTRENADOR 1 EFECTUO UNA RAFAGA DE INTERCAMBIO
[INFO] 17:29:18:756 Team/(7122:7124): EL ENTRENADOR 1 INTERCAMBIO SU POKEMON Onix POR EL POKEMON Gengar AL ENTRENADOR 2
[INFO] 17:29:18:756 Team/(7122:7122): EL PROCESO TEAM VA A FINALIZAR
[INFO] 17:29:18:756 Team/(7122:7122): RESULTADO DEL TEAM
[INFO] 17:29:18:756 Team/(7122:7122): Cantidad de ciclos de CPU totales: 57
[INFO] 17:29:18:756 Team/(7122:7122): Cantidad de cambios de contexto: 7
[INFO] 17:29:18:756 Team/(7122:7122): El entrenador 0 consumio 27 ciclos
[INFO] 17:29:18:757 Team/(7122:7122): El entrenador 1 consumio 22 ciclos
[INFO] 17:29:18:757 Team/(7122:7122): El entrenador 2 consumio 8 ciclos
[INFO] 17:29:18:757 Team/(7122:7122): Ocurrieron deadlocks y fueron resueltos
[INFO] 18:00:39:694 Team/(8819:8826): Servidor levantado! Escuchando en 8080
[INFO] 18:00:39:700 Team/(8819:8825): CONEXION EXITOSA CON EL BROKER
[INFO] 18:00:39:701 Team/(8819:8824): CONEXION EXITOSA CON EL BROKER
[INFO] 18:00:39:707 Team/(8819:8823): CONEXION EXITOSA CON EL BROKER
[INFO] 18:00:39:712 Team/(8819:8823): MENSAJE APPEARED RECIBIDO 
ID MENSAJE: 19 
ID CORRELATIVO: 18 
NOMBRE: Vaporeon 
POSICION (4,10) 

[INFO] 18:00:39:717 Team/(8819:8824): MENSAJE LOCALIZED RECIBIDO 
ID MENSAJE: 22 
ID CORRELATIVO: 20 
NOMBRE: Squirtle 
POSICIONES (5,2) (5,5)  

[INFO] 18:00:39:717 Team/(8819:8827): SE MOVIO AL ENTRENADOR 2 A LA COLA DE CORTO PLAZO PARA PODER IR A CAPTURAR AL POKEMON: Squirtle
[INFO] 18:00:39:717 Team/(8819:8827): SE MOVIO AL ENTRENADOR 1 A LA COLA DE CORTO PLAZO PARA PODER IR A CAPTURAR AL POKEMON: Squirtle
[INFO] 18:00:39:717 Team/(8819:8822): EL ENTRENADOR 2 SE MOVIO A LA POSICION (3,2)
[INFO] 18:00:40:718 Team/(8819:8822): EL ENTRENADOR 2 SE MOVIO A LA POSICION (4,2)
[INFO] 18:00:41:719 Team/(8819:8822): EL ENTRENADOR 2 SE MOVIO A LA POSICION (5,2)
[INFO] 18:00:42:719 Team/(8819:8822): SE MOVIO AL ENTRENADOR 2 A LA COLA DE LARGO PLAZO Y SE LO BLOQUEO A LA ESPERA DE UN MENSAJE CAUGHT
[INFO] 18:00:42:721 Team/(8819:8821): EL ENTRENADOR 1 SE MOVIO A LA POSICION (3,3)
[INFO] 18:00:43:722 Team/(8819:8821): EL ENTRENADOR 1 SE MOVIO A LA POSICION (4,3)
[INFO] 18:00:44:722 Team/(8819:8821): EL ENTRENADOR 1 SE MOVIO A LA POSICION (5,3)
[INFO] 18:00:45:724 Team/(8819:8821): EL ENTRENADOR 1 SE MOVIO A LA POSICION (5,4)
[INFO] 18:00:46:725 Team/(8819:8821): EL ENTRENADOR 1 SE MOVIO A LA POSICION (5,5)
[INFO] 18:00:47:726 Team/(8819:8821): SE MOVIO AL ENTRENADOR 1 A LA COLA DE LARGO PLAZO Y SE LO BLOQUEO A LA ESPERA DE UN MENSAJE CAUGHT
[INFO] 18:13:13:903 Team/(8819:8823): INCIO DEL PROCESO DE REINTENTO DE COMUNICACION CON EL BROKER
[INFO] 18:13:13:903 Team/(8819:8824): INCIO DEL PROCESO DE REINTENTO DE COMUNICACION CON EL BROKER
[INFO] 18:13:13:903 Team/(8819:8825): INCIO DEL PROCESO DE REINTENTO DE COMUNICACION CON EL BROKER
[INFO] 18:13:13:906 Team/(8819:8825): CONEXION EXITOSA CON EL BROKER
[INFO] 18:13:13:906 Team/(8819:8824): CONEXION EXITOSA CON EL BROKER
[INFO] 18:13:13:906 Team/(8819:8823): CONEXION EXITOSA CON EL BROKER
[INFO] 18:13:13:919 Team/(8819:8823): MENSAJE APPEARED RECIBIDO 
ID MENSAJE: 5 
ID CORRELATIVO: 3 
NOMBRE: Jolteon 
POSICION (2,2) 

[INFO] 18:13:13:919 Team/(8819:8823): MENSAJE APPEARED RECIBIDO 
ID MENSAJE: 7 
ID CORRELATIVO: 6 
NOMBRE: Flareon 
POSICION (4,6) 

[INFO] 18:13:15:278 Team/(8819:8823): MENSAJE APPEARED RECIBIDO 
ID MENSAJE: 10 
ID CORRELATIVO: 8 
NOMBRE: Onix 
POSICION (2,8) 

[INFO] 18:13:15:279 Team/(8819:8823): MENSAJE APPEARED RECIBIDO 
ID MENSAJE: 11 
ID CORRELATIVO: 9 
NOMBRE: Gengar 
POSICION (6,6) 

[INFO] 18:13:15:279 Team/(8819:8828): SE MOVIO AL ENTRENADOR 0 A LA COLA DE CORTO PLAZO PARA PODER IR A CAPTURAR AL POKEMON: Onix
[INFO] 18:13:15:279 Team/(8819:8823): MENSAJE APPEARED RECIBIDO 
ID MENSAJE: 14 
ID CORRELATIVO: 12 
NOMBRE: Squirtle 
POSICION (5,5) 

[INFO] 18:13:15:279 Team/(8819:8823): MENSAJE APPEARED RECIBIDO 
ID MENSAJE: 15 
ID CORRELATIVO: 13 
NOMBRE: Umbreon 
POSICION (10,6) 

[INFO] 18:13:15:280 Team/(8819:8820): EL ENTRENADOR 0 SE MOVIO A LA POSICION (2,3)
[INFO] 18:13:15:354 Team/(8819:8823): MENSAJE APPEARED RECIBIDO 
ID MENSAJE: 17 
ID CORRELATIVO: 16 
NOMBRE: Espeon 
POSICION (7,1) 

[INFO] 18:13:15:355 Team/(8819:8823): MENSAJE APPEARED RECIBIDO 
ID MENSAJE: 19 
ID CORRELATIVO: 18 
NOMBRE: Vaporeon 
POSICION (4,10) 

[INFO] 18:13:16:280 Team/(8819:8820): EL ENTRENADOR 0 SE MOVIO A LA POSICION (2,4)
[INFO] 18:13:17:281 Team/(8819:8820): EL ENTRENADOR 0 SE MOVIO A LA POSICION (2,5)
[INFO] 18:13:18:282 Team/(8819:8820): EL ENTRENADOR 0 SE MOVIO A LA POSICION (2,6)
[INFO] 18:13:19:283 Team/(8819:8820): EL ENTRENADOR 0 SE MOVIO A LA POSICION (2,7)
[INFO] 18:13:20:284 Team/(8819:8820): EL ENTRENADOR 0 SE MOVIO A LA POSICION (2,8)
[INFO] 18:13:21:284 Team/(8819:8820): SE MOVIO AL ENTRENADOR 0 A LA COLA DE LARGO PLAZO Y SE LO BLOQUEO A LA ESPERA DE UN MENSAJE CAUGHT
[INFO] 18:13:21:293 Team/(8819:8825): MENSAJE CAUGHT RECIBIDO 
ID MENSAJE: 21 
ID CORRELATIVO: 20 
 EL POKEMON FUE ATRAPADO 

[INFO] 18:13:21:294 Team/(8819:8829): EL ENTRENADOR 0 ATRAPO AL POKEMON Onix EN LA POSICION (2,8)
[INFO] 18:14:15:776 Team/(9367:9374): Servidor levantado! Escuchando en 8080
[INFO] 18:14:15:777 Team/(9367:9373): CONEXION EXITOSA CON EL BROKER
[INFO] 18:14:15:783 Team/(9367:9372): CONEXION EXITOSA CON EL BROKER
[INFO] 18:14:15:785 Team/(9367:9371): CONEXION EXITOSA CON EL BROKER
[INFO] 18:14:15:795 Team/(9367:9372): MENSAJE LOCALIZED RECIBIDO 
ID MENSAJE: 2 
ID CORRELATIVO: 0 
NOMBRE: Squirtle 
 0 POSICIONES
[INFO] 18:15:39:980 Team/(9458:9465): Servidor levantado! Escuchando en 8080
[INFO] 18:15:39:980 Team/(9458:9464): CONEXION EXITOSA CON EL BROKER
[INFO] 18:15:39:981 Team/(9458:9463): CONEXION EXITOSA CON EL BROKER
[INFO] 18:15:39:982 Team/(9458:9462): CONEXION EXITOSA CON EL BROKER
[INFO] 18:15:39:2 Team/(9458:9463): MENSAJE LOCALIZED RECIBIDO 
ID MENSAJE: 2 
ID CORRELATIVO: 0 
NOMBRE: Squirtle 
 0 POSICIONES
[INFO] 18:19:29:450 Team/(9649:9656): Servidor levantado! Escuchando en 8080
[INFO] 18:19:29:450 Team/(9649:9655): CONEXION EXITOSA CON EL BROKER
[INFO] 18:19:29:451 Team/(9649:9654): CONEXION EXITOSA CON EL BROKER
[INFO] 18:19:29:451 Team/(9649:9653): CONEXION EXITOSA CON EL BROKER
[INFO] 18:19:29:456 Team/(9649:9653): MENSAJE APPEARED RECIBIDO 
ID MENSAJE: 18 
ID CORRELATIVO: 15 
NOMBRE: Espeon 
POSICION (7,1) 

[INFO] 18:19:29:456 Team/(9649:9653): MENSAJE APPEARED RECIBIDO 
ID MENSAJE: 19 
ID CORRELATIVO: 17 
NOMBRE: Vaporeon 
POSICION (4,10) 

[INFO] 18:19:29:473 Team/(9649:9654): MENSAJE LOCALIZED RECIBIDO 
ID MENSAJE: 22 
ID CORRELATIVO: 20 
NOMBRE: Squirtle 
POSICIONES (5,2) (5,5)  

[INFO] 18:19:29:474 Team/(9649:9657): SE MOVIO AL ENTRENADOR 2 A LA COLA DE CORTO PLAZO PARA PODER IR A CAPTURAR AL POKEMON: Squirtle
[INFO] 18:19:29:474 Team/(9649:9657): SE MOVIO AL ENTRENADOR 1 A LA COLA DE CORTO PLAZO PARA PODER IR A CAPTURAR AL POKEMON: Squirtle
[INFO] 18:19:29:474 Team/(9649:9652): EL ENTRENADOR 2 SE MOVIO A LA POSICION (3,2)
[INFO] 18:19:30:474 Team/(9649:9652): EL ENTRENADOR 2 SE MOVIO A LA POSICION (4,2)
[INFO] 18:19:31:475 Team/(9649:9652): EL ENTRENADOR 2 SE MOVIO A LA POSICION (5,2)
[INFO] 18:19:32:475 Team/(9649:9652): SE MOVIO AL ENTRENADOR 2 A LA COLA DE LARGO PLAZO Y SE LO BLOQUEO A LA ESPERA DE UN MENSAJE CAUGHT
[INFO] 18:19:32:478 Team/(9649:9651): EL ENTRENADOR 1 SE MOVIO A LA POSICION (3,3)
[INFO] 18:19:33:478 Team/(9649:9651): EL ENTRENADOR 1 SE MOVIO A LA POSICION (4,3)
[INFO] 18:19:34:479 Team/(9649:9651): EL ENTRENADOR 1 SE MOVIO A LA POSICION (5,3)
[INFO] 18:19:35:479 Team/(9649:9651): EL ENTRENADOR 1 SE MOVIO A LA POSICION (5,4)
[INFO] 18:19:36:480 Team/(9649:9651): EL ENTRENADOR 1 SE MOVIO A LA POSICION (5,5)
[INFO] 18:19:37:480 Team/(9649:9651): SE MOVIO AL ENTRENADOR 1 A LA COLA DE LARGO PLAZO Y SE LO BLOQUEO A LA ESPERA DE UN MENSAJE CAUGHT
[INFO] 18:22:56:253 Team/(9649:9653): INCIO DEL PROCESO DE REINTENTO DE COMUNICACION CON EL BROKER
[INFO] 18:22:56:253 Team/(9649:9654): INCIO DEL PROCESO DE REINTENTO DE COMUNICACION CON EL BROKER
[INFO] 18:22:56:253 Team/(9649:9655): INCIO DEL PROCESO DE REINTENTO DE COMUNICACION CON EL BROKER
[INFO] 18:22:56:254 Team/(9649:9654): CONEXION EXITOSA CON EL BROKER
[INFO] 18:22:56:255 Team/(9649:9655): CONEXION EXITOSA CON EL BROKER
[INFO] 18:22:56:255 Team/(9649:9653): CONEXION EXITOSA CON EL BROKER
[INFO] 18:23:17:690 Team/(9649:9653): MENSAJE APPEARED RECIBIDO 
ID MENSAJE: 1 
ID CORRELATIVO: 0 
NOMBRE: Pikachu 
POSICION (9,9) 

[INFO] 18:23:17:690 Team/(9649:9658): SE MOVIO AL ENTRENADOR 0 A LA COLA DE CORTO PLAZO PARA PODER IR A CAPTURAR AL POKEMON: Pikachu
[INFO] 18:23:17:690 Team/(9649:9650): EL ENTRENADOR 0 SE MOVIO A LA POSICION (2,3)
[INFO] 18:23:17:758 Team/(9649:9653): MENSAJE APPEARED RECIBIDO 
ID MENSAJE: 4 
ID CORRELATIVO: 2 
NOMBRE: Squirtle 
POSICION (5,2) 

[INFO] 18:23:17:758 Team/(9649:9653): MENSAJE APPEARED RECIBIDO 
ID MENSAJE: 6 
ID CORRELATIVO: 3 
NOMBRE: Jolteon 
POSICION (2,2) 

[INFO] 18:23:17:760 Team/(9649:9653): MENSAJE APPEARED RECIBIDO 
ID MENSAJE: 7 
ID CORRELATIVO: 5 
NOMBRE: Flareon 
POSICION (4,6) 

[INFO] 18:23:18:690 Team/(9649:9650): EL ENTRENADOR 0 SE MOVIO A LA POSICION (3,3)
[INFO] 18:23:19:691 Team/(9649:9650): EL ENTRENADOR 0 SE MOVIO A LA POSICION (4,3)
[INFO] 18:23:20:390 Team/(9649:9653): MENSAJE APPEARED RECIBIDO 
ID MENSAJE: 10 
ID CORRELATIVO: 8 
NOMBRE: Onix 
POSICION (2,8) 

[INFO] 18:23:20:390 Team/(9649:9653): MENSAJE APPEARED RECIBIDO 
ID MENSAJE: 12 
ID CORRELATIVO: 9 
NOMBRE: Gengar 
POSICION (6,6) 

[INFO] 18:23:20:390 Team/(9649:9653): MENSAJE APPEARED RECIBIDO 
ID MENSAJE: 13 
ID CORRELATIVO: 11 
NOMBRE: Squirtle 
POSICION (5,5) 

[INFO] 18:23:20:455 Team/(9649:9653): MENSAJE APPEARED RECIBIDO 
ID MENSAJE: 16 
ID CORRELATIVO: 14 
NOMBRE: Umbreon 
POSICION (10,6) 

[INFO] 18:23:20:456 Team/(9649:9653): MENSAJE APPEARED RECIBIDO 
ID MENSAJE: 18 
ID CORRELATIVO: 15 
NOMBRE: Espeon 
POSICION (7,1) 

[INFO] 18:23:20:476 Team/(9649:9653): MENSAJE APPEARED RECIBIDO 
ID MENSAJE: 19 
ID CORRELATIVO: 17 
NOMBRE: Vaporeon 
POSICION (4,10) 

[INFO] 18:23:20:692 Team/(9649:9650): EL ENTRENADOR 0 SE MOVIO A LA POSICION (5,3)
[INFO] 18:23:21:693 Team/(9649:9650): EL ENTRENADOR 0 SE MOVIO A LA POSICION (6,3)
[INFO] 18:23:22:693 Team/(9649:9650): EL ENTRENADOR 0 SE MOVIO A LA POSICION (7,3)
[INFO] 18:23:23:694 Team/(9649:9650): EL ENTRENADOR 0 SE MOVIO A LA POSICION (8,3)
[INFO] 18:23:24:695 Team/(9649:9650): EL ENTRENADOR 0 SE MOVIO A LA POSICION (9,3)
[INFO] 18:23:25:695 Team/(9649:9650): EL ENTRENADOR 0 SE MOVIO A LA POSICION (9,4)
[INFO] 18:23:26:696 Team/(9649:9650): EL ENTRENADOR 0 SE MOVIO A LA POSICION (9,5)
[INFO] 18:23:27:696 Team/(9649:9650): EL ENTRENADOR 0 SE MOVIO A LA POSICION (9,6)
[INFO] 18:23:28:697 Team/(9649:9650): EL ENTRENADOR 0 SE MOVIO A LA POSICION (9,7)
[INFO] 18:24:42:779 Team/(10135:10142): Servidor levantado! Escuchando en 8080
[INFO] 18:24:42:779 Team/(10135:10141): CONEXION EXITOSA CON EL BROKER
[INFO] 18:24:42:785 Team/(10135:10140): CONEXION EXITOSA CON EL BROKER
[INFO] 18:24:42:787 Team/(10135:10139): CONEXION EXITOSA CON EL BROKER
[INFO] 18:24:42:823 Team/(10135:10139): MENSAJE APPEARED RECIBIDO 
ID MENSAJE: 18 
ID CORRELATIVO: 16 
NOMBRE: Espeon 
POSICION (7,1) 

[INFO] 18:24:42:863 Team/(10135:10139): MENSAJE APPEARED RECIBIDO 
ID MENSAJE: 19 
ID CORRELATIVO: 17 
NOMBRE: Vaporeon 
POSICION (4,10) 

[INFO] 18:27:08:93 Team/(10135:10140): MENSAJE LOCALIZED RECIBIDO 
ID MENSAJE: 24 
ID CORRELATIVO: 20 
NOMBRE: Squirtle 
POSICIONES (5,2) (5,5)  

[INFO] 18:27:08:93 Team/(10135:10143): SE MOVIO AL ENTRENADOR 2 A LA COLA DE CORTO PLAZO PARA PODER IR A CAPTURAR AL POKEMON: Squirtle
[INFO] 18:27:08:93 Team/(10135:10143): SE MOVIO AL ENTRENADOR 1 A LA COLA DE CORTO PLAZO PARA PODER IR A CAPTURAR AL POKEMON: Squirtle
[INFO] 18:27:08:93 Team/(10135:10138): EL ENTRENADOR 2 SE MOVIO A LA POSICION (3,2)
[INFO] 18:27:09:94 Team/(10135:10138): EL ENTRENADOR 2 SE MOVIO A LA POSICION (4,2)
[INFO] 18:27:10:94 Team/(10135:10138): EL ENTRENADOR 2 SE MOVIO A LA POSICION (5,2)
[INFO] 18:27:11:95 Team/(10135:10138): SE MOVIO AL ENTRENADOR 2 A LA COLA DE LARGO PLAZO Y SE LO BLOQUEO A LA ESPERA DE UN MENSAJE CAUGHT
[INFO] 18:27:11:99 Team/(10135:10137): EL ENTRENADOR 1 SE MOVIO A LA POSICION (3,3)
[INFO] 18:27:12:99 Team/(10135:10137): EL ENTRENADOR 1 SE MOVIO A LA POSICION (4,3)
[INFO] 18:27:12:505 Team/(10135:10141): MENSAJE CAUGHT RECIBIDO 
ID MENSAJE: 26 
ID CORRELATIVO: 25 
 EL POKEMON FUE ATRAPADO 

[INFO] 18:27:12:506 Team/(10135:10145): EL ENTRENADOR 2 ATRAPO AL POKEMON Squirtle EN LA POSICION (5,2)
[INFO] 18:27:13:100 Team/(10135:10137): EL ENTRENADOR 1 SE MOVIO A LA POSICION (5,3)
[INFO] 18:27:14:100 Team/(10135:10137): EL ENTRENADOR 1 SE MOVIO A LA POSICION (5,4)
[INFO] 18:27:15:101 Team/(10135:10137): EL ENTRENADOR 1 SE MOVIO A LA POSICION (5,5)
[INFO] 18:27:16:104 Team/(10135:10137): SE MOVIO AL ENTRENADOR 1 A LA COLA DE LARGO PLAZO Y SE LO BLOQUEO A LA ESPERA DE UN MENSAJE CAUGHT
[INFO] 18:29:34:711 Team/(10401:10408): Servidor levantado! Escuchando en 8080
[INFO] 18:29:34:717 Team/(10401:10407): CONEXION EXITOSA CON EL BROKER
[INFO] 18:29:34:719 Team/(10401:10406): CONEXION EXITOSA CON EL BROKER
[INFO] 18:29:34:726 Team/(10401:10405): CONEXION EXITOSA CON EL BROKER
[INFO] 18:29:34:734 Team/(10401:10405): MENSAJE APPEARED RECIBIDO 
ID MENSAJE: 19 
ID CORRELATIVO: 14 
NOMBRE: Vaporeon 
POSICION (4,10) 

[INFO] 18:29:34:798 Team/(10401:10406): MENSAJE LOCALIZED RECIBIDO 
ID MENSAJE: 24 
ID CORRELATIVO: 20 
NOMBRE: Squirtle 
POSICIONES (5,2) (5,5)  

[INFO] 18:29:34:799 Team/(10401:10409): SE MOVIO AL ENTRENADOR 2 A LA COLA DE CORTO PLAZO PARA PODER IR A CAPTURAR AL POKEMON: Squirtle
[INFO] 18:29:34:799 Team/(10401:10409): SE MOVIO AL ENTRENADOR 1 A LA COLA DE CORTO PLAZO PARA PODER IR A CAPTURAR AL POKEMON: Squirtle
[INFO] 18:29:34:799 Team/(10401:10404): EL ENTRENADOR 2 SE MOVIO A LA POSICION (3,2)
[INFO] 18:29:34:882 Team/(10401:10406): MENSAJE LOCALIZED RECIBIDO 
ID MENSAJE: 25 
ID CORRELATIVO: 22 
NOMBRE: Gengar 
POSICIONES (6,6)  

[INFO] 18:29:34:883 Team/(10401:10406): MENSAJE LOCALIZED RECIBIDO 
ID MENSAJE: 26 
ID CORRELATIVO: 21 
NOMBRE: Pikachu 
POSICIONES (9,9)  

[INFO] 18:29:34:883 Team/(10401:10409): SE MOVIO AL ENTRENADOR 0 A LA COLA DE CORTO PLAZO PARA PODER IR A CAPTURAR AL POKEMON: Gengar
[INFO] 18:29:34:883 Team/(10401:10406): MENSAJE LOCALIZED RECIBIDO 
ID MENSAJE: 27 
ID CORRELATIVO: 23 
NOMBRE: Onix 
POSICIONES (2,8)  

[INFO] 18:29:35:799 Team/(10401:10404): EL ENTRENADOR 2 SE MOVIO A LA POSICION (4,2)
[INFO] 18:29:36:800 Team/(10401:10404): EL ENTRENADOR 2 SE MOVIO A LA POSICION (5,2)
[INFO] 18:29:37:800 Team/(10401:10404): SE MOVIO AL ENTRENADOR 2 A LA COLA DE LARGO PLAZO Y SE LO BLOQUEO A LA ESPERA DE UN MENSAJE CAUGHT
[INFO] 18:29:37:809 Team/(10401:10403): EL ENTRENADOR 1 SE MOVIO A LA POSICION (3,3)
[INFO] 18:29:37:902 Team/(10401:10407): MENSAJE CAUGHT RECIBIDO 
ID MENSAJE: 29 
ID CORRELATIVO: 28 
 EL POKEMON FUE ATRAPADO 

[INFO] 18:29:37:902 Team/(10401:10411): EL ENTRENADOR 2 ATRAPO AL POKEMON Squirtle EN LA POSICION (5,2)
[INFO] 18:29:37:902 Team/(10401:10411): SE MOVIO AL ENTRENADOR 2 A LA COLA DE CORTO PLAZO PARA PODER IR A CAPTURAR AL POKEMON: Onix
[INFO] 18:29:38:810 Team/(10401:10403): EL ENTRENADOR 1 SE MOVIO A LA POSICION (4,3)
[INFO] 18:29:39:812 Team/(10401:10403): EL ENTRENADOR 1 SE MOVIO A LA POSICION (5,3)
[INFO] 18:29:40:813 Team/(10401:10403): EL ENTRENADOR 1 SE MOVIO A LA POSICION (5,4)
[INFO] 18:29:41:813 Team/(10401:10403): EL ENTRENADOR 1 SE MOVIO A LA POSICION (5,5)
[INFO] 18:29:42:814 Team/(10401:10403): SE MOVIO AL ENTRENADOR 1 A LA COLA DE LARGO PLAZO Y SE LO BLOQUEO A LA ESPERA DE UN MENSAJE CAUGHT
[INFO] 18:29:42:821 Team/(10401:10402): EL ENTRENADOR 0 SE MOVIO A LA POSICION (2,3)
[INFO] 18:29:42:906 Team/(10401:10407): MENSAJE CAUGHT RECIBIDO 
ID MENSAJE: 31 
ID CORRELATIVO: 30 
 EL POKEMON FUE ATRAPADO 

[INFO] 18:29:42:907 Team/(10401:10411): EL ENTRENADOR 1 ATRAPO AL POKEMON Squirtle EN LA POSICION (5,5)
[INFO] 18:29:42:907 Team/(10401:10411): SE MOVIO AL ENTRENADOR 1 A LA COLA DE CORTO PLAZO PARA PODER IR A CAPTURAR AL POKEMON: Pikachu
[INFO] 18:29:43:822 Team/(10401:10402): EL ENTRENADOR 0 SE MOVIO A LA POSICION (3,3)
[INFO] 18:29:44:822 Team/(10401:10402): EL ENTRENADOR 0 SE MOVIO A LA POSICION (4,3)
[INFO] 18:29:45:823 Team/(10401:10402): EL ENTRENADOR 0 SE MOVIO A LA POSICION (5,3)
[INFO] 18:29:46:826 Team/(10401:10402): EL ENTRENADOR 0 SE MOVIO A LA POSICION (6,3)
[INFO] 18:29:47:827 Team/(10401:10402): EL ENTRENADOR 0 SE MOVIO A LA POSICION (6,4)
[INFO] 18:29:48:828 Team/(10401:10402): EL ENTRENADOR 0 SE MOVIO A LA POSICION (6,5)
[INFO] 18:29:49:829 Team/(10401:10402): EL ENTRENADOR 0 SE MOVIO A LA POSICION (6,6)
[INFO] 18:29:50:830 Team/(10401:10402): SE MOVIO AL ENTRENADOR 0 A LA COLA DE LARGO PLAZO Y SE LO BLOQUEO A LA ESPERA DE UN MENSAJE CAUGHT
[INFO] 18:29:50:832 Team/(10401:10404): EL ENTRENADOR 2 SE MOVIO A LA POSICION (4,2)
[INFO] 18:29:50:899 Team/(10401:10407): MENSAJE CAUGHT RECIBIDO 
ID MENSAJE: 33 
ID CORRELATIVO: 32 
 EL POKEMON FUE ATRAPADO 

[INFO] 18:29:50:899 Team/(10401:10411): EL ENTRENADOR 0 ATRAPO AL POKEMON Gengar EN LA POSICION (6,6)
[INFO] 18:29:51:832 Team/(10401:10404): EL ENTRENADOR 2 SE MOVIO A LA POSICION (3,2)
[INFO] 18:29:52:833 Team/(10401:10404): EL ENTRENADOR 2 SE MOVIO A LA POSICION (2,2)
[INFO] 18:29:53:834 Team/(10401:10404): EL ENTRENADOR 2 SE MOVIO A LA POSICION (2,3)
[INFO] 18:29:54:835 Team/(10401:10404): EL ENTRENADOR 2 SE MOVIO A LA POSICION (2,4)
[INFO] 18:29:55:836 Team/(10401:10404): EL ENTRENADOR 2 SE MOVIO A LA POSICION (2,5)
[INFO] 18:29:56:836 Team/(10401:10404): EL ENTRENADOR 2 SE MOVIO A LA POSICION (2,6)
[INFO] 18:29:57:837 Team/(10401:10404): EL ENTRENADOR 2 SE MOVIO A LA POSICION (2,7)
[INFO] 18:29:58:837 Team/(10401:10404): EL ENTRENADOR 2 SE MOVIO A LA POSICION (2,8)
[INFO] 18:29:59:839 Team/(10401:10404): SE MOVIO AL ENTRENADOR 2 A LA COLA DE LARGO PLAZO Y SE LO BLOQUEO A LA ESPERA DE UN MENSAJE CAUGHT
[INFO] 18:29:59:841 Team/(10401:10403): EL ENTRENADOR 1 SE MOVIO A LA POSICION (6,5)
[INFO] 18:29:59:899 Team/(10401:10407): MENSAJE CAUGHT RECIBIDO 
ID MENSAJE: 35 
ID CORRELATIVO: 34 
 EL POKEMON FUE ATRAPADO 

[INFO] 18:29:59:899 Team/(10401:10411): EL ENTRENADOR 2 ATRAPO AL POKEMON Onix EN LA POSICION (2,8)
[INFO] 18:30:00:842 Team/(10401:10403): EL ENTRENADOR 1 SE MOVIO A LA POSICION (7,5)
[INFO] 18:30:01:843 Team/(10401:10403): EL ENTRENADOR 1 SE MOVIO A LA POSICION (8,5)
[INFO] 18:30:02:843 Team/(10401:10403): EL ENTRENADOR 1 SE MOVIO A LA POSICION (9,5)
[INFO] 18:30:03:844 Team/(10401:10403): EL ENTRENADOR 1 SE MOVIO A LA POSICION (9,6)
[INFO] 18:30:04:850 Team/(10401:10403): EL ENTRENADOR 1 SE MOVIO A LA POSICION (9,7)
[INFO] 18:30:05:851 Team/(10401:10403): EL ENTRENADOR 1 SE MOVIO A LA POSICION (9,8)
[INFO] 18:30:06:851 Team/(10401:10403): EL ENTRENADOR 1 SE MOVIO A LA POSICION (9,9)
[INFO] 18:30:07:852 Team/(10401:10403): SE MOVIO AL ENTRENADOR 1 A LA COLA DE LARGO PLAZO Y SE LO BLOQUEO A LA ESPERA DE UN MENSAJE CAUGHT
[INFO] 18:30:07:922 Team/(10401:10407): MENSAJE CAUGHT RECIBIDO 
ID MENSAJE: 37 
ID CORRELATIVO: 36 
 EL POKEMON FUE ATRAPADO 

[INFO] 18:30:07:923 Team/(10401:10411): EL ENTRENADOR 1 ATRAPO AL POKEMON Pikachu EN LA POSICION (9,9)
[INFO] 18:30:07:923 Team/(10401:10401): INICIO EL ALGORITMO DE DETECCION DE DEADLOCKS
[INFO] 18:30:07:923 Team/(10401:10401): SE DETECTARON DEADLOCKS
[INFO] 18:30:07:923 Team/(10401:10401): SE MOVIO AL ENTRENADOR 0 A LA COLA DE CORTO PLAZO PARA PODER IR A INTERCAMBIAR UN POKEMON CON EL ENTRENADOR 1
[INFO] 18:30:07:923 Team/(10401:10402): EL ENTRENADOR 0 SE MOVIO A LA POSICION (7,6)
[INFO] 18:30:08:923 Team/(10401:10402): EL ENTRENADOR 0 SE MOVIO A LA POSICION (8,6)
[INFO] 18:30:09:924 Team/(10401:10402): EL ENTRENADOR 0 SE MOVIO A LA POSICION (9,6)
[INFO] 18:30:10:926 Team/(10401:10402): EL ENTRENADOR 0 SE MOVIO A LA POSICION (9,7)
[INFO] 18:30:11:926 Team/(10401:10402): EL ENTRENADOR 0 SE MOVIO A LA POSICION (9,8)
[INFO] 18:30:12:926 Team/(10401:10402): EL ENTRENADOR 0 SE MOVIO A LA POSICION (9,9)
[INFO] 18:30:13:927 Team/(10401:10402): EL ENTRENADOR 0 EFECTUO UNA RAFAGA DE INTERCAMBIO
[INFO] 18:30:14:927 Team/(10401:10402): EL ENTRENADOR 0 EFECTUO UNA RAFAGA DE INTERCAMBIO
[INFO] 18:30:15:929 Team/(10401:10402): EL ENTRENADOR 0 EFECTUO UNA RAFAGA DE INTERCAMBIO
[INFO] 18:30:16:930 Team/(10401:10402): EL ENTRENADOR 0 EFECTUO UNA RAFAGA DE INTERCAMBIO
[INFO] 18:30:17:931 Team/(10401:10402): EL ENTRENADOR 0 EFECTUO UNA RAFAGA DE INTERCAMBIO
[INFO] 18:30:18:933 Team/(10401:10402): EL ENTRENADOR 0 INTERCAMBIO SU POKEMON Gengar POR EL POKEMON Squirtle AL ENTRENADOR 1
[INFO] 18:30:18:933 Team/(10401:10401): EL PROCESO TEAM VA A FINALIZAR
[INFO] 18:30:18:933 Team/(10401:10401): RESULTADO DEL TEAM
[INFO] 18:30:18:933 Team/(10401:10401): Cantidad de ciclos de CPU totales: 44
[INFO] 18:30:18:933 Team/(10401:10401): Cantidad de cambios de contexto: 6
[INFO] 18:30:18:933 Team/(10401:10401): El entrenador 0 consumio 19 ciclos
[INFO] 18:30:18:933 Team/(10401:10401): El entrenador 1 consumio 13 ciclos
[INFO] 18:30:18:933 Team/(10401:10401): El entrenador 2 consumio 12 ciclos
[INFO] 18:30:18:933 Team/(10401:10401): Ocurrieron deadlocks y fueron resueltos
[INFO] 18:40:00:915 Team/(10896:10903): Servidor levantado! Escuchando en 8080
[INFO] 18:40:00:916 Team/(10896:10902): CONEXION EXITOSA CON EL BROKER
[INFO] 18:40:00:923 Team/(10896:10901): CONEXION EXITOSA CON EL BROKER
[INFO] 18:40:00:927 Team/(10896:10900): CONEXION EXITOSA CON EL BROKER
[INFO] 18:40:00:929 Team/(10896:10900): MENSAJE APPEARED RECIBIDO 
ID MENSAJE: 6 
ID CORRELATIVO: 2 
NOMBRE: Jolteon 
POSICION (2,2) 

[INFO] 18:40:00:948 Team/(10896:10900): MENSAJE APPEARED RECIBIDO 
ID MENSAJE: 7 
ID CORRELATIVO: 3 
NOMBRE: Flareon 
POSICION (4,6) 

[INFO] 18:40:01:49 Team/(10896:10901): MENSAJE LOCALIZED RECIBIDO 
ID MENSAJE: 12 
ID CORRELATIVO: 8 
NOMBRE: Squirtle 
POSICIONES (5,2)  

[INFO] 18:40:01:49 Team/(10896:10904): SE MOVIO AL ENTRENADOR 2 A LA COLA DE CORTO PLAZO PARA PODER IR A CAPTURAR AL POKEMON: Squirtle
[INFO] 18:40:01:49 Team/(10896:10899): EL ENTRENADOR 2 SE MOVIO A LA POSICION (3,2)
[INFO] 18:40:01:110 Team/(10896:10901): MENSAJE LOCALIZED RECIBIDO 
ID MENSAJE: 13 
ID CORRELATIVO: 9 
NOMBRE: Pikachu 
POSICIONES (9,9)  

[INFO] 18:40:01:110 Team/(10896:10901): MENSAJE LOCALIZED RECIBIDO 
ID MENSAJE: 15 
ID CORRELATIVO: 11 
NOMBRE: Onix 
 0 POSICIONES
[INFO] 18:40:01:110 Team/(10896:10904): SE MOVIO AL ENTRENADOR 1 A LA COLA DE CORTO PLAZO PARA PODER IR A CAPTURAR AL POKEMON: Pikachu
[INFO] 18:40:01:111 Team/(10896:10901): MENSAJE LOCALIZED RECIBIDO 
ID MENSAJE: 14 
ID CORRELATIVO: 10 
NOMBRE: Gengar 
 0 POSICIONES
[INFO] 18:40:02:399 Team/(10896:10901): MENSAJE LOCALIZED RECIBIDO 
ID MENSAJE: 18 
ID CORRELATIVO: 16 
NOMBRE: Vaporeon 
 0 POSICIONES
[INFO] 18:40:02:401 Team/(10896:10901): MENSAJE LOCALIZED RECIBIDO 
ID MENSAJE: 22 
ID CORRELATIVO: 17 
NOMBRE: Jolteon 
POSICIONES (2,2)  

[INFO] 18:40:02:464 Team/(10896:10901): MENSAJE LOCALIZED RECIBIDO 
ID MENSAJE: 23 
ID CORRELATIVO: 19 
NOMBRE: Flareon 
POSICIONES (4,6)  

[INFO] 18:40:02:466 Team/(10896:10901): MENSAJE LOCALIZED RECIBIDO 
ID MENSAJE: 24 
ID CORRELATIVO: 20 
NOMBRE: Umbreon 
 0 POSICIONES
[INFO] 18:40:02:466 Team/(10896:10901): MENSAJE LOCALIZED RECIBIDO 
ID MENSAJE: 25 
ID CORRELATIVO: 21 
NOMBRE: Espeon 
 0 POSICIONES
[INFO] 18:40:04:439 Team/(10896:10902): MENSAJE CAUGHT RECIBIDO 
ID MENSAJE: 27 
ID CORRELATIVO: 26 
 EL POKEMON FUE ATRAPADO 

[INFO] 18:40:06:50 Team/(10896:10899): EL ENTRENADOR 2 SE MOVIO A LA POSICION (4,2)
[INFO] 18:40:10:442 Team/(10896:10902): MENSAJE CAUGHT RECIBIDO 
ID MENSAJE: 29 
ID CORRELATIVO: 28 
 EL POKEMON FUE ATRAPADO 

[INFO] 18:40:11:50 Team/(10896:10899): EL ENTRENADOR 2 SE MOVIO A LA POSICION (5,2)
[INFO] 18:40:16:50 Team/(10896:10899): SE MOVIO AL ENTRENADOR 2 A LA COLA DE LARGO PLAZO Y SE LO BLOQUEO A LA ESPERA DE UN MENSAJE CAUGHT
[INFO] 18:40:16:54 Team/(10896:10898): EL ENTRENADOR 1 SE MOVIO A LA POSICION (3,3)
[INFO] 18:40:16:130 Team/(10896:10902): MENSAJE CAUGHT RECIBIDO 
ID MENSAJE: 31 
ID CORRELATIVO: 30 
 EL POKEMON FUE ATRAPADO 

[INFO] 18:40:16:132 Team/(10896:10906): EL ENTRENADOR 2 ATRAPO AL POKEMON Squirtle EN LA POSICION (5,2)
[INFO] 18:40:21:55 Team/(10896:10898): EL ENTRENADOR 1 SE MOVIO A LA POSICION (4,3)
[INFO] 18:40:26:56 Team/(10896:10898): EL ENTRENADOR 1 SE MOVIO A LA POSICION (5,3)
[INFO] 18:40:31:57 Team/(10896:10898): EL ENTRENADOR 1 SE MOVIO A LA POSICION (6,3)
[INFO] 18:40:36:57 Team/(10896:10898): EL ENTRENADOR 1 SE MOVIO A LA POSICION (7,3)
[INFO] 18:40:41:58 Team/(10896:10898): EL ENTRENADOR 1 SE MOVIO A LA POSICION (8,3)
[INFO] 18:40:46:58 Team/(10896:10898): EL ENTRENADOR 1 SE MOVIO A LA POSICION (9,3)
[INFO] 18:40:51:60 Team/(10896:10898): EL ENTRENADOR 1 SE MOVIO A LA POSICION (9,4)
[INFO] 18:40:56:60 Team/(10896:10898): EL ENTRENADOR 1 SE MOVIO A LA POSICION (9,5)
[INFO] 18:41:01:62 Team/(10896:10898): EL ENTRENADOR 1 SE MOVIO A LA POSICION (9,6)
[INFO] 18:41:06:63 Team/(10896:10898): EL ENTRENADOR 1 SE MOVIO A LA POSICION (9,7)
[INFO] 18:41:11:64 Team/(10896:10898): EL ENTRENADOR 1 SE MOVIO A LA POSICION (9,8)
[INFO] 18:41:16:64 Team/(10896:10898): EL ENTRENADOR 1 SE MOVIO A LA POSICION (9,9)
[INFO] 18:41:21:65 Team/(10896:10898): SE MOVIO AL ENTRENADOR 1 A LA COLA DE LARGO PLAZO Y SE LO BLOQUEO A LA ESPERA DE UN MENSAJE CAUGHT
[INFO] 18:41:21:142 Team/(10896:10902): MENSAJE CAUGHT RECIBIDO 
ID MENSAJE: 33 
ID CORRELATIVO: 32 
 EL POKEMON FUE ATRAPADO 

[INFO] 18:41:21:143 Team/(10896:10906): EL ENTRENADOR 1 ATRAPO AL POKEMON Pikachu EN LA POSICION (9,9)
[INFO] 18:41:40:312 Team/(10896:10900): MENSAJE APPEARED RECIBIDO 
ID MENSAJE: 36 
ID CORRELATIVO: 34 
NOMBRE: Onix 
POSICION (2,8) 

[INFO] 18:41:40:312 Team/(10896:10905): SE MOVIO AL ENTRENADOR 0 A LA COLA DE CORTO PLAZO PARA PODER IR A CAPTURAR AL POKEMON: Onix
[INFO] 18:41:40:312 Team/(10896:10897): EL ENTRENADOR 0 SE MOVIO A LA POSICION (2,3)
[INFO] 18:41:40:403 Team/(10896:10900): MENSAJE APPEARED RECIBIDO 
ID MENSAJE: 40 
ID CORRELATIVO: 35 
NOMBRE: Gengar 
POSICION (6,6) 

[INFO] 18:41:40:404 Team/(10896:10905): SE MOVIO AL ENTRENADOR 2 A LA COLA DE CORTO PLAZO PARA PODER IR A CAPTURAR AL POKEMON: Gengar
[INFO] 18:41:40:487 Team/(10896:10900): MENSAJE APPEARED RECIBIDO 
ID MENSAJE: 42 
ID CORRELATIVO: 37 
NOMBRE: Squirtle 
POSICION (5,5) 

[INFO] 18:41:40:487 Team/(10896:10900): MENSAJE APPEARED RECIBIDO 
ID MENSAJE: 43 
ID CORRELATIVO: 38 
NOMBRE: Umbreon 
POSICION (10,6) 

[INFO] 18:41:40:487 Team/(10896:10905): SE MOVIO AL ENTRENADOR 1 A LA COLA DE CORTO PLAZO PARA PODER IR A CAPTURAR AL POKEMON: Squirtle
[INFO] 18:41:40:566 Team/(10896:10900): MENSAJE APPEARED RECIBIDO 
ID MENSAJE: 44 
ID CORRELATIVO: 39 
NOMBRE: Espeon 
POSICION (7,1) 

[INFO] 18:41:40:567 Team/(10896:10900): MENSAJE APPEARED RECIBIDO 
ID MENSAJE: 45 
ID CORRELATIVO: 41 
NOMBRE: Vaporeon 
POSICION (4,10) 

[INFO] 18:41:45:313 Team/(10896:10897): EL ENTRENADOR 0 SE MOVIO A LA POSICION (2,4)
[INFO] 18:41:50:314 Team/(10896:10897): EL ENTRENADOR 0 SE MOVIO A LA POSICION (2,5)
[INFO] 18:41:55:315 Team/(10896:10897): EL ENTRENADOR 0 SE MOVIO A LA POSICION (2,6)
[INFO] 18:41:56:587 Team/(10896:10902): MENSAJE CAUGHT RECIBIDO 
ID MENSAJE: 47 
ID CORRELATIVO: 46 
 EL POKEMON FUE ATRAPADO 

[INFO] 18:41:58:590 Team/(10896:10902): MENSAJE CAUGHT RECIBIDO 
ID MENSAJE: 49 
ID CORRELATIVO: 48 
 EL POKEMON FUE ATRAPADO 

[INFO] 18:42:00:318 Team/(10896:10897): EL ENTRENADOR 0 SE MOVIO A LA POSICION (2,7)
[INFO] 18:42:00:590 Team/(10896:10902): MENSAJE CAUGHT RECIBIDO 
ID MENSAJE: 51 
ID CORRELATIVO: 50 
 EL POKEMON FUE ATRAPADO 

[INFO] 18:42:05:319 Team/(10896:10897): EL ENTRENADOR 0 SE MOVIO A LA POSICION (2,8)
[INFO] 18:42:10:319 Team/(10896:10897): SE MOVIO AL ENTRENADOR 0 A LA COLA DE LARGO PLAZO Y SE LO BLOQUEO A LA ESPERA DE UN MENSAJE CAUGHT
[INFO] 18:42:10:327 Team/(10896:10899): EL ENTRENADOR 2 SE MOVIO A LA POSICION (6,2)
[INFO] 18:42:10:399 Team/(10896:10902): MENSAJE CAUGHT RECIBIDO 
ID MENSAJE: 53 
ID CORRELATIVO: 52 
 EL POKEMON FUE ATRAPADO 

[INFO] 18:42:10:400 Team/(10896:10906): EL ENTRENADOR 0 ATRAPO AL POKEMON Onix EN LA POSICION (2,8)
[INFO] 18:42:15:330 Team/(10896:10899): EL ENTRENADOR 2 SE MOVIO A LA POSICION (6,3)
[INFO] 18:42:20:331 Team/(10896:10899): EL ENTRENADOR 2 SE MOVIO A LA POSICION (6,4)
[INFO] 18:42:25:334 Team/(10896:10899): EL ENTRENADOR 2 SE MOVIO A LA POSICION (6,5)
[INFO] 18:42:30:335 Team/(10896:10899): EL ENTRENADOR 2 SE MOVIO A LA POSICION (6,6)
[INFO] 18:42:35:336 Team/(10896:10899): SE MOVIO AL ENTRENADOR 2 A LA COLA DE LARGO PLAZO Y SE LO BLOQUEO A LA ESPERA DE UN MENSAJE CAUGHT
[INFO] 18:42:35:340 Team/(10896:10898): EL ENTRENADOR 1 SE MOVIO A LA POSICION (8,9)
[INFO] 18:42:35:430 Team/(10896:10902): MENSAJE CAUGHT RECIBIDO 
ID MENSAJE: 55 
ID CORRELATIVO: 54 
 EL POKEMON FUE ATRAPADO 

[INFO] 18:42:35:431 Team/(10896:10906): EL ENTRENADOR 2 ATRAPO AL POKEMON Gengar EN LA POSICION (6,6)
[INFO] 18:42:40:340 Team/(10896:10898): EL ENTRENADOR 1 SE MOVIO A LA POSICION (7,9)
[INFO] 18:42:45:342 Team/(10896:10898): EL ENTRENADOR 1 SE MOVIO A LA POSICION (6,9)
[INFO] 18:42:50:345 Team/(10896:10898): EL ENTRENADOR 1 SE MOVIO A LA POSICION (5,9)
[INFO] 18:42:55:349 Team/(10896:10898): EL ENTRENADOR 1 SE MOVIO A LA POSICION (5,8)
[INFO] 18:43:00:351 Team/(10896:10898): EL ENTRENADOR 1 SE MOVIO A LA POSICION (5,7)
[INFO] 18:43:05:352 Team/(10896:10898): EL ENTRENADOR 1 SE MOVIO A LA POSICION (5,6)
[INFO] 18:43:10:355 Team/(10896:10898): EL ENTRENADOR 1 SE MOVIO A LA POSICION (5,5)
[INFO] 18:43:15:356 Team/(10896:10898): SE MOVIO AL ENTRENADOR 1 A LA COLA DE LARGO PLAZO Y SE LO BLOQUEO A LA ESPERA DE UN MENSAJE CAUGHT
[INFO] 18:43:15:447 Team/(10896:10902): MENSAJE CAUGHT RECIBIDO 
ID MENSAJE: 57 
ID CORRELATIVO: 56 
 EL POKEMON FUE ATRAPADO 

[INFO] 18:43:15:447 Team/(10896:10906): EL ENTRENADOR 1 ATRAPO AL POKEMON Squirtle EN LA POSICION (5,5)
[INFO] 18:43:15:447 Team/(10896:10896): INICIO EL ALGORITMO DE DETECCION DE DEADLOCKS
[INFO] 18:43:15:447 Team/(10896:10896): SE DETECTARON DEADLOCKS
[INFO] 18:43:15:447 Team/(10896:10896): SE MOVIO AL ENTRENADOR 0 A LA COLA DE CORTO PLAZO PARA PODER IR A INTERCAMBIAR UN POKEMON CON EL ENTRENADOR 1
[INFO] 18:43:15:447 Team/(10896:10897): EL ENTRENADOR 0 SE MOVIO A LA POSICION (3,8)
[INFO] 18:43:20:448 Team/(10896:10897): EL ENTRENADOR 0 SE MOVIO A LA POSICION (4,8)
[INFO] 18:43:25:449 Team/(10896:10897): EL ENTRENADOR 0 SE MOVIO A LA POSICION (5,8)
[INFO] 18:43:30:450 Team/(10896:10897): EL ENTRENADOR 0 SE MOVIO A LA POSICION (5,7)
[INFO] 18:43:35:451 Team/(10896:10897): EL ENTRENADOR 0 SE MOVIO A LA POSICION (5,6)
[INFO] 18:43:40:452 Team/(10896:10897): EL ENTRENADOR 0 SE MOVIO A LA POSICION (5,5)
[INFO] 18:43:45:453 Team/(10896:10897): EL ENTRENADOR 0 EFECTUO UNA RAFAGA DE INTERCAMBIO
[INFO] 18:43:50:453 Team/(10896:10897): EL ENTRENADOR 0 EFECTUO UNA RAFAGA DE INTERCAMBIO
[INFO] 18:43:55:454 Team/(10896:10897): EL ENTRENADOR 0 EFECTUO UNA RAFAGA DE INTERCAMBIO
[INFO] 18:44:00:455 Team/(10896:10897): EL ENTRENADOR 0 EFECTUO UNA RAFAGA DE INTERCAMBIO
[INFO] 18:44:05:456 Team/(10896:10897): EL ENTRENADOR 0 EFECTUO UNA RAFAGA DE INTERCAMBIO
[INFO] 18:44:10:456 Team/(10896:10897): EL ENTRENADOR 0 INTERCAMBIO SU POKEMON Onix POR EL POKEMON Squirtle AL ENTRENADOR 1
[INFO] 18:44:10:457 Team/(10896:10897): SE MOVIO AL ENTRENADOR 1 A LA COLA DE LARGO PLAZO Y SE LO BLOQUEO A LA ESPERA DE UN INTERCAMBIO
[INFO] 18:44:10:457 Team/(10896:10897): SE MOVIO AL ENTRENADOR 1 A LA COLA DE CORTO PLAZO PARA PODER IR A INTERCAMBIAR UN POKEMON CON EL ENTRENADOR 2
[INFO] 18:44:10:457 Team/(10896:10898): EL ENTRENADOR 1 SE MOVIO A LA POSICION (6,5)
[INFO] 18:44:15:458 Team/(10896:10898): EL ENTRENADOR 1 SE MOVIO A LA POSICION (6,6)
[INFO] 18:44:20:459 Team/(10896:10898): EL ENTRENADOR 1 EFECTUO UNA RAFAGA DE INTERCAMBIO
[INFO] 18:44:25:459 Team/(10896:10898): EL ENTRENADOR 1 EFECTUO UNA RAFAGA DE INTERCAMBIO
[INFO] 18:44:30:460 Team/(10896:10898): EL ENTRENADOR 1 EFECTUO UNA RAFAGA DE INTERCAMBIO
[INFO] 18:44:35:461 Team/(10896:10898): EL ENTRENADOR 1 EFECTUO UNA RAFAGA DE INTERCAMBIO
[INFO] 18:44:40:462 Team/(10896:10898): EL ENTRENADOR 1 EFECTUO UNA RAFAGA DE INTERCAMBIO
[INFO] 18:44:45:462 Team/(10896:10898): EL ENTRENADOR 1 INTERCAMBIO SU POKEMON Onix POR EL POKEMON Gengar AL ENTRENADOR 2
[INFO] 18:44:45:462 Team/(10896:10896): EL PROCESO TEAM VA A FINALIZAR
[INFO] 18:44:45:462 Team/(10896:10896): RESULTADO DEL TEAM
[INFO] 18:44:45:462 Team/(10896:10896): Cantidad de ciclos de CPU totales: 53
[INFO] 18:44:45:462 Team/(10896:10896): Cantidad de cambios de contexto: 7
[INFO] 18:44:45:462 Team/(10896:10896): El entrenador 0 consumio 17 ciclos
[INFO] 18:44:45:462 Team/(10896:10896): El entrenador 1 consumio 28 ciclos
[INFO] 18:44:45:462 Team/(10896:10896): El entrenador 2 consumio 8 ciclos
[INFO] 18:44:45:462 Team/(10896:10896): Ocurrieron deadlocks y fueron resueltos
[INFO] 18:46:09:734 Team/(11300:11304): CONEXION EXITOSA CON EL BROKER
[INFO] 18:46:09:734 Team/(11300:11305): CONEXION EXITOSA CON EL BROKER
[INFO] 18:46:09:741 Team/(11300:11307): Servidor levantado! Escuchando en 8080
[INFO] 18:46:09:745 Team/(11300:11304): MENSAJE APPEARED RECIBIDO 
ID MENSAJE: 7 
ID CORRELATIVO: 6 
NOMBRE: Flareon 
POSICION (4,6) 

[INFO] 18:46:09:746 Team/(11300:11306): CONEXION EXITOSA CON EL BROKER
[INFO] 18:46:09:760 Team/(11300:11305): MENSAJE LOCALIZED RECIBIDO 
ID MENSAJE: 10 
ID CORRELATIVO: 8 
NOMBRE: Squirtle 
POSICIONES (5,2)  

[INFO] 18:46:09:762 Team/(11300:11308): SE MOVIO AL ENTRENADOR 2 A LA COLA DE CORTO PLAZO PARA PODER IR A CAPTURAR AL POKEMON: Squirtle
[INFO] 18:46:09:762 Team/(11300:11303): EL ENTRENADOR 2 SE MOVIO A LA POSICION (3,2)
[INFO] 18:46:14:762 Team/(11300:11303): EL ENTRENADOR 2 SE MOVIO A LA POSICION (4,2)
[INFO] 18:46:19:763 Team/(11300:11303): EL ENTRENADOR 2 SE MOVIO A LA POSICION (5,2)
[INFO] 18:46:24:765 Team/(11300:11303): SE MOVIO AL ENTRENADOR 2 A LA COLA DE LARGO PLAZO Y SE LO BLOQUEO A LA ESPERA DE UN MENSAJE CAUGHT
[INFO] 18:48:19:736 Team/(11899:11906): Servidor levantado! Escuchando en 8080
[INFO] 18:48:19:738 Team/(11899:11905): CONEXION EXITOSA CON EL BROKER
[INFO] 18:48:19:739 Team/(11899:11904): CONEXION EXITOSA CON EL BROKER
[INFO] 18:48:19:740 Team/(11899:11903): CONEXION EXITOSA CON EL BROKER
[INFO] 18:48:19:742 Team/(11899:11903): MENSAJE APPEARED RECIBIDO 
ID MENSAJE: 6 
ID CORRELATIVO: 4 
NOMBRE: Jolteon 
POSICION (2,2) 

[INFO] 18:48:19:743 Team/(11899:11903): MENSAJE APPEARED RECIBIDO 
ID MENSAJE: 7 
ID CORRELATIVO: 5 
NOMBRE: Flareon 
POSICION (4,6) 

[INFO] 18:48:19:754 Team/(11899:11904): MENSAJE LOCALIZED RECIBIDO 
ID MENSAJE: 10 
ID CORRELATIVO: 8 
NOMBRE: Squirtle 
POSICIONES (5,2)  

[INFO] 18:48:19:754 Team/(11899:11907): SE MOVIO AL ENTRENADOR 2 A LA COLA DE CORTO PLAZO PARA PODER IR A CAPTURAR AL POKEMON: Squirtle
[INFO] 18:48:19:754 Team/(11899:11902): EL ENTRENADOR 2 SE MOVIO A LA POSICION (3,2)
[INFO] 18:48:24:754 Team/(11899:11902): EL ENTRENADOR 2 SE MOVIO A LA POSICION (4,2)
[INFO] 18:48:29:755 Team/(11899:11902): EL ENTRENADOR 2 SE MOVIO A LA POSICION (5,2)
[INFO] 18:48:34:756 Team/(11899:11902): SE MOVIO AL ENTRENADOR 2 A LA COLA DE LARGO PLAZO Y SE LO BLOQUEO A LA ESPERA DE UN MENSAJE CAUGHT
[INFO] 18:50:31:774 Team/(12134:12141): Servidor levantado! Escuchando en 8080
[INFO] 18:50:31:774 Team/(12134:12140): CONEXION EXITOSA CON EL BROKER
[INFO] 18:50:31:775 Team/(12134:12139): CONEXION EXITOSA CON EL BROKER
[INFO] 18:50:31:776 Team/(12134:12138): CONEXION EXITOSA CON EL BROKER
[INFO] 18:50:31:776 Team/(12134:12140): MENSAJE CAUGHT RECIBIDO 
ID MENSAJE: 9 
ID CORRELATIVO: 8 
 EL POKEMON FUE ATRAPADO 

[INFO] 18:50:31:823 Team/(12134:12139): MENSAJE LOCALIZED RECIBIDO 
ID MENSAJE: 14 
ID CORRELATIVO: 10 
NOMBRE: Squirtle 
POSICIONES (5,2)  

[INFO] 18:50:31:823 Team/(12134:12142): SE MOVIO AL ENTRENADOR 2 A LA COLA DE CORTO PLAZO PARA PODER IR A CAPTURAR AL POKEMON: Squirtle
[INFO] 18:50:31:823 Team/(12134:12137): EL ENTRENADOR 2 SE MOVIO A LA POSICION (3,2)
[INFO] 18:50:31:891 Team/(12134:12139): MENSAJE LOCALIZED RECIBIDO 
ID MENSAJE: 15 
ID CORRELATIVO: 11 
NOMBRE: Pikachu 
POSICIONES (9,9)  

[INFO] 18:50:31:891 Team/(12134:12139): MENSAJE LOCALIZED RECIBIDO 
ID MENSAJE: 16 
ID CORRELATIVO: 12 
NOMBRE: Gengar 
 0 POSICIONES
[INFO] 18:50:31:891 Team/(12134:12142): SE MOVIO AL ENTRENADOR 1 A LA COLA DE CORTO PLAZO PARA PODER IR A CAPTURAR AL POKEMON: Pikachu
[INFO] 18:50:31:891 Team/(12134:12139): MENSAJE LOCALIZED RECIBIDO 
ID MENSAJE: 17 
ID CORRELATIVO: 13 
NOMBRE: Onix 
 0 POSICIONES
[INFO] 18:50:35:375 Team/(12134:12140): MENSAJE CAUGHT RECIBIDO 
ID MENSAJE: 19 
ID CORRELATIVO: 18 
 EL POKEMON FUE ATRAPADO 

[INFO] 18:50:36:824 Team/(12134:12137): EL ENTRENADOR 2 SE MOVIO A LA POSICION (4,2)
[INFO] 18:50:41:825 Team/(12134:12137): EL ENTRENADOR 2 SE MOVIO A LA POSICION (5,2)
[INFO] 18:50:46:826 Team/(12134:12137): SE MOVIO AL ENTRENADOR 2 A LA COLA DE LARGO PLAZO Y SE LO BLOQUEO A LA ESPERA DE UN MENSAJE CAUGHT
[INFO] 18:50:46:830 Team/(12134:12136): EL ENTRENADOR 1 SE MOVIO A LA POSICION (3,3)
[INFO] 18:50:46:883 Team/(12134:12140): MENSAJE CAUGHT RECIBIDO 
ID MENSAJE: 21 
ID CORRELATIVO: 20 
 EL POKEMON FUE ATRAPADO 

[INFO] 18:50:46:883 Team/(12134:12144): EL ENTRENADOR 2 ATRAPO AL POKEMON Squirtle EN LA POSICION (5,2)
[INFO] 18:50:51:830 Team/(12134:12136): EL ENTRENADOR 1 SE MOVIO A LA POSICION (4,3)
[INFO] 18:50:56:831 Team/(12134:12136): EL ENTRENADOR 1 SE MOVIO A LA POSICION (5,3)
[INFO] 18:51:01:832 Team/(12134:12136): EL ENTRENADOR 1 SE MOVIO A LA POSICION (6,3)
[INFO] 18:59:45:336 Team/(4812:4818): CONEXION EXITOSA CON EL BROKER
[INFO] 18:59:45:339 Team/(4812:4816): CONEXION EXITOSA CON EL BROKER
[INFO] 18:59:45:339 Team/(4812:4819): Servidor levantado! Escuchando en 8080
[INFO] 18:59:45:339 Team/(4812:4817): CONEXION EXITOSA CON EL BROKER
[INFO] 18:59:45:352 Team/(4812:4816): MENSAJE APPEARED RECIBIDO 
ID MENSAJE: 7 
ID CORRELATIVO: 6 
NOMBRE: Flareon 
POSICION (4,6) 

[INFO] 18:59:54:146 Team/(4812:4817): MENSAJE LOCALIZED RECIBIDO 
ID MENSAJE: 12 
ID CORRELATIVO: 8 
NOMBRE: Squirtle 
POSICIONES (5,2)  

[INFO] 18:59:54:152 Team/(4812:4820): SE MOVIO AL ENTRENADOR 2 A LA COLA DE CORTO PLAZO PARA PODER IR A CAPTURAR AL POKEMON: Squirtle
[INFO] 18:59:54:152 Team/(4812:4815): EL ENTRENADOR 2 SE MOVIO A LA POSICION (3,2)
[INFO] 18:59:59:157 Team/(4812:4815): EL ENTRENADOR 2 SE MOVIO A LA POSICION (4,2)
[INFO] 19:00:04:160 Team/(4812:4815): EL ENTRENADOR 2 SE MOVIO A LA POSICION (5,2)
[INFO] 19:00:09:162 Team/(4812:4815): SE MOVIO AL ENTRENADOR 2 A LA COLA DE LARGO PLAZO Y SE LO BLOQUEO A LA ESPERA DE UN MENSAJE CAUGHT
[INFO] 19:00:17:479 Team/(4812:4818): MENSAJE CAUGHT RECIBIDO 
ID MENSAJE: 14 
ID CORRELATIVO: 13 
 EL POKEMON FUE ATRAPADO 

[INFO] 19:00:17:481 Team/(4812:4822): EL ENTRENADOR 2 ATRAPO AL POKEMON Squirtle EN LA POSICION (5,2)
[INFO] 19:01:42:952 Team/(4955:4961): CONEXION EXITOSA CON EL BROKER
[INFO] 19:01:42:958 Team/(4955:4959): CONEXION EXITOSA CON EL BROKER
[INFO] 19:01:42:959 Team/(4955:4962): Servidor levantado! Escuchando en 8080
[INFO] 19:01:42:959 Team/(4955:4960): CONEXION EXITOSA CON EL BROKER
[INFO] 19:01:42:991 Team/(4955:4959): MENSAJE APPEARED RECIBIDO 
ID MENSAJE: 18 
ID CORRELATIVO: 14 
NOMBRE: Espeon 
POSICION (7,1) 

[INFO] 19:01:42:992 Team/(4955:4959): MENSAJE APPEARED RECIBIDO 
ID MENSAJE: 19 
ID CORRELATIVO: 16 
NOMBRE: Vaporeon 
POSICION (4,10) 

[INFO] 19:01:43:116 Team/(4955:4960): MENSAJE LOCALIZED RECIBIDO 
ID MENSAJE: 24 
ID CORRELATIVO: 20 
NOMBRE: Squirtle 
POSICIONES (5,2) (5,5)  

[INFO] 19:01:43:121 Team/(4955:4963): SE MOVIO AL ENTRENADOR 2 A LA COLA DE CORTO PLAZO PARA PODER IR A CAPTURAR AL POKEMON: Squirtle
[INFO] 19:01:43:122 Team/(4955:4963): SE MOVIO AL ENTRENADOR 1 A LA COLA DE CORTO PLAZO PARA PODER IR A CAPTURAR AL POKEMON: Squirtle
[INFO] 19:01:43:122 Team/(4955:4958): EL ENTRENADOR 2 SE MOVIO A LA POSICION (3,2)
[INFO] 19:01:43:226 Team/(4955:4960): MENSAJE LOCALIZED RECIBIDO 
ID MENSAJE: 25 
ID CORRELATIVO: 21 
NOMBRE: Pikachu 
POSICIONES (2,5) (1,9) (9,9)  

[INFO] 19:01:43:227 Team/(4955:4963): SE MOVIO AL ENTRENADOR 0 A LA COLA DE CORTO PLAZO PARA PODER IR A CAPTURAR AL POKEMON: Pikachu
[INFO] 19:01:43:294 Team/(4955:4960): MENSAJE LOCALIZED RECIBIDO 
ID MENSAJE: 26 
ID CORRELATIVO: 22 
NOMBRE: Gengar 
POSICIONES (6,6)  

[INFO] 19:01:43:302 Team/(4955:4960): MENSAJE LOCALIZED RECIBIDO 
ID MENSAJE: 27 
ID CORRELATIVO: 23 
NOMBRE: Onix 
POSICIONES (2,8)  

[INFO] 19:01:48:123 Team/(4955:4958): EL ENTRENADOR 2 SE MOVIO A LA POSICION (4,2)
[INFO] 19:01:53:125 Team/(4955:4958): EL ENTRENADOR 2 SE MOVIO A LA POSICION (5,2)
[INFO] 19:01:58:126 Team/(4955:4958): SE MOVIO AL ENTRENADOR 2 A LA COLA DE LARGO PLAZO Y SE LO BLOQUEO A LA ESPERA DE UN MENSAJE CAUGHT
[INFO] 19:01:58:144 Team/(4955:4957): EL ENTRENADOR 1 SE MOVIO A LA POSICION (3,3)
[INFO] 19:01:58:234 Team/(4955:4961): MENSAJE CAUGHT RECIBIDO 
ID MENSAJE: 29 
ID CORRELATIVO: 28 
 EL POKEMON FUE ATRAPADO 

[INFO] 19:01:58:236 Team/(4955:4965): EL ENTRENADOR 2 ATRAPO AL POKEMON Squirtle EN LA POSICION (5,2)
[INFO] 19:01:58:236 Team/(4955:4965): SE MOVIO AL ENTRENADOR 2 A LA COLA DE CORTO PLAZO PARA PODER IR A CAPTURAR AL POKEMON: Gengar
[INFO] 19:05:44:607 Team/(5203:5207): CONEXION EXITOSA CON EL BROKER
[INFO] 19:05:44:609 Team/(5203:5208): CONEXION EXITOSA CON EL BROKER
[INFO] 19:05:44:610 Team/(5203:5209): CONEXION EXITOSA CON EL BROKER
[INFO] 19:05:44:610 Team/(5203:5210): Servidor levantado! Escuchando en 8080
[INFO] 19:05:44:638 Team/(5203:5207): MENSAJE APPEARED RECIBIDO 
ID MENSAJE: 19 
ID CORRELATIVO: 18 
NOMBRE: Vaporeon 
POSICION (4,10) 

[INFO] 19:05:44:696 Team/(5203:5208): MENSAJE LOCALIZED RECIBIDO 
ID MENSAJE: 22 
ID CORRELATIVO: 20 
NOMBRE: Squirtle 
POSICIONES (5,5) (5,2)  

[INFO] 19:05:44:699 Team/(5203:5211): SE MOVIO AL ENTRENADOR 2 A LA COLA DE CORTO PLAZO PARA PODER IR A CAPTURAR AL POKEMON: Squirtle
[INFO] 19:05:44:702 Team/(5203:5211): SE MOVIO AL ENTRENADOR 1 A LA COLA DE CORTO PLAZO PARA PODER IR A CAPTURAR AL POKEMON: Squirtle
[INFO] 19:05:44:702 Team/(5203:5206): EL ENTRENADOR 2 SE MOVIO A LA POSICION (3,2)
[INFO] 19:05:49:704 Team/(5203:5206): EL ENTRENADOR 2 SE MOVIO A LA POSICION (4,2)
[INFO] 19:05:54:705 Team/(5203:5206): EL ENTRENADOR 2 SE MOVIO A LA POSICION (5,2)
[INFO] 19:05:59:708 Team/(5203:5206): SE MOVIO AL ENTRENADOR 2 A LA COLA DE LARGO PLAZO Y SE LO BLOQUEO A LA ESPERA DE UN MENSAJE CAUGHT
[INFO] 19:05:59:747 Team/(5203:5205): EL ENTRENADOR 1 SE MOVIO A LA POSICION (3,3)
[INFO] 19:06:04:748 Team/(5203:5205): EL ENTRENADOR 1 SE MOVIO A LA POSICION (4,3)
[INFO] 19:06:09:753 Team/(5203:5205): EL ENTRENADOR 1 SE MOVIO A LA POSICION (5,3)
[INFO] 19:06:14:762 Team/(5203:5205): EL ENTRENADOR 1 SE MOVIO A LA POSICION (5,4)
[INFO] 19:06:19:764 Team/(5203:5205): EL ENTRENADOR 1 SE MOVIO A LA POSICION (5,5)
[INFO] 19:06:24:767 Team/(5203:5205): SE MOVIO AL ENTRENADOR 1 A LA COLA DE LARGO PLAZO Y SE LO BLOQUEO A LA ESPERA DE UN MENSAJE CAUGHT
[INFO] 19:17:29:679 Team/(5754:5759): CONEXION EXITOSA CON EL BROKER
[INFO] 19:17:29:687 Team/(5754:5758): CONEXION EXITOSA CON EL BROKER
[INFO] 19:17:29:690 Team/(5754:5761): Servidor levantado! Escuchando en 8080
[INFO] 19:17:29:690 Team/(5754:5760): CONEXION EXITOSA CON EL BROKER
[INFO] 19:17:29:723 Team/(5754:5758): MENSAJE APPEARED RECIBIDO 
ID MENSAJE: 19 
ID CORRELATIVO: 18 
NOMBRE: Vaporeon 
POSICION (4,10) 

[INFO] 19:18:11:260 Team/(5754:5759): MENSAJE LOCALIZED RECIBIDO 
ID MENSAJE: 24 
ID CORRELATIVO: 20 
NOMBRE: Squirtle 
POSICIONES (5,5) (5,2)  

[INFO] 19:18:11:263 Team/(5754:5762): SE MOVIO AL ENTRENADOR 2 A LA COLA DE CORTO PLAZO PARA PODER IR A CAPTURAR AL POKEMON: Squirtle
[INFO] 19:18:11:263 Team/(5754:5762): SE MOVIO AL ENTRENADOR 1 A LA COLA DE CORTO PLAZO PARA PODER IR A CAPTURAR AL POKEMON: Squirtle
[INFO] 19:18:11:263 Team/(5754:5757): EL ENTRENADOR 2 SE MOVIO A LA POSICION (3,2)
[INFO] 19:18:16:265 Team/(5754:5757): EL ENTRENADOR 2 SE MOVIO A LA POSICION (4,2)
[INFO] 19:18:21:267 Team/(5754:5757): EL ENTRENADOR 2 SE MOVIO A LA POSICION (5,2)
[INFO] 19:18:26:269 Team/(5754:5757): SE MOVIO AL ENTRENADOR 2 A LA COLA DE LARGO PLAZO Y SE LO BLOQUEO A LA ESPERA DE UN MENSAJE CAUGHT
[INFO] 19:18:26:290 Team/(5754:5756): EL ENTRENADOR 1 SE MOVIO A LA POSICION (3,3)
[INFO] 19:18:26:485 Team/(5754:5760): MENSAJE CAUGHT RECIBIDO 
ID MENSAJE: 26 
ID CORRELATIVO: 25 
 EL POKEMON FUE ATRAPADO 

[INFO] 19:18:26:498 Team/(5754:5764): EL ENTRENADOR 2 ATRAPO AL POKEMON Squirtle EN LA POSICION (5,2)
[INFO] 19:18:31:291 Team/(5754:5756): EL ENTRENADOR 1 SE MOVIO A LA POSICION (4,3)
[INFO] 19:18:36:293 Team/(5754:5756): EL ENTRENADOR 1 SE MOVIO A LA POSICION (5,3)
[INFO] 19:18:41:294 Team/(5754:5756): EL ENTRENADOR 1 SE MOVIO A LA POSICION (5,4)
[INFO] 19:18:46:295 Team/(5754:5756): EL ENTRENADOR 1 SE MOVIO A LA POSICION (5,5)
[INFO] 19:18:51:295 Team/(5754:5756): SE MOVIO AL ENTRENADOR 1 A LA COLA DE LARGO PLAZO Y SE LO BLOQUEO A LA ESPERA DE UN MENSAJE CAUGHT
[INFO] 19:20:07:102 Team/(5962:5968): CONEXION EXITOSA CON EL BROKER
[INFO] 19:20:07:104 Team/(5962:5967): CONEXION EXITOSA CON EL BROKER
[INFO] 19:20:07:111 Team/(5962:5966): CONEXION EXITOSA CON EL BROKER
[INFO] 19:20:07:111 Team/(5962:5969): Servidor levantado! Escuchando en 8080
[INFO] 19:20:07:142 Team/(5962:5966): MENSAJE APPEARED RECIBIDO 
ID MENSAJE: 19 
ID CORRELATIVO: 18 
NOMBRE: Vaporeon 
POSICION (4,10) 

[INFO] 19:20:07:206 Team/(5962:5967): MENSAJE LOCALIZED RECIBIDO 
ID MENSAJE: 22 
ID CORRELATIVO: 20 
NOMBRE: Squirtle 
POSICIONES (5,2) (5,5)  

[INFO] 19:20:07:211 Team/(5962:5970): SE MOVIO AL ENTRENADOR 2 A LA COLA DE CORTO PLAZO PARA PODER IR A CAPTURAR AL POKEMON: Squirtle
[INFO] 19:20:07:212 Team/(5962:5970): SE MOVIO AL ENTRENADOR 1 A LA COLA DE CORTO PLAZO PARA PODER IR A CAPTURAR AL POKEMON: Squirtle
[INFO] 19:20:07:229 Team/(5962:5965): EL ENTRENADOR 2 SE MOVIO A LA POSICION (3,2)
[INFO] 19:20:12:234 Team/(5962:5965): EL ENTRENADOR 2 SE MOVIO A LA POSICION (4,2)
[INFO] 19:20:17:236 Team/(5962:5965): EL ENTRENADOR 2 SE MOVIO A LA POSICION (5,2)
[INFO] 19:20:22:239 Team/(5962:5965): SE MOVIO AL ENTRENADOR 2 A LA COLA DE LARGO PLAZO Y SE LO BLOQUEO A LA ESPERA DE UN MENSAJE CAUGHT
[INFO] 19:20:22:253 Team/(5962:5964): EL ENTRENADOR 1 SE MOVIO A LA POSICION (3,3)
[INFO] 19:20:27:253 Team/(5962:5964): EL ENTRENADOR 1 SE MOVIO A LA POSICION (4,3)
[INFO] 19:20:32:254 Team/(5962:5964): EL ENTRENADOR 1 SE MOVIO A LA POSICION (5,3)
[INFO] 19:20:37:255 Team/(5962:5964): EL ENTRENADOR 1 SE MOVIO A LA POSICION (5,4)
[INFO] 19:20:42:257 Team/(5962:5964): EL ENTRENADOR 1 SE MOVIO A LA POSICION (5,5)
[INFO] 19:20:47:257 Team/(5962:5964): SE MOVIO AL ENTRENADOR 1 A LA COLA DE LARGO PLAZO Y SE LO BLOQUEO A LA ESPERA DE UN MENSAJE CAUGHT
[INFO] 19:21:03:617 Team/(6024:6029): CONEXION EXITOSA CON EL BROKER
[INFO] 19:21:03:618 Team/(6024:6034): Servidor levantado! Escuchando en 8080
[INFO] 19:21:03:618 Team/(6024:6030): CONEXION EXITOSA CON EL BROKER
[INFO] 19:21:03:618 Team/(6024:6028): CONEXION EXITOSA CON EL BROKER
[INFO] 19:21:30:30 Team/(6137:6144): Servidor levantado! Escuchando en 8080
[INFO] 19:21:30:31 Team/(6137:6143): CONEXION EXITOSA CON EL BROKER
[INFO] 19:21:30:35 Team/(6137:6142): CONEXION EXITOSA CON EL BROKER
[INFO] 19:21:30:47 Team/(6137:6141): CONEXION EXITOSA CON EL BROKER
[INFO] 19:21:30:69 Team/(6137:6141): MENSAJE APPEARED RECIBIDO 
ID MENSAJE: 19 
ID CORRELATIVO: 18 
NOMBRE: Vaporeon 
POSICION (4,10) 

[INFO] 19:22:12:38 Team/(6137:6142): MENSAJE LOCALIZED RECIBIDO 
ID MENSAJE: 24 
ID CORRELATIVO: 20 
NOMBRE: Squirtle 
POSICIONES (5,5) (5,2)  

[INFO] 19:22:12:41 Team/(6137:6145): SE MOVIO AL ENTRENADOR 2 A LA COLA DE CORTO PLAZO PARA PODER IR A CAPTURAR AL POKEMON: Squirtle
[INFO] 19:22:12:42 Team/(6137:6145): SE MOVIO AL ENTRENADOR 1 A LA COLA DE CORTO PLAZO PARA PODER IR A CAPTURAR AL POKEMON: Squirtle
[INFO] 19:22:12:42 Team/(6137:6140): EL ENTRENADOR 2 SE MOVIO A LA POSICION (3,2)
[INFO] 19:22:17:43 Team/(6137:6140): EL ENTRENADOR 2 SE MOVIO A LA POSICION (4,2)
[INFO] 19:22:22:44 Team/(6137:6140): EL ENTRENADOR 2 SE MOVIO A LA POSICION (5,2)
[INFO] 19:23:10:972 Team/(6325:6331): CONEXION EXITOSA CON EL BROKER
[INFO] 19:23:10:976 Team/(6325:6330): CONEXION EXITOSA CON EL BROKER
[INFO] 19:23:10:976 Team/(6325:6332): Servidor levantado! Escuchando en 8080
[INFO] 19:23:10:977 Team/(6325:6329): CONEXION EXITOSA CON EL BROKER
[INFO] 19:23:10:998 Team/(6325:6329): MENSAJE APPEARED RECIBIDO 
ID MENSAJE: 19 
ID CORRELATIVO: 18 
NOMBRE: Vaporeon 
POSICION (4,10) 

[INFO] 19:24:16:263 Team/(6325:6330): MENSAJE LOCALIZED RECIBIDO 
ID MENSAJE: 24 
ID CORRELATIVO: 20 
NOMBRE: Squirtle 
POSICIONES (5,5) (5,2)  

[INFO] 19:24:16:265 Team/(6325:6333): SE MOVIO AL ENTRENADOR 2 A LA COLA DE CORTO PLAZO PARA PODER IR A CAPTURAR AL POKEMON: Squirtle
[INFO] 19:24:16:266 Team/(6325:6333): SE MOVIO AL ENTRENADOR 1 A LA COLA DE CORTO PLAZO PARA PODER IR A CAPTURAR AL POKEMON: Squirtle
[INFO] 19:24:16:266 Team/(6325:6328): EL ENTRENADOR 2 SE MOVIO A LA POSICION (3,2)
[INFO] 19:24:21:270 Team/(6325:6328): EL ENTRENADOR 2 SE MOVIO A LA POSICION (4,2)
[INFO] 19:24:26:274 Team/(6325:6328): EL ENTRENADOR 2 SE MOVIO A LA POSICION (5,2)
[INFO] 19:24:31:276 Team/(6325:6328): SE MOVIO AL ENTRENADOR 2 A LA COLA DE LARGO PLAZO Y SE LO BLOQUEO A LA ESPERA DE UN MENSAJE CAUGHT
[INFO] 19:24:31:301 Team/(6325:6327): EL ENTRENADOR 1 SE MOVIO A LA POSICION (3,3)
[INFO] 19:24:36:306 Team/(6325:6327): EL ENTRENADOR 1 SE MOVIO A LA POSICION (4,3)
[INFO] 19:24:41:308 Team/(6325:6327): EL ENTRENADOR 1 SE MOVIO A LA POSICION (5,3)
[INFO] 19:24:46:310 Team/(6325:6327): EL ENTRENADOR 1 SE MOVIO A LA POSICION (5,4)
[INFO] 19:24:51:312 Team/(6325:6327): EL ENTRENADOR 1 SE MOVIO A LA POSICION (5,5)
[INFO] 19:24:56:314 Team/(6325:6327): SE MOVIO AL ENTRENADOR 1 A LA COLA DE LARGO PLAZO Y SE LO BLOQUEO A LA ESPERA DE UN MENSAJE CAUGHT
[INFO] 19:25:33:826 Team/(6614:6620): CONEXION EXITOSA CON EL BROKER
[INFO] 19:25:33:827 Team/(6614:6621): Servidor levantado! Escuchando en 8080
[INFO] 19:25:33:828 Team/(6614:6619): CONEXION EXITOSA CON EL BROKER
[INFO] 19:25:33:830 Team/(6614:6618): CONEXION EXITOSA CON EL BROKER
[INFO] 19:25:33:861 Team/(6614:6618): MENSAJE APPEARED RECIBIDO 
ID MENSAJE: 19 
ID CORRELATIVO: 18 
NOMBRE: Vaporeon 
POSICION (4,10) 

[INFO] 19:25:37:962 Team/(6614:6619): MENSAJE LOCALIZED RECIBIDO 
ID MENSAJE: 24 
ID CORRELATIVO: 20 
NOMBRE: Squirtle 
POSICIONES (5,5) (5,2)  

[INFO] 19:25:37:964 Team/(6614:6622): SE MOVIO AL ENTRENADOR 2 A LA COLA DE CORTO PLAZO PARA PODER IR A CAPTURAR AL POKEMON: Squirtle
[INFO] 19:25:37:965 Team/(6614:6622): SE MOVIO AL ENTRENADOR 1 A LA COLA DE CORTO PLAZO PARA PODER IR A CAPTURAR AL POKEMON: Squirtle
[INFO] 19:25:37:965 Team/(6614:6617): EL ENTRENADOR 2 SE MOVIO A LA POSICION (3,2)
[INFO] 19:25:42:966 Team/(6614:6617): EL ENTRENADOR 2 SE MOVIO A LA POSICION (4,2)
[INFO] 19:25:47:967 Team/(6614:6617): EL ENTRENADOR 2 SE MOVIO A LA POSICION (5,2)
[INFO] 19:25:52:968 Team/(6614:6617): SE MOVIO AL ENTRENADOR 2 A LA COLA DE LARGO PLAZO Y SE LO BLOQUEO A LA ESPERA DE UN MENSAJE CAUGHT
[INFO] 19:25:52:992 Team/(6614:6616): EL ENTRENADOR 1 SE MOVIO A LA POSICION (3,3)
[INFO] 19:25:57:993 Team/(6614:6616): EL ENTRENADOR 1 SE MOVIO A LA POSICION (4,3)
[INFO] 19:26:02:996 Team/(6614:6616): EL ENTRENADOR 1 SE MOVIO A LA POSICION (5,3)
[INFO] 19:26:07:997 Team/(6614:6616): EL ENTRENADOR 1 SE MOVIO A LA POSICION (5,4)
[INFO] 19:26:12:997 Team/(6614:6616): EL ENTRENADOR 1 SE MOVIO A LA POSICION (5,5)
[INFO] 19:26:17:998 Team/(6614:6616): SE MOVIO AL ENTRENADOR 1 A LA COLA DE LARGO PLAZO Y SE LO BLOQUEO A LA ESPERA DE UN MENSAJE CAUGHT
[INFO] 19:27:20:657 Team/(6773:6778): CONEXION EXITOSA CON EL BROKER
[INFO] 19:27:20:660 Team/(6773:6777): CONEXION EXITOSA CON EL BROKER
[INFO] 19:27:20:660 Team/(6773:6779): CONEXION EXITOSA CON EL BROKER
[INFO] 19:27:20:660 Team/(6773:6780): Servidor levantado! Escuchando en 8080
[INFO] 19:27:20:678 Team/(6773:6777): MENSAJE APPEARED RECIBIDO 
ID MENSAJE: 19 
ID CORRELATIVO: 18 
NOMBRE: Vaporeon 
POSICION (4,10) 

[INFO] 19:27:27:662 Team/(6773:6778): MENSAJE LOCALIZED RECIBIDO 
ID MENSAJE: 24 
ID CORRELATIVO: 20 
NOMBRE: Squirtle 
POSICIONES (5,5) (5,2)  

[INFO] 19:27:27:665 Team/(6773:6781): SE MOVIO AL ENTRENADOR 2 A LA COLA DE CORTO PLAZO PARA PODER IR A CAPTURAR AL POKEMON: Squirtle
[INFO] 19:27:27:665 Team/(6773:6781): SE MOVIO AL ENTRENADOR 1 A LA COLA DE CORTO PLAZO PARA PODER IR A CAPTURAR AL POKEMON: Squirtle
[INFO] 19:27:27:665 Team/(6773:6776): EL ENTRENADOR 2 SE MOVIO A LA POSICION (3,2)
[INFO] 19:27:32:666 Team/(6773:6776): EL ENTRENADOR 2 SE MOVIO A LA POSICION (4,2)
[INFO] 19:27:37:673 Team/(6773:6776): EL ENTRENADOR 2 SE MOVIO A LA POSICION (5,2)
[INFO] 19:27:42:674 Team/(6773:6776): SE MOVIO AL ENTRENADOR 2 A LA COLA DE LARGO PLAZO Y SE LO BLOQUEO A LA ESPERA DE UN MENSAJE CAUGHT
[INFO] 19:27:42:711 Team/(6773:6775): EL ENTRENADOR 1 SE MOVIO A LA POSICION (3,3)
[INFO] 19:27:47:717 Team/(6773:6775): EL ENTRENADOR 1 SE MOVIO A LA POSICION (4,3)
[INFO] 19:27:52:719 Team/(6773:6775): EL ENTRENADOR 1 SE MOVIO A LA POSICION (5,3)
[INFO] 19:27:57:721 Team/(6773:6775): EL ENTRENADOR 1 SE MOVIO A LA POSICION (5,4)
[INFO] 19:28:02:723 Team/(6773:6775): EL ENTRENADOR 1 SE MOVIO A LA POSICION (5,5)
[INFO] 19:28:07:723 Team/(6773:6775): SE MOVIO AL ENTRENADOR 1 A LA COLA DE LARGO PLAZO Y SE LO BLOQUEO A LA ESPERA DE UN MENSAJE CAUGHT
[INFO] 19:29:31:842 Team/(6963:6967): CONEXION EXITOSA CON EL BROKER
[INFO] 19:29:31:843 Team/(6963:6969): CONEXION EXITOSA CON EL BROKER
[INFO] 19:29:31:843 Team/(6963:6970): Servidor levantado! Escuchando en 8080
[INFO] 19:29:31:844 Team/(6963:6968): CONEXION EXITOSA CON EL BROKER
[INFO] 19:29:31:879 Team/(6963:6967): MENSAJE APPEARED RECIBIDO 
ID MENSAJE: 19 
ID CORRELATIVO: 18 
NOMBRE: Vaporeon 
POSICION (4,10) 

[INFO] 19:29:50:554 Team/(6963:6968): MENSAJE LOCALIZED RECIBIDO 
ID MENSAJE: 24 
ID CORRELATIVO: 20 
NOMBRE: Squirtle 
POSICIONES (5,2) (5,5)  

[INFO] 19:29:50:556 Team/(6963:6971): SE MOVIO AL ENTRENADOR 2 A LA COLA DE CORTO PLAZO PARA PODER IR A CAPTURAR AL POKEMON: Squirtle
[INFO] 19:29:50:556 Team/(6963:6971): SE MOVIO AL ENTRENADOR 1 A LA COLA DE CORTO PLAZO PARA PODER IR A CAPTURAR AL POKEMON: Squirtle
[INFO] 19:29:50:556 Team/(6963:6966): EL ENTRENADOR 2 SE MOVIO A LA POSICION (3,2)
[INFO] 19:29:55:558 Team/(6963:6966): EL ENTRENADOR 2 SE MOVIO A LA POSICION (4,2)
[INFO] 19:30:00:559 Team/(6963:6966): EL ENTRENADOR 2 SE MOVIO A LA POSICION (5,2)
[INFO] 19:30:05:562 Team/(6963:6966): SE MOVIO AL ENTRENADOR 2 A LA COLA DE LARGO PLAZO Y SE LO BLOQUEO A LA ESPERA DE UN MENSAJE CAUGHT
[INFO] 19:30:05:594 Team/(6963:6965): EL ENTRENADOR 1 SE MOVIO A LA POSICION (3,3)
[INFO] 19:30:10:596 Team/(6963:6965): EL ENTRENADOR 1 SE MOVIO A LA POSICION (4,3)
[INFO] 19:30:15:597 Team/(6963:6965): EL ENTRENADOR 1 SE MOVIO A LA POSICION (5,3)
[INFO] 19:30:20:598 Team/(6963:6965): EL ENTRENADOR 1 SE MOVIO A LA POSICION (5,4)
[INFO] 19:30:25:600 Team/(6963:6965): EL ENTRENADOR 1 SE MOVIO A LA POSICION (5,5)
[INFO] 19:30:27:83 Team/(6963:6969): MENSAJE CAUGHT RECIBIDO 
ID MENSAJE: 26 
ID CORRELATIVO: 25 
 EL POKEMON FUE ATRAPADO 

[INFO] 19:30:27:89 Team/(6963:6976): EL ENTRENADOR 2 ATRAPO AL POKEMON Squirtle EN LA POSICION (5,2)
[INFO] 19:30:30:602 Team/(6963:6965): SE MOVIO AL ENTRENADOR 1 A LA COLA DE LARGO PLAZO Y SE LO BLOQUEO A LA ESPERA DE UN MENSAJE CAUGHT
[INFO] 19:30:38:23 Team/(6963:6969): MENSAJE CAUGHT RECIBIDO 
ID MENSAJE: 28 
ID CORRELATIVO: 27 
 EL POKEMON FUE ATRAPADO 

[INFO] 19:30:38:25 Team/(6963:6976): EL ENTRENADOR 1 ATRAPO AL POKEMON Squirtle EN LA POSICION (5,5)
[INFO] 19:33:03:236 Team/(7231:7237): CONEXION EXITOSA CON EL BROKER
[INFO] 19:33:03:236 Team/(7231:7238): Servidor levantado! Escuchando en 8080
[INFO] 19:33:03:238 Team/(7231:7236): CONEXION EXITOSA CON EL BROKER
[INFO] 19:33:03:239 Team/(7231:7235): CONEXION EXITOSA CON EL BROKER
[INFO] 19:33:03:267 Team/(7231:7235): MENSAJE APPEARED RECIBIDO 
ID MENSAJE: 19 
ID CORRELATIVO: 18 
NOMBRE: Vaporeon 
POSICION (4,10) 

[INFO] 19:33:03:360 Team/(7231:7236): MENSAJE LOCALIZED RECIBIDO 
ID MENSAJE: 23 
ID CORRELATIVO: 20 
NOMBRE: Squirtle 
POSICIONES (5,2) (5,5)  

[INFO] 19:33:03:365 Team/(7231:7239): SE MOVIO AL ENTRENADOR 2 A LA COLA DE CORTO PLAZO PARA PODER IR A CAPTURAR AL POKEMON: Squirtle
[INFO] 19:33:03:366 Team/(7231:7239): SE MOVIO AL ENTRENADOR 1 A LA COLA DE CORTO PLAZO PARA PODER IR A CAPTURAR AL POKEMON: Squirtle
[INFO] 19:33:03:366 Team/(7231:7234): EL ENTRENADOR 2 SE MOVIO A LA POSICION (3,2)
[INFO] 19:33:08:366 Team/(7231:7234): EL ENTRENADOR 2 SE MOVIO A LA POSICION (4,2)
[INFO] 19:33:13:367 Team/(7231:7234): EL ENTRENADOR 2 SE MOVIO A LA POSICION (5,2)
[INFO] 19:33:18:367 Team/(7231:7234): SE MOVIO AL ENTRENADOR 2 A LA COLA DE LARGO PLAZO Y SE LO BLOQUEO A LA ESPERA DE UN MENSAJE CAUGHT
[INFO] 19:33:18:391 Team/(7231:7233): EL ENTRENADOR 1 SE MOVIO A LA POSICION (3,3)
[INFO] 19:33:23:399 Team/(7231:7233): EL ENTRENADOR 1 SE MOVIO A LA POSICION (4,3)
[INFO] 19:33:28:403 Team/(7231:7233): EL ENTRENADOR 1 SE MOVIO A LA POSICION (5,3)
[INFO] 19:33:33:403 Team/(7231:7233): EL ENTRENADOR 1 SE MOVIO A LA POSICION (5,4)
[INFO] 19:35:33:714 Team/(7424:7429): CONEXION EXITOSA CON EL BROKER
[INFO] 19:35:33:716 Team/(7424:7430): CONEXION EXITOSA CON EL BROKER
[INFO] 19:35:33:717 Team/(7424:7431): Servidor levantado! Escuchando en 8080
[INFO] 19:35:33:718 Team/(7424:7428): CONEXION EXITOSA CON EL BROKER
[INFO] 19:35:33:741 Team/(7424:7428): MENSAJE APPEARED RECIBIDO 
ID MENSAJE: 19 
ID CORRELATIVO: 18 
NOMBRE: Vaporeon 
POSICION (4,10) 

[INFO] 19:36:01:496 Team/(7424:7429): MENSAJE LOCALIZED RECIBIDO 
ID MENSAJE: 24 
ID CORRELATIVO: 20 
NOMBRE: Squirtle 
POSICIONES (5,2) (5,5)  

[INFO] 19:36:01:498 Team/(7424:7432): SE MOVIO AL ENTRENADOR 2 A LA COLA DE CORTO PLAZO PARA PODER IR A CAPTURAR AL POKEMON: Squirtle
[INFO] 19:36:01:498 Team/(7424:7432): SE MOVIO AL ENTRENADOR 1 A LA COLA DE CORTO PLAZO PARA PODER IR A CAPTURAR AL POKEMON: Squirtle
[INFO] 19:36:01:499 Team/(7424:7427): EL ENTRENADOR 2 SE MOVIO A LA POSICION (3,2)
[INFO] 19:36:06:499 Team/(7424:7427): EL ENTRENADOR 2 SE MOVIO A LA POSICION (4,2)
[INFO] 19:36:11:502 Team/(7424:7427): EL ENTRENADOR 2 SE MOVIO A LA POSICION (5,2)
[INFO] 19:36:16:503 Team/(7424:7427): SE MOVIO AL ENTRENADOR 2 A LA COLA DE LARGO PLAZO Y SE LO BLOQUEO A LA ESPERA DE UN MENSAJE CAUGHT
[INFO] 19:36:16:522 Team/(7424:7426): EL ENTRENADOR 1 SE MOVIO A LA POSICION (3,3)
[INFO] 19:36:20:518 Team/(7424:7430): MENSAJE CAUGHT RECIBIDO 
ID MENSAJE: 26 
ID CORRELATIVO: 25 
 EL POKEMON FUE ATRAPADO 

[INFO] 19:36:20:521 Team/(7424:7434): EL ENTRENADOR 2 ATRAPO AL POKEMON Squirtle EN LA POSICION (5,2)
[INFO] 19:36:21:524 Team/(7424:7426): EL ENTRENADOR 1 SE MOVIO A LA POSICION (4,3)
[INFO] 19:36:26:525 Team/(7424:7426): EL ENTRENADOR 1 SE MOVIO A LA POSICION (5,3)
[INFO] 19:36:31:525 Team/(7424:7426): EL ENTRENADOR 1 SE MOVIO A LA POSICION (5,4)
[INFO] 19:36:36:527 Team/(7424:7426): EL ENTRENADOR 1 SE MOVIO A LA POSICION (5,5)
[INFO] 19:36:41:528 Team/(7424:7426): SE MOVIO AL ENTRENADOR 1 A LA COLA DE LARGO PLAZO Y SE LO BLOQUEO A LA ESPERA DE UN MENSAJE CAUGHT
[INFO] 19:36:48:422 Team/(7424:7430): MENSAJE CAUGHT RECIBIDO 
ID MENSAJE: 28 
ID CORRELATIVO: 27 
 EL POKEMON FUE ATRAPADO 

[INFO] 19:36:48:425 Team/(7424:7434): EL ENTRENADOR 1 ATRAPO AL POKEMON Squirtle EN LA POSICION (5,5)
[INFO] 19:37:08:806 Team/(7424:7429): MENSAJE LOCALIZED RECIBIDO 
ID MENSAJE: 29 
ID CORRELATIVO: 21 
NOMBRE: Pikachu 
POSICIONES (9,9)  

[INFO] 19:37:08:807 Team/(7424:7432): SE MOVIO AL ENTRENADOR 1 A LA COLA DE CORTO PLAZO PARA PODER IR A CAPTURAR AL POKEMON: Pikachu
[INFO] 19:37:08:808 Team/(7424:7426): EL ENTRENADOR 1 SE MOVIO A LA POSICION (6,5)
[INFO] 19:37:13:809 Team/(7424:7426): EL ENTRENADOR 1 SE MOVIO A LA POSICION (7,5)
[INFO] 19:37:18:810 Team/(7424:7426): EL ENTRENADOR 1 SE MOVIO A LA POSICION (8,5)
[INFO] 19:37:23:813 Team/(7424:7426): EL ENTRENADOR 1 SE MOVIO A LA POSICION (9,5)
[INFO] 19:37:28:816 Team/(7424:7426): EL ENTRENADOR 1 SE MOVIO A LA POSICION (9,6)
[INFO] 19:37:29:34 Team/(7424:7429): MENSAJE LOCALIZED RECIBIDO 
ID MENSAJE: 30 
ID CORRELATIVO: 22 
NOMBRE: Gengar 
POSICIONES (6,6)  

[INFO] 19:37:29:42 Team/(7424:7432): SE MOVIO AL ENTRENADOR 2 A LA COLA DE CORTO PLAZO PARA PODER IR A CAPTURAR AL POKEMON: Gengar
[INFO] 19:37:33:386 Team/(7424:7429): MENSAJE LOCALIZED RECIBIDO 
ID MENSAJE: 31 
ID CORRELATIVO: 23 
NOMBRE: Onix 
POSICIONES (2,8)  

[INFO] 19:37:33:387 Team/(7424:7432): SE MOVIO AL ENTRENADOR 0 A LA COLA DE CORTO PLAZO PARA PODER IR A CAPTURAR AL POKEMON: Onix
[INFO] 19:37:33:817 Team/(7424:7426): EL ENTRENADOR 1 SE MOVIO A LA POSICION (9,7)
[INFO] 19:37:38:819 Team/(7424:7426): EL ENTRENADOR 1 SE MOVIO A LA POSICION (9,8)
[INFO] 19:37:43:822 Team/(7424:7426): EL ENTRENADOR 1 SE MOVIO A LA POSICION (9,9)
[INFO] 19:37:48:824 Team/(7424:7426): SE MOVIO AL ENTRENADOR 1 A LA COLA DE LARGO PLAZO Y SE LO BLOQUEO A LA ESPERA DE UN MENSAJE CAUGHT
[INFO] 19:37:48:836 Team/(7424:7427): EL ENTRENADOR 2 SE MOVIO A LA POSICION (6,2)
[INFO] 19:37:48:930 Team/(7424:7430): MENSAJE CAUGHT RECIBIDO 
ID MENSAJE: 33 
ID CORRELATIVO: 32 
 EL POKEMON FUE ATRAPADO 

[INFO] 19:37:48:931 Team/(7424:7434): EL ENTRENADOR 1 ATRAPO AL POKEMON Pikachu EN LA POSICION (9,9)
[INFO] 19:37:53:842 Team/(7424:7427): EL ENTRENADOR 2 SE MOVIO A LA POSICION (6,3)
[INFO] 19:38:39:871 Team/(7734:7740): CONEXION EXITOSA CON EL BROKER
[INFO] 19:38:39:872 Team/(7734:7739): CONEXION EXITOSA CON EL BROKER
[INFO] 19:38:39:873 Team/(7734:7741): Servidor levantado! Escuchando en 8080
[INFO] 19:38:39:884 Team/(7734:7738): CONEXION EXITOSA CON EL BROKER
[INFO] 19:38:39:903 Team/(7734:7738): MENSAJE APPEARED RECIBIDO 
ID MENSAJE: 19 
ID CORRELATIVO: 18 
NOMBRE: Vaporeon 
POSICION (4,10) 

[INFO] 19:38:39:983 Team/(7734:7739): MENSAJE LOCALIZED RECIBIDO 
ID MENSAJE: 22 
ID CORRELATIVO: 20 
NOMBRE: Squirtle 
POSICIONES (5,2) (5,5)  

[INFO] 19:38:39:991 Team/(7734:7742): SE MOVIO AL ENTRENADOR 2 A LA COLA DE CORTO PLAZO PARA PODER IR A CAPTURAR AL POKEMON: Squirtle
[INFO] 19:38:39:991 Team/(7734:7742): SE MOVIO AL ENTRENADOR 1 A LA COLA DE CORTO PLAZO PARA PODER IR A CAPTURAR AL POKEMON: Squirtle
[INFO] 19:38:39:991 Team/(7734:7737): EL ENTRENADOR 2 SE MOVIO A LA POSICION (3,2)
[INFO] 19:38:40:70 Team/(7734:7739): MENSAJE LOCALIZED RECIBIDO 
ID MENSAJE: 25 
ID CORRELATIVO: 21 
NOMBRE: Pikachu 
POSICIONES (9,9)  

[INFO] 19:38:40:71 Team/(7734:7739): MENSAJE LOCALIZED RECIBIDO 
ID MENSAJE: 26 
ID CORRELATIVO: 23 
NOMBRE: Gengar 
POSICIONES (6,6)  

[INFO] 19:38:40:72 Team/(7734:7742): SE MOVIO AL ENTRENADOR 0 A LA COLA DE CORTO PLAZO PARA PODER IR A CAPTURAR AL POKEMON: Pikachu
[INFO] 19:38:40:130 Team/(7734:7739): MENSAJE LOCALIZED RECIBIDO 
ID MENSAJE: 27 
ID CORRELATIVO: 24 
NOMBRE: Onix 
POSICIONES (2,8)  

[INFO] 19:38:44:992 Team/(7734:7737): EL ENTRENADOR 2 SE MOVIO A LA POSICION (4,2)
[INFO] 19:38:49:993 Team/(7734:7737): EL ENTRENADOR 2 SE MOVIO A LA POSICION (5,2)
[INFO] 19:38:54:993 Team/(7734:7737): SE MOVIO AL ENTRENADOR 2 A LA COLA DE LARGO PLAZO Y SE LO BLOQUEO A LA ESPERA DE UN MENSAJE CAUGHT
[INFO] 19:38:54:3 Team/(7734:7736): EL ENTRENADOR 1 SE MOVIO A LA POSICION (3,3)
[INFO] 19:38:55:36 Team/(7734:7740): MENSAJE CAUGHT RECIBIDO 
ID MENSAJE: 29 
ID CORRELATIVO: 28 
 EL POKEMON FUE ATRAPADO 

[INFO] 19:38:55:43 Team/(7734:7744): EL ENTRENADOR 2 ATRAPO AL POKEMON Squirtle EN LA POSICION (5,2)
[INFO] 19:38:55:44 Team/(7734:7744): SE MOVIO AL ENTRENADOR 2 A LA COLA DE CORTO PLAZO PARA PODER IR A CAPTURAR AL POKEMON: Gengar
[INFO] 19:39:00:4 Team/(7734:7736): EL ENTRENADOR 1 SE MOVIO A LA POSICION (4,3)
[INFO] 19:39:05:13 Team/(7734:7736): EL ENTRENADOR 1 SE MOVIO A LA POSICION (5,3)
[INFO] 19:39:10:14 Team/(7734:7736): EL ENTRENADOR 1 SE MOVIO A LA POSICION (5,4)
[INFO] 19:39:15:16 Team/(7734:7736): EL ENTRENADOR 1 SE MOVIO A LA POSICION (5,5)
[INFO] 19:39:20:19 Team/(7734:7736): SE MOVIO AL ENTRENADOR 1 A LA COLA DE LARGO PLAZO Y SE LO BLOQUEO A LA ESPERA DE UN MENSAJE CAUGHT
[INFO] 19:39:20:26 Team/(7734:7735): EL ENTRENADOR 0 SE MOVIO A LA POSICION (2,3)
[INFO] 19:39:20:102 Team/(7734:7740): MENSAJE CAUGHT RECIBIDO 
ID MENSAJE: 31 
ID CORRELATIVO: 30 
 EL POKEMON FUE ATRAPADO 

[INFO] 19:39:20:102 Team/(7734:7744): EL ENTRENADOR 1 ATRAPO AL POKEMON Squirtle EN LA POSICION (5,5)
[INFO] 19:39:20:102 Team/(7734:7744): SE MOVIO AL ENTRENADOR 1 A LA COLA DE CORTO PLAZO PARA PODER IR A CAPTURAR AL POKEMON: Onix
[INFO] 19:39:22:382 Team/(7734:7739): MENSAJE LOCALIZED RECIBIDO 
ID MENSAJE: 34 
ID CORRELATIVO: 32 
NOMBRE: Vaporeon 
POSICIONES (4,10)  

[INFO] 19:39:22:430 Team/(7734:7739): MENSAJE LOCALIZED RECIBIDO 
ID MENSAJE: 37 
ID CORRELATIVO: 33 
NOMBRE: Jolteon 
POSICIONES (2,2)  

[INFO] 19:39:22:470 Team/(7734:7739): MENSAJE LOCALIZED RECIBIDO 
ID MENSAJE: 39 
ID CORRELATIVO: 35 
NOMBRE: Flareon 
POSICIONES (4,6)  

[INFO] 19:39:22:493 Team/(7734:7739): MENSAJE LOCALIZED RECIBIDO 
ID MENSAJE: 40 
ID CORRELATIVO: 36 
NOMBRE: Umbreon 
POSICIONES (10,6)  

[INFO] 19:39:22:578 Team/(7734:7739): MENSAJE LOCALIZED RECIBIDO 
ID MENSAJE: 41 
ID CORRELATIVO: 38 
NOMBRE: Espeon 
POSICIONES (7,1)  

[INFO] 19:39:25:28 Team/(7734:7735): EL ENTRENADOR 0 SE MOVIO A LA POSICION (3,3)
[INFO] 19:39:26:442 Team/(7734:7740): MENSAJE CAUGHT RECIBIDO 
ID MENSAJE: 43 
ID CORRELATIVO: 42 
 EL POKEMON FUE ATRAPADO 

[INFO] 19:39:30:30 Team/(7734:7735): EL ENTRENADOR 0 SE MOVIO A LA POSICION (4,3)
[INFO] 19:39:35:33 Team/(7734:7735): EL ENTRENADOR 0 SE MOVIO A LA POSICION (5,3)
[INFO] 19:39:40:35 Team/(7734:7735): EL ENTRENADOR 0 SE MOVIO A LA POSICION (6,3)
[INFO] 19:39:42:478 Team/(7734:7740): MENSAJE CAUGHT RECIBIDO 
ID MENSAJE: 45 
ID CORRELATIVO: 44 
 EL POKEMON FUE ATRAPADO 

[INFO] 19:39:44:481 Team/(7734:7740): MENSAJE CAUGHT RECIBIDO 
ID MENSAJE: 47 
ID CORRELATIVO: 46 
 EL POKEMON FUE ATRAPADO 

[INFO] 19:39:45:37 Team/(7734:7735): EL ENTRENADOR 0 SE MOVIO A LA POSICION (7,3)
[INFO] 19:39:48:494 Team/(7734:7740): MENSAJE CAUGHT RECIBIDO 
ID MENSAJE: 49 
ID CORRELATIVO: 48 
 EL POKEMON FUE ATRAPADO 

[INFO] 19:39:50:39 Team/(7734:7735): EL ENTRENADOR 0 SE MOVIO A LA POSICION (8,3)
[INFO] 19:39:50:507 Team/(7734:7740): MENSAJE CAUGHT RECIBIDO 
ID MENSAJE: 51 
ID CORRELATIVO: 50 
 EL POKEMON FUE ATRAPADO 

[INFO] 19:39:55:41 Team/(7734:7735): EL ENTRENADOR 0 SE MOVIO A LA POSICION (9,3)
[INFO] 19:40:00:44 Team/(7734:7735): EL ENTRENADOR 0 SE MOVIO A LA POSICION (9,4)
[INFO] 19:40:05:46 Team/(7734:7735): EL ENTRENADOR 0 SE MOVIO A LA POSICION (9,5)
[INFO] 19:40:10:48 Team/(7734:7735): EL ENTRENADOR 0 SE MOVIO A LA POSICION (9,6)
[INFO] 19:40:15:51 Team/(7734:7735): EL ENTRENADOR 0 SE MOVIO A LA POSICION (9,7)
[INFO] 19:40:20:53 Team/(7734:7735): EL ENTRENADOR 0 SE MOVIO A LA POSICION (9,8)
[INFO] 19:40:25:55 Team/(7734:7735): EL ENTRENADOR 0 SE MOVIO A LA POSICION (9,9)
[INFO] 19:40:30:57 Team/(7734:7735): SE MOVIO AL ENTRENADOR 0 A LA COLA DE LARGO PLAZO Y SE LO BLOQUEO A LA ESPERA DE UN MENSAJE CAUGHT
[INFO] 19:40:30:66 Team/(7734:7737): EL ENTRENADOR 2 SE MOVIO A LA POSICION (6,2)
[INFO] 19:40:30:145 Team/(7734:7740): MENSAJE CAUGHT RECIBIDO 
ID MENSAJE: 53 
ID CORRELATIVO: 52 
 EL POKEMON FUE ATRAPADO 

[INFO] 19:40:30:147 Team/(7734:7744): EL ENTRENADOR 0 ATRAPO AL POKEMON Pikachu EN LA POSICION (9,9)
[INFO] 19:40:35:67 Team/(7734:7737): EL ENTRENADOR 2 SE MOVIO A LA POSICION (6,3)
[INFO] 19:40:40:68 Team/(7734:7737): EL ENTRENADOR 2 SE MOVIO A LA POSICION (6,4)
[INFO] 19:40:45:70 Team/(7734:7737): EL ENTRENADOR 2 SE MOVIO A LA POSICION (6,5)
[INFO] 19:40:50:71 Team/(7734:7737): EL ENTRENADOR 2 SE MOVIO A LA POSICION (6,6)
[INFO] 19:40:55:72 Team/(7734:7737): SE MOVIO AL ENTRENADOR 2 A LA COLA DE LARGO PLAZO Y SE LO BLOQUEO A LA ESPERA DE UN MENSAJE CAUGHT
[INFO] 19:40:55:80 Team/(7734:7736): EL ENTRENADOR 1 SE MOVIO A LA POSICION (4,5)
[INFO] 19:40:55:166 Team/(7734:7740): MENSAJE CAUGHT RECIBIDO 
ID MENSAJE: 55 
ID CORRELATIVO: 54 
 EL POKEMON FUE ATRAPADO 

[INFO] 19:40:55:166 Team/(7734:7744): EL ENTRENADOR 2 ATRAPO AL POKEMON Gengar EN LA POSICION (6,6)
[INFO] 19:41:00:81 Team/(7734:7736): EL ENTRENADOR 1 SE MOVIO A LA POSICION (3,5)
[INFO] 19:41:05:82 Team/(7734:7736): EL ENTRENADOR 1 SE MOVIO A LA POSICION (2,5)
[INFO] 19:41:10:84 Team/(7734:7736): EL ENTRENADOR 1 SE MOVIO A LA POSICION (2,6)
[INFO] 19:41:15:87 Team/(7734:7736): EL ENTRENADOR 1 SE MOVIO A LA POSICION (2,7)
[INFO] 19:41:20:89 Team/(7734:7736): EL ENTRENADOR 1 SE MOVIO A LA POSICION (2,8)
[INFO] 19:41:25:90 Team/(7734:7736): SE MOVIO AL ENTRENADOR 1 A LA COLA DE LARGO PLAZO Y SE LO BLOQUEO A LA ESPERA DE UN MENSAJE CAUGHT
[INFO] 19:41:25:174 Team/(7734:7740): MENSAJE CAUGHT RECIBIDO 
ID MENSAJE: 57 
ID CORRELATIVO: 56 
 EL POKEMON FUE ATRAPADO 

[INFO] 19:41:25:176 Team/(7734:7744): EL ENTRENADOR 1 ATRAPO AL POKEMON Onix EN LA POSICION (2,8)
[INFO] 19:41:25:177 Team/(7734:7734): INICIO EL ALGORITMO DE DETECCION DE DEADLOCKS
[INFO] 19:41:25:177 Team/(7734:7734): SE DETECTARON DEADLOCKS
[INFO] 19:41:25:179 Team/(7734:7734): SE MOVIO AL ENTRENADOR 0 A LA COLA DE CORTO PLAZO PARA PODER IR A INTERCAMBIAR UN POKEMON CON EL ENTRENADOR 1
[INFO] 19:41:25:179 Team/(7734:7735): EL ENTRENADOR 0 SE MOVIO A LA POSICION (8,9)
[INFO] 19:41:30:180 Team/(7734:7735): EL ENTRENADOR 0 SE MOVIO A LA POSICION (7,9)
[INFO] 19:41:35:181 Team/(7734:7735): EL ENTRENADOR 0 SE MOVIO A LA POSICION (6,9)
[INFO] 19:41:40:184 Team/(7734:7735): EL ENTRENADOR 0 SE MOVIO A LA POSICION (5,9)
[INFO] 19:41:45:186 Team/(7734:7735): EL ENTRENADOR 0 SE MOVIO A LA POSICION (4,9)
[INFO] 19:41:50:188 Team/(7734:7735): EL ENTRENADOR 0 SE MOVIO A LA POSICION (3,9)
[INFO] 19:41:55:190 Team/(7734:7735): EL ENTRENADOR 0 SE MOVIO A LA POSICION (2,9)
[INFO] 19:42:00:193 Team/(7734:7735): EL ENTRENADOR 0 SE MOVIO A LA POSICION (2,8)
[INFO] 19:42:05:195 Team/(7734:7735): EL ENTRENADOR 0 EFECTUO UNA RAFAGA DE INTERCAMBIO
[INFO] 19:42:10:199 Team/(7734:7735): EL ENTRENADOR 0 EFECTUO UNA RAFAGA DE INTERCAMBIO
[INFO] 19:42:15:201 Team/(7734:7735): EL ENTRENADOR 0 EFECTUO UNA RAFAGA DE INTERCAMBIO
[INFO] 19:42:20:204 Team/(7734:7735): EL ENTRENADOR 0 EFECTUO UNA RAFAGA DE INTERCAMBIO
[INFO] 19:42:25:206 Team/(7734:7735): EL ENTRENADOR 0 EFECTUO UNA RAFAGA DE INTERCAMBIO
[INFO] 19:42:30:208 Team/(7734:7735): EL ENTRENADOR 0 INTERCAMBIO SU POKEMON Pikachu POR EL POKEMON Squirtle AL ENTRENADOR 1
[INFO] 19:42:30:210 Team/(7734:7735): SE MOVIO AL ENTRENADOR 1 A LA COLA DE LARGO PLAZO Y SE LO BLOQUEO A LA ESPERA DE UN INTERCAMBIO
[INFO] 19:42:30:210 Team/(7734:7735): SE MOVIO AL ENTRENADOR 1 A LA COLA DE CORTO PLAZO PARA PODER IR A INTERCAMBIAR UN POKEMON CON EL ENTRENADOR 2
[INFO] 19:42:30:211 Team/(7734:7736): EL ENTRENADOR 1 SE MOVIO A LA POSICION (3,8)
[INFO] 19:42:35:211 Team/(7734:7736): EL ENTRENADOR 1 SE MOVIO A LA POSICION (4,8)
[INFO] 19:42:40:213 Team/(7734:7736): EL ENTRENADOR 1 SE MOVIO A LA POSICION (5,8)
[INFO] 19:42:45:215 Team/(7734:7736): EL ENTRENADOR 1 SE MOVIO A LA POSICION (6,8)
[INFO] 19:42:50:217 Team/(7734:7736): EL ENTRENADOR 1 SE MOVIO A LA POSICION (6,7)
[INFO] 19:42:55:217 Team/(7734:7736): EL ENTRENADOR 1 SE MOVIO A LA POSICION (6,6)
[INFO] 19:43:00:219 Team/(7734:7736): EL ENTRENADOR 1 EFECTUO UNA RAFAGA DE INTERCAMBIO
[INFO] 19:43:05:220 Team/(7734:7736): EL ENTRENADOR 1 EFECTUO UNA RAFAGA DE INTERCAMBIO
[INFO] 19:43:10:222 Team/(7734:7736): EL ENTRENADOR 1 EFECTUO UNA RAFAGA DE INTERCAMBIO
[INFO] 19:43:15:224 Team/(7734:7736): EL ENTRENADOR 1 EFECTUO UNA RAFAGA DE INTERCAMBIO
[INFO] 19:43:20:226 Team/(7734:7736): EL ENTRENADOR 1 EFECTUO UNA RAFAGA DE INTERCAMBIO
[INFO] 19:43:25:229 Team/(7734:7736): EL ENTRENADOR 1 INTERCAMBIO SU POKEMON Onix POR EL POKEMON Gengar AL ENTRENADOR 2
[INFO] 19:43:25:231 Team/(7734:7734): EL PROCESO TEAM VA A FINALIZAR
[INFO] 19:43:25:231 Team/(7734:7734): RESULTADO DEL TEAM
[INFO] 19:43:25:231 Team/(7734:7734): Cantidad de ciclos de CPU totales: 57
[INFO] 19:43:25:231 Team/(7734:7734): Cantidad de cambios de contexto: 7
[INFO] 19:43:25:231 Team/(7734:7734): El entrenador 0 consumio 27 ciclos
[INFO] 19:43:25:232 Team/(7734:7734): El entrenador 1 consumio 22 ciclos
[INFO] 19:43:25:232 Team/(7734:7734): El entrenador 2 consumio 8 ciclos
[INFO] 19:43:25:232 Team/(7734:7734): Ocurrieron deadlocks y fueron resueltos
[INFO] 19:45:51:19 Team/(8142:8146): CONEXION EXITOSA CON EL BROKER
[INFO] 19:45:51:21 Team/(8142:8148): CONEXION EXITOSA CON EL BROKER
[INFO] 19:45:51:21 Team/(8142:8149): Servidor levantado! Escuchando en 8080
[INFO] 19:45:51:21 Team/(8142:8147): CONEXION EXITOSA CON EL BROKER
[INFO] 19:45:51:43 Team/(8142:8146): MENSAJE APPEARED RECIBIDO 
ID MENSAJE: 7 
ID CORRELATIVO: 6 
NOMBRE: Flareon 
POSICION (4,6) 

[INFO] 19:45:51:99 Team/(8142:8147): MENSAJE LOCALIZED RECIBIDO 
ID MENSAJE: 11 
ID CORRELATIVO: 8 
NOMBRE: Squirtle 
POSICIONES (5,2)  

[INFO] 19:45:51:110 Team/(8142:8150): SE MOVIO AL ENTRENADOR 2 A LA COLA DE CORTO PLAZO PARA PODER IR A CAPTURAR AL POKEMON: Squirtle
[INFO] 19:45:51:111 Team/(8142:8145): EL ENTRENADOR 2 SE MOVIO A LA POSICION (3,2)
[INFO] 19:45:51:190 Team/(8142:8147): MENSAJE LOCALIZED RECIBIDO 
ID MENSAJE: 13 
ID CORRELATIVO: 9 
NOMBRE: Pikachu 
POSICIONES (9,9)  

[INFO] 19:45:51:198 Team/(8142:8147): MENSAJE LOCALIZED RECIBIDO 
ID MENSAJE: 14 
ID CORRELATIVO: 10 
NOMBRE: Gengar 
 0 POSICIONES
[INFO] 19:45:51:199 Team/(8142:8150): SE MOVIO AL ENTRENADOR 1 A LA COLA DE CORTO PLAZO PARA PODER IR A CAPTURAR AL POKEMON: Pikachu
[INFO] 19:45:51:203 Team/(8142:8147): MENSAJE LOCALIZED RECIBIDO 
ID MENSAJE: 15 
ID CORRELATIVO: 12 
NOMBRE: Onix 
 0 POSICIONES
[INFO] 19:45:54:262 Team/(8142:8147): MENSAJE LOCALIZED RECIBIDO 
ID MENSAJE: 17 
ID CORRELATIVO: 16 
NOMBRE: Vaporeon 
 0 POSICIONES
[INFO] 19:45:54:266 Team/(8142:8147): MENSAJE LOCALIZED RECIBIDO 
ID MENSAJE: 20 
ID CORRELATIVO: 18 
NOMBRE: Jolteon 
POSICIONES (2,2)  

[INFO] 19:45:54:373 Team/(8142:8147): MENSAJE LOCALIZED RECIBIDO 
ID MENSAJE: 23 
ID CORRELATIVO: 19 
NOMBRE: Flareon 
POSICIONES (4,6)  

[INFO] 19:45:54:381 Team/(8142:8147): MENSAJE LOCALIZED RECIBIDO 
ID MENSAJE: 24 
ID CORRELATIVO: 21 
NOMBRE: Umbreon 
 0 POSICIONES
[INFO] 19:45:54:450 Team/(8142:8147): MENSAJE LOCALIZED RECIBIDO 
ID MENSAJE: 25 
ID CORRELATIVO: 22 
NOMBRE: Espeon 
 0 POSICIONES
[INFO] 19:45:56:112 Team/(8142:8145): EL ENTRENADOR 2 SE MOVIO A LA POSICION (4,2)
[INFO] 19:45:56:403 Team/(8142:8148): MENSAJE CAUGHT RECIBIDO 
ID MENSAJE: 27 
ID CORRELATIVO: 26 
 EL POKEMON FUE ATRAPADO 

[INFO] 19:46:01:112 Team/(8142:8145): EL ENTRENADOR 2 SE MOVIO A LA POSICION (5,2)
[INFO] 19:46:02:418 Team/(8142:8148): MENSAJE CAUGHT RECIBIDO 
ID MENSAJE: 29 
ID CORRELATIVO: 28 
 EL POKEMON FUE ATRAPADO 

[INFO] 19:46:06:113 Team/(8142:8145): SE MOVIO AL ENTRENADOR 2 A LA COLA DE LARGO PLAZO Y SE LO BLOQUEO A LA ESPERA DE UN MENSAJE CAUGHT
[INFO] 19:46:06:129 Team/(8142:8144): EL ENTRENADOR 1 SE MOVIO A LA POSICION (3,3)
[INFO] 19:46:06:198 Team/(8142:8148): MENSAJE CAUGHT RECIBIDO 
ID MENSAJE: 31 
ID CORRELATIVO: 30 
 EL POKEMON FUE ATRAPADO 

[INFO] 19:46:06:199 Team/(8142:8152): EL ENTRENADOR 2 ATRAPO AL POKEMON Squirtle EN LA POSICION (5,2)
[INFO] 19:46:11:129 Team/(8142:8144): EL ENTRENADOR 1 SE MOVIO A LA POSICION (4,3)
[INFO] 19:46:16:132 Team/(8142:8144): EL ENTRENADOR 1 SE MOVIO A LA POSICION (5,3)
[INFO] 19:46:21:135 Team/(8142:8144): EL ENTRENADOR 1 SE MOVIO A LA POSICION (6,3)
[INFO] 19:46:26:137 Team/(8142:8144): EL ENTRENADOR 1 SE MOVIO A LA POSICION (7,3)
[INFO] 19:46:31:140 Team/(8142:8144): EL ENTRENADOR 1 SE MOVIO A LA POSICION (8,3)
[INFO] 19:46:36:142 Team/(8142:8144): EL ENTRENADOR 1 SE MOVIO A LA POSICION (9,3)
[INFO] 19:46:41:145 Team/(8142:8144): EL ENTRENADOR 1 SE MOVIO A LA POSICION (9,4)
[INFO] 19:46:46:147 Team/(8142:8144): EL ENTRENADOR 1 SE MOVIO A LA POSICION (9,5)
[INFO] 19:46:51:149 Team/(8142:8144): EL ENTRENADOR 1 SE MOVIO A LA POSICION (9,6)
[INFO] 19:46:56:152 Team/(8142:8144): EL ENTRENADOR 1 SE MOVIO A LA POSICION (9,7)
[INFO] 19:47:01:155 Team/(8142:8144): EL ENTRENADOR 1 SE MOVIO A LA POSICION (9,8)
[INFO] 19:47:06:157 Team/(8142:8144): EL ENTRENADOR 1 SE MOVIO A LA POSICION (9,9)
[INFO] 19:47:11:159 Team/(8142:8144): SE MOVIO AL ENTRENADOR 1 A LA COLA DE LARGO PLAZO Y SE LO BLOQUEO A LA ESPERA DE UN MENSAJE CAUGHT
[INFO] 19:47:11:237 Team/(8142:8148): MENSAJE CAUGHT RECIBIDO 
ID MENSAJE: 33 
ID CORRELATIVO: 32 
 EL POKEMON FUE ATRAPADO 

[INFO] 19:47:11:239 Team/(8142:8152): EL ENTRENADOR 1 ATRAPO AL POKEMON Pikachu EN LA POSICION (9,9)
[INFO] 19:47:37:918 Team/(8142:8146): MENSAJE APPEARED RECIBIDO 
ID MENSAJE: 35 
ID CORRELATIVO: 34 
NOMBRE: Onix 
POSICION (2,8) 

[INFO] 19:47:37:920 Team/(8142:8151): SE MOVIO AL ENTRENADOR 0 A LA COLA DE CORTO PLAZO PARA PODER IR A CAPTURAR AL POKEMON: Onix
[INFO] 19:47:37:920 Team/(8142:8143): EL ENTRENADOR 0 SE MOVIO A LA POSICION (2,3)
[INFO] 19:47:38:6 Team/(8142:8146): MENSAJE APPEARED RECIBIDO 
ID MENSAJE: 37 
ID CORRELATIVO: 36 
NOMBRE: Gengar 
POSICION (6,6) 

[INFO] 19:47:38:12 Team/(8142:8151): SE MOVIO AL ENTRENADOR 2 A LA COLA DE CORTO PLAZO PARA PODER IR A CAPTURAR AL POKEMON: Gengar
[INFO] 19:47:38:90 Team/(8142:8146): MENSAJE APPEARED RECIBIDO 
ID MENSAJE: 39 
ID CORRELATIVO: 38 
NOMBRE: Squirtle 
POSICION (5,5) 

[INFO] 19:47:38:99 Team/(8142:8151): SE MOVIO AL ENTRENADOR 1 A LA COLA DE CORTO PLAZO PARA PODER IR A CAPTURAR AL POKEMON: Squirtle
[INFO] 19:47:38:206 Team/(8142:8146): MENSAJE APPEARED RECIBIDO 
ID MENSAJE: 41 
ID CORRELATIVO: 40 
NOMBRE: Umbreon 
POSICION (10,6) 

[INFO] 19:47:38:294 Team/(8142:8146): MENSAJE APPEARED RECIBIDO 
ID MENSAJE: 43 
ID CORRELATIVO: 42 
NOMBRE: Espeon 
POSICION (7,1) 

[INFO] 19:47:38:390 Team/(8142:8146): MENSAJE APPEARED RECIBIDO 
ID MENSAJE: 45 
ID CORRELATIVO: 44 
NOMBRE: Vaporeon 
POSICION (4,10) 

[INFO] 19:47:42:921 Team/(8142:8143): EL ENTRENADOR 0 SE MOVIO A LA POSICION (2,4)
[INFO] 19:47:47:923 Team/(8142:8143): EL ENTRENADOR 0 SE MOVIO A LA POSICION (2,5)
[INFO] 19:47:52:925 Team/(8142:8143): EL ENTRENADOR 0 SE MOVIO A LA POSICION (2,6)
[INFO] 19:47:54:326 Team/(8142:8148): MENSAJE CAUGHT RECIBIDO 
ID MENSAJE: 47 
ID CORRELATIVO: 46 
 EL POKEMON FUE ATRAPADO 

[INFO] 19:47:56:314 Team/(8142:8148): MENSAJE CAUGHT RECIBIDO 
ID MENSAJE: 49 
ID CORRELATIVO: 48 
 EL POKEMON FUE ATRAPADO 

[INFO] 19:47:57:925 Team/(8142:8143): EL ENTRENADOR 0 SE MOVIO A LA POSICION (2,7)
[INFO] 19:47:58:318 Team/(8142:8148): MENSAJE CAUGHT RECIBIDO 
ID MENSAJE: 51 
ID CORRELATIVO: 50 
 EL POKEMON FUE ATRAPADO 

[INFO] 19:48:02:926 Team/(8142:8143): EL ENTRENADOR 0 SE MOVIO A LA POSICION (2,8)
[INFO] 19:48:07:928 Team/(8142:8143): SE MOVIO AL ENTRENADOR 0 A LA COLA DE LARGO PLAZO Y SE LO BLOQUEO A LA ESPERA DE UN MENSAJE CAUGHT
[INFO] 19:48:07:938 Team/(8142:8145): EL ENTRENADOR 2 SE MOVIO A LA POSICION (6,2)
[INFO] 19:48:07:2 Team/(8142:8148): MENSAJE CAUGHT RECIBIDO 
ID MENSAJE: 53 
ID CORRELATIVO: 52 
 EL POKEMON FUE ATRAPADO 

[INFO] 19:48:07:3 Team/(8142:8152): EL ENTRENADOR 0 ATRAPO AL POKEMON Onix EN LA POSICION (2,8)
[INFO] 19:48:12:941 Team/(8142:8145): EL ENTRENADOR 2 SE MOVIO A LA POSICION (6,3)
[INFO] 19:48:17:942 Team/(8142:8145): EL ENTRENADOR 2 SE MOVIO A LA POSICION (6,4)
[INFO] 19:48:22:943 Team/(8142:8145): EL ENTRENADOR 2 SE MOVIO A LA POSICION (6,5)
[INFO] 19:48:27:945 Team/(8142:8145): EL ENTRENADOR 2 SE MOVIO A LA POSICION (6,6)
[INFO] 19:48:32:947 Team/(8142:8145): SE MOVIO AL ENTRENADOR 2 A LA COLA DE LARGO PLAZO Y SE LO BLOQUEO A LA ESPERA DE UN MENSAJE CAUGHT
[INFO] 19:48:32:956 Team/(8142:8144): EL ENTRENADOR 1 SE MOVIO A LA POSICION (8,9)
[INFO] 19:48:33:22 Team/(8142:8148): MENSAJE CAUGHT RECIBIDO 
ID MENSAJE: 55 
ID CORRELATIVO: 54 
 EL POKEMON FUE ATRAPADO 

[INFO] 19:48:33:26 Team/(8142:8152): EL ENTRENADOR 2 ATRAPO AL POKEMON Gengar EN LA POSICION (6,6)
[INFO] 19:48:37:958 Team/(8142:8144): EL ENTRENADOR 1 SE MOVIO A LA POSICION (7,9)
[INFO] 19:48:42:960 Team/(8142:8144): EL ENTRENADOR 1 SE MOVIO A LA POSICION (6,9)
[INFO] 19:48:47:962 Team/(8142:8144): EL ENTRENADOR 1 SE MOVIO A LA POSICION (5,9)
[INFO] 19:48:52:964 Team/(8142:8144): EL ENTRENADOR 1 SE MOVIO A LA POSICION (5,8)
[INFO] 19:48:57:968 Team/(8142:8144): EL ENTRENADOR 1 SE MOVIO A LA POSICION (5,7)
[INFO] 19:49:02:970 Team/(8142:8144): EL ENTRENADOR 1 SE MOVIO A LA POSICION (5,6)
[INFO] 19:49:07:972 Team/(8142:8144): EL ENTRENADOR 1 SE MOVIO A LA POSICION (5,5)
[INFO] 19:49:12:974 Team/(8142:8144): SE MOVIO AL ENTRENADOR 1 A LA COLA DE LARGO PLAZO Y SE LO BLOQUEO A LA ESPERA DE UN MENSAJE CAUGHT
[INFO] 19:49:13:53 Team/(8142:8148): MENSAJE CAUGHT RECIBIDO 
ID MENSAJE: 57 
ID CORRELATIVO: 56 
 EL POKEMON FUE ATRAPADO 

[INFO] 19:49:13:55 Team/(8142:8152): EL ENTRENADOR 1 ATRAPO AL POKEMON Squirtle EN LA POSICION (5,5)
[INFO] 19:49:13:55 Team/(8142:8142): INICIO EL ALGORITMO DE DETECCION DE DEADLOCKS
[INFO] 19:49:13:55 Team/(8142:8142): SE DETECTARON DEADLOCKS
[INFO] 19:49:13:56 Team/(8142:8142): SE MOVIO AL ENTRENADOR 0 A LA COLA DE CORTO PLAZO PARA PODER IR A INTERCAMBIAR UN POKEMON CON EL ENTRENADOR 1
[INFO] 19:49:13:56 Team/(8142:8143): EL ENTRENADOR 0 SE MOVIO A LA POSICION (3,8)
[INFO] 19:49:18:56 Team/(8142:8143): EL ENTRENADOR 0 SE MOVIO A LA POSICION (4,8)
[INFO] 19:49:23:58 Team/(8142:8143): EL ENTRENADOR 0 SE MOVIO A LA POSICION (5,8)
[INFO] 19:49:28:60 Team/(8142:8143): EL ENTRENADOR 0 SE MOVIO A LA POSICION (5,7)
[INFO] 19:49:33:63 Team/(8142:8143): EL ENTRENADOR 0 SE MOVIO A LA POSICION (5,6)
[INFO] 19:49:38:66 Team/(8142:8143): EL ENTRENADOR 0 SE MOVIO A LA POSICION (5,5)
[INFO] 19:49:43:68 Team/(8142:8143): EL ENTRENADOR 0 EFECTUO UNA RAFAGA DE INTERCAMBIO
[INFO] 19:49:48:70 Team/(8142:8143): EL ENTRENADOR 0 EFECTUO UNA RAFAGA DE INTERCAMBIO
[INFO] 19:49:53:72 Team/(8142:8143): EL ENTRENADOR 0 EFECTUO UNA RAFAGA DE INTERCAMBIO
[INFO] 19:49:58:74 Team/(8142:8143): EL ENTRENADOR 0 EFECTUO UNA RAFAGA DE INTERCAMBIO
[INFO] 19:50:03:77 Team/(8142:8143): EL ENTRENADOR 0 EFECTUO UNA RAFAGA DE INTERCAMBIO
[INFO] 19:50:08:79 Team/(8142:8143): EL ENTRENADOR 0 INTERCAMBIO SU POKEMON Onix POR EL POKEMON Squirtle AL ENTRENADOR 1
[INFO] 19:50:08:81 Team/(8142:8143): SE MOVIO AL ENTRENADOR 1 A LA COLA DE LARGO PLAZO Y SE LO BLOQUEO A LA ESPERA DE UN INTERCAMBIO
[INFO] 19:50:08:82 Team/(8142:8143): SE MOVIO AL ENTRENADOR 1 A LA COLA DE CORTO PLAZO PARA PODER IR A INTERCAMBIAR UN POKEMON CON EL ENTRENADOR 2
[INFO] 19:50:08:82 Team/(8142:8144): EL ENTRENADOR 1 SE MOVIO A LA POSICION (6,5)
[INFO] 19:50:13:83 Team/(8142:8144): EL ENTRENADOR 1 SE MOVIO A LA POSICION (6,6)
[INFO] 19:50:18:84 Team/(8142:8144): EL ENTRENADOR 1 EFECTUO UNA RAFAGA DE INTERCAMBIO
[INFO] 19:50:23:86 Team/(8142:8144): EL ENTRENADOR 1 EFECTUO UNA RAFAGA DE INTERCAMBIO
[INFO] 19:50:28:88 Team/(8142:8144): EL ENTRENADOR 1 EFECTUO UNA RAFAGA DE INTERCAMBIO
[INFO] 19:50:33:90 Team/(8142:8144): EL ENTRENADOR 1 EFECTUO UNA RAFAGA DE INTERCAMBIO
[INFO] 19:50:38:93 Team/(8142:8144): EL ENTRENADOR 1 EFECTUO UNA RAFAGA DE INTERCAMBIO
[INFO] 19:50:43:95 Team/(8142:8144): EL ENTRENADOR 1 INTERCAMBIO SU POKEMON Onix POR EL POKEMON Gengar AL ENTRENADOR 2
[INFO] 19:50:43:97 Team/(8142:8142): EL PROCESO TEAM VA A FINALIZAR
[INFO] 19:50:43:97 Team/(8142:8142): RESULTADO DEL TEAM
[INFO] 19:50:43:97 Team/(8142:8142): Cantidad de ciclos de CPU totales: 53
[INFO] 19:50:43:98 Team/(8142:8142): Cantidad de cambios de contexto: 7
[INFO] 19:50:43:98 Team/(8142:8142): El entrenador 0 consumio 17 ciclos
[INFO] 19:50:43:98 Team/(8142:8142): El entrenador 1 consumio 28 ciclos
[INFO] 19:50:43:98 Team/(8142:8142): El entrenador 2 consumio 8 ciclos
[INFO] 19:50:43:99 Team/(8142:8142): Ocurrieron deadlocks y fueron resueltos
